000 (10038108.004.000) 2022-08-15 10:17:00 Job submitted from host: <128.104.101.92:9618?addrs=128.104.101.92-9618+[2607-f388-107c-501-a236-9fff-fe3c-caa8]-9618&alias=submit2.chtc.wisc.edu&noUDP&sock=schedd_4918_eadb>
...
040 (10038108.004.000) 2022-08-15 10:21:22 Entered queue to transfer input files
	Transferring to host: <128.105.69.95:9618?addrs=128.105.69.95-9618+[2607-f388-2200-100-1270-fdff-fe56-bff4]-9618&alias=e4006.chtc.wisc.edu&noUDP&sock=slot1_6_1266464_3525_20195>
...
040 (10038108.004.000) 2022-08-15 10:22:39 Started transferring input files
	Seconds spent in queue: 77
...
040 (10038108.004.000) 2022-08-15 10:25:08 Finished transferring input files
...
001 (10038108.004.000) 2022-08-15 10:25:19 Job executing on host: <128.105.69.95:9618?addrs=128.105.69.95-9618+[2607-f388-2200-100-1270-fdff-fe56-bff4]-9618&alias=e4006.chtc.wisc.edu&noUDP&sock=startd_193735_ac9e>
...
006 (10038108.004.000) 2022-08-15 10:25:27 Image size of job updated: 1
	1  -  MemoryUsage of job (MB)
	1172  -  ResidentSetSize of job (KB)
...
006 (10038108.004.000) 2022-08-15 10:30:28 Image size of job updated: 605
	605  -  MemoryUsage of job (MB)
	620328  -  ResidentSetSize of job (KB)
...
006 (10038108.004.000) 2022-08-15 10:35:28 Image size of job updated: 614
	614  -  MemoryUsage of job (MB)
	628892  -  ResidentSetSize of job (KB)
...
006 (10038108.004.000) 2022-08-15 10:40:28 Image size of job updated: 617
	617  -  MemoryUsage of job (MB)
	632228  -  ResidentSetSize of job (KB)
...
006 (10038108.004.000) 2022-08-15 10:41:54 Image size of job updated: 618
	618  -  MemoryUsage of job (MB)
	632864  -  ResidentSetSize of job (KB)
...
004 (10038108.004.000) 2022-08-15 10:42:32 Job was evicted.
	(0) CPU times
		Usr 0 00:15:54, Sys 0 00:00:16  -  Run Remote Usage
		Usr 0 00:00:00, Sys 0 00:00:00  -  Run Local Usage
	0  -  Run Bytes Sent By Job
	7643968512  -  Run Bytes Received By Job
	Partitionable Resources :       Usage  Request Allocated 
	   Cpus                 :        0.00        1         1 
	   Disk (KB)            : 19754064    20971520  22494605 
	   IoHeavy              :                              0 
	   Memory (MB)          :      618       10240     10240 
...
009 (10038108.004.000) 2022-08-15 10:42:59 Job was aborted.
	via condor_rm (by user zpan52)
...
