000 (10038110.005.000) 2022-08-15 10:17:08 Job submitted from host: <128.104.101.92:9618?addrs=128.104.101.92-9618+[2607-f388-107c-501-a236-9fff-fe3c-caa8]-9618&alias=submit2.chtc.wisc.edu&noUDP&sock=schedd_4918_eadb>
...
040 (10038110.005.000) 2022-08-15 10:21:18 Entered queue to transfer input files
	Transferring to host: <128.105.69.93:9618?addrs=128.105.69.93-9618+[2607-f388-2200-100-1270-fdff-fe56-ba3c]-9618&alias=e4004.chtc.wisc.edu&noUDP&sock=slot1_7_1393925_0345_12031>
...
040 (10038110.005.000) 2022-08-15 10:25:18 Started transferring input files
	Seconds spent in queue: 240
...
040 (10038110.005.000) 2022-08-15 10:25:55 Finished transferring input files
...
001 (10038110.005.000) 2022-08-15 10:26:34 Job executing on host: <128.105.69.93:9618?addrs=128.105.69.93-9618+[2607-f388-2200-100-1270-fdff-fe56-ba3c]-9618&alias=e4004.chtc.wisc.edu&noUDP&sock=startd_193956_430c>
...
006 (10038110.005.000) 2022-08-15 10:26:43 Image size of job updated: 1
	1  -  MemoryUsage of job (MB)
	1180  -  ResidentSetSize of job (KB)
...
006 (10038110.005.000) 2022-08-15 10:31:43 Image size of job updated: 668
	668  -  MemoryUsage of job (MB)
	685004  -  ResidentSetSize of job (KB)
...
006 (10038110.005.000) 2022-08-15 10:36:44 Image size of job updated: 685
	685  -  MemoryUsage of job (MB)
	702036  -  ResidentSetSize of job (KB)
...
006 (10038110.005.000) 2022-08-15 10:41:45 Image size of job updated: 689
	689  -  MemoryUsage of job (MB)
	705548  -  ResidentSetSize of job (KB)
...
006 (10038110.005.000) 2022-08-15 10:42:21 Image size of job updated: 689
	689  -  MemoryUsage of job (MB)
	705684  -  ResidentSetSize of job (KB)
...
004 (10038110.005.000) 2022-08-15 10:43:03 Job was evicted.
	(0) CPU times
		Usr 0 00:15:13, Sys 0 00:00:12  -  Run Remote Usage
		Usr 0 00:00:00, Sys 0 00:00:00  -  Run Local Usage
	0  -  Run Bytes Sent By Job
	7643968512  -  Run Bytes Received By Job
	Partitionable Resources :       Usage  Request Allocated 
	   Cpus                 :        0.01        1         1 
	   Disk (KB)            : 19754064    20971520  22494605 
	   IoHeavy              :                              0 
	   Memory (MB)          :      689       10240     10240 
...
009 (10038110.005.000) 2022-08-15 10:43:08 Job was aborted.
	via condor_rm (by user zpan52)
...
