000 (10038105.006.000) 2022-08-15 10:16:32 Job submitted from host: <128.104.101.92:9618?addrs=128.104.101.92-9618+[2607-f388-107c-501-a236-9fff-fe3c-caa8]-9618&alias=submit2.chtc.wisc.edu&noUDP&sock=schedd_4918_eadb>
...
040 (10038105.006.000) 2022-08-15 10:17:37 Entered queue to transfer input files
	Transferring to host: <128.105.69.151:9618?addrs=128.105.69.151-9618+[2607-f388-2200-100-1270-fdff-fe56-7334]-9618&alias=e2534.chtc.wisc.edu&noUDP&sock=slot2_3_44999_9dbf_7133>
...
040 (10038105.006.000) 2022-08-15 10:22:42 Started transferring input files
	Seconds spent in queue: 305
...
040 (10038105.006.000) 2022-08-15 10:25:18 Finished transferring input files
...
001 (10038105.006.000) 2022-08-15 10:25:27 Job executing on host: <128.105.69.151:9618?addrs=128.105.69.151-9618+[2607-f388-2200-100-1270-fdff-fe56-7334]-9618&alias=e2534.chtc.wisc.edu&noUDP&sock=startd_12431_35e3>
...
006 (10038105.006.000) 2022-08-15 10:25:36 Image size of job updated: 1
	1  -  MemoryUsage of job (MB)
	1184  -  ResidentSetSize of job (KB)
...
006 (10038105.006.000) 2022-08-15 10:30:36 Image size of job updated: 967
	967  -  MemoryUsage of job (MB)
	990800  -  ResidentSetSize of job (KB)
...
006 (10038105.006.000) 2022-08-15 10:35:37 Image size of job updated: 998
	998  -  MemoryUsage of job (MB)
	1022872  -  ResidentSetSize of job (KB)
...
006 (10038105.006.000) 2022-08-15 10:40:37 Image size of job updated: 1036
	1036  -  MemoryUsage of job (MB)
	1061444  -  ResidentSetSize of job (KB)
...
006 (10038105.006.000) 2022-08-15 10:45:38 Image size of job updated: 1068
	1068  -  MemoryUsage of job (MB)
	1094268  -  ResidentSetSize of job (KB)
...
006 (10038105.006.000) 2022-08-15 10:50:39 Image size of job updated: 1101
	1101  -  MemoryUsage of job (MB)
	1128008  -  ResidentSetSize of job (KB)
...
006 (10038105.006.000) 2022-08-15 10:55:40 Image size of job updated: 1133
	1133  -  MemoryUsage of job (MB)
	1160352  -  ResidentSetSize of job (KB)
...
006 (10038105.006.000) 2022-08-15 11:00:40 Image size of job updated: 1174
	1174  -  MemoryUsage of job (MB)
	1202560  -  ResidentSetSize of job (KB)
...
006 (10038105.006.000) 2022-08-15 11:05:40 Image size of job updated: 1211
	1211  -  MemoryUsage of job (MB)
	1241060  -  ResidentSetSize of job (KB)
...
