000 (10038108.009.000) 2022-08-15 10:17:00 Job submitted from host: <128.104.101.92:9618?addrs=128.104.101.92-9618+[2607-f388-107c-501-a236-9fff-fe3c-caa8]-9618&alias=submit2.chtc.wisc.edu&noUDP&sock=schedd_4918_eadb>
...
040 (10038108.009.000) 2022-08-15 10:21:17 Entered queue to transfer input files
	Transferring to host: <128.105.69.93:9618?addrs=128.105.69.93-9618+[2607-f388-2200-100-1270-fdff-fe56-ba3c]-9618&alias=e4004.chtc.wisc.edu&noUDP&sock=slot1_6_1393925_0345_12030>
...
040 (10038108.009.000) 2022-08-15 10:24:28 Started transferring input files
	Seconds spent in queue: 191
...
040 (10038108.009.000) 2022-08-15 10:25:03 Finished transferring input files
...
001 (10038108.009.000) 2022-08-15 10:25:15 Job executing on host: <128.105.69.93:9618?addrs=128.105.69.93-9618+[2607-f388-2200-100-1270-fdff-fe56-ba3c]-9618&alias=e4004.chtc.wisc.edu&noUDP&sock=startd_193956_430c>
...
006 (10038108.009.000) 2022-08-15 10:25:23 Image size of job updated: 1
	1  -  MemoryUsage of job (MB)
	1176  -  ResidentSetSize of job (KB)
...
006 (10038108.009.000) 2022-08-15 10:27:34 Image size of job updated: 1051
	1051  -  MemoryUsage of job (MB)
	1077104  -  ResidentSetSize of job (KB)
...
040 (10038108.009.000) 2022-08-15 10:27:38 Started transferring output files
	Seconds spent in queue: 381
...
040 (10038108.009.000) 2022-08-15 10:27:39 Finished transferring output files
...
005 (10038108.009.000) 2022-08-15 10:27:49 Job terminated.
	(1) Normal termination (return value 0)
		Usr 0 00:02:12, Sys 0 00:00:14  -  Run Remote Usage
		Usr 0 00:00:00, Sys 0 00:00:00  -  Run Local Usage
		Usr 0 00:02:12, Sys 0 00:00:14  -  Total Remote Usage
		Usr 0 00:00:00, Sys 0 00:00:00  -  Total Local Usage
	4745  -  Run Bytes Sent By Job
	7643968512  -  Run Bytes Received By Job
	4745  -  Total Bytes Sent By Job
	7643968512  -  Total Bytes Received By Job
	Partitionable Resources :      Usage  Request Allocated 
	   Cpus                 :       0.00        1         1 
	   Disk (KB)            : 8832376    20971520  22494605 
	   IoHeavy              :                             0 
	   Memory (MB)          :    1051       10240     10240 

	Job terminated of its own accord at 2022-08-15T15:27:34Z with exit-code 0.
...
