000 (10038110.003.000) 2022-08-15 10:17:08 Job submitted from host: <128.104.101.92:9618?addrs=128.104.101.92-9618+[2607-f388-107c-501-a236-9fff-fe3c-caa8]-9618&alias=submit2.chtc.wisc.edu&noUDP&sock=schedd_4918_eadb>
...
040 (10038110.003.000) 2022-08-15 10:21:18 Entered queue to transfer input files
	Transferring to host: <128.105.69.100:9618?addrs=128.105.69.100-9618+[2607-f388-2200-100-1270-fdff-fe56-4634]-9618&alias=e4011.chtc.wisc.edu&noUDP&sock=slot1_7_3928291_2118_6216>
...
040 (10038110.003.000) 2022-08-15 10:26:08 Started transferring input files
	Seconds spent in queue: 290
...
040 (10038110.003.000) 2022-08-15 10:26:43 Finished transferring input files
...
001 (10038110.003.000) 2022-08-15 10:26:58 Job executing on host: <128.105.69.100:9618?addrs=128.105.69.100-9618+[2607-f388-2200-100-1270-fdff-fe56-4634]-9618&alias=e4011.chtc.wisc.edu&noUDP&sock=startd_3928221_72f6>
...
006 (10038110.003.000) 2022-08-15 10:27:06 Image size of job updated: 1
	1  -  MemoryUsage of job (MB)
	1176  -  ResidentSetSize of job (KB)
...
006 (10038110.003.000) 2022-08-15 10:32:06 Image size of job updated: 797
	797  -  MemoryUsage of job (MB)
	816992  -  ResidentSetSize of job (KB)
...
006 (10038110.003.000) 2022-08-15 10:37:07 Image size of job updated: 836
	836  -  MemoryUsage of job (MB)
	856472  -  ResidentSetSize of job (KB)
...
006 (10038110.003.000) 2022-08-15 10:42:19 Image size of job updated: 885
	885  -  MemoryUsage of job (MB)
	906948  -  ResidentSetSize of job (KB)
...
004 (10038110.003.000) 2022-08-15 10:43:08 Job was evicted.
	(0) CPU times
		Usr 0 00:15:00, Sys 0 00:00:14  -  Run Remote Usage
		Usr 0 00:00:00, Sys 0 00:00:00  -  Run Local Usage
	0  -  Run Bytes Sent By Job
	7643968512  -  Run Bytes Received By Job
	Partitionable Resources :       Usage  Request Allocated 
	   Cpus                 :        0.00        1         1 
	   Disk (KB)            : 19754064    20971520  22494605 
	   IoHeavy              :                              0 
	   Memory (MB)          :      885       10240     10240 
...
009 (10038110.003.000) 2022-08-15 10:43:12 Job was aborted.
	via condor_rm (by user zpan52)
...
