000 (10038095.010.000) 2022-08-15 09:21:30 Job submitted from host: <128.104.101.92:9618?addrs=128.104.101.92-9618+[2607-f388-107c-501-a236-9fff-fe3c-caa8]-9618&alias=submit2.chtc.wisc.edu&noUDP&sock=schedd_4918_eadb>
...
040 (10038095.010.000) 2022-08-15 09:22:50 Started transferring input files
	Transferring to host: <128.105.68.91:9618?addrs=128.105.68.91-9618+[2607-f388-2200-100-1270-fdff-fe56-c2c4]-9618&alias=e2487.chtc.wisc.edu&noUDP&sock=slot2_1_1930089_0df0_1206>
...
040 (10038095.010.000) 2022-08-15 09:23:40 Finished transferring input files
...
001 (10038095.010.000) 2022-08-15 09:23:50 Job executing on host: <128.105.68.91:9618?addrs=128.105.68.91-9618+[2607-f388-2200-100-1270-fdff-fe56-c2c4]-9618&alias=e2487.chtc.wisc.edu&noUDP&sock=startd_12034_e6ca>
...
040 (10038095.010.000) 2022-08-15 09:23:59 Started transferring output files
...
040 (10038095.010.000) 2022-08-15 09:24:04 Finished transferring output files
...
005 (10038095.010.000) 2022-08-15 09:24:36 Job terminated.
	(1) Normal termination (return value 127)
		Usr 0 00:00:00, Sys 0 00:00:00  -  Run Remote Usage
		Usr 0 00:00:00, Sys 0 00:00:00  -  Run Local Usage
		Usr 0 00:00:00, Sys 0 00:00:00  -  Total Remote Usage
		Usr 0 00:00:00, Sys 0 00:00:00  -  Total Local Usage
	74  -  Run Bytes Sent By Job
	5029331968  -  Run Bytes Received By Job
	74  -  Total Bytes Sent By Job
	5029331968  -  Total Bytes Received By Job
	Partitionable Resources :    Usage  Request Allocated 
	   Cpus                 :                 1         1 
	   Disk (KB)            :  4911462 10485760  12250350 
	   IoHeavy              :                           0 
	   Memory (MB)          :             10240     10240 

	Job terminated of its own accord at 2022-08-15T14:23:53Z with exit-code 127.
...
