000 (10038107.017.000) 2022-08-15 10:16:53 Job submitted from host: <128.104.101.92:9618?addrs=128.104.101.92-9618+[2607-f388-107c-501-a236-9fff-fe3c-caa8]-9618&alias=submit2.chtc.wisc.edu&noUDP&sock=schedd_4918_eadb>
...
040 (10038107.017.000) 2022-08-15 10:21:21 Entered queue to transfer input files
	Transferring to host: <128.105.69.99:9618?addrs=128.105.69.99-9618+[2607-f388-2200-100-1270-fdff-fe56-7674]-9618&alias=e4010.chtc.wisc.edu&noUDP&sock=slot1_7_271580_6d9d_2769>
...
040 (10038107.017.000) 2022-08-15 10:22:34 Started transferring input files
	Seconds spent in queue: 73
...
040 (10038107.017.000) 2022-08-15 10:26:22 Finished transferring input files
...
001 (10038107.017.000) 2022-08-15 10:26:40 Job executing on host: <128.105.69.99:9618?addrs=128.105.69.99-9618+[2607-f388-2200-100-1270-fdff-fe56-7674]-9618&alias=e4010.chtc.wisc.edu&noUDP&sock=startd_12660_4914>
...
006 (10038107.017.000) 2022-08-15 10:26:48 Image size of job updated: 1
	1  -  MemoryUsage of job (MB)
	1184  -  ResidentSetSize of job (KB)
...
006 (10038107.017.000) 2022-08-15 10:31:49 Image size of job updated: 440
	440  -  MemoryUsage of job (MB)
	450668  -  ResidentSetSize of job (KB)
...
004 (10038107.017.000) 2022-08-15 10:42:26 Job was evicted.
	(0) CPU times
		Usr 0 00:14:37, Sys 0 00:00:13  -  Run Remote Usage
		Usr 0 00:00:00, Sys 0 00:00:00  -  Run Local Usage
	0  -  Run Bytes Sent By Job
	7643968512  -  Run Bytes Received By Job
	Partitionable Resources :       Usage  Request Allocated 
	   Cpus                 :        0.00        1         1 
	   Disk (KB)            : 19754063    20971520  22494605 
	   IoHeavy              :                              0 
	   Memory (MB)          :      440       10240     10240 
...
009 (10038107.017.000) 2022-08-15 10:42:41 Job was aborted.
	via condor_rm (by user zpan52)
...
