000 (10038108.014.000) 2022-08-15 10:17:00 Job submitted from host: <128.104.101.92:9618?addrs=128.104.101.92-9618+[2607-f388-107c-501-a236-9fff-fe3c-caa8]-9618&alias=submit2.chtc.wisc.edu&noUDP&sock=schedd_4918_eadb>
...
040 (10038108.014.000) 2022-08-15 10:21:17 Entered queue to transfer input files
	Transferring to host: <128.105.69.99:9618?addrs=128.105.69.99-9618+[2607-f388-2200-100-1270-fdff-fe56-7674]-9618&alias=e4010.chtc.wisc.edu&noUDP&sock=slot1_8_271580_6d9d_2770>
...
040 (10038108.014.000) 2022-08-15 10:24:39 Started transferring input files
	Seconds spent in queue: 202
...
040 (10038108.014.000) 2022-08-15 10:28:09 Finished transferring input files
...
001 (10038108.014.000) 2022-08-15 10:28:10 Job executing on host: <128.105.69.99:9618?addrs=128.105.69.99-9618+[2607-f388-2200-100-1270-fdff-fe56-7674]-9618&alias=e4010.chtc.wisc.edu&noUDP&sock=startd_12660_4914>
...
006 (10038108.014.000) 2022-08-15 10:28:19 Image size of job updated: 1
	1  -  MemoryUsage of job (MB)
	1176  -  ResidentSetSize of job (KB)
...
006 (10038108.014.000) 2022-08-15 10:33:19 Image size of job updated: 560
	560  -  MemoryUsage of job (MB)
	574380  -  ResidentSetSize of job (KB)
...
006 (10038108.014.000) 2022-08-15 10:38:20 Image size of job updated: 561
	561  -  MemoryUsage of job (MB)
	574488  -  ResidentSetSize of job (KB)
...
006 (10038108.014.000) 2022-08-15 10:41:57 Image size of job updated: 566
	566  -  MemoryUsage of job (MB)
	580536  -  ResidentSetSize of job (KB)
...
004 (10038108.014.000) 2022-08-15 10:42:45 Job was evicted.
	(0) CPU times
		Usr 0 00:13:05, Sys 0 00:00:15  -  Run Remote Usage
		Usr 0 00:00:00, Sys 0 00:00:00  -  Run Local Usage
	0  -  Run Bytes Sent By Job
	7643968512  -  Run Bytes Received By Job
	Partitionable Resources :       Usage  Request Allocated 
	   Cpus                 :        0.00        1         1 
	   Disk (KB)            : 19754066    20971520  22494605 
	   IoHeavy              :                              0 
	   Memory (MB)          :      566       10240     10240 
...
009 (10038108.014.000) 2022-08-15 10:43:07 Job was aborted.
	via condor_rm (by user zpan52)
...
