000 (10038110.016.000) 2022-08-15 10:17:09 Job submitted from host: <128.104.101.92:9618?addrs=128.104.101.92-9618+[2607-f388-107c-501-a236-9fff-fe3c-caa8]-9618&alias=submit2.chtc.wisc.edu&noUDP&sock=schedd_4918_eadb>
...
040 (10038110.016.000) 2022-08-15 10:21:19 Entered queue to transfer input files
	Transferring to host: <128.105.69.101:9618?addrs=128.105.69.101-9618+[2607-f388-2200-100-1270-fdff-fe56-bae4]-9618&alias=e4012.chtc.wisc.edu&noUDP&sock=slot1_8_745379_af80_19899>
...
040 (10038110.016.000) 2022-08-15 10:26:09 Started transferring input files
	Seconds spent in queue: 290
...
040 (10038110.016.000) 2022-08-15 10:26:43 Finished transferring input files
...
001 (10038110.016.000) 2022-08-15 10:26:59 Job executing on host: <128.105.69.101:9618?addrs=128.105.69.101-9618+[2607-f388-2200-100-1270-fdff-fe56-bae4]-9618&alias=e4012.chtc.wisc.edu&noUDP&sock=startd_181518_d415>
...
006 (10038110.016.000) 2022-08-15 10:27:07 Image size of job updated: 1
	1  -  MemoryUsage of job (MB)
	1180  -  ResidentSetSize of job (KB)
...
006 (10038110.016.000) 2022-08-15 10:30:03 Image size of job updated: 594
	594  -  MemoryUsage of job (MB)
	608416  -  ResidentSetSize of job (KB)
...
040 (10038110.016.000) 2022-08-15 10:30:07 Started transferring output files
	Seconds spent in queue: 528
...
040 (10038110.016.000) 2022-08-15 10:30:10 Finished transferring output files
...
005 (10038110.016.000) 2022-08-15 10:30:13 Job terminated.
	(1) Normal termination (return value 0)
		Usr 0 00:02:55, Sys 0 00:00:13  -  Run Remote Usage
		Usr 0 00:00:00, Sys 0 00:00:00  -  Run Local Usage
		Usr 0 00:02:55, Sys 0 00:00:13  -  Total Remote Usage
		Usr 0 00:00:00, Sys 0 00:00:00  -  Total Local Usage
	4875  -  Run Bytes Sent By Job
	7643968512  -  Run Bytes Received By Job
	4875  -  Total Bytes Sent By Job
	7643968512  -  Total Bytes Received By Job
	Partitionable Resources :      Usage  Request Allocated 
	   Cpus                 :       0.00        1         1 
	   Disk (KB)            : 8713626    20971520  22494605 
	   IoHeavy              :                             0 
	   Memory (MB)          :     594       10240     10240 

	Job terminated of its own accord at 2022-08-15T15:30:03Z with exit-code 0.
...
