000 (10038148.019.000) 2022-08-15 11:16:00 Job submitted from host: <128.104.101.92:9618?addrs=128.104.101.92-9618+[2607-f388-107c-501-a236-9fff-fe3c-caa8]-9618&alias=submit2.chtc.wisc.edu&noUDP&sock=schedd_4918_eadb>
...
040 (10038148.019.000) 2022-08-15 11:17:12 Started transferring input files
	Transferring to host: <128.105.69.91:9618?addrs=128.105.69.91-9618+[2607-f388-2200-100-1270-fdff-fe56-41c4]-9618&alias=e4002.chtc.wisc.edu&noUDP&sock=slot1_15_3091224_b401_6300>
...
040 (10038148.019.000) 2022-08-15 11:18:57 Finished transferring input files
...
001 (10038148.019.000) 2022-08-15 11:18:58 Job executing on host: <128.105.69.91:9618?addrs=128.105.69.91-9618+[2607-f388-2200-100-1270-fdff-fe56-41c4]-9618&alias=e4002.chtc.wisc.edu&noUDP&sock=startd_3091164_f871>
...
006 (10038148.019.000) 2022-08-15 11:19:07 Image size of job updated: 1
	1  -  MemoryUsage of job (MB)
	1176  -  ResidentSetSize of job (KB)
...
006 (10038148.019.000) 2022-08-15 11:20:30 Image size of job updated: 1004
	1004  -  MemoryUsage of job (MB)
	1028472  -  ResidentSetSize of job (KB)
...
040 (10038148.019.000) 2022-08-15 11:20:33 Started transferring output files
...
040 (10038148.019.000) 2022-08-15 11:20:33 Finished transferring output files
...
005 (10038148.019.000) 2022-08-15 11:20:36 Job terminated.
	(1) Normal termination (return value 0)
		Usr 0 00:01:23, Sys 0 00:00:16  -  Run Remote Usage
		Usr 0 00:00:00, Sys 0 00:00:00  -  Run Local Usage
		Usr 0 00:01:23, Sys 0 00:00:16  -  Total Remote Usage
		Usr 0 00:00:00, Sys 0 00:00:00  -  Total Local Usage
	162713  -  Run Bytes Sent By Job
	7643973120  -  Run Bytes Received By Job
	162713  -  Total Bytes Sent By Job
	7643973120  -  Total Bytes Received By Job
	Partitionable Resources :      Usage  Request Allocated 
	   Cpus                 :       0.15        1         1 
	   Disk (KB)            : 8859055    20971520  22494605 
	   IoHeavy              :                             0 
	   Memory (MB)          :    1004       10240     10240 

	Job terminated of its own accord at 2022-08-15T16:20:30Z with exit-code 0.
...
