000 (10038105.002.000) 2022-08-15 10:16:32 Job submitted from host: <128.104.101.92:9618?addrs=128.104.101.92-9618+[2607-f388-107c-501-a236-9fff-fe3c-caa8]-9618&alias=submit2.chtc.wisc.edu&noUDP&sock=schedd_4918_eadb>
...
040 (10038105.002.000) 2022-08-15 10:17:31 Entered queue to transfer input files
	Transferring to host: <128.105.69.100:9618?addrs=128.105.69.100-9618+[2607-f388-2200-100-1270-fdff-fe56-4634]-9618&alias=e4011.chtc.wisc.edu&noUDP&sock=slot1_2_3928291_2118_6211>
...
040 (10038105.002.000) 2022-08-15 10:20:07 Started transferring input files
	Seconds spent in queue: 156
...
040 (10038105.002.000) 2022-08-15 10:21:42 Finished transferring input files
...
001 (10038105.002.000) 2022-08-15 10:21:43 Job executing on host: <128.105.69.100:9618?addrs=128.105.69.100-9618+[2607-f388-2200-100-1270-fdff-fe56-4634]-9618&alias=e4011.chtc.wisc.edu&noUDP&sock=startd_3928221_72f6>
...
006 (10038105.002.000) 2022-08-15 10:21:52 Image size of job updated: 1
	1  -  MemoryUsage of job (MB)
	1180  -  ResidentSetSize of job (KB)
...
006 (10038105.002.000) 2022-08-15 10:26:53 Image size of job updated: 613
	613  -  MemoryUsage of job (MB)
	627852  -  ResidentSetSize of job (KB)
...
006 (10038105.002.000) 2022-08-15 10:31:53 Image size of job updated: 647
	647  -  MemoryUsage of job (MB)
	663256  -  ResidentSetSize of job (KB)
...
006 (10038105.002.000) 2022-08-15 10:36:54 Image size of job updated: 654
	654  -  MemoryUsage of job (MB)
	669808  -  ResidentSetSize of job (KB)
...
006 (10038105.002.000) 2022-08-15 10:41:54 Image size of job updated: 660
	660  -  MemoryUsage of job (MB)
	676240  -  ResidentSetSize of job (KB)
...
006 (10038105.002.000) 2022-08-15 10:46:54 Image size of job updated: 666
	666  -  MemoryUsage of job (MB)
	682792  -  ResidentSetSize of job (KB)
...
006 (10038105.002.000) 2022-08-15 10:52:00 Image size of job updated: 673
	673  -  MemoryUsage of job (MB)
	689228  -  ResidentSetSize of job (KB)
...
006 (10038105.002.000) 2022-08-15 10:56:57 Image size of job updated: 679
	679  -  MemoryUsage of job (MB)
	695708  -  ResidentSetSize of job (KB)
...
006 (10038105.002.000) 2022-08-15 11:01:57 Image size of job updated: 685
	685  -  MemoryUsage of job (MB)
	701916  -  ResidentSetSize of job (KB)
...
006 (10038105.002.000) 2022-08-15 11:06:57 Image size of job updated: 698
	698  -  MemoryUsage of job (MB)
	715052  -  ResidentSetSize of job (KB)
...
