000 (10038099.009.000) 2022-08-15 09:43:08 Job submitted from host: <128.104.101.92:9618?addrs=128.104.101.92-9618+[2607-f388-107c-501-a236-9fff-fe3c-caa8]-9618&alias=submit2.chtc.wisc.edu&noUDP&sock=schedd_4918_eadb>
...
040 (10038099.009.000) 2022-08-15 09:44:31 Started transferring input files
	Transferring to host: <128.105.69.89:9618?addrs=128.105.69.89-9618+[2607-f388-2200-100-1270-fdff-fe56-41cc]-9618&alias=e4000.chtc.wisc.edu&noUDP&sock=slot2_1_1291867_eb4e_7190>
...
040 (10038099.009.000) 2022-08-15 09:46:00 Finished transferring input files
...
001 (10038099.009.000) 2022-08-15 09:46:01 Job executing on host: <128.105.69.89:9618?addrs=128.105.69.89-9618+[2607-f388-2200-100-1270-fdff-fe56-41cc]-9618&alias=e4000.chtc.wisc.edu&noUDP&sock=startd_12141_4b6c>
...
006 (10038099.009.000) 2022-08-15 09:46:10 Image size of job updated: 1
	1  -  MemoryUsage of job (MB)
	1176  -  ResidentSetSize of job (KB)
...
006 (10038099.009.000) 2022-08-15 09:49:02 Image size of job updated: 1040
	1040  -  MemoryUsage of job (MB)
	1065924  -  ResidentSetSize of job (KB)
...
040 (10038099.009.000) 2022-08-15 09:49:02 Started transferring output files
...
040 (10038099.009.000) 2022-08-15 09:49:02 Finished transferring output files
...
005 (10038099.009.000) 2022-08-15 09:49:02 Job terminated.
	(1) Normal termination (return value 0)
		Usr 0 00:00:02, Sys 0 00:00:00  -  Run Remote Usage
		Usr 0 00:00:00, Sys 0 00:00:00  -  Run Local Usage
		Usr 0 00:00:02, Sys 0 00:00:00  -  Total Remote Usage
		Usr 0 00:00:00, Sys 0 00:00:00  -  Total Local Usage
	167173  -  Run Bytes Sent By Job
	7643967488  -  Run Bytes Received By Job
	167173  -  Total Bytes Sent By Job
	7643967488  -  Total Bytes Received By Job
	Partitionable Resources :      Usage  Request Allocated 
	   Cpus                 :       0.23        1         1 
	   Disk (KB)            : 8745335    10485760  12165091 
	   IoHeavy              :                             0 
	   Memory (MB)          :    1040       10240     10240 

	Job terminated of its own accord at 2022-08-15T14:49:02Z with exit-code 0.
...
