000 (10038103.019.000) 2022-08-15 10:16:11 Job submitted from host: <128.104.101.92:9618?addrs=128.104.101.92-9618+[2607-f388-107c-501-a236-9fff-fe3c-caa8]-9618&alias=submit2.chtc.wisc.edu&noUDP&sock=schedd_4918_eadb>
...
040 (10038103.019.000) 2022-08-15 10:17:21 Started transferring input files
	Transferring to host: <128.105.69.96:9618?addrs=128.105.69.96-9618+[2607-f388-2200-100-1270-fdff-fe56-c75c]-9618&alias=e4007.chtc.wisc.edu&noUDP&sock=slot1_2_3816229_500b_11568>
...
040 (10038103.019.000) 2022-08-15 10:19:13 Finished transferring input files
...
001 (10038103.019.000) 2022-08-15 10:21:21 Job executing on host: <128.105.69.96:9618?addrs=128.105.69.96-9618+[2607-f388-2200-100-1270-fdff-fe56-c75c]-9618&alias=e4007.chtc.wisc.edu&noUDP&sock=startd_194327_bcaf>
...
006 (10038103.019.000) 2022-08-15 10:21:29 Image size of job updated: 1
	1  -  MemoryUsage of job (MB)
	1180  -  ResidentSetSize of job (KB)
...
006 (10038103.019.000) 2022-08-15 10:22:52 Image size of job updated: 973
	973  -  MemoryUsage of job (MB)
	997336  -  ResidentSetSize of job (KB)
...
040 (10038103.019.000) 2022-08-15 10:23:01 Started transferring output files
...
040 (10038103.019.000) 2022-08-15 10:23:03 Finished transferring output files
...
005 (10038103.019.000) 2022-08-15 10:23:20 Job terminated.
	(1) Normal termination (return value 0)
		Usr 0 00:01:24, Sys 0 00:00:14  -  Run Remote Usage
		Usr 0 00:00:00, Sys 0 00:00:00  -  Run Local Usage
		Usr 0 00:01:24, Sys 0 00:00:14  -  Total Remote Usage
		Usr 0 00:00:00, Sys 0 00:00:00  -  Total Local Usage
	164379  -  Run Bytes Sent By Job
	7643968512  -  Run Bytes Received By Job
	164379  -  Total Bytes Sent By Job
	7643968512  -  Total Bytes Received By Job
	Partitionable Resources :    Usage  Request Allocated 
	   Cpus                 :        0        1         1 
	   Disk (KB)            :  8805206 20971520  22494605 
	   IoHeavy              :                           0 
	   Memory (MB)          :      973    10240     10240 

	Job terminated of its own accord at 2022-08-15T15:22:52Z with exit-code 0.
...
