000 (10038108.007.000) 2022-08-15 10:17:00 Job submitted from host: <128.104.101.92:9618?addrs=128.104.101.92-9618+[2607-f388-107c-501-a236-9fff-fe3c-caa8]-9618&alias=submit2.chtc.wisc.edu&noUDP&sock=schedd_4918_eadb>
...
040 (10038108.007.000) 2022-08-15 10:21:17 Entered queue to transfer input files
	Transferring to host: <128.105.69.118:9618?addrs=128.105.69.118-9618+[2607-f388-2200-100-1270-fdff-fe56-ccac]-9618&alias=e2501.chtc.wisc.edu&noUDP&sock=slot2_8_16157_d16a_3995>
...
040 (10038108.007.000) 2022-08-15 10:24:28 Started transferring input files
	Seconds spent in queue: 191
...
040 (10038108.007.000) 2022-08-15 10:27:46 Finished transferring input files
...
001 (10038108.007.000) 2022-08-15 10:27:50 Job executing on host: <128.105.69.118:9618?addrs=128.105.69.118-9618+[2607-f388-2200-100-1270-fdff-fe56-ccac]-9618&alias=e2501.chtc.wisc.edu&noUDP&sock=startd_11850_b15d>
...
006 (10038108.007.000) 2022-08-15 10:27:58 Image size of job updated: 1
	1  -  MemoryUsage of job (MB)
	1180  -  ResidentSetSize of job (KB)
...
006 (10038108.007.000) 2022-08-15 10:32:59 Image size of job updated: 527
	527  -  MemoryUsage of job (MB)
	540336  -  ResidentSetSize of job (KB)
...
004 (10038108.007.000) 2022-08-15 10:42:40 Job was evicted.
	(0) CPU times
		Usr 0 00:13:31, Sys 0 00:00:13  -  Run Remote Usage
		Usr 0 00:00:00, Sys 0 00:00:00  -  Run Local Usage
	0  -  Run Bytes Sent By Job
	7643968512  -  Run Bytes Received By Job
	Partitionable Resources :       Usage  Request Allocated 
	   Cpus                 :        0.00        1         1 
	   Disk (KB)            : 19754063    20971520  21747553 
	   IoHeavy              :                              0 
	   Memory (MB)          :      527       10240     10240 
...
009 (10038108.007.000) 2022-08-15 10:44:10 Job was aborted.
	via condor_rm (by user zpan52)
...
