000 (10038093.011.000) 2022-08-15 09:09:41 Job submitted from host: <128.104.101.92:9618?addrs=128.104.101.92-9618+[2607-f388-107c-501-a236-9fff-fe3c-caa8]-9618&alias=submit2.chtc.wisc.edu&noUDP&sock=schedd_4918_eadb>
...
040 (10038093.011.000) 2022-08-15 09:11:39 Started transferring input files
	Transferring to host: <128.105.69.99:9618?addrs=128.105.69.99-9618+[2607-f388-2200-100-1270-fdff-fe56-7674]-9618&alias=e4010.chtc.wisc.edu&noUDP&sock=slot1_1_271580_6d9d_2662>
...
040 (10038093.011.000) 2022-08-15 09:12:27 Finished transferring input files
...
001 (10038093.011.000) 2022-08-15 09:12:31 Job executing on host: <128.105.69.99:9618?addrs=128.105.69.99-9618+[2607-f388-2200-100-1270-fdff-fe56-7674]-9618&alias=e4010.chtc.wisc.edu&noUDP&sock=startd_12660_4914>
...
006 (10038093.011.000) 2022-08-15 09:12:39 Image size of job updated: 1
	1  -  MemoryUsage of job (MB)
	1168  -  ResidentSetSize of job (KB)
...
006 (10038093.011.000) 2022-08-15 09:13:48 Image size of job updated: 27
	27  -  MemoryUsage of job (MB)
	27800  -  ResidentSetSize of job (KB)
...
040 (10038093.011.000) 2022-08-15 09:13:59 Started transferring output files
...
040 (10038093.011.000) 2022-08-15 09:14:00 Finished transferring output files
...
005 (10038093.011.000) 2022-08-15 09:14:07 Job terminated.
	(1) Normal termination (return value 0)
		Usr 0 00:01:12, Sys 0 00:00:11  -  Run Remote Usage
		Usr 0 00:00:00, Sys 0 00:00:00  -  Run Local Usage
		Usr 0 00:01:12, Sys 0 00:00:11  -  Total Remote Usage
		Usr 0 00:00:00, Sys 0 00:00:00  -  Total Local Usage
	3032  -  Run Bytes Sent By Job
	5029328896  -  Run Bytes Received By Job
	3032  -  Total Bytes Sent By Job
	5029328896  -  Total Bytes Received By Job
	Partitionable Resources :    Usage  Request Allocated 
	   Cpus                 :        0        1         1 
	   Disk (KB)            :  6251047 10485760  11997123 
	   IoHeavy              :                           0 
	   Memory (MB)          :       27    10240     10240 

	Job terminated of its own accord at 2022-08-15T14:13:48Z with exit-code 0.
...
