000 (10038110.001.000) 2022-08-15 10:17:08 Job submitted from host: <128.104.101.92:9618?addrs=128.104.101.92-9618+[2607-f388-107c-501-a236-9fff-fe3c-caa8]-9618&alias=submit2.chtc.wisc.edu&noUDP&sock=schedd_4918_eadb>
...
040 (10038110.001.000) 2022-08-15 10:21:18 Entered queue to transfer input files
	Transferring to host: <128.105.69.95:9618?addrs=128.105.69.95-9618+[2607-f388-2200-100-1270-fdff-fe56-bff4]-9618&alias=e4006.chtc.wisc.edu&noUDP&sock=slot1_7_1266464_3525_20196>
...
040 (10038110.001.000) 2022-08-15 10:25:18 Started transferring input files
	Seconds spent in queue: 240
...
040 (10038110.001.000) 2022-08-15 10:28:47 Finished transferring input files
...
001 (10038110.001.000) 2022-08-15 10:28:48 Job executing on host: <128.105.69.95:9618?addrs=128.105.69.95-9618+[2607-f388-2200-100-1270-fdff-fe56-bff4]-9618&alias=e4006.chtc.wisc.edu&noUDP&sock=startd_193735_ac9e>
...
006 (10038110.001.000) 2022-08-15 10:28:56 Image size of job updated: 1
	1  -  MemoryUsage of job (MB)
	1180  -  ResidentSetSize of job (KB)
...
006 (10038110.001.000) 2022-08-15 10:33:57 Image size of job updated: 1320
	1320  -  MemoryUsage of job (MB)
	1352304  -  ResidentSetSize of job (KB)
...
006 (10038110.001.000) 2022-08-15 10:38:58 Image size of job updated: 1331
	1331  -  MemoryUsage of job (MB)
	1363248  -  ResidentSetSize of job (KB)
...
006 (10038110.001.000) 2022-08-15 10:44:34 Image size of job updated: 1338
	1338  -  MemoryUsage of job (MB)
	1371016  -  ResidentSetSize of job (KB)
...
004 (10038110.001.000) 2022-08-15 10:44:57 Job was evicted.
	(0) CPU times
		Usr 0 00:12:57, Sys 0 00:00:16  -  Run Remote Usage
		Usr 0 00:00:00, Sys 0 00:00:00  -  Run Local Usage
	0  -  Run Bytes Sent By Job
	7643968512  -  Run Bytes Received By Job
	Partitionable Resources :    Usage  Request Allocated 
	   Cpus                 :        0        1         1 
	   Disk (KB)            : 19754064 20971520  22494605 
	   IoHeavy              :                           0 
	   Memory (MB)          :     1338    10240     10240 
...
009 (10038110.001.000) 2022-08-15 10:45:08 Job was aborted.
	via condor_rm (by user zpan52)
...
