000 (10038104.012.000) 2022-08-15 10:16:22 Job submitted from host: <128.104.101.92:9618?addrs=128.104.101.92-9618+[2607-f388-107c-501-a236-9fff-fe3c-caa8]-9618&alias=submit2.chtc.wisc.edu&noUDP&sock=schedd_4918_eadb>
...
040 (10038104.012.000) 2022-08-15 10:17:25 Started transferring input files
	Transferring to host: <128.105.69.99:9618?addrs=128.105.69.99-9618+[2607-f388-2200-100-1270-fdff-fe56-7674]-9618&alias=e4010.chtc.wisc.edu&noUDP&sock=slot1_3_271580_6d9d_2765>
...
040 (10038104.012.000) 2022-08-15 10:18:51 Finished transferring input files
...
001 (10038104.012.000) 2022-08-15 10:21:33 Job executing on host: <128.105.69.99:9618?addrs=128.105.69.99-9618+[2607-f388-2200-100-1270-fdff-fe56-7674]-9618&alias=e4010.chtc.wisc.edu&noUDP&sock=startd_12660_4914>
...
006 (10038104.012.000) 2022-08-15 10:21:41 Image size of job updated: 1
	1  -  MemoryUsage of job (MB)
	1176  -  ResidentSetSize of job (KB)
...
006 (10038104.012.000) 2022-08-15 10:26:42 Image size of job updated: 1146
	1146  -  MemoryUsage of job (MB)
	1174024  -  ResidentSetSize of job (KB)
...
006 (10038104.012.000) 2022-08-15 10:31:43 Image size of job updated: 1180
	1180  -  MemoryUsage of job (MB)
	1208944  -  ResidentSetSize of job (KB)
...
006 (10038104.012.000) 2022-08-15 10:36:43 Image size of job updated: 1201
	1201  -  MemoryUsage of job (MB)
	1229892  -  ResidentSetSize of job (KB)
...
006 (10038104.012.000) 2022-08-15 10:41:44 Image size of job updated: 1232
	1232  -  MemoryUsage of job (MB)
	1261700  -  ResidentSetSize of job (KB)
...
006 (10038104.012.000) 2022-08-15 10:46:44 Image size of job updated: 1253
	1253  -  MemoryUsage of job (MB)
	1283572  -  ResidentSetSize of job (KB)
...
006 (10038104.012.000) 2022-08-15 10:51:44 Image size of job updated: 1388
	1388  -  MemoryUsage of job (MB)
	1422048  -  ResidentSetSize of job (KB)
...
006 (10038104.012.000) 2022-08-15 10:56:45 Image size of job updated: 1462
	1462  -  MemoryUsage of job (MB)
	1497548  -  ResidentSetSize of job (KB)
...
006 (10038104.012.000) 2022-08-15 11:01:45 Image size of job updated: 1484
	1484  -  MemoryUsage of job (MB)
	1520260  -  ResidentSetSize of job (KB)
...
006 (10038104.012.000) 2022-08-15 11:06:45 Image size of job updated: 1511
	1511  -  MemoryUsage of job (MB)
	1548176  -  ResidentSetSize of job (KB)
...
