000 (10038103.005.000) 2022-08-15 10:16:11 Job submitted from host: <128.104.101.92:9618?addrs=128.104.101.92-9618+[2607-f388-107c-501-a236-9fff-fe3c-caa8]-9618&alias=submit2.chtc.wisc.edu&noUDP&sock=schedd_4918_eadb>
...
040 (10038103.005.000) 2022-08-15 10:17:14 Started transferring input files
	Transferring to host: <128.105.69.89:9618?addrs=128.105.69.89-9618+[2607-f388-2200-100-1270-fdff-fe56-41cc]-9618&alias=e4000.chtc.wisc.edu&noUDP&sock=slot2_8_1291867_eb4e_7240>
...
040 (10038103.005.000) 2022-08-15 10:19:07 Finished transferring input files
...
001 (10038103.005.000) 2022-08-15 10:21:18 Job executing on host: <128.105.69.89:9618?addrs=128.105.69.89-9618+[2607-f388-2200-100-1270-fdff-fe56-41cc]-9618&alias=e4000.chtc.wisc.edu&noUDP&sock=startd_12141_4b6c>
...
006 (10038103.005.000) 2022-08-15 10:21:26 Image size of job updated: 1
	1  -  MemoryUsage of job (MB)
	1184  -  ResidentSetSize of job (KB)
...
006 (10038103.005.000) 2022-08-15 10:26:26 Image size of job updated: 638
	638  -  MemoryUsage of job (MB)
	653776  -  ResidentSetSize of job (KB)
...
006 (10038103.005.000) 2022-08-15 10:31:27 Image size of job updated: 656
	656  -  MemoryUsage of job (MB)
	672064  -  ResidentSetSize of job (KB)
...
006 (10038103.005.000) 2022-08-15 10:36:30 Image size of job updated: 667
	667  -  MemoryUsage of job (MB)
	683152  -  ResidentSetSize of job (KB)
...
006 (10038103.005.000) 2022-08-15 10:41:27 Image size of job updated: 669
	669  -  MemoryUsage of job (MB)
	685676  -  ResidentSetSize of job (KB)
...
006 (10038103.005.000) 2022-08-15 10:46:28 Image size of job updated: 671
	671  -  MemoryUsage of job (MB)
	687504  -  ResidentSetSize of job (KB)
...
006 (10038103.005.000) 2022-08-15 10:51:29 Image size of job updated: 672
	672  -  MemoryUsage of job (MB)
	688928  -  ResidentSetSize of job (KB)
...
006 (10038103.005.000) 2022-08-15 10:56:31 Image size of job updated: 673
	673  -  MemoryUsage of job (MB)
	690076  -  ResidentSetSize of job (KB)
...
006 (10038103.005.000) 2022-08-15 11:01:31 Image size of job updated: 674
	674  -  MemoryUsage of job (MB)
	691108  -  ResidentSetSize of job (KB)
...
006 (10038103.005.000) 2022-08-15 11:06:32 Image size of job updated: 681
	681  -  MemoryUsage of job (MB)
	697988  -  ResidentSetSize of job (KB)
...
006 (10038103.005.000) 2022-08-15 11:11:32 Image size of job updated: 687
	687  -  MemoryUsage of job (MB)
	703660  -  ResidentSetSize of job (KB)
...
006 (10038103.005.000) 2022-08-15 11:16:32 Image size of job updated: 688
	688  -  MemoryUsage of job (MB)
	704616  -  ResidentSetSize of job (KB)
...
006 (10038103.005.000) 2022-08-15 11:21:32 Image size of job updated: 689
	689  -  MemoryUsage of job (MB)
	705660  -  ResidentSetSize of job (KB)
...
