000 (10038107.003.000) 2022-08-15 10:16:53 Job submitted from host: <128.104.101.92:9618?addrs=128.104.101.92-9618+[2607-f388-107c-501-a236-9fff-fe3c-caa8]-9618&alias=submit2.chtc.wisc.edu&noUDP&sock=schedd_4918_eadb>
...
040 (10038107.003.000) 2022-08-15 10:21:18 Entered queue to transfer input files
	Transferring to host: <128.105.69.96:9618?addrs=128.105.69.96-9618+[2607-f388-2200-100-1270-fdff-fe56-c75c]-9618&alias=e4007.chtc.wisc.edu&noUDP&sock=slot1_6_3816229_500b_11572>
...
040 (10038107.003.000) 2022-08-15 10:26:08 Started transferring input files
	Seconds spent in queue: 290
...
040 (10038107.003.000) 2022-08-15 10:26:43 Finished transferring input files
...
001 (10038107.003.000) 2022-08-15 10:26:58 Job executing on host: <128.105.69.96:9618?addrs=128.105.69.96-9618+[2607-f388-2200-100-1270-fdff-fe56-c75c]-9618&alias=e4007.chtc.wisc.edu&noUDP&sock=startd_194327_bcaf>
...
006 (10038107.003.000) 2022-08-15 10:27:06 Image size of job updated: 1
	1  -  MemoryUsage of job (MB)
	1180  -  ResidentSetSize of job (KB)
...
006 (10038107.003.000) 2022-08-15 10:32:06 Image size of job updated: 786
	786  -  MemoryUsage of job (MB)
	805648  -  ResidentSetSize of job (KB)
...
006 (10038107.003.000) 2022-08-15 10:37:07 Image size of job updated: 825
	825  -  MemoryUsage of job (MB)
	845188  -  ResidentSetSize of job (KB)
...
006 (10038107.003.000) 2022-08-15 10:41:28 Image size of job updated: 869
	869  -  MemoryUsage of job (MB)
	890372  -  ResidentSetSize of job (KB)
...
004 (10038107.003.000) 2022-08-15 10:42:25 Job was evicted.
	(0) CPU times
		Usr 0 00:14:14, Sys 0 00:00:17  -  Run Remote Usage
		Usr 0 00:00:00, Sys 0 00:00:00  -  Run Local Usage
	0  -  Run Bytes Sent By Job
	7643968512  -  Run Bytes Received By Job
	Partitionable Resources :    Usage  Request Allocated 
	   Cpus                 :        0        1         1 
	   Disk (KB)            : 19754064 20971520  22494605 
	   IoHeavy              :                           0 
	   Memory (MB)          :      869    10240     10240 
...
009 (10038107.003.000) 2022-08-15 10:42:40 Job was aborted.
	via condor_rm (by user zpan52)
...
