000 (10038103.002.000) 2022-08-15 10:16:11 Job submitted from host: <128.104.101.92:9618?addrs=128.104.101.92-9618+[2607-f388-107c-501-a236-9fff-fe3c-caa8]-9618&alias=submit2.chtc.wisc.edu&noUDP&sock=schedd_4918_eadb>
...
040 (10038103.002.000) 2022-08-15 10:17:06 Started transferring input files
	Transferring to host: <128.105.69.89:9618?addrs=128.105.69.89-9618+[2607-f388-2200-100-1270-fdff-fe56-41cc]-9618&alias=e4000.chtc.wisc.edu&noUDP&sock=slot2_3_1291867_eb4e_7237>
...
040 (10038103.002.000) 2022-08-15 10:18:43 Finished transferring input files
...
001 (10038103.002.000) 2022-08-15 10:21:12 Job executing on host: <128.105.69.89:9618?addrs=128.105.69.89-9618+[2607-f388-2200-100-1270-fdff-fe56-41cc]-9618&alias=e4000.chtc.wisc.edu&noUDP&sock=startd_12141_4b6c>
...
006 (10038103.002.000) 2022-08-15 10:21:21 Image size of job updated: 1
	1  -  MemoryUsage of job (MB)
	1176  -  ResidentSetSize of job (KB)
...
006 (10038103.002.000) 2022-08-15 10:26:21 Image size of job updated: 611
	611  -  MemoryUsage of job (MB)
	625812  -  ResidentSetSize of job (KB)
...
006 (10038103.002.000) 2022-08-15 10:31:22 Image size of job updated: 620
	620  -  MemoryUsage of job (MB)
	635292  -  ResidentSetSize of job (KB)
...
006 (10038103.002.000) 2022-08-15 10:36:22 Image size of job updated: 646
	646  -  MemoryUsage of job (MB)
	662284  -  ResidentSetSize of job (KB)
...
006 (10038103.002.000) 2022-08-15 10:41:22 Image size of job updated: 650
	650  -  MemoryUsage of job (MB)
	666192  -  ResidentSetSize of job (KB)
...
006 (10038103.002.000) 2022-08-15 10:46:23 Image size of job updated: 654
	654  -  MemoryUsage of job (MB)
	669960  -  ResidentSetSize of job (KB)
...
006 (10038103.002.000) 2022-08-15 10:51:23 Image size of job updated: 657
	657  -  MemoryUsage of job (MB)
	673764  -  ResidentSetSize of job (KB)
...
006 (10038103.002.000) 2022-08-15 10:56:24 Image size of job updated: 661
	661  -  MemoryUsage of job (MB)
	677536  -  ResidentSetSize of job (KB)
...
006 (10038103.002.000) 2022-08-15 11:01:25 Image size of job updated: 665
	665  -  MemoryUsage of job (MB)
	681472  -  ResidentSetSize of job (KB)
...
006 (10038103.002.000) 2022-08-15 11:06:25 Image size of job updated: 669
	669  -  MemoryUsage of job (MB)
	685292  -  ResidentSetSize of job (KB)
...
