000 (10038106.005.000) 2022-08-15 10:16:42 Job submitted from host: <128.104.101.92:9618?addrs=128.104.101.92-9618+[2607-f388-107c-501-a236-9fff-fe3c-caa8]-9618&alias=submit2.chtc.wisc.edu&noUDP&sock=schedd_4918_eadb>
...
040 (10038106.005.000) 2022-08-15 10:17:35 Entered queue to transfer input files
	Transferring to host: <128.105.69.98:9618?addrs=128.105.69.98-9618+[2607-f388-2200-100-1270-fdff-fe56-45f4]-9618&alias=e4009.chtc.wisc.edu&noUDP&sock=slot1_5_2598332_b335_19930>
...
040 (10038106.005.000) 2022-08-15 10:20:59 Started transferring input files
	Seconds spent in queue: 204
...
040 (10038106.005.000) 2022-08-15 10:23:06 Finished transferring input files
...
001 (10038106.005.000) 2022-08-15 10:23:12 Job executing on host: <128.105.69.98:9618?addrs=128.105.69.98-9618+[2607-f388-2200-100-1270-fdff-fe56-45f4]-9618&alias=e4009.chtc.wisc.edu&noUDP&sock=startd_2598266_f0a2>
...
006 (10038106.005.000) 2022-08-15 10:23:20 Image size of job updated: 1
	1  -  MemoryUsage of job (MB)
	1172  -  ResidentSetSize of job (KB)
...
006 (10038106.005.000) 2022-08-15 10:28:21 Image size of job updated: 652
	652  -  MemoryUsage of job (MB)
	667688  -  ResidentSetSize of job (KB)
...
006 (10038106.005.000) 2022-08-15 10:33:21 Image size of job updated: 669
	669  -  MemoryUsage of job (MB)
	685272  -  ResidentSetSize of job (KB)
...
006 (10038106.005.000) 2022-08-15 10:38:21 Image size of job updated: 672
	672  -  MemoryUsage of job (MB)
	688972  -  ResidentSetSize of job (KB)
...
006 (10038106.005.000) 2022-08-15 10:43:08 Image size of job updated: 674
	674  -  MemoryUsage of job (MB)
	691068  -  ResidentSetSize of job (KB)
...
004 (10038106.005.000) 2022-08-15 10:43:16 Job was evicted.
	(0) CPU times
		Usr 0 00:19:37, Sys 0 00:00:16  -  Run Remote Usage
		Usr 0 00:00:00, Sys 0 00:00:00  -  Run Local Usage
	0  -  Run Bytes Sent By Job
	7643968512  -  Run Bytes Received By Job
	Partitionable Resources :    Usage  Request Allocated 
	   Cpus                 :        0        1         1 
	   Disk (KB)            : 19754064 20971520  22494605 
	   IoHeavy              :                           0 
	   Memory (MB)          :      674    10240     10240 
...
009 (10038106.005.000) 2022-08-15 10:43:23 Job was aborted.
	via condor_rm (by user zpan52)
...
