000 (10038139.010.000) 2022-08-15 10:50:36 Job submitted from host: <128.104.101.92:9618?addrs=128.104.101.92-9618+[2607-f388-107c-501-a236-9fff-fe3c-caa8]-9618&alias=submit2.chtc.wisc.edu&noUDP&sock=schedd_4918_eadb>
...
040 (10038139.010.000) 2022-08-15 10:51:22 Started transferring input files
	Transferring to host: <128.105.69.104:9618?addrs=128.105.69.104-9618+[2607-f388-2200-100-1270-fdff-fe56-bccc]-9618&alias=e4015.chtc.wisc.edu&noUDP&sock=slot1_6_1360259_452c_20427>
...
040 (10038139.010.000) 2022-08-15 10:53:27 Finished transferring input files
...
001 (10038139.010.000) 2022-08-15 10:54:01 Job executing on host: <128.105.69.104:9618?addrs=128.105.69.104-9618+[2607-f388-2200-100-1270-fdff-fe56-bccc]-9618&alias=e4015.chtc.wisc.edu&noUDP&sock=startd_193827_c754>
...
006 (10038139.010.000) 2022-08-15 10:54:09 Image size of job updated: 1
	1  -  MemoryUsage of job (MB)
	1180  -  ResidentSetSize of job (KB)
...
006 (10038139.010.000) 2022-08-15 10:59:09 Image size of job updated: 954
	954  -  MemoryUsage of job (MB)
	977620  -  ResidentSetSize of job (KB)
...
006 (10038139.010.000) 2022-08-15 11:04:09 Image size of job updated: 972
	972  -  MemoryUsage of job (MB)
	996144  -  ResidentSetSize of job (KB)
...
006 (10038139.010.000) 2022-08-15 11:09:09 Image size of job updated: 987
	987  -  MemoryUsage of job (MB)
	1011200  -  ResidentSetSize of job (KB)
...
004 (10038139.010.000) 2022-08-15 11:09:14 Job was evicted.
	(0) CPU times
		Usr 0 00:14:57, Sys 0 00:00:16  -  Run Remote Usage
		Usr 0 00:00:00, Sys 0 00:00:00  -  Run Local Usage
	0  -  Run Bytes Sent By Job
	7643974144  -  Run Bytes Received By Job
	Partitionable Resources :       Usage  Request Allocated 
	   Cpus                 :        0.01        1         1 
	   Disk (KB)            : 19754070    20971520  22494605 
	   IoHeavy              :                              0 
	   Memory (MB)          :      987       10240     10240 
...
009 (10038139.010.000) 2022-08-15 11:09:14 Job was aborted.
	via condor_rm (by user zpan52)
...
