000 (10038107.019.000) 2022-08-15 10:16:53 Job submitted from host: <128.104.101.92:9618?addrs=128.104.101.92-9618+[2607-f388-107c-501-a236-9fff-fe3c-caa8]-9618&alias=submit2.chtc.wisc.edu&noUDP&sock=schedd_4918_eadb>
...
040 (10038107.019.000) 2022-08-15 10:21:17 Entered queue to transfer input files
	Transferring to host: <128.105.69.104:9618?addrs=128.105.69.104-9618+[2607-f388-2200-100-1270-fdff-fe56-bccc]-9618&alias=e4015.chtc.wisc.edu&noUDP&sock=slot1_7_1360259_452c_20377>
...
040 (10038107.019.000) 2022-08-15 10:24:06 Started transferring input files
	Seconds spent in queue: 169
...
040 (10038107.019.000) 2022-08-15 10:24:36 Finished transferring input files
...
001 (10038107.019.000) 2022-08-15 10:24:39 Job executing on host: <128.105.69.104:9618?addrs=128.105.69.104-9618+[2607-f388-2200-100-1270-fdff-fe56-bccc]-9618&alias=e4015.chtc.wisc.edu&noUDP&sock=startd_193827_c754>
...
006 (10038107.019.000) 2022-08-15 10:24:48 Image size of job updated: 1
	1  -  MemoryUsage of job (MB)
	1180  -  ResidentSetSize of job (KB)
...
006 (10038107.019.000) 2022-08-15 10:26:09 Image size of job updated: 760
	760  -  MemoryUsage of job (MB)
	778476  -  ResidentSetSize of job (KB)
...
040 (10038107.019.000) 2022-08-15 10:26:35 Started transferring output files
	Seconds spent in queue: 318
...
040 (10038107.019.000) 2022-08-15 10:26:39 Finished transferring output files
...
005 (10038107.019.000) 2022-08-15 10:26:56 Job terminated.
	(1) Normal termination (return value 0)
		Usr 0 00:01:23, Sys 0 00:00:16  -  Run Remote Usage
		Usr 0 00:00:00, Sys 0 00:00:00  -  Run Local Usage
		Usr 0 00:01:23, Sys 0 00:00:16  -  Total Remote Usage
		Usr 0 00:00:00, Sys 0 00:00:00  -  Total Local Usage
	162118  -  Run Bytes Sent By Job
	7643968512  -  Run Bytes Received By Job
	162118  -  Total Bytes Sent By Job
	7643968512  -  Total Bytes Received By Job
	Partitionable Resources :      Usage  Request Allocated 
	   Cpus                 :       0.01        1         1 
	   Disk (KB)            : 8800756    20971520  22494605 
	   IoHeavy              :                             0 
	   Memory (MB)          :     760       10240     10240 

	Job terminated of its own accord at 2022-08-15T15:26:09Z with exit-code 0.
...
