000 (10038107.009.000) 2022-08-15 10:16:53 Job submitted from host: <128.104.101.92:9618?addrs=128.104.101.92-9618+[2607-f388-107c-501-a236-9fff-fe3c-caa8]-9618&alias=submit2.chtc.wisc.edu&noUDP&sock=schedd_4918_eadb>
...
040 (10038107.009.000) 2022-08-15 10:21:17 Entered queue to transfer input files
	Transferring to host: <128.105.69.94:9618?addrs=128.105.69.94-9618+[2607-f388-2200-100-1270-fdff-fe56-3dcc]-9618&alias=e4005.chtc.wisc.edu&noUDP&sock=slot1_5_3648970_3759_4409>
...
040 (10038107.009.000) 2022-08-15 10:24:48 Started transferring input files
	Seconds spent in queue: 211
...
040 (10038107.009.000) 2022-08-15 10:28:05 Finished transferring input files
...
001 (10038107.009.000) 2022-08-15 10:28:06 Job executing on host: <128.105.69.94:9618?addrs=128.105.69.94-9618+[2607-f388-2200-100-1270-fdff-fe56-3dcc]-9618&alias=e4005.chtc.wisc.edu&noUDP&sock=startd_194940_343d>
...
006 (10038107.009.000) 2022-08-15 10:28:14 Image size of job updated: 1
	1  -  MemoryUsage of job (MB)
	1176  -  ResidentSetSize of job (KB)
...
006 (10038107.009.000) 2022-08-15 10:30:25 Image size of job updated: 1058
	1058  -  MemoryUsage of job (MB)
	1083944  -  ResidentSetSize of job (KB)
...
040 (10038107.009.000) 2022-08-15 10:30:29 Started transferring output files
	Seconds spent in queue: 552
...
040 (10038107.009.000) 2022-08-15 10:30:29 Finished transferring output files
...
005 (10038107.009.000) 2022-08-15 10:30:31 Job terminated.
	(1) Normal termination (return value 0)
		Usr 0 00:02:13, Sys 0 00:00:16  -  Run Remote Usage
		Usr 0 00:00:00, Sys 0 00:00:00  -  Run Local Usage
		Usr 0 00:02:13, Sys 0 00:00:16  -  Total Remote Usage
		Usr 0 00:00:00, Sys 0 00:00:00  -  Total Local Usage
	165605  -  Run Bytes Sent By Job
	7643968512  -  Run Bytes Received By Job
	165605  -  Total Bytes Sent By Job
	7643968512  -  Total Bytes Received By Job
	Partitionable Resources :    Usage  Request Allocated 
	   Cpus                 :        0        1         1 
	   Disk (KB)            :  8777466 20971520  22494605 
	   IoHeavy              :                           0 
	   Memory (MB)          :     1058    10240     10240 

	Job terminated of its own accord at 2022-08-15T15:30:25Z with exit-code 0.
...
