000 (10038105.014.000) 2022-08-15 10:16:32 Job submitted from host: <128.104.101.92:9618?addrs=128.104.101.92-9618+[2607-f388-107c-501-a236-9fff-fe3c-caa8]-9618&alias=submit2.chtc.wisc.edu&noUDP&sock=schedd_4918_eadb>
...
040 (10038105.014.000) 2022-08-15 10:17:33 Entered queue to transfer input files
	Transferring to host: <128.105.69.101:9618?addrs=128.105.69.101-9618+[2607-f388-2200-100-1270-fdff-fe56-bae4]-9618&alias=e4012.chtc.wisc.edu&noUDP&sock=slot1_3_745379_af80_19894>
...
040 (10038105.014.000) 2022-08-15 10:20:07 Started transferring input files
	Seconds spent in queue: 154
...
040 (10038105.014.000) 2022-08-15 10:22:05 Finished transferring input files
...
001 (10038105.014.000) 2022-08-15 10:22:41 Job executing on host: <128.105.69.101:9618?addrs=128.105.69.101-9618+[2607-f388-2200-100-1270-fdff-fe56-bae4]-9618&alias=e4012.chtc.wisc.edu&noUDP&sock=startd_181518_d415>
...
006 (10038105.014.000) 2022-08-15 10:22:50 Image size of job updated: 1
	1  -  MemoryUsage of job (MB)
	1184  -  ResidentSetSize of job (KB)
...
006 (10038105.014.000) 2022-08-15 10:27:50 Image size of job updated: 552
	552  -  MemoryUsage of job (MB)
	565524  -  ResidentSetSize of job (KB)
...
006 (10038105.014.000) 2022-08-15 10:32:51 Image size of job updated: 552
	552  -  MemoryUsage of job (MB)
	565632  -  ResidentSetSize of job (KB)
...
006 (10038105.014.000) 2022-08-15 10:37:52 Image size of job updated: 558
	558  -  MemoryUsage of job (MB)
	571688  -  ResidentSetSize of job (KB)
...
006 (10038105.014.000) 2022-08-15 10:42:53 Image size of job updated: 565
	565  -  MemoryUsage of job (MB)
	579276  -  ResidentSetSize of job (KB)
...
006 (10038105.014.000) 2022-08-15 10:47:53 Image size of job updated: 567
	567  -  MemoryUsage of job (MB)
	580912  -  ResidentSetSize of job (KB)
...
006 (10038105.014.000) 2022-08-15 10:52:54 Image size of job updated: 567
	567  -  MemoryUsage of job (MB)
	580952  -  ResidentSetSize of job (KB)
...
006 (10038105.014.000) 2022-08-15 10:57:55 Image size of job updated: 567
	567  -  MemoryUsage of job (MB)
	581020  -  ResidentSetSize of job (KB)
...
006 (10038105.014.000) 2022-08-15 11:02:56 Image size of job updated: 567
	567  -  MemoryUsage of job (MB)
	581080  -  ResidentSetSize of job (KB)
...
006 (10038105.014.000) 2022-08-15 11:07:56 Image size of job updated: 575
	575  -  MemoryUsage of job (MB)
	589812  -  ResidentSetSize of job (KB)
...
006 (10038105.014.000) 2022-08-15 11:12:57 Image size of job updated: 593
	593  -  MemoryUsage of job (MB)
	607676  -  ResidentSetSize of job (KB)
...
006 (10038105.014.000) 2022-08-15 11:17:58 Image size of job updated: 593
	593  -  MemoryUsage of job (MB)
	607748  -  ResidentSetSize of job (KB)
...
006 (10038105.014.000) 2022-08-15 11:22:59 Image size of job updated: 607
	607  -  MemoryUsage of job (MB)
	621976  -  ResidentSetSize of job (KB)
...
