000 (10038104.015.000) 2022-08-15 10:16:22 Job submitted from host: <128.104.101.92:9618?addrs=128.104.101.92-9618+[2607-f388-107c-501-a236-9fff-fe3c-caa8]-9618&alias=submit2.chtc.wisc.edu&noUDP&sock=schedd_4918_eadb>
...
040 (10038104.015.000) 2022-08-15 10:17:30 Entered queue to transfer input files
	Transferring to host: <128.105.69.98:9618?addrs=128.105.69.98-9618+[2607-f388-2200-100-1270-fdff-fe56-45f4]-9618&alias=e4009.chtc.wisc.edu&noUDP&sock=slot1_3_2598332_b335_19928>
...
040 (10038104.015.000) 2022-08-15 10:20:06 Started transferring input files
	Seconds spent in queue: 156
...
040 (10038104.015.000) 2022-08-15 10:22:25 Finished transferring input files
...
001 (10038104.015.000) 2022-08-15 10:23:02 Job executing on host: <128.105.69.98:9618?addrs=128.105.69.98-9618+[2607-f388-2200-100-1270-fdff-fe56-45f4]-9618&alias=e4009.chtc.wisc.edu&noUDP&sock=startd_2598266_f0a2>
...
006 (10038104.015.000) 2022-08-15 10:23:10 Image size of job updated: 1
	1  -  MemoryUsage of job (MB)
	1184  -  ResidentSetSize of job (KB)
...
006 (10038104.015.000) 2022-08-15 10:28:11 Image size of job updated: 517
	517  -  MemoryUsage of job (MB)
	529620  -  ResidentSetSize of job (KB)
...
006 (10038104.015.000) 2022-08-15 10:33:11 Image size of job updated: 529
	529  -  MemoryUsage of job (MB)
	541908  -  ResidentSetSize of job (KB)
...
006 (10038104.015.000) 2022-08-15 10:38:11 Image size of job updated: 535
	535  -  MemoryUsage of job (MB)
	548136  -  ResidentSetSize of job (KB)
...
006 (10038104.015.000) 2022-08-15 10:43:11 Image size of job updated: 541
	541  -  MemoryUsage of job (MB)
	554180  -  ResidentSetSize of job (KB)
...
006 (10038104.015.000) 2022-08-15 10:48:12 Image size of job updated: 541
	541  -  MemoryUsage of job (MB)
	554188  -  ResidentSetSize of job (KB)
...
006 (10038104.015.000) 2022-08-15 10:58:13 Image size of job updated: 547
	547  -  MemoryUsage of job (MB)
	560872  -  ResidentSetSize of job (KB)
...
006 (10038104.015.000) 2022-08-15 11:03:13 Image size of job updated: 554
	554  -  MemoryUsage of job (MB)
	567376  -  ResidentSetSize of job (KB)
...
006 (10038104.015.000) 2022-08-15 11:08:14 Image size of job updated: 559
	559  -  MemoryUsage of job (MB)
	572900  -  ResidentSetSize of job (KB)
...
006 (10038104.015.000) 2022-08-15 11:13:14 Image size of job updated: 568
	568  -  MemoryUsage of job (MB)
	582404  -  ResidentSetSize of job (KB)
...
006 (10038104.015.000) 2022-08-15 11:18:15 Image size of job updated: 568
	568  -  MemoryUsage of job (MB)
	582452  -  ResidentSetSize of job (KB)
...
006 (10038104.015.000) 2022-08-15 11:23:16 Image size of job updated: 568
	568  -  MemoryUsage of job (MB)
	582460  -  ResidentSetSize of job (KB)
...
