000 (10038105.020.000) 2022-08-15 10:16:32 Job submitted from host: <128.104.101.92:9618?addrs=128.104.101.92-9618+[2607-f388-107c-501-a236-9fff-fe3c-caa8]-9618&alias=submit2.chtc.wisc.edu&noUDP&sock=schedd_4918_eadb>
...
040 (10038105.020.000) 2022-08-15 10:17:34 Entered queue to transfer input files
	Transferring to host: <128.105.69.93:9618?addrs=128.105.69.93-9618+[2607-f388-2200-100-1270-fdff-fe56-ba3c]-9618&alias=e4004.chtc.wisc.edu&noUDP&sock=slot1_3_1393925_0345_12027>
...
040 (10038105.020.000) 2022-08-15 10:20:07 Started transferring input files
	Seconds spent in queue: 153
...
040 (10038105.020.000) 2022-08-15 10:21:42 Finished transferring input files
...
001 (10038105.020.000) 2022-08-15 10:21:43 Job executing on host: <128.105.69.93:9618?addrs=128.105.69.93-9618+[2607-f388-2200-100-1270-fdff-fe56-ba3c]-9618&alias=e4004.chtc.wisc.edu&noUDP&sock=startd_193956_430c>
...
006 (10038105.020.000) 2022-08-15 10:21:52 Image size of job updated: 1
	1  -  MemoryUsage of job (MB)
	1180  -  ResidentSetSize of job (KB)
...
006 (10038105.020.000) 2022-08-15 10:26:53 Image size of job updated: 552
	552  -  MemoryUsage of job (MB)
	566004  -  ResidentSetSize of job (KB)
...
006 (10038105.020.000) 2022-08-15 10:31:54 Image size of job updated: 555
	555  -  MemoryUsage of job (MB)
	569148  -  ResidentSetSize of job (KB)
...
006 (10038105.020.000) 2022-08-15 10:36:54 Image size of job updated: 562
	562  -  MemoryUsage of job (MB)
	575544  -  ResidentSetSize of job (KB)
...
006 (10038105.020.000) 2022-08-15 10:41:55 Image size of job updated: 569
	569  -  MemoryUsage of job (MB)
	582824  -  ResidentSetSize of job (KB)
...
006 (10038105.020.000) 2022-08-15 10:46:56 Image size of job updated: 569
	569  -  MemoryUsage of job (MB)
	583368  -  ResidentSetSize of job (KB)
...
006 (10038105.020.000) 2022-08-15 10:52:00 Image size of job updated: 571
	571  -  MemoryUsage of job (MB)
	585264  -  ResidentSetSize of job (KB)
...
006 (10038105.020.000) 2022-08-15 10:56:58 Image size of job updated: 571
	571  -  MemoryUsage of job (MB)
	585312  -  ResidentSetSize of job (KB)
...
006 (10038105.020.000) 2022-08-15 11:01:59 Image size of job updated: 572
	572  -  MemoryUsage of job (MB)
	586256  -  ResidentSetSize of job (KB)
...
006 (10038105.020.000) 2022-08-15 11:06:59 Image size of job updated: 577
	577  -  MemoryUsage of job (MB)
	591324  -  ResidentSetSize of job (KB)
...
