000 (10038104.020.000) 2022-08-15 10:16:22 Job submitted from host: <128.104.101.92:9618?addrs=128.104.101.92-9618+[2607-f388-107c-501-a236-9fff-fe3c-caa8]-9618&alias=submit2.chtc.wisc.edu&noUDP&sock=schedd_4918_eadb>
...
040 (10038104.020.000) 2022-08-15 10:17:31 Entered queue to transfer input files
	Transferring to host: <128.105.69.95:9618?addrs=128.105.69.95-9618+[2607-f388-2200-100-1270-fdff-fe56-bff4]-9618&alias=e4006.chtc.wisc.edu&noUDP&sock=slot1_2_1266464_3525_20191>
...
040 (10038104.020.000) 2022-08-15 10:20:07 Started transferring input files
	Seconds spent in queue: 156
...
040 (10038104.020.000) 2022-08-15 10:22:28 Finished transferring input files
...
001 (10038104.020.000) 2022-08-15 10:23:48 Job executing on host: <128.105.69.95:9618?addrs=128.105.69.95-9618+[2607-f388-2200-100-1270-fdff-fe56-bff4]-9618&alias=e4006.chtc.wisc.edu&noUDP&sock=startd_193735_ac9e>
...
006 (10038104.020.000) 2022-08-15 10:23:56 Image size of job updated: 1
	1  -  MemoryUsage of job (MB)
	1176  -  ResidentSetSize of job (KB)
...
006 (10038104.020.000) 2022-08-15 10:28:57 Image size of job updated: 551
	551  -  MemoryUsage of job (MB)
	565152  -  ResidentSetSize of job (KB)
...
006 (10038104.020.000) 2022-08-15 10:33:58 Image size of job updated: 554
	554  -  MemoryUsage of job (MB)
	568268  -  ResidentSetSize of job (KB)
...
006 (10038104.020.000) 2022-08-15 10:38:59 Image size of job updated: 561
	561  -  MemoryUsage of job (MB)
	574680  -  ResidentSetSize of job (KB)
...
006 (10038104.020.000) 2022-08-15 10:43:59 Image size of job updated: 568
	568  -  MemoryUsage of job (MB)
	581952  -  ResidentSetSize of job (KB)
...
006 (10038104.020.000) 2022-08-15 10:49:00 Image size of job updated: 568
	568  -  MemoryUsage of job (MB)
	582500  -  ResidentSetSize of job (KB)
...
006 (10038104.020.000) 2022-08-15 10:54:15 Image size of job updated: 575
	575  -  MemoryUsage of job (MB)
	589388  -  ResidentSetSize of job (KB)
...
006 (10038104.020.000) 2022-08-15 10:59:01 Image size of job updated: 583
	583  -  MemoryUsage of job (MB)
	597456  -  ResidentSetSize of job (KB)
...
006 (10038104.020.000) 2022-08-15 11:04:01 Image size of job updated: 584
	584  -  MemoryUsage of job (MB)
	598408  -  ResidentSetSize of job (KB)
...
006 (10038104.020.000) 2022-08-15 11:09:02 Image size of job updated: 598
	598  -  MemoryUsage of job (MB)
	613084  -  ResidentSetSize of job (KB)
...
