000 (10038105.000.000) 2022-08-15 10:16:32 Job submitted from host: <128.104.101.92:9618?addrs=128.104.101.92-9618+[2607-f388-107c-501-a236-9fff-fe3c-caa8]-9618&alias=submit2.chtc.wisc.edu&noUDP&sock=schedd_4918_eadb>
...
040 (10038105.000.000) 2022-08-15 10:17:31 Entered queue to transfer input files
	Transferring to host: <128.105.69.90:9618?addrs=128.105.69.90-9618+[2607-f388-2200-100-1270-fdff-fe56-707c]-9618&alias=e4001.chtc.wisc.edu&noUDP&sock=slot1_2_1019260_a061_12586>
...
040 (10038105.000.000) 2022-08-15 10:20:07 Started transferring input files
	Seconds spent in queue: 156
...
040 (10038105.000.000) 2022-08-15 10:22:39 Finished transferring input files
...
001 (10038105.000.000) 2022-08-15 10:23:00 Job executing on host: <128.105.69.90:9618?addrs=128.105.69.90-9618+[2607-f388-2200-100-1270-fdff-fe56-707c]-9618&alias=e4001.chtc.wisc.edu&noUDP&sock=startd_1019188_c628>
...
006 (10038105.000.000) 2022-08-15 10:23:08 Image size of job updated: 1
	1  -  MemoryUsage of job (MB)
	1176  -  ResidentSetSize of job (KB)
...
006 (10038105.000.000) 2022-08-15 10:28:08 Image size of job updated: 449
	449  -  MemoryUsage of job (MB)
	459940  -  ResidentSetSize of job (KB)
...
006 (10038105.000.000) 2022-08-15 10:43:08 Image size of job updated: 456
	456  -  MemoryUsage of job (MB)
	467624  -  ResidentSetSize of job (KB)
...
006 (10038105.000.000) 2022-08-15 10:48:10 Image size of job updated: 466
	466  -  MemoryUsage of job (MB)
	477608  -  ResidentSetSize of job (KB)
...
006 (10038105.000.000) 2022-08-15 10:49:13 Image size of job updated: 466
	466  -  MemoryUsage of job (MB)
	478120  -  ResidentSetSize of job (KB)
...
040 (10038105.000.000) 2022-08-15 10:49:14 Started transferring output files
	Seconds spent in queue: 1903
...
040 (10038105.000.000) 2022-08-15 10:49:15 Finished transferring output files
...
005 (10038105.000.000) 2022-08-15 10:49:17 Job terminated.
	(1) Normal termination (return value 0)
		Usr 0 00:25:59, Sys 0 00:00:14  -  Run Remote Usage
		Usr 0 00:00:00, Sys 0 00:00:00  -  Run Local Usage
		Usr 0 00:25:59, Sys 0 00:00:14  -  Total Remote Usage
		Usr 0 00:00:00, Sys 0 00:00:00  -  Total Local Usage
	162974  -  Run Bytes Sent By Job
	7643968512  -  Run Bytes Received By Job
	162974  -  Total Bytes Sent By Job
	7643968512  -  Total Bytes Received By Job
	Partitionable Resources :       Usage  Request Allocated 
	   Cpus                 :        0.00        1         1 
	   Disk (KB)            : 19754064    20971520  22494605 
	   IoHeavy              :                              0 
	   Memory (MB)          :      466       10240     10240 

	Job terminated of its own accord at 2022-08-15T15:49:13Z with exit-code 0.
...
