000 (10038086.018.000) 2022-08-15 09:03:52 Job submitted from host: <128.104.101.92:9618?addrs=128.104.101.92-9618+[2607-f388-107c-501-a236-9fff-fe3c-caa8]-9618&alias=submit2.chtc.wisc.edu&noUDP&sock=schedd_4918_eadb>
...
040 (10038086.018.000) 2022-08-15 09:05:11 Entered queue to transfer input files
	Transferring to host: <128.105.68.91:9618?addrs=128.105.68.91-9618+[2607-f388-2200-100-1270-fdff-fe56-c2c4]-9618&alias=e2487.chtc.wisc.edu&noUDP&sock=slot2_2_1930089_0df0_1164>
...
040 (10038086.018.000) 2022-08-15 09:06:42 Started transferring input files
	Seconds spent in queue: 91
...
040 (10038086.018.000) 2022-08-15 09:06:59 Finished transferring input files
...
004 (10038086.018.000) 2022-08-15 09:07:01 Job was evicted.
	(0) CPU times
		Usr 0 00:00:00, Sys 0 00:00:00  -  Run Remote Usage
		Usr 0 00:00:00, Sys 0 00:00:00  -  Run Local Usage
	0  -  Run Bytes Sent By Job
	718209664  -  Run Bytes Received By Job
	Partitionable Resources :    Usage  Request Allocated 
	   Cpus                 :                 1         1 
	   Disk (KB)            :  2321861  4194304   6125175 
	   IoHeavy              :                           0 
	   Memory (MB)          :              4096      4096 
...
009 (10038086.018.000) 2022-08-15 09:07:02 Job was aborted.
	via condor_rm (by user zpan52)
...
