000 (10038107.011.000) 2022-08-15 10:16:53 Job submitted from host: <128.104.101.92:9618?addrs=128.104.101.92-9618+[2607-f388-107c-501-a236-9fff-fe3c-caa8]-9618&alias=submit2.chtc.wisc.edu&noUDP&sock=schedd_4918_eadb>
...
040 (10038107.011.000) 2022-08-15 10:21:18 Entered queue to transfer input files
	Transferring to host: <128.105.69.118:9618?addrs=128.105.69.118-9618+[2607-f388-2200-100-1270-fdff-fe56-ccac]-9618&alias=e2501.chtc.wisc.edu&noUDP&sock=slot2_7_16157_d16a_3994>
...
040 (10038107.011.000) 2022-08-15 10:25:27 Started transferring input files
	Seconds spent in queue: 249
...
040 (10038107.011.000) 2022-08-15 10:28:31 Finished transferring input files
...
001 (10038107.011.000) 2022-08-15 10:28:34 Job executing on host: <128.105.69.118:9618?addrs=128.105.69.118-9618+[2607-f388-2200-100-1270-fdff-fe56-ccac]-9618&alias=e2501.chtc.wisc.edu&noUDP&sock=startd_11850_b15d>
...
006 (10038107.011.000) 2022-08-15 10:28:43 Image size of job updated: 1
	1  -  MemoryUsage of job (MB)
	1176  -  ResidentSetSize of job (KB)
...
006 (10038107.011.000) 2022-08-15 10:30:24 Image size of job updated: 961
	961  -  MemoryUsage of job (MB)
	984164  -  ResidentSetSize of job (KB)
...
040 (10038107.011.000) 2022-08-15 10:30:29 Started transferring output files
	Seconds spent in queue: 551
...
040 (10038107.011.000) 2022-08-15 10:30:29 Finished transferring output files
...
005 (10038107.011.000) 2022-08-15 10:30:36 Job terminated.
	(1) Normal termination (return value 0)
		Usr 0 00:00:03, Sys 0 00:00:00  -  Run Remote Usage
		Usr 0 00:00:00, Sys 0 00:00:00  -  Run Local Usage
		Usr 0 00:00:03, Sys 0 00:00:00  -  Total Remote Usage
		Usr 0 00:00:00, Sys 0 00:00:00  -  Total Local Usage
	166701  -  Run Bytes Sent By Job
	7643968512  -  Run Bytes Received By Job
	166701  -  Total Bytes Sent By Job
	7643968512  -  Total Bytes Received By Job
	Partitionable Resources :      Usage  Request Allocated 
	   Cpus                 :       0.00        1         1 
	   Disk (KB)            : 8868626    20971520  21747553 
	   IoHeavy              :                             0 
	   Memory (MB)          :     961       10240     10240 

	Job terminated of its own accord at 2022-08-15T15:30:23Z with exit-code 0.
...
