000 (10038108.018.000) 2022-08-15 10:17:00 Job submitted from host: <128.104.101.92:9618?addrs=128.104.101.92-9618+[2607-f388-107c-501-a236-9fff-fe3c-caa8]-9618&alias=submit2.chtc.wisc.edu&noUDP&sock=schedd_4918_eadb>
...
040 (10038108.018.000) 2022-08-15 10:21:17 Entered queue to transfer input files
	Transferring to host: <128.105.69.96:9618?addrs=128.105.69.96-9618+[2607-f388-2200-100-1270-fdff-fe56-c75c]-9618&alias=e4007.chtc.wisc.edu&noUDP&sock=slot1_8_3816229_500b_11574>
...
040 (10038108.018.000) 2022-08-15 10:24:48 Started transferring input files
	Seconds spent in queue: 211
...
040 (10038108.018.000) 2022-08-15 10:25:23 Finished transferring input files
...
001 (10038108.018.000) 2022-08-15 10:25:56 Job executing on host: <128.105.69.96:9618?addrs=128.105.69.96-9618+[2607-f388-2200-100-1270-fdff-fe56-c75c]-9618&alias=e4007.chtc.wisc.edu&noUDP&sock=startd_194327_bcaf>
...
006 (10038108.018.000) 2022-08-15 10:26:05 Image size of job updated: 1
	1  -  MemoryUsage of job (MB)
	1176  -  ResidentSetSize of job (KB)
...
006 (10038108.018.000) 2022-08-15 10:31:06 Image size of job updated: 682
	682  -  MemoryUsage of job (MB)
	698772  -  ResidentSetSize of job (KB)
...
006 (10038108.018.000) 2022-08-15 10:36:07 Image size of job updated: 735
	735  -  MemoryUsage of job (MB)
	753404  -  ResidentSetSize of job (KB)
...
006 (10038108.018.000) 2022-08-15 10:41:07 Image size of job updated: 744
	744  -  MemoryUsage of job (MB)
	762376  -  ResidentSetSize of job (KB)
...
006 (10038108.018.000) 2022-08-15 10:42:00 Image size of job updated: 744
	744  -  MemoryUsage of job (MB)
	762400  -  ResidentSetSize of job (KB)
...
004 (10038108.018.000) 2022-08-15 10:42:38 Job was evicted.
	(0) CPU times
		Usr 0 00:14:57, Sys 0 00:00:15  -  Run Remote Usage
		Usr 0 00:00:00, Sys 0 00:00:00  -  Run Local Usage
	0  -  Run Bytes Sent By Job
	7643968512  -  Run Bytes Received By Job
	Partitionable Resources :       Usage  Request Allocated 
	   Cpus                 :        0.00        1         1 
	   Disk (KB)            : 19754066    20971520  22494605 
	   IoHeavy              :                              0 
	   Memory (MB)          :      744       10240     10240 
...
009 (10038108.018.000) 2022-08-15 10:43:13 Job was aborted.
	via condor_rm (by user zpan52)
...
