000 (10038106.008.000) 2022-08-15 10:16:42 Job submitted from host: <128.104.101.92:9618?addrs=128.104.101.92-9618+[2607-f388-107c-501-a236-9fff-fe3c-caa8]-9618&alias=submit2.chtc.wisc.edu&noUDP&sock=schedd_4918_eadb>
...
040 (10038106.008.000) 2022-08-15 10:17:36 Entered queue to transfer input files
	Transferring to host: <128.105.69.101:9618?addrs=128.105.69.101-9618+[2607-f388-2200-100-1270-fdff-fe56-bae4]-9618&alias=e4012.chtc.wisc.edu&noUDP&sock=slot1_4_745379_af80_19895>
...
040 (10038106.008.000) 2022-08-15 10:22:42 Started transferring input files
	Seconds spent in queue: 306
...
040 (10038106.008.000) 2022-08-15 10:23:47 Finished transferring input files
...
001 (10038106.008.000) 2022-08-15 10:23:55 Job executing on host: <128.105.69.101:9618?addrs=128.105.69.101-9618+[2607-f388-2200-100-1270-fdff-fe56-bae4]-9618&alias=e4012.chtc.wisc.edu&noUDP&sock=startd_181518_d415>
...
006 (10038106.008.000) 2022-08-15 10:24:04 Image size of job updated: 1
	1  -  MemoryUsage of job (MB)
	1176  -  ResidentSetSize of job (KB)
...
006 (10038106.008.000) 2022-08-15 10:29:04 Image size of job updated: 989
	989  -  MemoryUsage of job (MB)
	1012800  -  ResidentSetSize of job (KB)
...
006 (10038106.008.000) 2022-08-15 10:34:04 Image size of job updated: 1062
	1062  -  MemoryUsage of job (MB)
	1088460  -  ResidentSetSize of job (KB)
...
006 (10038106.008.000) 2022-08-15 10:39:06 Image size of job updated: 1138
	1138  -  MemoryUsage of job (MB)
	1165936  -  ResidentSetSize of job (KB)
...
006 (10038106.008.000) 2022-08-15 10:43:08 Image size of job updated: 1198
	1198  -  MemoryUsage of job (MB)
	1227384  -  ResidentSetSize of job (KB)
...
004 (10038106.008.000) 2022-08-15 10:43:15 Job was evicted.
	(0) CPU times
		Usr 0 00:18:55, Sys 0 00:00:15  -  Run Remote Usage
		Usr 0 00:00:00, Sys 0 00:00:00  -  Run Local Usage
	0  -  Run Bytes Sent By Job
	7643968512  -  Run Bytes Received By Job
	Partitionable Resources :       Usage  Request Allocated 
	   Cpus                 :        0.02        1         1 
	   Disk (KB)            : 19754066    20971520  22494605 
	   IoHeavy              :                              0 
	   Memory (MB)          :     1198       10240     10240 
...
009 (10038106.008.000) 2022-08-15 10:43:22 Job was aborted.
	via condor_rm (by user zpan52)
...
