000 (10038107.007.000) 2022-08-15 10:16:53 Job submitted from host: <128.104.101.92:9618?addrs=128.104.101.92-9618+[2607-f388-107c-501-a236-9fff-fe3c-caa8]-9618&alias=submit2.chtc.wisc.edu&noUDP&sock=schedd_4918_eadb>
...
040 (10038107.007.000) 2022-08-15 10:21:39 Entered queue to transfer input files
	Transferring to host: <128.105.69.95:9618?addrs=128.105.69.95-9618+[2607-f388-2200-100-1270-fdff-fe56-bff4]-9618&alias=e4006.chtc.wisc.edu&noUDP&sock=slot1_5_1266464_3525_20194>
...
040 (10038107.007.000) 2022-08-15 10:22:29 Started transferring input files
	Seconds spent in queue: 50
...
040 (10038107.007.000) 2022-08-15 10:24:40 Finished transferring input files
...
001 (10038107.007.000) 2022-08-15 10:24:42 Job executing on host: <128.105.69.95:9618?addrs=128.105.69.95-9618+[2607-f388-2200-100-1270-fdff-fe56-bff4]-9618&alias=e4006.chtc.wisc.edu&noUDP&sock=startd_193735_ac9e>
...
006 (10038107.007.000) 2022-08-15 10:24:50 Image size of job updated: 1
	1  -  MemoryUsage of job (MB)
	1184  -  ResidentSetSize of job (KB)
...
006 (10038107.007.000) 2022-08-15 10:29:51 Image size of job updated: 524
	524  -  MemoryUsage of job (MB)
	536688  -  ResidentSetSize of job (KB)
...
004 (10038107.007.000) 2022-08-15 10:42:25 Job was evicted.
	(0) CPU times
		Usr 0 00:16:32, Sys 0 00:00:17  -  Run Remote Usage
		Usr 0 00:00:00, Sys 0 00:00:00  -  Run Local Usage
	0  -  Run Bytes Sent By Job
	7643968512  -  Run Bytes Received By Job
	Partitionable Resources :       Usage  Request Allocated 
	   Cpus                 :        0.00        1         1 
	   Disk (KB)            : 19754063    20971520  22494605 
	   IoHeavy              :                              0 
	   Memory (MB)          :      524       10240     10240 
...
009 (10038107.007.000) 2022-08-15 10:42:40 Job was aborted.
	via condor_rm (by user zpan52)
...
