000 (10038110.015.000) 2022-08-15 10:17:09 Job submitted from host: <128.104.101.92:9618?addrs=128.104.101.92-9618+[2607-f388-107c-501-a236-9fff-fe3c-caa8]-9618&alias=submit2.chtc.wisc.edu&noUDP&sock=schedd_4918_eadb>
...
040 (10038110.015.000) 2022-08-15 10:21:19 Entered queue to transfer input files
	Transferring to host: <128.105.69.102:9618?addrs=128.105.69.102-9618+[2607-f388-2200-100-1270-fdff-fe56-cbc4]-9618&alias=e4013.chtc.wisc.edu&noUDP&sock=slot1_8_3255774_1064_7573>
...
040 (10038110.015.000) 2022-08-15 10:26:09 Started transferring input files
	Seconds spent in queue: 290
...
040 (10038110.015.000) 2022-08-15 10:28:39 Finished transferring input files
...
001 (10038110.015.000) 2022-08-15 10:28:40 Job executing on host: <128.105.69.102:9618?addrs=128.105.69.102-9618+[2607-f388-2200-100-1270-fdff-fe56-cbc4]-9618&alias=e4013.chtc.wisc.edu&noUDP&sock=startd_192977_bfd4>
...
006 (10038110.015.000) 2022-08-15 10:28:49 Image size of job updated: 1
	1  -  MemoryUsage of job (MB)
	1180  -  ResidentSetSize of job (KB)
...
006 (10038110.015.000) 2022-08-15 10:33:50 Image size of job updated: 529
	529  -  MemoryUsage of job (MB)
	542636  -  ResidentSetSize of job (KB)
...
006 (10038110.015.000) 2022-08-15 10:38:51 Image size of job updated: 542
	542  -  MemoryUsage of job (MB)
	555144  -  ResidentSetSize of job (KB)
...
006 (10038110.015.000) 2022-08-15 10:42:24 Image size of job updated: 548
	548  -  MemoryUsage of job (MB)
	561420  -  ResidentSetSize of job (KB)
...
004 (10038110.015.000) 2022-08-15 10:44:10 Job was evicted.
	(0) CPU times
		Usr 0 00:10:02, Sys 0 00:00:14  -  Run Remote Usage
		Usr 0 00:00:00, Sys 0 00:00:00  -  Run Local Usage
	0  -  Run Bytes Sent By Job
	7643968512  -  Run Bytes Received By Job
	Partitionable Resources :    Usage  Request Allocated 
	   Cpus                 :        0        1         1 
	   Disk (KB)            : 19754065 20971520  22494605 
	   IoHeavy              :                           0 
	   Memory (MB)          :      548    10240     10240 
...
009 (10038110.015.000) 2022-08-15 10:44:17 Job was aborted.
	via condor_rm (by user zpan52)
...
