000 (10038139.007.000) 2022-08-15 10:50:36 Job submitted from host: <128.104.101.92:9618?addrs=128.104.101.92-9618+[2607-f388-107c-501-a236-9fff-fe3c-caa8]-9618&alias=submit2.chtc.wisc.edu&noUDP&sock=schedd_4918_eadb>
...
040 (10038139.007.000) 2022-08-15 10:51:22 Started transferring input files
	Transferring to host: <128.105.69.166:9618?addrs=128.105.69.166-9618+[2607-f388-2200-100-1270-fdff-fe56-717c]-9618&alias=e2549.chtc.wisc.edu&noUDP&sock=slot2_6_153167_c1ee_3202>
...
040 (10038139.007.000) 2022-08-15 10:53:05 Finished transferring input files
...
001 (10038139.007.000) 2022-08-15 10:55:25 Job executing on host: <128.105.69.166:9618?addrs=128.105.69.166-9618+[2607-f388-2200-100-1270-fdff-fe56-717c]-9618&alias=e2549.chtc.wisc.edu&noUDP&sock=startd_12525_afcb>
...
006 (10038139.007.000) 2022-08-15 10:55:34 Image size of job updated: 1
	1  -  MemoryUsage of job (MB)
	1172  -  ResidentSetSize of job (KB)
...
006 (10038139.007.000) 2022-08-15 11:00:35 Image size of job updated: 522
	522  -  MemoryUsage of job (MB)
	534676  -  ResidentSetSize of job (KB)
...
004 (10038139.007.000) 2022-08-15 11:09:14 Job was evicted.
	(0) CPU times
		Usr 0 00:13:36, Sys 0 00:00:15  -  Run Remote Usage
		Usr 0 00:00:00, Sys 0 00:00:00  -  Run Local Usage
	0  -  Run Bytes Sent By Job
	7643974144  -  Run Bytes Received By Job
	Partitionable Resources :       Usage  Request Allocated 
	   Cpus                 :        0.00        1         1 
	   Disk (KB)            : 19754068    20971520  21747553 
	   IoHeavy              :                              0 
	   Memory (MB)          :      522       10240     10240 
...
009 (10038139.007.000) 2022-08-15 11:09:14 Job was aborted.
	via condor_rm (by user zpan52)
...
