000 (10038108.015.000) 2022-08-15 10:17:00 Job submitted from host: <128.104.101.92:9618?addrs=128.104.101.92-9618+[2607-f388-107c-501-a236-9fff-fe3c-caa8]-9618&alias=submit2.chtc.wisc.edu&noUDP&sock=schedd_4918_eadb>
...
040 (10038108.015.000) 2022-08-15 10:21:17 Entered queue to transfer input files
	Transferring to host: <128.105.69.97:9618?addrs=128.105.69.97-9618+[2607-f388-2200-100-1270-fdff-fe56-6e54]-9618&alias=e4008.chtc.wisc.edu&noUDP&sock=slot1_8_3691201_c6af_4723>
...
040 (10038108.015.000) 2022-08-15 10:24:41 Started transferring input files
	Seconds spent in queue: 204
...
040 (10038108.015.000) 2022-08-15 10:25:19 Finished transferring input files
...
001 (10038108.015.000) 2022-08-15 10:25:51 Job executing on host: <128.105.69.97:9618?addrs=128.105.69.97-9618+[2607-f388-2200-100-1270-fdff-fe56-6e54]-9618&alias=e4008.chtc.wisc.edu&noUDP&sock=startd_194949_6097>
...
006 (10038108.015.000) 2022-08-15 10:25:59 Image size of job updated: 1
	1  -  MemoryUsage of job (MB)
	1176  -  ResidentSetSize of job (KB)
...
006 (10038108.015.000) 2022-08-15 10:30:59 Image size of job updated: 522
	522  -  MemoryUsage of job (MB)
	535412  -  ResidentSetSize of job (KB)
...
006 (10038108.015.000) 2022-08-15 10:35:59 Image size of job updated: 535
	535  -  MemoryUsage of job (MB)
	547920  -  ResidentSetSize of job (KB)
...
006 (10038108.015.000) 2022-08-15 10:41:00 Image size of job updated: 541
	541  -  MemoryUsage of job (MB)
	554196  -  ResidentSetSize of job (KB)
...
004 (10038108.015.000) 2022-08-15 10:42:38 Job was evicted.
	(0) CPU times
		Usr 0 00:15:24, Sys 0 00:00:15  -  Run Remote Usage
		Usr 0 00:00:00, Sys 0 00:00:00  -  Run Local Usage
	0  -  Run Bytes Sent By Job
	7643968512  -  Run Bytes Received By Job
	Partitionable Resources :    Usage  Request Allocated 
	   Cpus                 :        0        1         1 
	   Disk (KB)            : 19754065 20971520  22494605 
	   IoHeavy              :                           0 
	   Memory (MB)          :      541    10240     10240 
...
009 (10038108.015.000) 2022-08-15 10:43:13 Job was aborted.
	via condor_rm (by user zpan52)
...
