000 (10038138.010.000) 2022-08-15 10:50:26 Job submitted from host: <128.104.101.92:9618?addrs=128.104.101.92-9618+[2607-f388-107c-501-a236-9fff-fe3c-caa8]-9618&alias=submit2.chtc.wisc.edu&noUDP&sock=schedd_4918_eadb>
...
040 (10038138.010.000) 2022-08-15 10:51:20 Started transferring input files
	Transferring to host: <128.105.69.166:9618?addrs=128.105.69.166-9618+[2607-f388-2200-100-1270-fdff-fe56-717c]-9618&alias=e2549.chtc.wisc.edu&noUDP&sock=slot2_5_153167_c1ee_3201>
...
040 (10038138.010.000) 2022-08-15 10:55:18 Finished transferring input files
...
001 (10038138.010.000) 2022-08-15 10:55:25 Job executing on host: <128.105.69.166:9618?addrs=128.105.69.166-9618+[2607-f388-2200-100-1270-fdff-fe56-717c]-9618&alias=e2549.chtc.wisc.edu&noUDP&sock=startd_12525_afcb>
...
006 (10038138.010.000) 2022-08-15 10:55:34 Image size of job updated: 1
	1  -  MemoryUsage of job (MB)
	1180  -  ResidentSetSize of job (KB)
...
006 (10038138.010.000) 2022-08-15 11:00:35 Image size of job updated: 947
	947  -  MemoryUsage of job (MB)
	969856  -  ResidentSetSize of job (KB)
...
006 (10038138.010.000) 2022-08-15 11:05:36 Image size of job updated: 968
	968  -  MemoryUsage of job (MB)
	991420  -  ResidentSetSize of job (KB)
...
006 (10038138.010.000) 2022-08-15 11:10:36 Image size of job updated: 974
	974  -  MemoryUsage of job (MB)
	997552  -  ResidentSetSize of job (KB)
...
006 (10038138.010.000) 2022-08-15 11:15:38 Image size of job updated: 998
	998  -  MemoryUsage of job (MB)
	1022188  -  ResidentSetSize of job (KB)
...
006 (10038138.010.000) 2022-08-15 11:20:38 Image size of job updated: 1011
	1011  -  MemoryUsage of job (MB)
	1035784  -  ResidentSetSize of job (KB)
...
