000 (10038142.013.000) 2022-08-15 10:53:04 Job submitted from host: <128.104.101.92:9618?addrs=128.104.101.92-9618+[2607-f388-107c-501-a236-9fff-fe3c-caa8]-9618&alias=submit2.chtc.wisc.edu&noUDP&sock=schedd_4918_eadb>
...
040 (10038142.013.000) 2022-08-15 10:54:38 Entered queue to transfer input files
	Transferring to host: <128.105.69.95:9618?addrs=128.105.69.95-9618+[2607-f388-2200-100-1270-fdff-fe56-bff4]-9618&alias=e4006.chtc.wisc.edu&noUDP&sock=slot1_7_1266464_3525_20254>
...
040 (10038142.013.000) 2022-08-15 10:55:55 Started transferring input files
	Seconds spent in queue: 77
...
040 (10038142.013.000) 2022-08-15 10:58:07 Finished transferring input files
...
001 (10038142.013.000) 2022-08-15 10:58:15 Job executing on host: <128.105.69.95:9618?addrs=128.105.69.95-9618+[2607-f388-2200-100-1270-fdff-fe56-bff4]-9618&alias=e4006.chtc.wisc.edu&noUDP&sock=startd_193735_ac9e>
...
040 (10038142.013.000) 2022-08-15 10:58:19 Started transferring output files
	Seconds spent in queue: 221
...
040 (10038142.013.000) 2022-08-15 10:58:26 Finished transferring output files
...
005 (10038142.013.000) 2022-08-15 10:58:37 Job terminated.
	(1) Normal termination (return value 1)
		Usr 0 00:00:00, Sys 0 00:00:00  -  Run Remote Usage
		Usr 0 00:00:00, Sys 0 00:00:00  -  Run Local Usage
		Usr 0 00:00:00, Sys 0 00:00:00  -  Total Remote Usage
		Usr 0 00:00:00, Sys 0 00:00:00  -  Total Local Usage
	22  -  Run Bytes Sent By Job
	7643974656  -  Run Bytes Received By Job
	22  -  Total Bytes Sent By Job
	7643974656  -  Total Bytes Received By Job
	Partitionable Resources :      Usage  Request Allocated 
	   Cpus                 :       0.09        1         1 
	   Disk (KB)            : 7464832    20971520  22494605 
	   IoHeavy              :                             0 
	   Memory (MB)          :               10240     10240 

	Job terminated of its own accord at 2022-08-15T15:58:16Z with exit-code 1.
...
