000 (10038107.012.000) 2022-08-15 10:16:53 Job submitted from host: <128.104.101.92:9618?addrs=128.104.101.92-9618+[2607-f388-107c-501-a236-9fff-fe3c-caa8]-9618&alias=submit2.chtc.wisc.edu&noUDP&sock=schedd_4918_eadb>
...
040 (10038107.012.000) 2022-08-15 10:21:15 Entered queue to transfer input files
	Transferring to host: <128.105.69.93:9618?addrs=128.105.69.93-9618+[2607-f388-2200-100-1270-fdff-fe56-ba3c]-9618&alias=e4004.chtc.wisc.edu&noUDP&sock=slot1_5_1393925_0345_12029>
...
040 (10038107.012.000) 2022-08-15 10:23:55 Started transferring input files
	Seconds spent in queue: 160
...
040 (10038107.012.000) 2022-08-15 10:24:27 Finished transferring input files
...
001 (10038107.012.000) 2022-08-15 10:24:29 Job executing on host: <128.105.69.93:9618?addrs=128.105.69.93-9618+[2607-f388-2200-100-1270-fdff-fe56-ba3c]-9618&alias=e4004.chtc.wisc.edu&noUDP&sock=startd_193956_430c>
...
006 (10038107.012.000) 2022-08-15 10:24:37 Image size of job updated: 1
	1  -  MemoryUsage of job (MB)
	1180  -  ResidentSetSize of job (KB)
...
006 (10038107.012.000) 2022-08-15 10:29:38 Image size of job updated: 1155
	1155  -  MemoryUsage of job (MB)
	1183440  -  ResidentSetSize of job (KB)
...
006 (10038107.012.000) 2022-08-15 10:34:39 Image size of job updated: 1190
	1190  -  MemoryUsage of job (MB)
	1218752  -  ResidentSetSize of job (KB)
...
006 (10038107.012.000) 2022-08-15 10:39:57 Image size of job updated: 1212
	1212  -  MemoryUsage of job (MB)
	1241248  -  ResidentSetSize of job (KB)
...
006 (10038107.012.000) 2022-08-15 10:41:28 Image size of job updated: 1218
	1218  -  MemoryUsage of job (MB)
	1248088  -  ResidentSetSize of job (KB)
...
004 (10038107.012.000) 2022-08-15 10:42:27 Job was evicted.
	(0) CPU times
		Usr 0 00:16:41, Sys 0 00:00:21  -  Run Remote Usage
		Usr 0 00:00:00, Sys 0 00:00:00  -  Run Local Usage
	0  -  Run Bytes Sent By Job
	7643968512  -  Run Bytes Received By Job
	Partitionable Resources :       Usage  Request Allocated 
	   Cpus                 :        0.01        1         1 
	   Disk (KB)            : 19754065    20971520  22494605 
	   IoHeavy              :                              0 
	   Memory (MB)          :     1218       10240     10240 
...
009 (10038107.012.000) 2022-08-15 10:42:42 Job was aborted.
	via condor_rm (by user zpan52)
...
