000 (10038108.000.000) 2022-08-15 10:17:00 Job submitted from host: <128.104.101.92:9618?addrs=128.104.101.92-9618+[2607-f388-107c-501-a236-9fff-fe3c-caa8]-9618&alias=submit2.chtc.wisc.edu&noUDP&sock=schedd_4918_eadb>
...
040 (10038108.000.000) 2022-08-15 10:21:22 Entered queue to transfer input files
	Transferring to host: <128.105.69.96:9618?addrs=128.105.69.96-9618+[2607-f388-2200-100-1270-fdff-fe56-c75c]-9618&alias=e4007.chtc.wisc.edu&noUDP&sock=slot1_7_3816229_500b_11573>
...
040 (10038108.000.000) 2022-08-15 10:22:39 Started transferring input files
	Seconds spent in queue: 77
...
040 (10038108.000.000) 2022-08-15 10:23:45 Finished transferring input files
...
001 (10038108.000.000) 2022-08-15 10:23:53 Job executing on host: <128.105.69.96:9618?addrs=128.105.69.96-9618+[2607-f388-2200-100-1270-fdff-fe56-c75c]-9618&alias=e4007.chtc.wisc.edu&noUDP&sock=startd_194327_bcaf>
...
006 (10038108.000.000) 2022-08-15 10:24:01 Image size of job updated: 1
	1  -  MemoryUsage of job (MB)
	1180  -  ResidentSetSize of job (KB)
...
006 (10038108.000.000) 2022-08-15 10:29:01 Image size of job updated: 456
	456  -  MemoryUsage of job (MB)
	467568  -  ResidentSetSize of job (KB)
...
004 (10038108.000.000) 2022-08-15 10:42:32 Job was evicted.
	(0) CPU times
		Usr 0 00:17:24, Sys 0 00:00:15  -  Run Remote Usage
		Usr 0 00:00:00, Sys 0 00:00:00  -  Run Local Usage
	0  -  Run Bytes Sent By Job
	7643968512  -  Run Bytes Received By Job
	Partitionable Resources :       Usage  Request Allocated 
	   Cpus                 :        0.00        1         1 
	   Disk (KB)            : 19754064    20971520  22494605 
	   IoHeavy              :                              0 
	   Memory (MB)          :      456       10240     10240 
...
009 (10038108.000.000) 2022-08-15 10:43:00 Job was aborted.
	via condor_rm (by user zpan52)
...
