000 (10038110.013.000) 2022-08-15 10:17:09 Job submitted from host: <128.104.101.92:9618?addrs=128.104.101.92-9618+[2607-f388-107c-501-a236-9fff-fe3c-caa8]-9618&alias=submit2.chtc.wisc.edu&noUDP&sock=schedd_4918_eadb>
...
040 (10038110.013.000) 2022-08-15 10:21:18 Entered queue to transfer input files
	Transferring to host: <128.105.69.98:9618?addrs=128.105.69.98-9618+[2607-f388-2200-100-1270-fdff-fe56-45f4]-9618&alias=e4009.chtc.wisc.edu&noUDP&sock=slot1_9_2598332_b335_19934>
...
040 (10038110.013.000) 2022-08-15 10:25:25 Started transferring input files
	Seconds spent in queue: 247
...
040 (10038110.013.000) 2022-08-15 10:28:30 Finished transferring input files
...
001 (10038110.013.000) 2022-08-15 10:28:32 Job executing on host: <128.105.69.98:9618?addrs=128.105.69.98-9618+[2607-f388-2200-100-1270-fdff-fe56-45f4]-9618&alias=e4009.chtc.wisc.edu&noUDP&sock=startd_2598266_f0a2>
...
006 (10038110.013.000) 2022-08-15 10:28:40 Image size of job updated: 1
	1  -  MemoryUsage of job (MB)
	1168  -  ResidentSetSize of job (KB)
...
006 (10038110.013.000) 2022-08-15 10:30:24 Image size of job updated: 551
	551  -  MemoryUsage of job (MB)
	564668  -  ResidentSetSize of job (KB)
...
040 (10038110.013.000) 2022-08-15 10:30:29 Started transferring output files
	Seconds spent in queue: 551
...
040 (10038110.013.000) 2022-08-15 10:30:29 Finished transferring output files
...
005 (10038110.013.000) 2022-08-15 10:30:30 Job terminated.
	(1) Normal termination (return value 0)
		Usr 0 00:00:03, Sys 0 00:00:00  -  Run Remote Usage
		Usr 0 00:00:00, Sys 0 00:00:00  -  Run Local Usage
		Usr 0 00:00:03, Sys 0 00:00:00  -  Total Remote Usage
		Usr 0 00:00:00, Sys 0 00:00:00  -  Total Local Usage
	4875  -  Run Bytes Sent By Job
	7643968512  -  Run Bytes Received By Job
	4875  -  Total Bytes Sent By Job
	7643968512  -  Total Bytes Received By Job
	Partitionable Resources :    Usage  Request Allocated 
	   Cpus                 :        0        1         1 
	   Disk (KB)            :  8755896 20971520  22494605 
	   IoHeavy              :                           0 
	   Memory (MB)          :      551    10240     10240 

	Job terminated of its own accord at 2022-08-15T15:30:24Z with exit-code 0.
...
