000 (10038100.015.000) 2022-08-15 09:54:00 Job submitted from host: <128.104.101.92:9618?addrs=128.104.101.92-9618+[2607-f388-107c-501-a236-9fff-fe3c-caa8]-9618&alias=submit2.chtc.wisc.edu&noUDP&sock=schedd_4918_eadb>
...
040 (10038100.015.000) 2022-08-15 09:54:45 Started transferring input files
	Transferring to host: <128.105.69.97:9618?addrs=128.105.69.97-9618+[2607-f388-2200-100-1270-fdff-fe56-6e54]-9618&alias=e4008.chtc.wisc.edu&noUDP&sock=slot1_1_3691201_c6af_4671>
...
040 (10038100.015.000) 2022-08-15 09:56:13 Finished transferring input files
...
001 (10038100.015.000) 2022-08-15 09:56:14 Job executing on host: <128.105.69.97:9618?addrs=128.105.69.97-9618+[2607-f388-2200-100-1270-fdff-fe56-6e54]-9618&alias=e4008.chtc.wisc.edu&noUDP&sock=startd_194949_6097>
...
006 (10038100.015.000) 2022-08-15 09:56:23 Image size of job updated: 1
	1  -  MemoryUsage of job (MB)
	1184  -  ResidentSetSize of job (KB)
...
006 (10038100.015.000) 2022-08-15 10:01:24 Image size of job updated: 514
	514  -  MemoryUsage of job (MB)
	527160  -  ResidentSetSize of job (KB)
...
006 (10038100.015.000) 2022-08-15 10:06:25 Image size of job updated: 526
	526  -  MemoryUsage of job (MB)
	539316  -  ResidentSetSize of job (KB)
...
006 (10038100.015.000) 2022-08-15 10:11:26 Image size of job updated: 532
	532  -  MemoryUsage of job (MB)
	545544  -  ResidentSetSize of job (KB)
...
006 (10038100.015.000) 2022-08-15 10:16:27 Image size of job updated: 533
	533  -  MemoryUsage of job (MB)
	546540  -  ResidentSetSize of job (KB)
...
006 (10038100.015.000) 2022-08-15 10:21:28 Image size of job updated: 538
	538  -  MemoryUsage of job (MB)
	551588  -  ResidentSetSize of job (KB)
...
006 (10038100.015.000) 2022-08-15 10:26:30 Image size of job updated: 538
	538  -  MemoryUsage of job (MB)
	551604  -  ResidentSetSize of job (KB)
...
006 (10038100.015.000) 2022-08-15 10:31:28 Image size of job updated: 547
	547  -  MemoryUsage of job (MB)
	560328  -  ResidentSetSize of job (KB)
...
006 (10038100.015.000) 2022-08-15 10:36:28 Image size of job updated: 551
	551  -  MemoryUsage of job (MB)
	564660  -  ResidentSetSize of job (KB)
...
006 (10038100.015.000) 2022-08-15 10:41:29 Image size of job updated: 554
	554  -  MemoryUsage of job (MB)
	567316  -  ResidentSetSize of job (KB)
...
006 (10038100.015.000) 2022-08-15 10:46:29 Image size of job updated: 564
	564  -  MemoryUsage of job (MB)
	578556  -  ResidentSetSize of job (KB)
...
006 (10038100.015.000) 2022-08-15 10:51:29 Image size of job updated: 565
	565  -  MemoryUsage of job (MB)
	578588  -  ResidentSetSize of job (KB)
...
006 (10038100.015.000) 2022-08-15 10:56:29 Image size of job updated: 565
	565  -  MemoryUsage of job (MB)
	578628  -  ResidentSetSize of job (KB)
...
006 (10038100.015.000) 2022-08-15 11:01:29 Image size of job updated: 565
	565  -  MemoryUsage of job (MB)
	578972  -  ResidentSetSize of job (KB)
...
006 (10038100.015.000) 2022-08-15 11:11:29 Image size of job updated: 565
	565  -  MemoryUsage of job (MB)
	578980  -  ResidentSetSize of job (KB)
...
006 (10038100.015.000) 2022-08-15 11:16:30 Image size of job updated: 577
	577  -  MemoryUsage of job (MB)
	590888  -  ResidentSetSize of job (KB)
...
006 (10038100.015.000) 2022-08-15 11:21:30 Image size of job updated: 577
	577  -  MemoryUsage of job (MB)
	591408  -  ResidentSetSize of job (KB)
...
