000 (10038105.012.000) 2022-08-15 10:16:32 Job submitted from host: <128.104.101.92:9618?addrs=128.104.101.92-9618+[2607-f388-107c-501-a236-9fff-fe3c-caa8]-9618&alias=submit2.chtc.wisc.edu&noUDP&sock=schedd_4918_eadb>
...
040 (10038105.012.000) 2022-08-15 10:17:32 Entered queue to transfer input files
	Transferring to host: <128.105.69.96:9618?addrs=128.105.69.96-9618+[2607-f388-2200-100-1270-fdff-fe56-c75c]-9618&alias=e4007.chtc.wisc.edu&noUDP&sock=slot1_4_3816229_500b_11570>
...
040 (10038105.012.000) 2022-08-15 10:20:07 Started transferring input files
	Seconds spent in queue: 155
...
040 (10038105.012.000) 2022-08-15 10:21:41 Finished transferring input files
...
001 (10038105.012.000) 2022-08-15 10:21:43 Job executing on host: <128.105.69.96:9618?addrs=128.105.69.96-9618+[2607-f388-2200-100-1270-fdff-fe56-c75c]-9618&alias=e4007.chtc.wisc.edu&noUDP&sock=startd_194327_bcaf>
...
006 (10038105.012.000) 2022-08-15 10:21:52 Image size of job updated: 1
	1  -  MemoryUsage of job (MB)
	1180  -  ResidentSetSize of job (KB)
...
006 (10038105.012.000) 2022-08-15 10:26:54 Image size of job updated: 1147
	1147  -  MemoryUsage of job (MB)
	1174664  -  ResidentSetSize of job (KB)
...
006 (10038105.012.000) 2022-08-15 10:31:54 Image size of job updated: 1180
	1180  -  MemoryUsage of job (MB)
	1209136  -  ResidentSetSize of job (KB)
...
006 (10038105.012.000) 2022-08-15 10:36:55 Image size of job updated: 1201
	1201  -  MemoryUsage of job (MB)
	1229888  -  ResidentSetSize of job (KB)
...
006 (10038105.012.000) 2022-08-15 10:41:56 Image size of job updated: 1226
	1226  -  MemoryUsage of job (MB)
	1256284  -  ResidentSetSize of job (KB)
...
006 (10038105.012.000) 2022-08-15 10:46:57 Image size of job updated: 1242
	1242  -  MemoryUsage of job (MB)
	1272620  -  ResidentSetSize of job (KB)
...
006 (10038105.012.000) 2022-08-15 10:52:00 Image size of job updated: 1253
	1253  -  MemoryUsage of job (MB)
	1283696  -  ResidentSetSize of job (KB)
...
006 (10038105.012.000) 2022-08-15 10:56:58 Image size of job updated: 1283
	1283  -  MemoryUsage of job (MB)
	1314208  -  ResidentSetSize of job (KB)
...
006 (10038105.012.000) 2022-08-15 11:01:59 Image size of job updated: 1298
	1298  -  MemoryUsage of job (MB)
	1330104  -  ResidentSetSize of job (KB)
...
006 (10038105.012.000) 2022-08-15 11:06:59 Image size of job updated: 1322
	1322  -  MemoryUsage of job (MB)
	1354620  -  ResidentSetSize of job (KB)
...
