000 (10038107.013.000) 2022-08-15 10:16:53 Job submitted from host: <128.104.101.92:9618?addrs=128.104.101.92-9618+[2607-f388-107c-501-a236-9fff-fe3c-caa8]-9618&alias=submit2.chtc.wisc.edu&noUDP&sock=schedd_4918_eadb>
...
040 (10038107.013.000) 2022-08-15 10:21:15 Entered queue to transfer input files
	Transferring to host: <128.105.69.166:9618?addrs=128.105.69.166-9618+[2607-f388-2200-100-1270-fdff-fe56-717c]-9618&alias=e2549.chtc.wisc.edu&noUDP&sock=slot2_6_153167_c1ee_3141>
...
040 (10038107.013.000) 2022-08-15 10:23:55 Started transferring input files
	Seconds spent in queue: 160
...
040 (10038107.013.000) 2022-08-15 10:27:07 Finished transferring input files
...
001 (10038107.013.000) 2022-08-15 10:27:15 Job executing on host: <128.105.69.166:9618?addrs=128.105.69.166-9618+[2607-f388-2200-100-1270-fdff-fe56-717c]-9618&alias=e2549.chtc.wisc.edu&noUDP&sock=startd_12525_afcb>
...
006 (10038107.013.000) 2022-08-15 10:27:23 Image size of job updated: 1
	1  -  MemoryUsage of job (MB)
	1180  -  ResidentSetSize of job (KB)
...
006 (10038107.013.000) 2022-08-15 10:29:09 Image size of job updated: 540
	540  -  MemoryUsage of job (MB)
	553480  -  ResidentSetSize of job (KB)
...
040 (10038107.013.000) 2022-08-15 10:29:10 Started transferring output files
	Seconds spent in queue: 475
...
040 (10038107.013.000) 2022-08-15 10:29:10 Finished transferring output files
...
005 (10038107.013.000) 2022-08-15 10:29:11 Job terminated.
	(1) Normal termination (return value 0)
		Usr 0 00:01:45, Sys 0 00:00:14  -  Run Remote Usage
		Usr 0 00:00:00, Sys 0 00:00:00  -  Run Local Usage
		Usr 0 00:01:45, Sys 0 00:00:14  -  Total Remote Usage
		Usr 0 00:00:00, Sys 0 00:00:00  -  Total Local Usage
	163723  -  Run Bytes Sent By Job
	7643968512  -  Run Bytes Received By Job
	163723  -  Total Bytes Sent By Job
	7643968512  -  Total Bytes Received By Job
	Partitionable Resources :      Usage  Request Allocated 
	   Cpus                 :       0.00        1         1 
	   Disk (KB)            : 8562676    20971520  21747553 
	   IoHeavy              :                             0 
	   Memory (MB)          :     540       10240     10240 

	Job terminated of its own accord at 2022-08-15T15:29:09Z with exit-code 0.
...
