000 (10038100.010.000) 2022-08-15 09:54:00 Job submitted from host: <128.104.101.92:9618?addrs=128.104.101.92-9618+[2607-f388-107c-501-a236-9fff-fe3c-caa8]-9618&alias=submit2.chtc.wisc.edu&noUDP&sock=schedd_4918_eadb>
...
040 (10038100.010.000) 2022-08-15 09:54:43 Started transferring input files
	Transferring to host: <128.105.69.118:9618?addrs=128.105.69.118-9618+[2607-f388-2200-100-1270-fdff-fe56-ccac]-9618&alias=e2501.chtc.wisc.edu&noUDP&sock=slot2_2_16157_d16a_3947>
...
040 (10038100.010.000) 2022-08-15 09:55:29 Finished transferring input files
...
001 (10038100.010.000) 2022-08-15 09:55:31 Job executing on host: <128.105.69.118:9618?addrs=128.105.69.118-9618+[2607-f388-2200-100-1270-fdff-fe56-ccac]-9618&alias=e2501.chtc.wisc.edu&noUDP&sock=startd_11850_b15d>
...
006 (10038100.010.000) 2022-08-15 09:55:40 Image size of job updated: 1
	1  -  MemoryUsage of job (MB)
	1172  -  ResidentSetSize of job (KB)
...
006 (10038100.010.000) 2022-08-15 10:00:40 Image size of job updated: 942
	942  -  MemoryUsage of job (MB)
	965208  -  ResidentSetSize of job (KB)
...
006 (10038100.010.000) 2022-08-15 10:05:40 Image size of job updated: 947
	947  -  MemoryUsage of job (MB)
	970724  -  ResidentSetSize of job (KB)
...
006 (10038100.010.000) 2022-08-15 10:10:40 Image size of job updated: 948
	948  -  MemoryUsage of job (MB)
	971044  -  ResidentSetSize of job (KB)
...
006 (10038100.010.000) 2022-08-15 10:15:40 Image size of job updated: 971
	971  -  MemoryUsage of job (MB)
	994808  -  ResidentSetSize of job (KB)
...
006 (10038100.010.000) 2022-08-15 10:20:40 Image size of job updated: 971
	971  -  MemoryUsage of job (MB)
	995116  -  ResidentSetSize of job (KB)
...
006 (10038100.010.000) 2022-08-15 10:25:51 Image size of job updated: 995
	995  -  MemoryUsage of job (MB)
	1019028  -  ResidentSetSize of job (KB)
...
006 (10038100.010.000) 2022-08-15 10:30:41 Image size of job updated: 995
	995  -  MemoryUsage of job (MB)
	1019736  -  ResidentSetSize of job (KB)
...
006 (10038100.010.000) 2022-08-15 10:35:42 Image size of job updated: 996
	996  -  MemoryUsage of job (MB)
	1020080  -  ResidentSetSize of job (KB)
...
006 (10038100.010.000) 2022-08-15 10:40:43 Image size of job updated: 996
	996  -  MemoryUsage of job (MB)
	1020412  -  ResidentSetSize of job (KB)
...
006 (10038100.010.000) 2022-08-15 10:45:43 Image size of job updated: 996
	996  -  MemoryUsage of job (MB)
	1020620  -  ResidentSetSize of job (KB)
...
006 (10038100.010.000) 2022-08-15 10:50:44 Image size of job updated: 996
	996  -  MemoryUsage of job (MB)
	1020824  -  ResidentSetSize of job (KB)
...
006 (10038100.010.000) 2022-08-15 10:55:47 Image size of job updated: 997
	997  -  MemoryUsage of job (MB)
	1021040  -  ResidentSetSize of job (KB)
...
006 (10038100.010.000) 2022-08-15 11:00:48 Image size of job updated: 997
	997  -  MemoryUsage of job (MB)
	1021240  -  ResidentSetSize of job (KB)
...
006 (10038100.010.000) 2022-08-15 11:05:48 Image size of job updated: 997
	997  -  MemoryUsage of job (MB)
	1021612  -  ResidentSetSize of job (KB)
...
