000 (10038106.017.000) 2022-08-15 10:16:42 Job submitted from host: <128.104.101.92:9618?addrs=128.104.101.92-9618+[2607-f388-107c-501-a236-9fff-fe3c-caa8]-9618&alias=submit2.chtc.wisc.edu&noUDP&sock=schedd_4918_eadb>
...
040 (10038106.017.000) 2022-08-15 10:17:40 Entered queue to transfer input files
	Transferring to host: <128.105.69.89:9618?addrs=128.105.69.89-9618+[2607-f388-2200-100-1270-fdff-fe56-41cc]-9618&alias=e4000.chtc.wisc.edu&noUDP&sock=slot2_22_1291867_eb4e_7249>
...
040 (10038106.017.000) 2022-08-15 10:22:44 Started transferring input files
	Seconds spent in queue: 304
...
040 (10038106.017.000) 2022-08-15 10:23:48 Finished transferring input files
...
001 (10038106.017.000) 2022-08-15 10:23:56 Job executing on host: <128.105.69.89:9618?addrs=128.105.69.89-9618+[2607-f388-2200-100-1270-fdff-fe56-41cc]-9618&alias=e4000.chtc.wisc.edu&noUDP&sock=startd_12141_4b6c>
...
006 (10038106.017.000) 2022-08-15 10:24:04 Image size of job updated: 1
	1  -  MemoryUsage of job (MB)
	1184  -  ResidentSetSize of job (KB)
...
006 (10038106.017.000) 2022-08-15 10:29:04 Image size of job updated: 437
	437  -  MemoryUsage of job (MB)
	447488  -  ResidentSetSize of job (KB)
...
004 (10038106.017.000) 2022-08-15 10:43:22 Job was evicted.
	(0) CPU times
		Usr 0 00:18:45, Sys 0 00:00:21  -  Run Remote Usage
		Usr 0 00:00:00, Sys 0 00:00:00  -  Run Local Usage
	0  -  Run Bytes Sent By Job
	7643968512  -  Run Bytes Received By Job
	Partitionable Resources :       Usage  Request Allocated 
	   Cpus                 :        0.00        1         1 
	   Disk (KB)            : 19754063    20971520  22978504 
	   IoHeavy              :                              0 
	   Memory (MB)          :      437       10240     10240 
...
009 (10038106.017.000) 2022-08-15 10:43:29 Job was aborted.
	via condor_rm (by user zpan52)
...
