000 (10038110.007.000) 2022-08-15 10:17:08 Job submitted from host: <128.104.101.92:9618?addrs=128.104.101.92-9618+[2607-f388-107c-501-a236-9fff-fe3c-caa8]-9618&alias=submit2.chtc.wisc.edu&noUDP&sock=schedd_4918_eadb>
...
040 (10038110.007.000) 2022-08-15 10:21:18 Entered queue to transfer input files
	Transferring to host: <128.105.69.166:9618?addrs=128.105.69.166-9618+[2607-f388-2200-100-1270-fdff-fe56-717c]-9618&alias=e2549.chtc.wisc.edu&noUDP&sock=slot2_8_153167_c1ee_3157>
...
040 (10038110.007.000) 2022-08-15 10:25:18 Started transferring input files
	Seconds spent in queue: 240
...
040 (10038110.007.000) 2022-08-15 10:28:28 Finished transferring input files
...
001 (10038110.007.000) 2022-08-15 10:28:31 Job executing on host: <128.105.69.166:9618?addrs=128.105.69.166-9618+[2607-f388-2200-100-1270-fdff-fe56-717c]-9618&alias=e2549.chtc.wisc.edu&noUDP&sock=startd_12525_afcb>
...
006 (10038110.007.000) 2022-08-15 10:28:40 Image size of job updated: 1
	1  -  MemoryUsage of job (MB)
	1180  -  ResidentSetSize of job (KB)
...
006 (10038110.007.000) 2022-08-15 10:33:41 Image size of job updated: 536
	536  -  MemoryUsage of job (MB)
	549772  -  ResidentSetSize of job (KB)
...
004 (10038110.007.000) 2022-08-15 10:43:05 Job was evicted.
	(0) CPU times
		Usr 0 00:10:01, Sys 0 00:00:17  -  Run Remote Usage
		Usr 0 00:00:00, Sys 0 00:00:00  -  Run Local Usage
	0  -  Run Bytes Sent By Job
	7643968512  -  Run Bytes Received By Job
	Partitionable Resources :    Usage  Request Allocated 
	   Cpus                 :        0        1         1 
	   Disk (KB)            : 19754063 20971520  21747553 
	   IoHeavy              :                           0 
	   Memory (MB)          :      536    10240     10240 
...
009 (10038110.007.000) 2022-08-15 10:43:08 Job was aborted.
	via condor_rm (by user zpan52)
...
