000 (10038099.016.000) 2022-08-15 09:43:08 Job submitted from host: <128.104.101.92:9618?addrs=128.104.101.92-9618+[2607-f388-107c-501-a236-9fff-fe3c-caa8]-9618&alias=submit2.chtc.wisc.edu&noUDP&sock=schedd_4918_eadb>
...
040 (10038099.016.000) 2022-08-15 09:44:32 Started transferring input files
	Transferring to host: <128.105.69.102:9618?addrs=128.105.69.102-9618+[2607-f388-2200-100-1270-fdff-fe56-cbc4]-9618&alias=e4013.chtc.wisc.edu&noUDP&sock=slot1_1_3255774_1064_7512>
...
040 (10038099.016.000) 2022-08-15 09:45:11 Finished transferring input files
...
001 (10038099.016.000) 2022-08-15 09:45:12 Job executing on host: <128.105.69.102:9618?addrs=128.105.69.102-9618+[2607-f388-2200-100-1270-fdff-fe56-cbc4]-9618&alias=e4013.chtc.wisc.edu&noUDP&sock=startd_192977_bfd4>
...
006 (10038099.016.000) 2022-08-15 09:45:21 Image size of job updated: 1
	1  -  MemoryUsage of job (MB)
	1176  -  ResidentSetSize of job (KB)
...
006 (10038099.016.000) 2022-08-15 09:48:22 Image size of job updated: 574
	574  -  MemoryUsage of job (MB)
	588588  -  ResidentSetSize of job (KB)
...
040 (10038099.016.000) 2022-08-15 09:48:23 Started transferring output files
...
040 (10038099.016.000) 2022-08-15 09:48:23 Finished transferring output files
...
005 (10038099.016.000) 2022-08-15 09:48:24 Job terminated.
	(1) Normal termination (return value 0)
		Usr 0 00:00:08, Sys 0 00:00:01  -  Run Remote Usage
		Usr 0 00:00:00, Sys 0 00:00:00  -  Run Local Usage
		Usr 0 00:00:08, Sys 0 00:00:01  -  Total Remote Usage
		Usr 0 00:00:00, Sys 0 00:00:00  -  Total Local Usage
	171327  -  Run Bytes Sent By Job
	7643967488  -  Run Bytes Received By Job
	171327  -  Total Bytes Sent By Job
	7643967488  -  Total Bytes Received By Job
	Partitionable Resources :      Usage  Request Allocated 
	   Cpus                 :       0.01        1         1 
	   Disk (KB)            : 8935438    10485760  11997123 
	   IoHeavy              :                             0 
	   Memory (MB)          :     574       10240     10240 

	Job terminated of its own accord at 2022-08-15T14:48:22Z with exit-code 0.
...
