000 (10038108.006.000) 2022-08-15 10:17:00 Job submitted from host: <128.104.101.92:9618?addrs=128.104.101.92-9618+[2607-f388-107c-501-a236-9fff-fe3c-caa8]-9618&alias=submit2.chtc.wisc.edu&noUDP&sock=schedd_4918_eadb>
...
040 (10038108.006.000) 2022-08-15 10:21:17 Entered queue to transfer input files
	Transferring to host: <128.105.69.100:9618?addrs=128.105.69.100-9618+[2607-f388-2200-100-1270-fdff-fe56-4634]-9618&alias=e4011.chtc.wisc.edu&noUDP&sock=slot1_6_3928291_2118_6215>
...
040 (10038108.006.000) 2022-08-15 10:24:28 Started transferring input files
	Seconds spent in queue: 191
...
040 (10038108.006.000) 2022-08-15 10:25:04 Finished transferring input files
...
001 (10038108.006.000) 2022-08-15 10:25:18 Job executing on host: <128.105.69.100:9618?addrs=128.105.69.100-9618+[2607-f388-2200-100-1270-fdff-fe56-4634]-9618&alias=e4011.chtc.wisc.edu&noUDP&sock=startd_3928221_72f6>
...
006 (10038108.006.000) 2022-08-15 10:25:27 Image size of job updated: 1
	1  -  MemoryUsage of job (MB)
	1176  -  ResidentSetSize of job (KB)
...
006 (10038108.006.000) 2022-08-15 10:30:27 Image size of job updated: 975
	975  -  MemoryUsage of job (MB)
	999276  -  ResidentSetSize of job (KB)
...
006 (10038108.006.000) 2022-08-15 10:35:27 Image size of job updated: 1009
	1009  -  MemoryUsage of job (MB)
	1033436  -  ResidentSetSize of job (KB)
...
006 (10038108.006.000) 2022-08-15 10:40:28 Image size of job updated: 1047
	1047  -  MemoryUsage of job (MB)
	1072564  -  ResidentSetSize of job (KB)
...
006 (10038108.006.000) 2022-08-15 10:41:59 Image size of job updated: 1054
	1054  -  MemoryUsage of job (MB)
	1079604  -  ResidentSetSize of job (KB)
...
004 (10038108.006.000) 2022-08-15 10:42:38 Job was evicted.
	(0) CPU times
		Usr 0 00:15:58, Sys 0 00:00:17  -  Run Remote Usage
		Usr 0 00:00:00, Sys 0 00:00:00  -  Run Local Usage
	0  -  Run Bytes Sent By Job
	7643968512  -  Run Bytes Received By Job
	Partitionable Resources :       Usage  Request Allocated 
	   Cpus                 :        0.00        1         1 
	   Disk (KB)            : 19754066    20971520  22494605 
	   IoHeavy              :                              0 
	   Memory (MB)          :     1054       10240     10240 
...
009 (10038108.006.000) 2022-08-15 10:43:13 Job was aborted.
	via condor_rm (by user zpan52)
...
