000 (10038110.018.000) 2022-08-15 10:17:09 Job submitted from host: <128.104.101.92:9618?addrs=128.104.101.92-9618+[2607-f388-107c-501-a236-9fff-fe3c-caa8]-9618&alias=submit2.chtc.wisc.edu&noUDP&sock=schedd_4918_eadb>
...
040 (10038110.018.000) 2022-08-15 10:21:18 Entered queue to transfer input files
	Transferring to host: <128.105.69.95:9618?addrs=128.105.69.95-9618+[2607-f388-2200-100-1270-fdff-fe56-bff4]-9618&alias=e4006.chtc.wisc.edu&noUDP&sock=slot1_8_1266464_3525_20197>
...
040 (10038110.018.000) 2022-08-15 10:25:31 Started transferring input files
	Seconds spent in queue: 253
...
040 (10038110.018.000) 2022-08-15 10:28:32 Finished transferring input files
...
001 (10038110.018.000) 2022-08-15 10:28:34 Job executing on host: <128.105.69.95:9618?addrs=128.105.69.95-9618+[2607-f388-2200-100-1270-fdff-fe56-bff4]-9618&alias=e4006.chtc.wisc.edu&noUDP&sock=startd_193735_ac9e>
...
006 (10038110.018.000) 2022-08-15 10:28:43 Image size of job updated: 1
	1  -  MemoryUsage of job (MB)
	1184  -  ResidentSetSize of job (KB)
...
006 (10038110.018.000) 2022-08-15 10:33:44 Image size of job updated: 692
	692  -  MemoryUsage of job (MB)
	709016  -  ResidentSetSize of job (KB)
...
006 (10038110.018.000) 2022-08-15 10:38:45 Image size of job updated: 745
	745  -  MemoryUsage of job (MB)
	763648  -  ResidentSetSize of job (KB)
...
006 (10038110.018.000) 2022-08-15 10:42:23 Image size of job updated: 749
	749  -  MemoryUsage of job (MB)
	767564  -  ResidentSetSize of job (KB)
...
004 (10038110.018.000) 2022-08-15 10:43:09 Job was evicted.
	(0) CPU times
		Usr 0 00:13:16, Sys 0 00:00:15  -  Run Remote Usage
		Usr 0 00:00:00, Sys 0 00:00:00  -  Run Local Usage
	0  -  Run Bytes Sent By Job
	7643968512  -  Run Bytes Received By Job
	Partitionable Resources :       Usage  Request Allocated 
	   Cpus                 :        0.00        1         1 
	   Disk (KB)            : 19754066    20971520  22494605 
	   IoHeavy              :                              0 
	   Memory (MB)          :      749       10240     10240 
...
009 (10038110.018.000) 2022-08-15 10:43:13 Job was aborted.
	via condor_rm (by user zpan52)
...
