000 (10038107.008.000) 2022-08-15 10:16:53 Job submitted from host: <128.104.101.92:9618?addrs=128.104.101.92-9618+[2607-f388-107c-501-a236-9fff-fe3c-caa8]-9618&alias=submit2.chtc.wisc.edu&noUDP&sock=schedd_4918_eadb>
...
040 (10038107.008.000) 2022-08-15 10:21:15 Entered queue to transfer input files
	Transferring to host: <128.105.69.90:9618?addrs=128.105.69.90-9618+[2607-f388-2200-100-1270-fdff-fe56-707c]-9618&alias=e4001.chtc.wisc.edu&noUDP&sock=slot1_5_1019260_a061_12589>
...
040 (10038107.008.000) 2022-08-15 10:23:55 Started transferring input files
	Seconds spent in queue: 160
...
040 (10038107.008.000) 2022-08-15 10:27:07 Finished transferring input files
...
001 (10038107.008.000) 2022-08-15 10:27:15 Job executing on host: <128.105.69.90:9618?addrs=128.105.69.90-9618+[2607-f388-2200-100-1270-fdff-fe56-707c]-9618&alias=e4001.chtc.wisc.edu&noUDP&sock=startd_1019188_c628>
...
006 (10038107.008.000) 2022-08-15 10:27:23 Image size of job updated: 1
	1  -  MemoryUsage of job (MB)
	1180  -  ResidentSetSize of job (KB)
...
006 (10038107.008.000) 2022-08-15 10:32:24 Image size of job updated: 1000
	1000  -  MemoryUsage of job (MB)
	1024044  -  ResidentSetSize of job (KB)
...
006 (10038107.008.000) 2022-08-15 10:37:24 Image size of job updated: 1083
	1083  -  MemoryUsage of job (MB)
	1109904  -  ResidentSetSize of job (KB)
...
006 (10038107.008.000) 2022-08-15 10:41:28 Image size of job updated: 1151
	1151  -  MemoryUsage of job (MB)
	1178944  -  ResidentSetSize of job (KB)
...
004 (10038107.008.000) 2022-08-15 10:42:27 Job was evicted.
	(0) CPU times
		Usr 0 00:13:54, Sys 0 00:00:17  -  Run Remote Usage
		Usr 0 00:00:00, Sys 0 00:00:00  -  Run Local Usage
	0  -  Run Bytes Sent By Job
	7643968512  -  Run Bytes Received By Job
	Partitionable Resources :       Usage  Request Allocated 
	   Cpus                 :        0.00        1         1 
	   Disk (KB)            : 19754066    20971520  22494605 
	   IoHeavy              :                              0 
	   Memory (MB)          :     1151       10240     10240 
...
009 (10038107.008.000) 2022-08-15 10:42:42 Job was aborted.
	via condor_rm (by user zpan52)
...
