000 (10038103.011.000) 2022-08-15 10:16:11 Job submitted from host: <128.104.101.92:9618?addrs=128.104.101.92-9618+[2607-f388-107c-501-a236-9fff-fe3c-caa8]-9618&alias=submit2.chtc.wisc.edu&noUDP&sock=schedd_4918_eadb>
...
040 (10038103.011.000) 2022-08-15 10:17:20 Started transferring input files
	Transferring to host: <128.105.69.118:9618?addrs=128.105.69.118-9618+[2607-f388-2200-100-1270-fdff-fe56-ccac]-9618&alias=e2501.chtc.wisc.edu&noUDP&sock=slot2_3_16157_d16a_3990>
...
040 (10038103.011.000) 2022-08-15 10:18:42 Finished transferring input files
...
001 (10038103.011.000) 2022-08-15 10:21:21 Job executing on host: <128.105.69.118:9618?addrs=128.105.69.118-9618+[2607-f388-2200-100-1270-fdff-fe56-ccac]-9618&alias=e2501.chtc.wisc.edu&noUDP&sock=startd_11850_b15d>
...
006 (10038103.011.000) 2022-08-15 10:21:30 Image size of job updated: 1
	1  -  MemoryUsage of job (MB)
	1176  -  ResidentSetSize of job (KB)
...
006 (10038103.011.000) 2022-08-15 10:23:15 Image size of job updated: 952
	952  -  MemoryUsage of job (MB)
	975716  -  ResidentSetSize of job (KB)
...
040 (10038103.011.000) 2022-08-15 10:23:44 Started transferring output files
...
040 (10038103.011.000) 2022-08-15 10:23:47 Finished transferring output files
...
005 (10038103.011.000) 2022-08-15 10:24:00 Job terminated.
	(1) Normal termination (return value 0)
		Usr 0 00:01:45, Sys 0 00:00:12  -  Run Remote Usage
		Usr 0 00:00:00, Sys 0 00:00:00  -  Run Local Usage
		Usr 0 00:01:45, Sys 0 00:00:12  -  Total Remote Usage
		Usr 0 00:00:00, Sys 0 00:00:00  -  Total Local Usage
	166690  -  Run Bytes Sent By Job
	7643968512  -  Run Bytes Received By Job
	166690  -  Total Bytes Sent By Job
	7643968512  -  Total Bytes Received By Job
	Partitionable Resources :      Usage  Request Allocated 
	   Cpus                 :       0.00        1         1 
	   Disk (KB)            : 8627230    20971520  21747553 
	   IoHeavy              :                             0 
	   Memory (MB)          :     952       10240     10240 

	Job terminated of its own accord at 2022-08-15T15:23:15Z with exit-code 0.
...
