000 (10038105.011.000) 2022-08-15 10:16:32 Job submitted from host: <128.104.101.92:9618?addrs=128.104.101.92-9618+[2607-f388-107c-501-a236-9fff-fe3c-caa8]-9618&alias=submit2.chtc.wisc.edu&noUDP&sock=schedd_4918_eadb>
...
040 (10038105.011.000) 2022-08-15 10:17:32 Entered queue to transfer input files
	Transferring to host: <128.105.69.98:9618?addrs=128.105.69.98-9618+[2607-f388-2200-100-1270-fdff-fe56-45f4]-9618&alias=e4009.chtc.wisc.edu&noUDP&sock=slot1_4_2598332_b335_19929>
...
040 (10038105.011.000) 2022-08-15 10:20:07 Started transferring input files
	Seconds spent in queue: 155
...
040 (10038105.011.000) 2022-08-15 10:22:28 Finished transferring input files
...
001 (10038105.011.000) 2022-08-15 10:23:48 Job executing on host: <128.105.69.98:9618?addrs=128.105.69.98-9618+[2607-f388-2200-100-1270-fdff-fe56-45f4]-9618&alias=e4009.chtc.wisc.edu&noUDP&sock=startd_2598266_f0a2>
...
006 (10038105.011.000) 2022-08-15 10:23:56 Image size of job updated: 1
	1  -  MemoryUsage of job (MB)
	1176  -  ResidentSetSize of job (KB)
...
006 (10038105.011.000) 2022-08-15 10:25:37 Image size of job updated: 953
	953  -  MemoryUsage of job (MB)
	976864  -  ResidentSetSize of job (KB)
...
040 (10038105.011.000) 2022-08-15 10:26:20 Started transferring output files
	Seconds spent in queue: 528
...
040 (10038105.011.000) 2022-08-15 10:26:35 Finished transferring output files
...
005 (10038105.011.000) 2022-08-15 10:26:49 Job terminated.
	(1) Normal termination (return value 0)
		Usr 0 00:01:43, Sys 0 00:00:14  -  Run Remote Usage
		Usr 0 00:00:00, Sys 0 00:00:00  -  Run Local Usage
		Usr 0 00:01:43, Sys 0 00:00:14  -  Total Remote Usage
		Usr 0 00:00:00, Sys 0 00:00:00  -  Total Local Usage
	165631  -  Run Bytes Sent By Job
	7643968512  -  Run Bytes Received By Job
	165631  -  Total Bytes Sent By Job
	7643968512  -  Total Bytes Received By Job
	Partitionable Resources :      Usage  Request Allocated 
	   Cpus                 :       0.00        1         1 
	   Disk (KB)            : 8829396    20971520  22494605 
	   IoHeavy              :                             0 
	   Memory (MB)          :     953       10240     10240 

	Job terminated of its own accord at 2022-08-15T15:25:37Z with exit-code 0.
...
