000 (10038104.001.000) 2022-08-15 10:16:22 Job submitted from host: <128.104.101.92:9618?addrs=128.104.101.92-9618+[2607-f388-107c-501-a236-9fff-fe3c-caa8]-9618&alias=submit2.chtc.wisc.edu&noUDP&sock=schedd_4918_eadb>
...
040 (10038104.001.000) 2022-08-15 10:17:22 Started transferring input files
	Transferring to host: <128.105.69.91:9618?addrs=128.105.69.91-9618+[2607-f388-2200-100-1270-fdff-fe56-41c4]-9618&alias=e4002.chtc.wisc.edu&noUDP&sock=slot1_1_3091224_b401_6191>
...
040 (10038104.001.000) 2022-08-15 10:18:45 Finished transferring input files
...
001 (10038104.001.000) 2022-08-15 10:21:36 Job executing on host: <128.105.69.91:9618?addrs=128.105.69.91-9618+[2607-f388-2200-100-1270-fdff-fe56-41c4]-9618&alias=e4002.chtc.wisc.edu&noUDP&sock=startd_3091164_f871>
...
006 (10038104.001.000) 2022-08-15 10:21:44 Image size of job updated: 1
	1  -  MemoryUsage of job (MB)
	1176  -  ResidentSetSize of job (KB)
...
006 (10038104.001.000) 2022-08-15 10:26:44 Image size of job updated: 1300
	1300  -  MemoryUsage of job (MB)
	1331776  -  ResidentSetSize of job (KB)
...
006 (10038104.001.000) 2022-08-15 10:31:44 Image size of job updated: 1307
	1307  -  MemoryUsage of job (MB)
	1339076  -  ResidentSetSize of job (KB)
...
006 (10038104.001.000) 2022-08-15 10:36:45 Image size of job updated: 1314
	1314  -  MemoryUsage of job (MB)
	1346400  -  ResidentSetSize of job (KB)
...
006 (10038104.001.000) 2022-08-15 10:41:46 Image size of job updated: 1323
	1323  -  MemoryUsage of job (MB)
	1354992  -  ResidentSetSize of job (KB)
...
006 (10038104.001.000) 2022-08-15 10:46:46 Image size of job updated: 1330
	1330  -  MemoryUsage of job (MB)
	1362324  -  ResidentSetSize of job (KB)
...
006 (10038104.001.000) 2022-08-15 10:51:46 Image size of job updated: 1337
	1337  -  MemoryUsage of job (MB)
	1369812  -  ResidentSetSize of job (KB)
...
006 (10038104.001.000) 2022-08-15 10:56:46 Image size of job updated: 1371
	1371  -  MemoryUsage of job (MB)
	1403920  -  ResidentSetSize of job (KB)
...
006 (10038104.001.000) 2022-08-15 11:01:47 Image size of job updated: 1394
	1394  -  MemoryUsage of job (MB)
	1427520  -  ResidentSetSize of job (KB)
...
006 (10038104.001.000) 2022-08-15 11:06:47 Image size of job updated: 1443
	1443  -  MemoryUsage of job (MB)
	1478308  -  ResidentSetSize of job (KB)
...
