000 (10038095.013.000) 2022-08-15 09:21:30 Job submitted from host: <128.104.101.92:9618?addrs=128.104.101.92-9618+[2607-f388-107c-501-a236-9fff-fe3c-caa8]-9618&alias=submit2.chtc.wisc.edu&noUDP&sock=schedd_4918_eadb>
...
040 (10038095.013.000) 2022-08-15 09:23:01 Entered queue to transfer input files
	Transferring to host: <128.105.69.102:9618?addrs=128.105.69.102-9618+[2607-f388-2200-100-1270-fdff-fe56-cbc4]-9618&alias=e4013.chtc.wisc.edu&noUDP&sock=slot1_1_3255774_1064_7478>
...
040 (10038095.013.000) 2022-08-15 09:23:30 Started transferring input files
	Seconds spent in queue: 29
...
040 (10038095.013.000) 2022-08-15 09:23:52 Finished transferring input files
...
001 (10038095.013.000) 2022-08-15 09:23:58 Job executing on host: <128.105.69.102:9618?addrs=128.105.69.102-9618+[2607-f388-2200-100-1270-fdff-fe56-cbc4]-9618&alias=e4013.chtc.wisc.edu&noUDP&sock=startd_192977_bfd4>
...
006 (10038095.013.000) 2022-08-15 09:24:07 Image size of job updated: 1
	1  -  MemoryUsage of job (MB)
	1184  -  ResidentSetSize of job (KB)
...
006 (10038095.013.000) 2022-08-15 09:25:15 Image size of job updated: 21
	21  -  MemoryUsage of job (MB)
	22332  -  ResidentSetSize of job (KB)
...
040 (10038095.013.000) 2022-08-15 09:25:27 Started transferring output files
	Seconds spent in queue: 146
...
040 (10038095.013.000) 2022-08-15 09:25:28 Finished transferring output files
...
005 (10038095.013.000) 2022-08-15 09:25:41 Job terminated.
	(1) Normal termination (return value 0)
		Usr 0 00:01:12, Sys 0 00:00:12  -  Run Remote Usage
		Usr 0 00:00:00, Sys 0 00:00:00  -  Run Local Usage
		Usr 0 00:01:12, Sys 0 00:00:12  -  Total Remote Usage
		Usr 0 00:00:00, Sys 0 00:00:00  -  Total Local Usage
	2829  -  Run Bytes Sent By Job
	5029331968  -  Run Bytes Received By Job
	2829  -  Total Bytes Sent By Job
	5029331968  -  Total Bytes Received By Job
	Partitionable Resources :      Usage  Request Allocated 
	   Cpus                 :       0.00        1         1 
	   Disk (KB)            : 6383720    10485760  11997123 
	   IoHeavy              :                             0 
	   Memory (MB)          :      21       10240     10240 

	Job terminated of its own accord at 2022-08-15T14:25:15Z with exit-code 0.
...
