000 (10038108.011.000) 2022-08-15 10:17:00 Job submitted from host: <128.104.101.92:9618?addrs=128.104.101.92-9618+[2607-f388-107c-501-a236-9fff-fe3c-caa8]-9618&alias=submit2.chtc.wisc.edu&noUDP&sock=schedd_4918_eadb>
...
040 (10038108.011.000) 2022-08-15 10:21:20 Entered queue to transfer input files
	Transferring to host: <128.105.69.89:9618?addrs=128.105.69.89-9618+[2607-f388-2200-100-1270-fdff-fe56-41cc]-9618&alias=e4000.chtc.wisc.edu&noUDP&sock=slot2_25_1291867_eb4e_7265>
...
040 (10038108.011.000) 2022-08-15 10:22:29 Started transferring input files
	Seconds spent in queue: 69
...
040 (10038108.011.000) 2022-08-15 10:23:39 Finished transferring input files
...
001 (10038108.011.000) 2022-08-15 10:23:48 Job executing on host: <128.105.69.89:9618?addrs=128.105.69.89-9618+[2607-f388-2200-100-1270-fdff-fe56-41cc]-9618&alias=e4000.chtc.wisc.edu&noUDP&sock=startd_12141_4b6c>
...
006 (10038108.011.000) 2022-08-15 10:23:57 Image size of job updated: 1
	1  -  MemoryUsage of job (MB)
	1184  -  ResidentSetSize of job (KB)
...
006 (10038108.011.000) 2022-08-15 10:25:53 Image size of job updated: 968
	968  -  MemoryUsage of job (MB)
	992088  -  ResidentSetSize of job (KB)
...
040 (10038108.011.000) 2022-08-15 10:26:30 Started transferring output files
	Seconds spent in queue: 310
...
040 (10038108.011.000) 2022-08-15 10:26:38 Finished transferring output files
...
005 (10038108.011.000) 2022-08-15 10:26:54 Job terminated.
	(1) Normal termination (return value 0)
		Usr 0 00:01:55, Sys 0 00:00:22  -  Run Remote Usage
		Usr 0 00:00:00, Sys 0 00:00:00  -  Run Local Usage
		Usr 0 00:01:55, Sys 0 00:00:22  -  Total Remote Usage
		Usr 0 00:00:00, Sys 0 00:00:00  -  Total Local Usage
	4748  -  Run Bytes Sent By Job
	7643968512  -  Run Bytes Received By Job
	4748  -  Total Bytes Sent By Job
	7643968512  -  Total Bytes Received By Job
	Partitionable Resources :      Usage  Request Allocated 
	   Cpus                 :       0.01        1         1 
	   Disk (KB)            : 8833076    20971520  22978504 
	   IoHeavy              :                             0 
	   Memory (MB)          :     968       10240     10240 

	Job terminated of its own accord at 2022-08-15T15:25:53Z with exit-code 0.
...
