000 (10038104.006.000) 2022-08-15 10:16:22 Job submitted from host: <128.104.101.92:9618?addrs=128.104.101.92-9618+[2607-f388-107c-501-a236-9fff-fe3c-caa8]-9618&alias=submit2.chtc.wisc.edu&noUDP&sock=schedd_4918_eadb>
...
040 (10038104.006.000) 2022-08-15 10:17:23 Started transferring input files
	Transferring to host: <128.105.69.93:9618?addrs=128.105.69.93-9618+[2607-f388-2200-100-1270-fdff-fe56-ba3c]-9618&alias=e4004.chtc.wisc.edu&noUDP&sock=slot1_1_1393925_0345_12025>
...
040 (10038104.006.000) 2022-08-15 10:19:13 Finished transferring input files
...
001 (10038104.006.000) 2022-08-15 10:21:21 Job executing on host: <128.105.69.93:9618?addrs=128.105.69.93-9618+[2607-f388-2200-100-1270-fdff-fe56-ba3c]-9618&alias=e4004.chtc.wisc.edu&noUDP&sock=startd_193956_430c>
...
006 (10038104.006.000) 2022-08-15 10:21:31 Image size of job updated: 1
	1  -  MemoryUsage of job (MB)
	1172  -  ResidentSetSize of job (KB)
...
006 (10038104.006.000) 2022-08-15 10:26:31 Image size of job updated: 964
	964  -  MemoryUsage of job (MB)
	988144  -  ResidentSetSize of job (KB)
...
006 (10038104.006.000) 2022-08-15 10:31:31 Image size of job updated: 996
	996  -  MemoryUsage of job (MB)
	1020804  -  ResidentSetSize of job (KB)
...
006 (10038104.006.000) 2022-08-15 10:36:32 Image size of job updated: 1041
	1041  -  MemoryUsage of job (MB)
	1066632  -  ResidentSetSize of job (KB)
...
006 (10038104.006.000) 2022-08-15 10:41:33 Image size of job updated: 1078
	1078  -  MemoryUsage of job (MB)
	1104608  -  ResidentSetSize of job (KB)
...
006 (10038104.006.000) 2022-08-15 10:46:33 Image size of job updated: 1113
	1113  -  MemoryUsage of job (MB)
	1140592  -  ResidentSetSize of job (KB)
...
006 (10038104.006.000) 2022-08-15 10:51:36 Image size of job updated: 1158
	1158  -  MemoryUsage of job (MB)
	1185856  -  ResidentSetSize of job (KB)
...
006 (10038104.006.000) 2022-08-15 10:56:35 Image size of job updated: 1189
	1189  -  MemoryUsage of job (MB)
	1217832  -  ResidentSetSize of job (KB)
...
006 (10038104.006.000) 2022-08-15 11:01:36 Image size of job updated: 1222
	1222  -  MemoryUsage of job (MB)
	1252176  -  ResidentSetSize of job (KB)
...
006 (10038104.006.000) 2022-08-15 11:06:36 Image size of job updated: 1254
	1254  -  MemoryUsage of job (MB)
	1284760  -  ResidentSetSize of job (KB)
...
