000 (10038095.017.000) 2022-08-15 09:21:30 Job submitted from host: <128.104.101.92:9618?addrs=128.104.101.92-9618+[2607-f388-107c-501-a236-9fff-fe3c-caa8]-9618&alias=submit2.chtc.wisc.edu&noUDP&sock=schedd_4918_eadb>
...
040 (10038095.017.000) 2022-08-15 09:22:52 Started transferring input files
	Transferring to host: <128.105.69.96:9618?addrs=128.105.69.96-9618+[2607-f388-2200-100-1270-fdff-fe56-c75c]-9618&alias=e4007.chtc.wisc.edu&noUDP&sock=slot1_1_3816229_500b_11480>
...
040 (10038095.017.000) 2022-08-15 09:23:46 Finished transferring input files
...
001 (10038095.017.000) 2022-08-15 09:23:54 Job executing on host: <128.105.69.96:9618?addrs=128.105.69.96-9618+[2607-f388-2200-100-1270-fdff-fe56-c75c]-9618&alias=e4007.chtc.wisc.edu&noUDP&sock=startd_194327_bcaf>
...
006 (10038095.017.000) 2022-08-15 09:24:02 Image size of job updated: 1
	1  -  MemoryUsage of job (MB)
	1168  -  ResidentSetSize of job (KB)
...
040 (10038095.017.000) 2022-08-15 09:25:25 Started transferring output files
...
040 (10038095.017.000) 2022-08-15 09:25:27 Finished transferring output files
...
005 (10038095.017.000) 2022-08-15 09:25:39 Job terminated.
	(1) Normal termination (return value 0)
		Usr 0 00:01:12, Sys 0 00:00:13  -  Run Remote Usage
		Usr 0 00:00:00, Sys 0 00:00:00  -  Run Local Usage
		Usr 0 00:01:12, Sys 0 00:00:13  -  Total Remote Usage
		Usr 0 00:00:00, Sys 0 00:00:00  -  Total Local Usage
	2818  -  Run Bytes Sent By Job
	5029331968  -  Run Bytes Received By Job
	2818  -  Total Bytes Sent By Job
	5029331968  -  Total Bytes Received By Job
	Partitionable Resources :      Usage  Request Allocated 
	   Cpus                 :       0.02        1         1 
	   Disk (KB)            : 6224300    10485760  11997123 
	   IoHeavy              :                             0 
	   Memory (MB)          :       1       10240     10240 

	Job terminated of its own accord at 2022-08-15T14:25:12Z with exit-code 0.
...
