000 (10038103.004.000) 2022-08-15 10:16:11 Job submitted from host: <128.104.101.92:9618?addrs=128.104.101.92-9618+[2607-f388-107c-501-a236-9fff-fe3c-caa8]-9618&alias=submit2.chtc.wisc.edu&noUDP&sock=schedd_4918_eadb>
...
040 (10038103.004.000) 2022-08-15 10:17:14 Started transferring input files
	Transferring to host: <128.105.69.89:9618?addrs=128.105.69.89-9618+[2607-f388-2200-100-1270-fdff-fe56-41cc]-9618&alias=e4000.chtc.wisc.edu&noUDP&sock=slot2_7_1291867_eb4e_7239>
...
040 (10038103.004.000) 2022-08-15 10:19:07 Finished transferring input files
...
001 (10038103.004.000) 2022-08-15 10:21:18 Job executing on host: <128.105.69.89:9618?addrs=128.105.69.89-9618+[2607-f388-2200-100-1270-fdff-fe56-41cc]-9618&alias=e4000.chtc.wisc.edu&noUDP&sock=startd_12141_4b6c>
...
006 (10038103.004.000) 2022-08-15 10:21:26 Image size of job updated: 1
	1  -  MemoryUsage of job (MB)
	1184  -  ResidentSetSize of job (KB)
...
006 (10038103.004.000) 2022-08-15 10:26:26 Image size of job updated: 595
	595  -  MemoryUsage of job (MB)
	609280  -  ResidentSetSize of job (KB)
...
006 (10038103.004.000) 2022-08-15 10:31:27 Image size of job updated: 602
	602  -  MemoryUsage of job (MB)
	616928  -  ResidentSetSize of job (KB)
...
006 (10038103.004.000) 2022-08-15 10:36:30 Image size of job updated: 604
	604  -  MemoryUsage of job (MB)
	619224  -  ResidentSetSize of job (KB)
...
006 (10038103.004.000) 2022-08-15 10:41:27 Image size of job updated: 606
	606  -  MemoryUsage of job (MB)
	621480  -  ResidentSetSize of job (KB)
...
006 (10038103.004.000) 2022-08-15 10:46:28 Image size of job updated: 609
	609  -  MemoryUsage of job (MB)
	623864  -  ResidentSetSize of job (KB)
...
006 (10038103.004.000) 2022-08-15 10:51:29 Image size of job updated: 611
	611  -  MemoryUsage of job (MB)
	626176  -  ResidentSetSize of job (KB)
...
006 (10038103.004.000) 2022-08-15 10:56:31 Image size of job updated: 616
	616  -  MemoryUsage of job (MB)
	630888  -  ResidentSetSize of job (KB)
...
006 (10038103.004.000) 2022-08-15 11:01:31 Image size of job updated: 618
	618  -  MemoryUsage of job (MB)
	633220  -  ResidentSetSize of job (KB)
...
006 (10038103.004.000) 2022-08-15 11:06:32 Image size of job updated: 620
	620  -  MemoryUsage of job (MB)
	635520  -  ResidentSetSize of job (KB)
...
