000 (10038110.012.000) 2022-08-15 10:17:09 Job submitted from host: <128.104.101.92:9618?addrs=128.104.101.92-9618+[2607-f388-107c-501-a236-9fff-fe3c-caa8]-9618&alias=submit2.chtc.wisc.edu&noUDP&sock=schedd_4918_eadb>
...
040 (10038110.012.000) 2022-08-15 10:21:18 Entered queue to transfer input files
	Transferring to host: <128.105.69.104:9618?addrs=128.105.69.104-9618+[2607-f388-2200-100-1270-fdff-fe56-bccc]-9618&alias=e4015.chtc.wisc.edu&noUDP&sock=slot1_9_1360259_452c_20379>
...
040 (10038110.012.000) 2022-08-15 10:25:18 Started transferring input files
	Seconds spent in queue: 240
...
040 (10038110.012.000) 2022-08-15 10:25:57 Finished transferring input files
...
001 (10038110.012.000) 2022-08-15 10:26:35 Job executing on host: <128.105.69.104:9618?addrs=128.105.69.104-9618+[2607-f388-2200-100-1270-fdff-fe56-bccc]-9618&alias=e4015.chtc.wisc.edu&noUDP&sock=startd_193827_c754>
...
006 (10038110.012.000) 2022-08-15 10:26:43 Image size of job updated: 1
	1  -  MemoryUsage of job (MB)
	1176  -  ResidentSetSize of job (KB)
...
006 (10038110.012.000) 2022-08-15 10:31:44 Image size of job updated: 1164
	1164  -  MemoryUsage of job (MB)
	1192232  -  ResidentSetSize of job (KB)
...
006 (10038110.012.000) 2022-08-15 10:36:45 Image size of job updated: 1198
	1198  -  MemoryUsage of job (MB)
	1227720  -  ResidentSetSize of job (KB)
...
006 (10038110.012.000) 2022-08-15 10:41:46 Image size of job updated: 1221
	1221  -  MemoryUsage of job (MB)
	1250316  -  ResidentSetSize of job (KB)
...
004 (10038110.012.000) 2022-08-15 10:43:13 Job was evicted.
	(0) CPU times
		Usr 0 00:15:13, Sys 0 00:00:15  -  Run Remote Usage
		Usr 0 00:00:00, Sys 0 00:00:00  -  Run Local Usage
	0  -  Run Bytes Sent By Job
	7643968512  -  Run Bytes Received By Job
	Partitionable Resources :       Usage  Request Allocated 
	   Cpus                 :        0.00        1         1 
	   Disk (KB)            : 19754065    20971520  22494605 
	   IoHeavy              :                              0 
	   Memory (MB)          :     1221       10240     10240 
...
009 (10038110.012.000) 2022-08-15 10:43:17 Job was aborted.
	via condor_rm (by user zpan52)
...
