000 (10038104.005.000) 2022-08-15 10:16:22 Job submitted from host: <128.104.101.92:9618?addrs=128.104.101.92-9618+[2607-f388-107c-501-a236-9fff-fe3c-caa8]-9618&alias=submit2.chtc.wisc.edu&noUDP&sock=schedd_4918_eadb>
...
040 (10038104.005.000) 2022-08-15 10:17:23 Started transferring input files
	Transferring to host: <128.105.69.100:9618?addrs=128.105.69.100-9618+[2607-f388-2200-100-1270-fdff-fe56-4634]-9618&alias=e4011.chtc.wisc.edu&noUDP&sock=slot1_1_3928291_2118_6210>
...
040 (10038104.005.000) 2022-08-15 10:19:13 Finished transferring input files
...
001 (10038104.005.000) 2022-08-15 10:21:21 Job executing on host: <128.105.69.100:9618?addrs=128.105.69.100-9618+[2607-f388-2200-100-1270-fdff-fe56-4634]-9618&alias=e4011.chtc.wisc.edu&noUDP&sock=startd_3928221_72f6>
...
006 (10038104.005.000) 2022-08-15 10:21:31 Image size of job updated: 1
	1  -  MemoryUsage of job (MB)
	1172  -  ResidentSetSize of job (KB)
...
006 (10038104.005.000) 2022-08-15 10:26:31 Image size of job updated: 649
	649  -  MemoryUsage of job (MB)
	665100  -  ResidentSetSize of job (KB)
...
006 (10038104.005.000) 2022-08-15 10:31:32 Image size of job updated: 667
	667  -  MemoryUsage of job (MB)
	683028  -  ResidentSetSize of job (KB)
...
006 (10038104.005.000) 2022-08-15 10:36:33 Image size of job updated: 670
	670  -  MemoryUsage of job (MB)
	686720  -  ResidentSetSize of job (KB)
...
006 (10038104.005.000) 2022-08-15 10:41:33 Image size of job updated: 672
	672  -  MemoryUsage of job (MB)
	688996  -  ResidentSetSize of job (KB)
...
006 (10038104.005.000) 2022-08-15 10:46:34 Image size of job updated: 674
	674  -  MemoryUsage of job (MB)
	690724  -  ResidentSetSize of job (KB)
...
006 (10038104.005.000) 2022-08-15 10:51:36 Image size of job updated: 688
	688  -  MemoryUsage of job (MB)
	705284  -  ResidentSetSize of job (KB)
...
006 (10038104.005.000) 2022-08-15 10:56:36 Image size of job updated: 704
	704  -  MemoryUsage of job (MB)
	721576  -  ResidentSetSize of job (KB)
...
006 (10038104.005.000) 2022-08-15 11:01:37 Image size of job updated: 706
	706  -  MemoryUsage of job (MB)
	723100  -  ResidentSetSize of job (KB)
...
006 (10038104.005.000) 2022-08-15 11:06:37 Image size of job updated: 724
	724  -  MemoryUsage of job (MB)
	742196  -  ResidentSetSize of job (KB)
...
