000 (10038095.020.000) 2022-08-15 09:21:30 Job submitted from host: <128.104.101.92:9618?addrs=128.104.101.92-9618+[2607-f388-107c-501-a236-9fff-fe3c-caa8]-9618&alias=submit2.chtc.wisc.edu&noUDP&sock=schedd_4918_eadb>
...
040 (10038095.020.000) 2022-08-15 09:22:50 Started transferring input files
	Transferring to host: <128.105.69.90:9618?addrs=128.105.69.90-9618+[2607-f388-2200-100-1270-fdff-fe56-707c]-9618&alias=e4001.chtc.wisc.edu&noUDP&sock=slot1_1_1019260_a061_12500>
...
040 (10038095.020.000) 2022-08-15 09:23:40 Finished transferring input files
...
001 (10038095.020.000) 2022-08-15 09:23:49 Job executing on host: <128.105.69.90:9618?addrs=128.105.69.90-9618+[2607-f388-2200-100-1270-fdff-fe56-707c]-9618&alias=e4001.chtc.wisc.edu&noUDP&sock=startd_1019188_c628>
...
006 (10038095.020.000) 2022-08-15 09:23:58 Image size of job updated: 1
	1  -  MemoryUsage of job (MB)
	1176  -  ResidentSetSize of job (KB)
...
006 (10038095.020.000) 2022-08-15 09:25:06 Image size of job updated: 34
	34  -  MemoryUsage of job (MB)
	35260  -  ResidentSetSize of job (KB)
...
040 (10038095.020.000) 2022-08-15 09:25:08 Started transferring output files
...
040 (10038095.020.000) 2022-08-15 09:25:08 Finished transferring output files
...
005 (10038095.020.000) 2022-08-15 09:25:08 Job terminated.
	(1) Normal termination (return value 0)
		Usr 0 00:01:13, Sys 0 00:00:12  -  Run Remote Usage
		Usr 0 00:00:00, Sys 0 00:00:00  -  Run Local Usage
		Usr 0 00:01:13, Sys 0 00:00:12  -  Total Remote Usage
		Usr 0 00:00:00, Sys 0 00:00:00  -  Total Local Usage
	2822  -  Run Bytes Sent By Job
	5029331968  -  Run Bytes Received By Job
	2822  -  Total Bytes Sent By Job
	5029331968  -  Total Bytes Received By Job
	Partitionable Resources :      Usage  Request Allocated 
	   Cpus                 :       0.23        1         1 
	   Disk (KB)            : 6247850    10485760  11997123 
	   IoHeavy              :                             0 
	   Memory (MB)          :      34       10240     10240 

	Job terminated of its own accord at 2022-08-15T14:25:06Z with exit-code 0.
...
