000 (10038107.002.000) 2022-08-15 10:16:53 Job submitted from host: <128.104.101.92:9618?addrs=128.104.101.92-9618+[2607-f388-107c-501-a236-9fff-fe3c-caa8]-9618&alias=submit2.chtc.wisc.edu&noUDP&sock=schedd_4918_eadb>
...
040 (10038107.002.000) 2022-08-15 10:21:19 Entered queue to transfer input files
	Transferring to host: <128.105.69.98:9618?addrs=128.105.69.98-9618+[2607-f388-2200-100-1270-fdff-fe56-45f4]-9618&alias=e4009.chtc.wisc.edu&noUDP&sock=slot1_6_2598332_b335_19931>
...
040 (10038107.002.000) 2022-08-15 10:26:09 Started transferring input files
	Seconds spent in queue: 290
...
040 (10038107.002.000) 2022-08-15 10:28:39 Finished transferring input files
...
001 (10038107.002.000) 2022-08-15 10:28:40 Job executing on host: <128.105.69.98:9618?addrs=128.105.69.98-9618+[2607-f388-2200-100-1270-fdff-fe56-45f4]-9618&alias=e4009.chtc.wisc.edu&noUDP&sock=startd_2598266_f0a2>
...
006 (10038107.002.000) 2022-08-15 10:28:49 Image size of job updated: 1
	1  -  MemoryUsage of job (MB)
	1180  -  ResidentSetSize of job (KB)
...
006 (10038107.002.000) 2022-08-15 10:33:49 Image size of job updated: 618
	618  -  MemoryUsage of job (MB)
	633252  -  ResidentSetSize of job (KB)
...
006 (10038107.002.000) 2022-08-15 10:38:49 Image size of job updated: 652
	652  -  MemoryUsage of job (MB)
	668656  -  ResidentSetSize of job (KB)
...
006 (10038107.002.000) 2022-08-15 10:41:28 Image size of job updated: 656
	656  -  MemoryUsage of job (MB)
	672196  -  ResidentSetSize of job (KB)
...
004 (10038107.002.000) 2022-08-15 10:42:25 Job was evicted.
	(0) CPU times
		Usr 0 00:12:35, Sys 0 00:00:16  -  Run Remote Usage
		Usr 0 00:00:00, Sys 0 00:00:00  -  Run Local Usage
	0  -  Run Bytes Sent By Job
	7643968512  -  Run Bytes Received By Job
	Partitionable Resources :       Usage  Request Allocated 
	   Cpus                 :        0.01        1         1 
	   Disk (KB)            : 19754064    20971520  22494605 
	   IoHeavy              :                              0 
	   Memory (MB)          :      656       10240     10240 
...
009 (10038107.002.000) 2022-08-15 10:42:41 Job was aborted.
	via condor_rm (by user zpan52)
...
