000 (10038106.009.000) 2022-08-15 10:16:42 Job submitted from host: <128.104.101.92:9618?addrs=128.104.101.92-9618+[2607-f388-107c-501-a236-9fff-fe3c-caa8]-9618&alias=submit2.chtc.wisc.edu&noUDP&sock=schedd_4918_eadb>
...
040 (10038106.009.000) 2022-08-15 10:17:37 Entered queue to transfer input files
	Transferring to host: <128.105.69.91:9618?addrs=128.105.69.91-9618+[2607-f388-2200-100-1270-fdff-fe56-41c4]-9618&alias=e4002.chtc.wisc.edu&noUDP&sock=slot1_4_3091224_b401_6194>
...
040 (10038106.009.000) 2022-08-15 10:22:42 Started transferring input files
	Seconds spent in queue: 305
...
040 (10038106.009.000) 2022-08-15 10:26:21 Finished transferring input files
...
001 (10038106.009.000) 2022-08-15 10:26:39 Job executing on host: <128.105.69.91:9618?addrs=128.105.69.91-9618+[2607-f388-2200-100-1270-fdff-fe56-41c4]-9618&alias=e4002.chtc.wisc.edu&noUDP&sock=startd_3091164_f871>
...
006 (10038106.009.000) 2022-08-15 10:26:48 Image size of job updated: 1
	1  -  MemoryUsage of job (MB)
	1180  -  ResidentSetSize of job (KB)
...
006 (10038106.009.000) 2022-08-15 10:29:04 Image size of job updated: 1042
	1042  -  MemoryUsage of job (MB)
	1067732  -  ResidentSetSize of job (KB)
...
040 (10038106.009.000) 2022-08-15 10:29:06 Started transferring output files
	Seconds spent in queue: 689
...
040 (10038106.009.000) 2022-08-15 10:29:06 Finished transferring output files
...
005 (10038106.009.000) 2022-08-15 10:29:07 Job terminated.
	(1) Normal termination (return value 0)
		Usr 0 00:02:17, Sys 0 00:00:15  -  Run Remote Usage
		Usr 0 00:00:00, Sys 0 00:00:00  -  Run Local Usage
		Usr 0 00:02:17, Sys 0 00:00:15  -  Total Remote Usage
		Usr 0 00:00:00, Sys 0 00:00:00  -  Total Local Usage
	166851  -  Run Bytes Sent By Job
	7643968512  -  Run Bytes Received By Job
	166851  -  Total Bytes Sent By Job
	7643968512  -  Total Bytes Received By Job
	Partitionable Resources :    Usage  Request Allocated 
	   Cpus                 :        0        1         1 
	   Disk (KB)            :  8771476 20971520  22494605 
	   IoHeavy              :                           0 
	   Memory (MB)          :     1042    10240     10240 

	Job terminated of its own accord at 2022-08-15T15:29:04Z with exit-code 0.
...
