000 (10038138.013.000) 2022-08-15 10:50:26 Job submitted from host: <128.104.101.92:9618?addrs=128.104.101.92-9618+[2607-f388-107c-501-a236-9fff-fe3c-caa8]-9618&alias=submit2.chtc.wisc.edu&noUDP&sock=schedd_4918_eadb>
...
040 (10038138.013.000) 2022-08-15 10:51:21 Started transferring input files
	Transferring to host: <128.105.69.99:9618?addrs=128.105.69.99-9618+[2607-f388-2200-100-1270-fdff-fe56-7674]-9618&alias=e4010.chtc.wisc.edu&noUDP&sock=slot1_5_271580_6d9d_2812>
...
040 (10038138.013.000) 2022-08-15 10:53:05 Finished transferring input files
...
001 (10038138.013.000) 2022-08-15 10:53:39 Job executing on host: <128.105.69.99:9618?addrs=128.105.69.99-9618+[2607-f388-2200-100-1270-fdff-fe56-7674]-9618&alias=e4010.chtc.wisc.edu&noUDP&sock=startd_12660_4914>
...
006 (10038138.013.000) 2022-08-15 10:53:48 Image size of job updated: 1
	1  -  MemoryUsage of job (MB)
	1180  -  ResidentSetSize of job (KB)
...
006 (10038138.013.000) 2022-08-15 10:55:33 Image size of job updated: 539
	539  -  MemoryUsage of job (MB)
	552260  -  ResidentSetSize of job (KB)
...
040 (10038138.013.000) 2022-08-15 10:55:57 Started transferring output files
...
040 (10038138.013.000) 2022-08-15 10:56:02 Finished transferring output files
...
005 (10038138.013.000) 2022-08-15 10:56:12 Job terminated.
	(1) Normal termination (return value 0)
		Usr 0 00:00:02, Sys 0 00:00:00  -  Run Remote Usage
		Usr 0 00:00:00, Sys 0 00:00:00  -  Run Local Usage
		Usr 0 00:00:02, Sys 0 00:00:00  -  Total Remote Usage
		Usr 0 00:00:00, Sys 0 00:00:00  -  Total Local Usage
	164024  -  Run Bytes Sent By Job
	7643974144  -  Run Bytes Received By Job
	164024  -  Total Bytes Sent By Job
	7643974144  -  Total Bytes Received By Job
	Partitionable Resources :    Usage  Request Allocated 
	   Cpus                 :        0        1         1 
	   Disk (KB)            :  8826751 20971520  22494605 
	   IoHeavy              :                           0 
	   Memory (MB)          :      539    10240     10240 

	Job terminated of its own accord at 2022-08-15T15:55:33Z with exit-code 0.
...
