000 (10038104.008.000) 2022-08-15 10:16:22 Job submitted from host: <128.104.101.92:9618?addrs=128.104.101.92-9618+[2607-f388-107c-501-a236-9fff-fe3c-caa8]-9618&alias=submit2.chtc.wisc.edu&noUDP&sock=schedd_4918_eadb>
...
040 (10038104.008.000) 2022-08-15 10:17:33 Entered queue to transfer input files
	Transferring to host: <128.105.69.118:9618?addrs=128.105.69.118-9618+[2607-f388-2200-100-1270-fdff-fe56-ccac]-9618&alias=e2501.chtc.wisc.edu&noUDP&sock=slot2_4_16157_d16a_3991>
...
040 (10038104.008.000) 2022-08-15 10:20:07 Started transferring input files
	Seconds spent in queue: 154
...
040 (10038104.008.000) 2022-08-15 10:22:28 Finished transferring input files
...
001 (10038104.008.000) 2022-08-15 10:22:58 Job executing on host: <128.105.69.118:9618?addrs=128.105.69.118-9618+[2607-f388-2200-100-1270-fdff-fe56-ccac]-9618&alias=e2501.chtc.wisc.edu&noUDP&sock=startd_11850_b15d>
...
006 (10038104.008.000) 2022-08-15 10:23:07 Image size of job updated: 1
	1  -  MemoryUsage of job (MB)
	1184  -  ResidentSetSize of job (KB)
...
006 (10038104.008.000) 2022-08-15 10:28:09 Image size of job updated: 996
	996  -  MemoryUsage of job (MB)
	1020660  -  ResidentSetSize of job (KB)
...
006 (10038104.008.000) 2022-08-15 10:33:09 Image size of job updated: 1082
	1082  -  MemoryUsage of job (MB)
	1108144  -  ResidentSetSize of job (KB)
...
006 (10038104.008.000) 2022-08-15 10:38:09 Image size of job updated: 1169
	1169  -  MemoryUsage of job (MB)
	1197672  -  ResidentSetSize of job (KB)
...
006 (10038104.008.000) 2022-08-15 10:43:09 Image size of job updated: 1255
	1255  -  MemoryUsage of job (MB)
	1285152  -  ResidentSetSize of job (KB)
...
006 (10038104.008.000) 2022-08-15 10:48:10 Image size of job updated: 1347
	1347  -  MemoryUsage of job (MB)
	1380192  -  ResidentSetSize of job (KB)
...
006 (10038104.008.000) 2022-08-15 10:53:13 Image size of job updated: 1436
	1436  -  MemoryUsage of job (MB)
	1471104  -  ResidentSetSize of job (KB)
...
006 (10038104.008.000) 2022-08-15 10:58:13 Image size of job updated: 1526
	1526  -  MemoryUsage of job (MB)
	1563028  -  ResidentSetSize of job (KB)
...
006 (10038104.008.000) 2022-08-15 11:03:14 Image size of job updated: 1621
	1621  -  MemoryUsage of job (MB)
	1660232  -  ResidentSetSize of job (KB)
...
006 (10038104.008.000) 2022-08-15 11:08:15 Image size of job updated: 1750
	1750  -  MemoryUsage of job (MB)
	1792932  -  ResidentSetSize of job (KB)
...
