000 (10038105.019.000) 2022-08-15 10:16:32 Job submitted from host: <128.104.101.92:9618?addrs=128.104.101.92-9618+[2607-f388-107c-501-a236-9fff-fe3c-caa8]-9618&alias=submit2.chtc.wisc.edu&noUDP&sock=schedd_4918_eadb>
...
040 (10038105.019.000) 2022-08-15 10:17:34 Entered queue to transfer input files
	Transferring to host: <128.105.69.100:9618?addrs=128.105.69.100-9618+[2607-f388-2200-100-1270-fdff-fe56-4634]-9618&alias=e4011.chtc.wisc.edu&noUDP&sock=slot1_3_3928291_2118_6212>
...
040 (10038105.019.000) 2022-08-15 10:20:07 Started transferring input files
	Seconds spent in queue: 153
...
040 (10038105.019.000) 2022-08-15 10:21:42 Finished transferring input files
...
001 (10038105.019.000) 2022-08-15 10:21:43 Job executing on host: <128.105.69.100:9618?addrs=128.105.69.100-9618+[2607-f388-2200-100-1270-fdff-fe56-4634]-9618&alias=e4011.chtc.wisc.edu&noUDP&sock=startd_3928221_72f6>
...
006 (10038105.019.000) 2022-08-15 10:21:52 Image size of job updated: 1
	1  -  MemoryUsage of job (MB)
	1184  -  ResidentSetSize of job (KB)
...
006 (10038105.019.000) 2022-08-15 10:23:14 Image size of job updated: 865
	865  -  MemoryUsage of job (MB)
	886168  -  ResidentSetSize of job (KB)
...
040 (10038105.019.000) 2022-08-15 10:23:44 Started transferring output files
	Seconds spent in queue: 370
...
040 (10038105.019.000) 2022-08-15 10:23:47 Finished transferring output files
...
005 (10038105.019.000) 2022-08-15 10:24:00 Job terminated.
	(1) Normal termination (return value 0)
		Usr 0 00:01:23, Sys 0 00:00:18  -  Run Remote Usage
		Usr 0 00:00:00, Sys 0 00:00:00  -  Run Local Usage
		Usr 0 00:01:23, Sys 0 00:00:18  -  Total Remote Usage
		Usr 0 00:00:00, Sys 0 00:00:00  -  Total Local Usage
	162940  -  Run Bytes Sent By Job
	7643968512  -  Run Bytes Received By Job
	162940  -  Total Bytes Sent By Job
	7643968512  -  Total Bytes Received By Job
	Partitionable Resources :      Usage  Request Allocated 
	   Cpus                 :       0.01        1         1 
	   Disk (KB)            : 8892726    20971520  22494605 
	   IoHeavy              :                             0 
	   Memory (MB)          :     865       10240     10240 

	Job terminated of its own accord at 2022-08-15T15:23:14Z with exit-code 0.
...
