000 (10038102.000.000) 2022-08-15 10:08:17 Job submitted from host: <128.104.101.92:9618?addrs=128.104.101.92-9618+[2607-f388-107c-501-a236-9fff-fe3c-caa8]-9618&alias=submit2.chtc.wisc.edu&noUDP&sock=schedd_4918_eadb>
...
040 (10038102.000.000) 2022-08-15 10:09:06 Started transferring input files
	Transferring to host: <128.105.69.89:9618?addrs=128.105.69.89-9618+[2607-f388-2200-100-1270-fdff-fe56-41cc]-9618&alias=e4000.chtc.wisc.edu&noUDP&sock=slot2_1_1291867_eb4e_7220>
...
040 (10038102.000.000) 2022-08-15 10:09:38 Finished transferring input files
...
001 (10038102.000.000) 2022-08-15 10:09:39 Job executing on host: <128.105.69.89:9618?addrs=128.105.69.89-9618+[2607-f388-2200-100-1270-fdff-fe56-41cc]-9618&alias=e4000.chtc.wisc.edu&noUDP&sock=startd_12141_4b6c>
...
006 (10038102.000.000) 2022-08-15 10:09:48 Image size of job updated: 1
	1  -  MemoryUsage of job (MB)
	1172  -  ResidentSetSize of job (KB)
...
006 (10038102.000.000) 2022-08-15 10:12:20 Image size of job updated: 535
	535  -  MemoryUsage of job (MB)
	548308  -  ResidentSetSize of job (KB)
...
040 (10038102.000.000) 2022-08-15 10:12:20 Started transferring output files
...
040 (10038102.000.000) 2022-08-15 10:12:20 Finished transferring output files
...
005 (10038102.000.000) 2022-08-15 10:12:20 Job terminated.
	(1) Normal termination (return value 0)
		Usr 0 00:02:30, Sys 0 00:00:20  -  Run Remote Usage
		Usr 0 00:00:00, Sys 0 00:00:00  -  Run Local Usage
		Usr 0 00:02:30, Sys 0 00:00:20  -  Total Remote Usage
		Usr 0 00:00:00, Sys 0 00:00:00  -  Total Local Usage
	164114  -  Run Bytes Sent By Job
	7643968512  -  Run Bytes Received By Job
	164114  -  Total Bytes Sent By Job
	7643968512  -  Total Bytes Received By Job
	Partitionable Resources :      Usage  Request Allocated 
	   Cpus                 :       0.00        1         1 
	   Disk (KB)            : 8765046    20971520  22978504 
	   IoHeavy              :                             0 
	   Memory (MB)          :     535       10240     10240 

	Job terminated of its own accord at 2022-08-15T15:12:20Z with exit-code 0.
...
