000 (10038095.019.000) 2022-08-15 09:21:30 Job submitted from host: <128.104.101.92:9618?addrs=128.104.101.92-9618+[2607-f388-107c-501-a236-9fff-fe3c-caa8]-9618&alias=submit2.chtc.wisc.edu&noUDP&sock=schedd_4918_eadb>
...
040 (10038095.019.000) 2022-08-15 09:22:52 Started transferring input files
	Transferring to host: <128.105.69.95:9618?addrs=128.105.69.95-9618+[2607-f388-2200-100-1270-fdff-fe56-bff4]-9618&alias=e4006.chtc.wisc.edu&noUDP&sock=slot1_1_1266464_3525_20104>
...
040 (10038095.019.000) 2022-08-15 09:23:40 Finished transferring input files
...
001 (10038095.019.000) 2022-08-15 09:23:50 Job executing on host: <128.105.69.95:9618?addrs=128.105.69.95-9618+[2607-f388-2200-100-1270-fdff-fe56-bff4]-9618&alias=e4006.chtc.wisc.edu&noUDP&sock=startd_193735_ac9e>
...
006 (10038095.019.000) 2022-08-15 09:23:58 Image size of job updated: 1
	1  -  MemoryUsage of job (MB)
	1188  -  ResidentSetSize of job (KB)
...
006 (10038095.019.000) 2022-08-15 09:25:07 Image size of job updated: 32
	32  -  MemoryUsage of job (MB)
	33216  -  ResidentSetSize of job (KB)
...
040 (10038095.019.000) 2022-08-15 09:25:08 Started transferring output files
...
040 (10038095.019.000) 2022-08-15 09:25:08 Finished transferring output files
...
005 (10038095.019.000) 2022-08-15 09:25:08 Job terminated.
	(1) Normal termination (return value 0)
		Usr 0 00:01:12, Sys 0 00:00:12  -  Run Remote Usage
		Usr 0 00:00:00, Sys 0 00:00:00  -  Run Local Usage
		Usr 0 00:01:12, Sys 0 00:00:12  -  Total Remote Usage
		Usr 0 00:00:00, Sys 0 00:00:00  -  Total Local Usage
	2825  -  Run Bytes Sent By Job
	5029331968  -  Run Bytes Received By Job
	2825  -  Total Bytes Sent By Job
	5029331968  -  Total Bytes Received By Job
	Partitionable Resources :      Usage  Request Allocated 
	   Cpus                 :       0.23        1         1 
	   Disk (KB)            : 6243150    10485760  11997123 
	   IoHeavy              :                             0 
	   Memory (MB)          :      32       10240     10240 

	Job terminated of its own accord at 2022-08-15T14:25:07Z with exit-code 0.
...
