000 (10038105.005.000) 2022-08-15 10:16:32 Job submitted from host: <128.104.101.92:9618?addrs=128.104.101.92-9618+[2607-f388-107c-501-a236-9fff-fe3c-caa8]-9618&alias=submit2.chtc.wisc.edu&noUDP&sock=schedd_4918_eadb>
...
040 (10038105.005.000) 2022-08-15 10:17:37 Entered queue to transfer input files
	Transferring to host: <128.105.69.166:9618?addrs=128.105.69.166-9618+[2607-f388-2200-100-1270-fdff-fe56-717c]-9618&alias=e2549.chtc.wisc.edu&noUDP&sock=slot2_4_153167_c1ee_3139>
...
040 (10038105.005.000) 2022-08-15 10:22:42 Started transferring input files
	Seconds spent in queue: 305
...
040 (10038105.005.000) 2022-08-15 10:25:18 Finished transferring input files
...
001 (10038105.005.000) 2022-08-15 10:25:27 Job executing on host: <128.105.69.166:9618?addrs=128.105.69.166-9618+[2607-f388-2200-100-1270-fdff-fe56-717c]-9618&alias=e2549.chtc.wisc.edu&noUDP&sock=startd_12525_afcb>
...
006 (10038105.005.000) 2022-08-15 10:25:36 Image size of job updated: 1
	1  -  MemoryUsage of job (MB)
	1172  -  ResidentSetSize of job (KB)
...
006 (10038105.005.000) 2022-08-15 10:30:36 Image size of job updated: 650
	650  -  MemoryUsage of job (MB)
	666400  -  ResidentSetSize of job (KB)
...
006 (10038105.005.000) 2022-08-15 10:35:36 Image size of job updated: 668
	668  -  MemoryUsage of job (MB)
	684068  -  ResidentSetSize of job (KB)
...
006 (10038105.005.000) 2022-08-15 10:40:37 Image size of job updated: 671
	671  -  MemoryUsage of job (MB)
	687992  -  ResidentSetSize of job (KB)
...
006 (10038105.005.000) 2022-08-15 10:45:39 Image size of job updated: 674
	674  -  MemoryUsage of job (MB)
	690256  -  ResidentSetSize of job (KB)
...
006 (10038105.005.000) 2022-08-15 10:50:39 Image size of job updated: 675
	675  -  MemoryUsage of job (MB)
	691988  -  ResidentSetSize of job (KB)
...
006 (10038105.005.000) 2022-08-15 10:55:41 Image size of job updated: 684
	684  -  MemoryUsage of job (MB)
	701416  -  ResidentSetSize of job (KB)
...
006 (10038105.005.000) 2022-08-15 11:00:41 Image size of job updated: 703
	703  -  MemoryUsage of job (MB)
	720624  -  ResidentSetSize of job (KB)
...
006 (10038105.005.000) 2022-08-15 11:05:42 Image size of job updated: 705
	705  -  MemoryUsage of job (MB)
	722264  -  ResidentSetSize of job (KB)
...
