000 (10038106.000.000) 2022-08-15 10:16:42 Job submitted from host: <128.104.101.92:9618?addrs=128.104.101.92-9618+[2607-f388-107c-501-a236-9fff-fe3c-caa8]-9618&alias=submit2.chtc.wisc.edu&noUDP&sock=schedd_4918_eadb>
...
040 (10038106.000.000) 2022-08-15 10:17:37 Entered queue to transfer input files
	Transferring to host: <128.105.69.118:9618?addrs=128.105.69.118-9618+[2607-f388-2200-100-1270-fdff-fe56-ccac]-9618&alias=e2501.chtc.wisc.edu&noUDP&sock=slot2_5_16157_d16a_3992>
...
040 (10038106.000.000) 2022-08-15 10:22:42 Started transferring input files
	Seconds spent in queue: 305
...
040 (10038106.000.000) 2022-08-15 10:25:18 Finished transferring input files
...
001 (10038106.000.000) 2022-08-15 10:25:27 Job executing on host: <128.105.69.118:9618?addrs=128.105.69.118-9618+[2607-f388-2200-100-1270-fdff-fe56-ccac]-9618&alias=e2501.chtc.wisc.edu&noUDP&sock=startd_11850_b15d>
...
006 (10038106.000.000) 2022-08-15 10:25:36 Image size of job updated: 1
	1  -  MemoryUsage of job (MB)
	1176  -  ResidentSetSize of job (KB)
...
006 (10038106.000.000) 2022-08-15 10:30:37 Image size of job updated: 449
	449  -  MemoryUsage of job (MB)
	460396  -  ResidentSetSize of job (KB)
...
004 (10038106.000.000) 2022-08-15 10:43:15 Job was evicted.
	(0) CPU times
		Usr 0 00:17:18, Sys 0 00:00:13  -  Run Remote Usage
		Usr 0 00:00:00, Sys 0 00:00:00  -  Run Local Usage
	0  -  Run Bytes Sent By Job
	7643968512  -  Run Bytes Received By Job
	Partitionable Resources :       Usage  Request Allocated 
	   Cpus                 :        0.01        1         1 
	   Disk (KB)            : 19754064    20971520  21747553 
	   IoHeavy              :                              0 
	   Memory (MB)          :      449       10240     10240 
...
009 (10038106.000.000) 2022-08-15 10:43:22 Job was aborted.
	via condor_rm (by user zpan52)
...
