000 (10038107.006.000) 2022-08-15 10:16:53 Job submitted from host: <128.104.101.92:9618?addrs=128.104.101.92-9618+[2607-f388-107c-501-a236-9fff-fe3c-caa8]-9618&alias=submit2.chtc.wisc.edu&noUDP&sock=schedd_4918_eadb>
...
040 (10038107.006.000) 2022-08-15 10:21:13 Entered queue to transfer input files
	Transferring to host: <128.105.69.91:9618?addrs=128.105.69.91-9618+[2607-f388-2200-100-1270-fdff-fe56-41c4]-9618&alias=e4002.chtc.wisc.edu&noUDP&sock=slot1_5_3091224_b401_6195>
...
040 (10038107.006.000) 2022-08-15 10:23:46 Started transferring input files
	Seconds spent in queue: 153
...
040 (10038107.006.000) 2022-08-15 10:28:28 Finished transferring input files
...
001 (10038107.006.000) 2022-08-15 10:28:31 Job executing on host: <128.105.69.91:9618?addrs=128.105.69.91-9618+[2607-f388-2200-100-1270-fdff-fe56-41c4]-9618&alias=e4002.chtc.wisc.edu&noUDP&sock=startd_3091164_f871>
...
006 (10038107.006.000) 2022-08-15 10:28:40 Image size of job updated: 1
	1  -  MemoryUsage of job (MB)
	1176  -  ResidentSetSize of job (KB)
...
006 (10038107.006.000) 2022-08-15 10:33:41 Image size of job updated: 973
	973  -  MemoryUsage of job (MB)
	997364  -  ResidentSetSize of job (KB)
...
006 (10038107.006.000) 2022-08-15 10:38:42 Image size of job updated: 1007
	1007  -  MemoryUsage of job (MB)
	1031376  -  ResidentSetSize of job (KB)
...
006 (10038107.006.000) 2022-08-15 10:41:28 Image size of job updated: 1030
	1030  -  MemoryUsage of job (MB)
	1055016  -  ResidentSetSize of job (KB)
...
004 (10038107.006.000) 2022-08-15 10:42:27 Job was evicted.
	(0) CPU times
		Usr 0 00:12:45, Sys 0 00:00:17  -  Run Remote Usage
		Usr 0 00:00:00, Sys 0 00:00:00  -  Run Local Usage
	0  -  Run Bytes Sent By Job
	7643968512  -  Run Bytes Received By Job
	Partitionable Resources :       Usage  Request Allocated 
	   Cpus                 :        0.00        1         1 
	   Disk (KB)            : 19754066    20971520  22494605 
	   IoHeavy              :                              0 
	   Memory (MB)          :     1030       10240     10240 
...
009 (10038107.006.000) 2022-08-15 10:42:42 Job was aborted.
	via condor_rm (by user zpan52)
...
