000 (10038099.019.000) 2022-08-15 09:43:08 Job submitted from host: <128.104.101.92:9618?addrs=128.104.101.92-9618+[2607-f388-107c-501-a236-9fff-fe3c-caa8]-9618&alias=submit2.chtc.wisc.edu&noUDP&sock=schedd_4918_eadb>
...
040 (10038099.019.000) 2022-08-15 09:44:32 Started transferring input files
	Transferring to host: <128.105.69.101:9618?addrs=128.105.69.101-9618+[2607-f388-2200-100-1270-fdff-fe56-bae4]-9618&alias=e4012.chtc.wisc.edu&noUDP&sock=slot1_1_745379_af80_19851>
...
040 (10038099.019.000) 2022-08-15 09:46:01 Finished transferring input files
...
001 (10038099.019.000) 2022-08-15 09:46:02 Job executing on host: <128.105.69.101:9618?addrs=128.105.69.101-9618+[2607-f388-2200-100-1270-fdff-fe56-bae4]-9618&alias=e4012.chtc.wisc.edu&noUDP&sock=startd_181518_d415>
...
006 (10038099.019.000) 2022-08-15 09:46:12 Image size of job updated: 1
	1  -  MemoryUsage of job (MB)
	1176  -  ResidentSetSize of job (KB)
...
006 (10038099.019.000) 2022-08-15 09:47:36 Image size of job updated: 903
	903  -  MemoryUsage of job (MB)
	924772  -  ResidentSetSize of job (KB)
...
040 (10038099.019.000) 2022-08-15 09:47:36 Started transferring output files
...
040 (10038099.019.000) 2022-08-15 09:47:36 Finished transferring output files
...
005 (10038099.019.000) 2022-08-15 09:47:37 Job terminated.
	(1) Normal termination (return value 0)
		Usr 0 00:01:26, Sys 0 00:00:16  -  Run Remote Usage
		Usr 0 00:00:00, Sys 0 00:00:00  -  Run Local Usage
		Usr 0 00:01:26, Sys 0 00:00:16  -  Total Remote Usage
		Usr 0 00:00:00, Sys 0 00:00:00  -  Total Local Usage
	164543  -  Run Bytes Sent By Job
	7643967488  -  Run Bytes Received By Job
	164543  -  Total Bytes Sent By Job
	7643967488  -  Total Bytes Received By Job
	Partitionable Resources :    Usage  Request Allocated 
	   Cpus                 :        0        1         1 
	   Disk (KB)            :  8914225 10485760  11997123 
	   IoHeavy              :                           0 
	   Memory (MB)          :      903    10240     10240 

	Job terminated of its own accord at 2022-08-15T14:47:36Z with exit-code 0.
...
