000 (10038108.019.000) 2022-08-15 10:17:00 Job submitted from host: <128.104.101.92:9618?addrs=128.104.101.92-9618+[2607-f388-107c-501-a236-9fff-fe3c-caa8]-9618&alias=submit2.chtc.wisc.edu&noUDP&sock=schedd_4918_eadb>
...
040 (10038108.019.000) 2022-08-15 10:21:17 Entered queue to transfer input files
	Transferring to host: <128.105.69.102:9618?addrs=128.105.69.102-9618+[2607-f388-2200-100-1270-fdff-fe56-cbc4]-9618&alias=e4013.chtc.wisc.edu&noUDP&sock=slot1_7_3255774_1064_7572>
...
040 (10038108.019.000) 2022-08-15 10:25:11 Started transferring input files
	Seconds spent in queue: 234
...
040 (10038108.019.000) 2022-08-15 10:28:23 Finished transferring input files
...
001 (10038108.019.000) 2022-08-15 10:28:31 Job executing on host: <128.105.69.102:9618?addrs=128.105.69.102-9618+[2607-f388-2200-100-1270-fdff-fe56-cbc4]-9618&alias=e4013.chtc.wisc.edu&noUDP&sock=startd_192977_bfd4>
...
006 (10038108.019.000) 2022-08-15 10:28:40 Image size of job updated: 1
	1  -  MemoryUsage of job (MB)
	1172  -  ResidentSetSize of job (KB)
...
006 (10038108.019.000) 2022-08-15 10:30:01 Image size of job updated: 910
	910  -  MemoryUsage of job (MB)
	932668  -  ResidentSetSize of job (KB)
...
040 (10038108.019.000) 2022-08-15 10:30:06 Started transferring output files
	Seconds spent in queue: 529
...
040 (10038108.019.000) 2022-08-15 10:30:07 Finished transferring output files
...
005 (10038108.019.000) 2022-08-15 10:30:13 Job terminated.
	(1) Normal termination (return value 0)
		Usr 0 00:00:03, Sys 0 00:00:00  -  Run Remote Usage
		Usr 0 00:00:00, Sys 0 00:00:00  -  Run Local Usage
		Usr 0 00:00:03, Sys 0 00:00:00  -  Total Remote Usage
		Usr 0 00:00:00, Sys 0 00:00:00  -  Total Local Usage
	4874  -  Run Bytes Sent By Job
	7643968512  -  Run Bytes Received By Job
	4874  -  Total Bytes Sent By Job
	7643968512  -  Total Bytes Received By Job
	Partitionable Resources :      Usage  Request Allocated 
	   Cpus                 :       0.00        1         1 
	   Disk (KB)            : 8901746    20971520  22494605 
	   IoHeavy              :                             0 
	   Memory (MB)          :     910       10240     10240 

	Job terminated of its own accord at 2022-08-15T15:30:01Z with exit-code 0.
...
