000 (10038100.003.000) 2022-08-15 09:54:00 Job submitted from host: <128.104.101.92:9618?addrs=128.104.101.92-9618+[2607-f388-107c-501-a236-9fff-fe3c-caa8]-9618&alias=submit2.chtc.wisc.edu&noUDP&sock=schedd_4918_eadb>
...
040 (10038100.003.000) 2022-08-15 09:54:35 Started transferring input files
	Transferring to host: <128.105.69.105:9618?addrs=128.105.69.105-9618+[2607-f388-2200-100-1270-fdff-fe56-460c]-9618&alias=e2488.chtc.wisc.edu&noUDP&sock=slot2_9_46685_8e44_12183>
...
040 (10038100.003.000) 2022-08-15 09:56:04 Finished transferring input files
...
001 (10038100.003.000) 2022-08-15 09:56:05 Job executing on host: <128.105.69.105:9618?addrs=128.105.69.105-9618+[2607-f388-2200-100-1270-fdff-fe56-460c]-9618&alias=e2488.chtc.wisc.edu&noUDP&sock=startd_12657_3a4b>
...
006 (10038100.003.000) 2022-08-15 09:56:14 Image size of job updated: 1
	1  -  MemoryUsage of job (MB)
	1168  -  ResidentSetSize of job (KB)
...
006 (10038100.003.000) 2022-08-15 10:01:15 Image size of job updated: 787
	787  -  MemoryUsage of job (MB)
	806832  -  ResidentSetSize of job (KB)
...
006 (10038100.003.000) 2022-08-15 10:06:15 Image size of job updated: 807
	807  -  MemoryUsage of job (MB)
	827324  -  ResidentSetSize of job (KB)
...
006 (10038100.003.000) 2022-08-15 10:11:15 Image size of job updated: 834
	834  -  MemoryUsage of job (MB)
	854664  -  ResidentSetSize of job (KB)
...
006 (10038100.003.000) 2022-08-15 10:16:16 Image size of job updated: 856
	856  -  MemoryUsage of job (MB)
	877072  -  ResidentSetSize of job (KB)
...
006 (10038100.003.000) 2022-08-15 10:21:16 Image size of job updated: 893
	893  -  MemoryUsage of job (MB)
	914664  -  ResidentSetSize of job (KB)
...
006 (10038100.003.000) 2022-08-15 10:26:20 Image size of job updated: 893
	893  -  MemoryUsage of job (MB)
	914680  -  ResidentSetSize of job (KB)
...
006 (10038100.003.000) 2022-08-15 10:31:17 Image size of job updated: 893
	893  -  MemoryUsage of job (MB)
	914696  -  ResidentSetSize of job (KB)
...
006 (10038100.003.000) 2022-08-15 10:36:18 Image size of job updated: 893
	893  -  MemoryUsage of job (MB)
	914704  -  ResidentSetSize of job (KB)
...
006 (10038100.003.000) 2022-08-15 10:41:19 Image size of job updated: 893
	893  -  MemoryUsage of job (MB)
	914712  -  ResidentSetSize of job (KB)
...
006 (10038100.003.000) 2022-08-15 10:46:19 Image size of job updated: 893
	893  -  MemoryUsage of job (MB)
	914736  -  ResidentSetSize of job (KB)
...
006 (10038100.003.000) 2022-08-15 10:56:20 Image size of job updated: 893
	893  -  MemoryUsage of job (MB)
	914752  -  ResidentSetSize of job (KB)
...
006 (10038100.003.000) 2022-08-15 11:01:21 Image size of job updated: 905
	905  -  MemoryUsage of job (MB)
	927700  -  ResidentSetSize of job (KB)
...
