000 (10038110.014.000) 2022-08-15 10:17:09 Job submitted from host: <128.104.101.92:9618?addrs=128.104.101.92-9618+[2607-f388-107c-501-a236-9fff-fe3c-caa8]-9618&alias=submit2.chtc.wisc.edu&noUDP&sock=schedd_4918_eadb>
...
040 (10038110.014.000) 2022-08-15 10:21:19 Entered queue to transfer input files
	Transferring to host: <128.105.69.96:9618?addrs=128.105.69.96-9618+[2607-f388-2200-100-1270-fdff-fe56-c75c]-9618&alias=e4007.chtc.wisc.edu&noUDP&sock=slot1_9_3816229_500b_11575>
...
040 (10038110.014.000) 2022-08-15 10:26:09 Started transferring input files
	Seconds spent in queue: 290
...
040 (10038110.014.000) 2022-08-15 10:26:43 Finished transferring input files
...
001 (10038110.014.000) 2022-08-15 10:26:59 Job executing on host: <128.105.69.96:9618?addrs=128.105.69.96-9618+[2607-f388-2200-100-1270-fdff-fe56-c75c]-9618&alias=e4007.chtc.wisc.edu&noUDP&sock=startd_194327_bcaf>
...
006 (10038110.014.000) 2022-08-15 10:27:07 Image size of job updated: 1
	1  -  MemoryUsage of job (MB)
	1172  -  ResidentSetSize of job (KB)
...
006 (10038110.014.000) 2022-08-15 10:32:07 Image size of job updated: 568
	568  -  MemoryUsage of job (MB)
	582116  -  ResidentSetSize of job (KB)
...
006 (10038110.014.000) 2022-08-15 10:37:08 Image size of job updated: 568
	568  -  MemoryUsage of job (MB)
	582216  -  ResidentSetSize of job (KB)
...
006 (10038110.014.000) 2022-08-15 10:44:14 Image size of job updated: 574
	574  -  MemoryUsage of job (MB)
	588288  -  ResidentSetSize of job (KB)
...
004 (10038110.014.000) 2022-08-15 10:44:40 Job was evicted.
	(0) CPU times
		Usr 0 00:14:58, Sys 0 00:00:16  -  Run Remote Usage
		Usr 0 00:00:00, Sys 0 00:00:00  -  Run Local Usage
	0  -  Run Bytes Sent By Job
	7643968512  -  Run Bytes Received By Job
	Partitionable Resources :    Usage  Request Allocated 
	   Cpus                 :        0        1         1 
	   Disk (KB)            : 19754066 20971520  22494605 
	   IoHeavy              :                           0 
	   Memory (MB)          :      574    10240     10240 
...
009 (10038110.014.000) 2022-08-15 10:44:54 Job was aborted.
	via condor_rm (by user zpan52)
...
