000 (10038110.011.000) 2022-08-15 10:17:09 Job submitted from host: <128.104.101.92:9618?addrs=128.104.101.92-9618+[2607-f388-107c-501-a236-9fff-fe3c-caa8]-9618&alias=submit2.chtc.wisc.edu&noUDP&sock=schedd_4918_eadb>
...
040 (10038110.011.000) 2022-08-15 10:21:18 Entered queue to transfer input files
	Transferring to host: <128.105.69.97:9618?addrs=128.105.69.97-9618+[2607-f388-2200-100-1270-fdff-fe56-6e54]-9618&alias=e4008.chtc.wisc.edu&noUDP&sock=slot1_9_3691201_c6af_4724>
...
040 (10038110.011.000) 2022-08-15 10:25:25 Started transferring input files
	Seconds spent in queue: 247
...
040 (10038110.011.000) 2022-08-15 10:26:03 Finished transferring input files
...
001 (10038110.011.000) 2022-08-15 10:26:35 Job executing on host: <128.105.69.97:9618?addrs=128.105.69.97-9618+[2607-f388-2200-100-1270-fdff-fe56-6e54]-9618&alias=e4008.chtc.wisc.edu&noUDP&sock=startd_194949_6097>
...
006 (10038110.011.000) 2022-08-15 10:26:44 Image size of job updated: 1
	1  -  MemoryUsage of job (MB)
	1172  -  ResidentSetSize of job (KB)
...
006 (10038110.011.000) 2022-08-15 10:28:24 Image size of job updated: 970
	970  -  MemoryUsage of job (MB)
	993688  -  ResidentSetSize of job (KB)
...
040 (10038110.011.000) 2022-08-15 10:28:31 Started transferring output files
	Seconds spent in queue: 433
...
040 (10038110.011.000) 2022-08-15 10:28:32 Finished transferring output files
...
005 (10038110.011.000) 2022-08-15 10:28:33 Job terminated.
	(1) Normal termination (return value 0)
		Usr 0 00:01:41, Sys 0 00:00:18  -  Run Remote Usage
		Usr 0 00:00:00, Sys 0 00:00:00  -  Run Local Usage
		Usr 0 00:01:41, Sys 0 00:00:18  -  Total Remote Usage
		Usr 0 00:00:00, Sys 0 00:00:00  -  Total Local Usage
	4749  -  Run Bytes Sent By Job
	7643968512  -  Run Bytes Received By Job
	4749  -  Total Bytes Sent By Job
	7643968512  -  Total Bytes Received By Job
	Partitionable Resources :    Usage  Request Allocated 
	   Cpus                 :        0        1         1 
	   Disk (KB)            :  8820666 20971520  22494605 
	   IoHeavy              :                           0 
	   Memory (MB)          :      970    10240     10240 

	Job terminated of its own accord at 2022-08-15T15:28:24Z with exit-code 0.
...
