000 (10038138.016.000) 2022-08-15 10:50:26 Job submitted from host: <128.104.101.92:9618?addrs=128.104.101.92-9618+[2607-f388-107c-501-a236-9fff-fe3c-caa8]-9618&alias=submit2.chtc.wisc.edu&noUDP&sock=schedd_4918_eadb>
...
040 (10038138.016.000) 2022-08-15 10:51:22 Started transferring input files
	Transferring to host: <128.105.69.94:9618?addrs=128.105.69.94-9618+[2607-f388-2200-100-1270-fdff-fe56-3dcc]-9618&alias=e4005.chtc.wisc.edu&noUDP&sock=slot1_4_3648970_3759_4457>
...
040 (10038138.016.000) 2022-08-15 10:53:04 Finished transferring input files
...
001 (10038138.016.000) 2022-08-15 10:53:42 Job executing on host: <128.105.69.94:9618?addrs=128.105.69.94-9618+[2607-f388-2200-100-1270-fdff-fe56-3dcc]-9618&alias=e4005.chtc.wisc.edu&noUDP&sock=startd_194940_343d>
...
006 (10038138.016.000) 2022-08-15 10:53:52 Image size of job updated: 1
	1  -  MemoryUsage of job (MB)
	1180  -  ResidentSetSize of job (KB)
...
006 (10038138.016.000) 2022-08-15 10:56:53 Image size of job updated: 577
	577  -  MemoryUsage of job (MB)
	590940  -  ResidentSetSize of job (KB)
...
040 (10038138.016.000) 2022-08-15 10:56:53 Started transferring output files
...
040 (10038138.016.000) 2022-08-15 10:56:53 Finished transferring output files
...
005 (10038138.016.000) 2022-08-15 10:56:54 Job terminated.
	(1) Normal termination (return value 0)
		Usr 0 00:03:04, Sys 0 00:00:15  -  Run Remote Usage
		Usr 0 00:00:00, Sys 0 00:00:00  -  Run Local Usage
		Usr 0 00:03:04, Sys 0 00:00:15  -  Total Remote Usage
		Usr 0 00:00:00, Sys 0 00:00:00  -  Total Local Usage
	170502  -  Run Bytes Sent By Job
	7643974144  -  Run Bytes Received By Job
	170502  -  Total Bytes Sent By Job
	7643974144  -  Total Bytes Received By Job
	Partitionable Resources :    Usage  Request Allocated 
	   Cpus                 :        0        1         1 
	   Disk (KB)            :  8959161 20971520  22494605 
	   IoHeavy              :                           0 
	   Memory (MB)          :      577    10240     10240 

	Job terminated of its own accord at 2022-08-15T15:56:53Z with exit-code 0.
...
