000 (10038107.015.000) 2022-08-15 10:16:53 Job submitted from host: <128.104.101.92:9618?addrs=128.104.101.92-9618+[2607-f388-107c-501-a236-9fff-fe3c-caa8]-9618&alias=submit2.chtc.wisc.edu&noUDP&sock=schedd_4918_eadb>
...
040 (10038107.015.000) 2022-08-15 10:21:19 Entered queue to transfer input files
	Transferring to host: <128.105.69.151:9618?addrs=128.105.69.151-9618+[2607-f388-2200-100-1270-fdff-fe56-7334]-9618&alias=e2534.chtc.wisc.edu&noUDP&sock=slot2_5_44999_9dbf_7135>
...
040 (10038107.015.000) 2022-08-15 10:22:29 Started transferring input files
	Seconds spent in queue: 70
...
040 (10038107.015.000) 2022-08-15 10:24:43 Finished transferring input files
...
001 (10038107.015.000) 2022-08-15 10:24:45 Job executing on host: <128.105.69.151:9618?addrs=128.105.69.151-9618+[2607-f388-2200-100-1270-fdff-fe56-7334]-9618&alias=e2534.chtc.wisc.edu&noUDP&sock=startd_12431_35e3>
...
006 (10038107.015.000) 2022-08-15 10:24:54 Image size of job updated: 1
	1  -  MemoryUsage of job (MB)
	1172  -  ResidentSetSize of job (KB)
...
006 (10038107.015.000) 2022-08-15 10:29:54 Image size of job updated: 519
	519  -  MemoryUsage of job (MB)
	531496  -  ResidentSetSize of job (KB)
...
006 (10038107.015.000) 2022-08-15 10:34:54 Image size of job updated: 531
	531  -  MemoryUsage of job (MB)
	544000  -  ResidentSetSize of job (KB)
...
006 (10038107.015.000) 2022-08-15 10:39:58 Image size of job updated: 537
	537  -  MemoryUsage of job (MB)
	550280  -  ResidentSetSize of job (KB)
...
006 (10038107.015.000) 2022-08-15 10:41:28 Image size of job updated: 537
	537  -  MemoryUsage of job (MB)
	550796  -  ResidentSetSize of job (KB)
...
004 (10038107.015.000) 2022-08-15 10:42:25 Job was evicted.
	(0) CPU times
		Usr 0 00:15:01, Sys 0 00:00:14  -  Run Remote Usage
		Usr 0 00:00:00, Sys 0 00:00:00  -  Run Local Usage
	0  -  Run Bytes Sent By Job
	7643968512  -  Run Bytes Received By Job
	Partitionable Resources :       Usage  Request Allocated 
	   Cpus                 :        0.00        1         1 
	   Disk (KB)            : 19754065    20971520  21747553 
	   IoHeavy              :                              0 
	   Memory (MB)          :      537       10240     10240 
...
009 (10038107.015.000) 2022-08-15 10:42:40 Job was aborted.
	via condor_rm (by user zpan52)
...
