000 (10038099.011.000) 2022-08-15 09:43:08 Job submitted from host: <128.104.101.92:9618?addrs=128.104.101.92-9618+[2607-f388-107c-501-a236-9fff-fe3c-caa8]-9618&alias=submit2.chtc.wisc.edu&noUDP&sock=schedd_4918_eadb>
...
040 (10038099.011.000) 2022-08-15 09:44:33 Started transferring input files
	Transferring to host: <128.105.69.151:9618?addrs=128.105.69.151-9618+[2607-f388-2200-100-1270-fdff-fe56-7334]-9618&alias=e2534.chtc.wisc.edu&noUDP&sock=slot2_1_44999_9dbf_7066>
...
040 (10038099.011.000) 2022-08-15 09:45:14 Finished transferring input files
...
001 (10038099.011.000) 2022-08-15 09:45:15 Job executing on host: <128.105.69.151:9618?addrs=128.105.69.151-9618+[2607-f388-2200-100-1270-fdff-fe56-7334]-9618&alias=e2534.chtc.wisc.edu&noUDP&sock=startd_12431_35e3>
...
006 (10038099.011.000) 2022-08-15 09:45:23 Image size of job updated: 1
	1  -  MemoryUsage of job (MB)
	1188  -  ResidentSetSize of job (KB)
...
006 (10038099.011.000) 2022-08-15 09:47:09 Image size of job updated: 952
	952  -  MemoryUsage of job (MB)
	975348  -  ResidentSetSize of job (KB)
...
040 (10038099.011.000) 2022-08-15 09:47:09 Started transferring output files
...
040 (10038099.011.000) 2022-08-15 09:47:09 Finished transferring output files
...
005 (10038099.011.000) 2022-08-15 09:47:11 Job terminated.
	(1) Normal termination (return value 0)
		Usr 0 00:01:49, Sys 0 00:00:13  -  Run Remote Usage
		Usr 0 00:00:00, Sys 0 00:00:00  -  Run Local Usage
		Usr 0 00:01:49, Sys 0 00:00:13  -  Total Remote Usage
		Usr 0 00:00:00, Sys 0 00:00:00  -  Total Local Usage
	164826  -  Run Bytes Sent By Job
	7643967488  -  Run Bytes Received By Job
	164826  -  Total Bytes Sent By Job
	7643967488  -  Total Bytes Received By Job
	Partitionable Resources :    Usage  Request Allocated 
	   Cpus                 :        0        1         1 
	   Disk (KB)            :  8785395 10485760  12081974 
	   IoHeavy              :                           0 
	   Memory (MB)          :      952    10240     10240 

	Job terminated of its own accord at 2022-08-15T14:47:09Z with exit-code 0.
...
