000 (10038087.004.000) 2022-08-15 09:04:00 Job submitted from host: <128.104.101.92:9618?addrs=128.104.101.92-9618+[2607-f388-107c-501-a236-9fff-fe3c-caa8]-9618&alias=submit2.chtc.wisc.edu&noUDP&sock=schedd_4918_eadb>
...
040 (10038087.004.000) 2022-08-15 09:05:12 Entered queue to transfer input files
	Transferring to host: <128.105.69.96:9618?addrs=128.105.69.96-9618+[2607-f388-2200-100-1270-fdff-fe56-c75c]-9618&alias=e4007.chtc.wisc.edu&noUDP&sock=slot1_2_3816229_500b_11459>
...
040 (10038087.004.000) 2022-08-15 09:06:48 Started transferring input files
	Seconds spent in queue: 96
...
040 (10038087.004.000) 2022-08-15 09:07:00 Finished transferring input files
...
004 (10038087.004.000) 2022-08-15 09:07:01 Job was evicted.
	(0) CPU times
		Usr 0 00:00:00, Sys 0 00:00:00  -  Run Remote Usage
		Usr 0 00:00:00, Sys 0 00:00:00  -  Run Local Usage
	0  -  Run Bytes Sent By Job
	718209664  -  Run Bytes Received By Job
	Partitionable Resources :    Usage  Request Allocated 
	   Cpus                 :        0        1         1 
	   Disk (KB)            :  1084110  4194304   5998562 
	   IoHeavy              :                           0 
	   Memory (MB)          :              4096      4096 
...
009 (10038087.004.000) 2022-08-15 09:07:03 Job was aborted.
	via condor_rm (by user zpan52)
...
