000 (10038142.011.000) 2022-08-15 10:53:04 Job submitted from host: <128.104.101.92:9618?addrs=128.104.101.92-9618+[2607-f388-107c-501-a236-9fff-fe3c-caa8]-9618&alias=submit2.chtc.wisc.edu&noUDP&sock=schedd_4918_eadb>
...
040 (10038142.011.000) 2022-08-15 10:54:38 Entered queue to transfer input files
	Transferring to host: <128.105.69.96:9618?addrs=128.105.69.96-9618+[2607-f388-2200-100-1270-fdff-fe56-c75c]-9618&alias=e4007.chtc.wisc.edu&noUDP&sock=slot1_7_3816229_500b_11638>
...
040 (10038142.011.000) 2022-08-15 10:55:55 Started transferring input files
	Seconds spent in queue: 77
...
040 (10038142.011.000) 2022-08-15 10:56:47 Finished transferring input files
...
001 (10038142.011.000) 2022-08-15 10:56:48 Job executing on host: <128.105.69.96:9618?addrs=128.105.69.96-9618+[2607-f388-2200-100-1270-fdff-fe56-c75c]-9618&alias=e4007.chtc.wisc.edu&noUDP&sock=startd_194327_bcaf>
...
040 (10038142.011.000) 2022-08-15 10:56:49 Started transferring output files
	Seconds spent in queue: 131
...
040 (10038142.011.000) 2022-08-15 10:56:49 Finished transferring output files
...
005 (10038142.011.000) 2022-08-15 10:56:50 Job terminated.
	(1) Normal termination (return value 1)
		Usr 0 00:00:00, Sys 0 00:00:00  -  Run Remote Usage
		Usr 0 00:00:00, Sys 0 00:00:00  -  Run Local Usage
		Usr 0 00:00:00, Sys 0 00:00:00  -  Total Remote Usage
		Usr 0 00:00:00, Sys 0 00:00:00  -  Total Local Usage
	22  -  Run Bytes Sent By Job
	7643974656  -  Run Bytes Received By Job
	22  -  Total Bytes Sent By Job
	7643974656  -  Total Bytes Received By Job
	Partitionable Resources :      Usage  Request Allocated 
	   Cpus                 :       0.17        1         1 
	   Disk (KB)            : 7464832    20971520  22494605 
	   IoHeavy              :                             0 
	   Memory (MB)          :               10240     10240 

	Job terminated of its own accord at 2022-08-15T15:56:49Z with exit-code 1.
...
