000 (10038100.004.000) 2022-08-15 09:54:00 Job submitted from host: <128.104.101.92:9618?addrs=128.104.101.92-9618+[2607-f388-107c-501-a236-9fff-fe3c-caa8]-9618&alias=submit2.chtc.wisc.edu&noUDP&sock=schedd_4918_eadb>
...
040 (10038100.004.000) 2022-08-15 09:54:36 Started transferring input files
	Transferring to host: <128.105.69.105:9618?addrs=128.105.69.105-9618+[2607-f388-2200-100-1270-fdff-fe56-460c]-9618&alias=e2488.chtc.wisc.edu&noUDP&sock=slot2_12_46685_8e44_12184>
...
040 (10038100.004.000) 2022-08-15 09:56:07 Finished transferring input files
...
001 (10038100.004.000) 2022-08-15 09:56:08 Job executing on host: <128.105.69.105:9618?addrs=128.105.69.105-9618+[2607-f388-2200-100-1270-fdff-fe56-460c]-9618&alias=e2488.chtc.wisc.edu&noUDP&sock=startd_12657_3a4b>
...
006 (10038100.004.000) 2022-08-15 09:56:17 Image size of job updated: 1
	1  -  MemoryUsage of job (MB)
	1176  -  ResidentSetSize of job (KB)
...
006 (10038100.004.000) 2022-08-15 10:01:18 Image size of job updated: 594
	594  -  MemoryUsage of job (MB)
	608332  -  ResidentSetSize of job (KB)
...
006 (10038100.004.000) 2022-08-15 10:06:19 Image size of job updated: 601
	601  -  MemoryUsage of job (MB)
	615812  -  ResidentSetSize of job (KB)
...
006 (10038100.004.000) 2022-08-15 10:11:20 Image size of job updated: 602
	602  -  MemoryUsage of job (MB)
	617364  -  ResidentSetSize of job (KB)
...
006 (10038100.004.000) 2022-08-15 10:16:20 Image size of job updated: 604
	604  -  MemoryUsage of job (MB)
	618928  -  ResidentSetSize of job (KB)
...
006 (10038100.004.000) 2022-08-15 10:21:21 Image size of job updated: 605
	605  -  MemoryUsage of job (MB)
	620452  -  ResidentSetSize of job (KB)
...
006 (10038100.004.000) 2022-08-15 10:26:22 Image size of job updated: 607
	607  -  MemoryUsage of job (MB)
	621964  -  ResidentSetSize of job (KB)
...
006 (10038100.004.000) 2022-08-15 10:31:22 Image size of job updated: 608
	608  -  MemoryUsage of job (MB)
	623552  -  ResidentSetSize of job (KB)
...
006 (10038100.004.000) 2022-08-15 10:36:23 Image size of job updated: 610
	610  -  MemoryUsage of job (MB)
	625084  -  ResidentSetSize of job (KB)
...
006 (10038100.004.000) 2022-08-15 10:41:26 Image size of job updated: 614
	614  -  MemoryUsage of job (MB)
	628968  -  ResidentSetSize of job (KB)
...
006 (10038100.004.000) 2022-08-15 10:46:23 Image size of job updated: 615
	615  -  MemoryUsage of job (MB)
	630444  -  ResidentSetSize of job (KB)
...
006 (10038100.004.000) 2022-08-15 10:51:24 Image size of job updated: 617
	617  -  MemoryUsage of job (MB)
	631884  -  ResidentSetSize of job (KB)
...
006 (10038100.004.000) 2022-08-15 10:56:24 Image size of job updated: 618
	618  -  MemoryUsage of job (MB)
	633340  -  ResidentSetSize of job (KB)
...
006 (10038100.004.000) 2022-08-15 11:01:25 Image size of job updated: 619
	619  -  MemoryUsage of job (MB)
	634816  -  ResidentSetSize of job (KB)
...
006 (10038100.004.000) 2022-08-15 11:06:25 Image size of job updated: 621
	621  -  MemoryUsage of job (MB)
	636200  -  ResidentSetSize of job (KB)
...
006 (10038100.004.000) 2022-08-15 11:11:26 Image size of job updated: 622
	622  -  MemoryUsage of job (MB)
	637676  -  ResidentSetSize of job (KB)
...
006 (10038100.004.000) 2022-08-15 11:16:26 Image size of job updated: 624
	624  -  MemoryUsage of job (MB)
	639136  -  ResidentSetSize of job (KB)
...
006 (10038100.004.000) 2022-08-15 11:21:27 Image size of job updated: 625
	625  -  MemoryUsage of job (MB)
	640568  -  ResidentSetSize of job (KB)
...
