000 (10038105.003.000) 2022-08-15 10:16:32 Job submitted from host: <128.104.101.92:9618?addrs=128.104.101.92-9618+[2607-f388-107c-501-a236-9fff-fe3c-caa8]-9618&alias=submit2.chtc.wisc.edu&noUDP&sock=schedd_4918_eadb>
...
040 (10038105.003.000) 2022-08-15 10:17:31 Entered queue to transfer input files
	Transferring to host: <128.105.69.93:9618?addrs=128.105.69.93-9618+[2607-f388-2200-100-1270-fdff-fe56-ba3c]-9618&alias=e4004.chtc.wisc.edu&noUDP&sock=slot1_2_1393925_0345_12026>
...
040 (10038105.003.000) 2022-08-15 10:20:07 Started transferring input files
	Seconds spent in queue: 156
...
040 (10038105.003.000) 2022-08-15 10:21:42 Finished transferring input files
...
001 (10038105.003.000) 2022-08-15 10:21:43 Job executing on host: <128.105.69.93:9618?addrs=128.105.69.93-9618+[2607-f388-2200-100-1270-fdff-fe56-ba3c]-9618&alias=e4004.chtc.wisc.edu&noUDP&sock=startd_193956_430c>
...
006 (10038105.003.000) 2022-08-15 10:21:52 Image size of job updated: 1
	1  -  MemoryUsage of job (MB)
	1180  -  ResidentSetSize of job (KB)
...
006 (10038105.003.000) 2022-08-15 10:26:53 Image size of job updated: 779
	779  -  MemoryUsage of job (MB)
	797856  -  ResidentSetSize of job (KB)
...
006 (10038105.003.000) 2022-08-15 10:31:54 Image size of job updated: 809
	809  -  MemoryUsage of job (MB)
	828424  -  ResidentSetSize of job (KB)
...
006 (10038105.003.000) 2022-08-15 10:36:54 Image size of job updated: 863
	863  -  MemoryUsage of job (MB)
	884632  -  ResidentSetSize of job (KB)
...
006 (10038105.003.000) 2022-08-15 10:41:55 Image size of job updated: 877
	877  -  MemoryUsage of job (MB)
	898856  -  ResidentSetSize of job (KB)
...
006 (10038105.003.000) 2022-08-15 10:46:55 Image size of job updated: 877
	877  -  MemoryUsage of job (MB)
	898872  -  ResidentSetSize of job (KB)
...
006 (10038105.003.000) 2022-08-15 10:52:00 Image size of job updated: 887
	887  -  MemoryUsage of job (MB)
	909064  -  ResidentSetSize of job (KB)
...
006 (10038105.003.000) 2022-08-15 10:56:57 Image size of job updated: 891
	891  -  MemoryUsage of job (MB)
	913392  -  ResidentSetSize of job (KB)
...
006 (10038105.003.000) 2022-08-15 11:01:58 Image size of job updated: 894
	894  -  MemoryUsage of job (MB)
	915532  -  ResidentSetSize of job (KB)
...
006 (10038105.003.000) 2022-08-15 11:06:58 Image size of job updated: 917
	917  -  MemoryUsage of job (MB)
	939296  -  ResidentSetSize of job (KB)
...
