000 (10038148.013.000) 2022-08-15 11:16:00 Job submitted from host: <128.104.101.92:9618?addrs=128.104.101.92-9618+[2607-f388-107c-501-a236-9fff-fe3c-caa8]-9618&alias=submit2.chtc.wisc.edu&noUDP&sock=schedd_4918_eadb>
...
040 (10038148.013.000) 2022-08-15 11:17:12 Started transferring input files
	Transferring to host: <128.105.69.100:9618?addrs=128.105.69.100-9618+[2607-f388-2200-100-1270-fdff-fe56-4634]-9618&alias=e4011.chtc.wisc.edu&noUDP&sock=slot1_3_3928291_2118_6318>
...
040 (10038148.013.000) 2022-08-15 11:17:52 Finished transferring input files
...
001 (10038148.013.000) 2022-08-15 11:17:53 Job executing on host: <128.105.69.100:9618?addrs=128.105.69.100-9618+[2607-f388-2200-100-1270-fdff-fe56-4634]-9618&alias=e4011.chtc.wisc.edu&noUDP&sock=startd_3928221_72f6>
...
006 (10038148.013.000) 2022-08-15 11:18:02 Image size of job updated: 1
	1  -  MemoryUsage of job (MB)
	1184  -  ResidentSetSize of job (KB)
...
006 (10038148.013.000) 2022-08-15 11:19:48 Image size of job updated: 538
	538  -  MemoryUsage of job (MB)
	551084  -  ResidentSetSize of job (KB)
...
040 (10038148.013.000) 2022-08-15 11:19:49 Started transferring output files
...
040 (10038148.013.000) 2022-08-15 11:19:49 Finished transferring output files
...
005 (10038148.013.000) 2022-08-15 11:19:52 Job terminated.
	(1) Normal termination (return value 0)
		Usr 0 00:00:03, Sys 0 00:00:00  -  Run Remote Usage
		Usr 0 00:00:00, Sys 0 00:00:00  -  Run Local Usage
		Usr 0 00:00:03, Sys 0 00:00:00  -  Total Remote Usage
		Usr 0 00:00:00, Sys 0 00:00:00  -  Total Local Usage
	162192  -  Run Bytes Sent By Job
	7643973120  -  Run Bytes Received By Job
	162192  -  Total Bytes Sent By Job
	7643973120  -  Total Bytes Received By Job
	Partitionable Resources :      Usage  Request Allocated 
	   Cpus                 :       0.00        1         1 
	   Disk (KB)            : 8877690    20971520  22494605 
	   IoHeavy              :                             0 
	   Memory (MB)          :     538       10240     10240 

	Job terminated of its own accord at 2022-08-15T16:19:48Z with exit-code 0.
...
