000 (10038104.009.000) 2022-08-15 10:16:22 Job submitted from host: <128.104.101.92:9618?addrs=128.104.101.92-9618+[2607-f388-107c-501-a236-9fff-fe3c-caa8]-9618&alias=submit2.chtc.wisc.edu&noUDP&sock=schedd_4918_eadb>
...
040 (10038104.009.000) 2022-08-15 10:17:31 Entered queue to transfer input files
	Transferring to host: <128.105.69.166:9618?addrs=128.105.69.166-9618+[2607-f388-2200-100-1270-fdff-fe56-717c]-9618&alias=e2549.chtc.wisc.edu&noUDP&sock=slot2_3_153167_c1ee_3138>
...
040 (10038104.009.000) 2022-08-15 10:20:07 Started transferring input files
	Seconds spent in queue: 156
...
040 (10038104.009.000) 2022-08-15 10:22:28 Finished transferring input files
...
001 (10038104.009.000) 2022-08-15 10:22:58 Job executing on host: <128.105.69.166:9618?addrs=128.105.69.166-9618+[2607-f388-2200-100-1270-fdff-fe56-717c]-9618&alias=e2549.chtc.wisc.edu&noUDP&sock=startd_12525_afcb>
...
006 (10038104.009.000) 2022-08-15 10:23:07 Image size of job updated: 1
	1  -  MemoryUsage of job (MB)
	1180  -  ResidentSetSize of job (KB)
...
006 (10038104.009.000) 2022-08-15 10:25:21 Image size of job updated: 1041
	1041  -  MemoryUsage of job (MB)
	1066156  -  ResidentSetSize of job (KB)
...
040 (10038104.009.000) 2022-08-15 10:25:56 Started transferring output files
	Seconds spent in queue: 505
...
040 (10038104.009.000) 2022-08-15 10:26:19 Finished transferring output files
...
005 (10038104.009.000) 2022-08-15 10:26:42 Job terminated.
	(1) Normal termination (return value 0)
		Usr 0 00:02:15, Sys 0 00:00:16  -  Run Remote Usage
		Usr 0 00:00:00, Sys 0 00:00:00  -  Run Local Usage
		Usr 0 00:02:15, Sys 0 00:00:16  -  Total Remote Usage
		Usr 0 00:00:00, Sys 0 00:00:00  -  Total Local Usage
	167023  -  Run Bytes Sent By Job
	7643968512  -  Run Bytes Received By Job
	167023  -  Total Bytes Sent By Job
	7643968512  -  Total Bytes Received By Job
	Partitionable Resources :    Usage  Request Allocated 
	   Cpus                 :        0        1         1 
	   Disk (KB)            :  8775986 20971520  21747553 
	   IoHeavy              :                           0 
	   Memory (MB)          :     1041    10240     10240 

	Job terminated of its own accord at 2022-08-15T15:25:21Z with exit-code 0.
...
