000 (10038100.020.000) 2022-08-15 09:54:00 Job submitted from host: <128.104.101.92:9618?addrs=128.104.101.92-9618+[2607-f388-107c-501-a236-9fff-fe3c-caa8]-9618&alias=submit2.chtc.wisc.edu&noUDP&sock=schedd_4918_eadb>
...
040 (10038100.020.000) 2022-08-15 09:54:45 Started transferring input files
	Transferring to host: <128.105.69.96:9618?addrs=128.105.69.96-9618+[2607-f388-2200-100-1270-fdff-fe56-c75c]-9618&alias=e4007.chtc.wisc.edu&noUDP&sock=slot1_1_3816229_500b_11541>
...
040 (10038100.020.000) 2022-08-15 09:56:13 Finished transferring input files
...
001 (10038100.020.000) 2022-08-15 09:56:14 Job executing on host: <128.105.69.96:9618?addrs=128.105.69.96-9618+[2607-f388-2200-100-1270-fdff-fe56-c75c]-9618&alias=e4007.chtc.wisc.edu&noUDP&sock=startd_194327_bcaf>
...
006 (10038100.020.000) 2022-08-15 09:56:23 Image size of job updated: 1
	1  -  MemoryUsage of job (MB)
	1184  -  ResidentSetSize of job (KB)
...
006 (10038100.020.000) 2022-08-15 10:01:24 Image size of job updated: 556
	556  -  MemoryUsage of job (MB)
	569712  -  ResidentSetSize of job (KB)
...
006 (10038100.020.000) 2022-08-15 10:06:25 Image size of job updated: 565
	565  -  MemoryUsage of job (MB)
	579356  -  ResidentSetSize of job (KB)
...
006 (10038100.020.000) 2022-08-15 10:11:26 Image size of job updated: 571
	571  -  MemoryUsage of job (MB)
	585080  -  ResidentSetSize of job (KB)
...
006 (10038100.020.000) 2022-08-15 10:16:27 Image size of job updated: 592
	592  -  MemoryUsage of job (MB)
	606984  -  ResidentSetSize of job (KB)
...
006 (10038100.020.000) 2022-08-15 10:21:28 Image size of job updated: 593
	593  -  MemoryUsage of job (MB)
	607528  -  ResidentSetSize of job (KB)
...
006 (10038100.020.000) 2022-08-15 10:26:30 Image size of job updated: 595
	595  -  MemoryUsage of job (MB)
	609424  -  ResidentSetSize of job (KB)
...
006 (10038100.020.000) 2022-08-15 10:31:29 Image size of job updated: 595
	595  -  MemoryUsage of job (MB)
	609480  -  ResidentSetSize of job (KB)
...
006 (10038100.020.000) 2022-08-15 10:36:30 Image size of job updated: 596
	596  -  MemoryUsage of job (MB)
	610408  -  ResidentSetSize of job (KB)
...
006 (10038100.020.000) 2022-08-15 10:42:04 Image size of job updated: 596
	596  -  MemoryUsage of job (MB)
	610488  -  ResidentSetSize of job (KB)
...
006 (10038100.020.000) 2022-08-15 10:46:32 Image size of job updated: 598
	598  -  MemoryUsage of job (MB)
	613276  -  ResidentSetSize of job (KB)
...
006 (10038100.020.000) 2022-08-15 10:51:32 Image size of job updated: 599
	599  -  MemoryUsage of job (MB)
	613520  -  ResidentSetSize of job (KB)
...
006 (10038100.020.000) 2022-08-15 10:56:32 Image size of job updated: 599
	599  -  MemoryUsage of job (MB)
	613576  -  ResidentSetSize of job (KB)
...
006 (10038100.020.000) 2022-08-15 11:01:32 Image size of job updated: 599
	599  -  MemoryUsage of job (MB)
	613664  -  ResidentSetSize of job (KB)
...
006 (10038100.020.000) 2022-08-15 11:06:33 Image size of job updated: 600
	600  -  MemoryUsage of job (MB)
	614460  -  ResidentSetSize of job (KB)
...
