000 (10038148.011.000) 2022-08-15 11:16:00 Job submitted from host: <128.104.101.92:9618?addrs=128.104.101.92-9618+[2607-f388-107c-501-a236-9fff-fe3c-caa8]-9618&alias=submit2.chtc.wisc.edu&noUDP&sock=schedd_4918_eadb>
...
040 (10038148.011.000) 2022-08-15 11:17:11 Started transferring input files
	Transferring to host: <128.105.69.95:9618?addrs=128.105.69.95-9618+[2607-f388-2200-100-1270-fdff-fe56-bff4]-9618&alias=e4006.chtc.wisc.edu&noUDP&sock=slot1_3_1266464_3525_20298>
...
040 (10038148.011.000) 2022-08-15 11:18:56 Finished transferring input files
...
001 (10038148.011.000) 2022-08-15 11:18:57 Job executing on host: <128.105.69.95:9618?addrs=128.105.69.95-9618+[2607-f388-2200-100-1270-fdff-fe56-bff4]-9618&alias=e4006.chtc.wisc.edu&noUDP&sock=startd_193735_ac9e>
...
006 (10038148.011.000) 2022-08-15 11:19:05 Image size of job updated: 1
	1  -  MemoryUsage of job (MB)
	1176  -  ResidentSetSize of job (KB)
...
006 (10038148.011.000) 2022-08-15 11:20:45 Image size of job updated: 959
	959  -  MemoryUsage of job (MB)
	982028  -  ResidentSetSize of job (KB)
...
040 (10038148.011.000) 2022-08-15 11:20:45 Started transferring output files
...
040 (10038148.011.000) 2022-08-15 11:20:46 Finished transferring output files
...
005 (10038148.011.000) 2022-08-15 11:20:46 Job terminated.
	(1) Normal termination (return value 0)
		Usr 0 00:00:03, Sys 0 00:00:00  -  Run Remote Usage
		Usr 0 00:00:00, Sys 0 00:00:00  -  Run Local Usage
		Usr 0 00:00:03, Sys 0 00:00:00  -  Total Remote Usage
		Usr 0 00:00:00, Sys 0 00:00:00  -  Total Local Usage
	166006  -  Run Bytes Sent By Job
	7643973120  -  Run Bytes Received By Job
	166006  -  Total Bytes Sent By Job
	7643973120  -  Total Bytes Received By Job
	Partitionable Resources :      Usage  Request Allocated 
	   Cpus                 :       0.14        1         1 
	   Disk (KB)            : 8745880    20971520  22494605 
	   IoHeavy              :                             0 
	   Memory (MB)          :     959       10240     10240 

	Job terminated of its own accord at 2022-08-15T16:20:45Z with exit-code 0.
...
