000 (10038103.001.000) 2022-08-15 10:16:11 Job submitted from host: <128.104.101.92:9618?addrs=128.104.101.92-9618+[2607-f388-107c-501-a236-9fff-fe3c-caa8]-9618&alias=submit2.chtc.wisc.edu&noUDP&sock=schedd_4918_eadb>
...
040 (10038103.001.000) 2022-08-15 10:17:06 Started transferring input files
	Transferring to host: <128.105.69.89:9618?addrs=128.105.69.89-9618+[2607-f388-2200-100-1270-fdff-fe56-41cc]-9618&alias=e4000.chtc.wisc.edu&noUDP&sock=slot2_2_1291867_eb4e_7236>
...
040 (10038103.001.000) 2022-08-15 10:18:41 Finished transferring input files
...
001 (10038103.001.000) 2022-08-15 10:21:10 Job executing on host: <128.105.69.89:9618?addrs=128.105.69.89-9618+[2607-f388-2200-100-1270-fdff-fe56-41cc]-9618&alias=e4000.chtc.wisc.edu&noUDP&sock=startd_12141_4b6c>
...
006 (10038103.001.000) 2022-08-15 10:21:19 Image size of job updated: 1
	1  -  MemoryUsage of job (MB)
	1172  -  ResidentSetSize of job (KB)
...
006 (10038103.001.000) 2022-08-15 10:26:19 Image size of job updated: 1298
	1298  -  MemoryUsage of job (MB)
	1329444  -  ResidentSetSize of job (KB)
...
006 (10038103.001.000) 2022-08-15 10:31:19 Image size of job updated: 1303
	1303  -  MemoryUsage of job (MB)
	1334700  -  ResidentSetSize of job (KB)
...
006 (10038103.001.000) 2022-08-15 10:36:19 Image size of job updated: 1308
	1308  -  MemoryUsage of job (MB)
	1339744  -  ResidentSetSize of job (KB)
...
006 (10038103.001.000) 2022-08-15 10:41:19 Image size of job updated: 1313
	1313  -  MemoryUsage of job (MB)
	1344780  -  ResidentSetSize of job (KB)
...
006 (10038103.001.000) 2022-08-15 10:46:20 Image size of job updated: 1319
	1319  -  MemoryUsage of job (MB)
	1351088  -  ResidentSetSize of job (KB)
...
006 (10038103.001.000) 2022-08-15 10:51:20 Image size of job updated: 1324
	1324  -  MemoryUsage of job (MB)
	1356124  -  ResidentSetSize of job (KB)
...
006 (10038103.001.000) 2022-08-15 10:56:20 Image size of job updated: 1329
	1329  -  MemoryUsage of job (MB)
	1361088  -  ResidentSetSize of job (KB)
...
006 (10038103.001.000) 2022-08-15 11:01:21 Image size of job updated: 1334
	1334  -  MemoryUsage of job (MB)
	1366200  -  ResidentSetSize of job (KB)
...
006 (10038103.001.000) 2022-08-15 11:06:21 Image size of job updated: 1356
	1356  -  MemoryUsage of job (MB)
	1388988  -  ResidentSetSize of job (KB)
...
