000 (10038108.017.000) 2022-08-15 10:17:00 Job submitted from host: <128.104.101.92:9618?addrs=128.104.101.92-9618+[2607-f388-107c-501-a236-9fff-fe3c-caa8]-9618&alias=submit2.chtc.wisc.edu&noUDP&sock=schedd_4918_eadb>
...
040 (10038108.017.000) 2022-08-15 10:21:17 Entered queue to transfer input files
	Transferring to host: <128.105.69.98:9618?addrs=128.105.69.98-9618+[2607-f388-2200-100-1270-fdff-fe56-45f4]-9618&alias=e4009.chtc.wisc.edu&noUDP&sock=slot1_8_2598332_b335_19933>
...
040 (10038108.017.000) 2022-08-15 10:24:41 Started transferring input files
	Seconds spent in queue: 204
...
040 (10038108.017.000) 2022-08-15 10:27:59 Finished transferring input files
...
001 (10038108.017.000) 2022-08-15 10:28:00 Job executing on host: <128.105.69.98:9618?addrs=128.105.69.98-9618+[2607-f388-2200-100-1270-fdff-fe56-45f4]-9618&alias=e4009.chtc.wisc.edu&noUDP&sock=startd_2598266_f0a2>
...
006 (10038108.017.000) 2022-08-15 10:28:08 Image size of job updated: 1
	1  -  MemoryUsage of job (MB)
	1172  -  ResidentSetSize of job (KB)
...
006 (10038108.017.000) 2022-08-15 10:33:08 Image size of job updated: 444
	444  -  MemoryUsage of job (MB)
	455312  -  ResidentSetSize of job (KB)
...
004 (10038108.017.000) 2022-08-15 10:42:34 Job was evicted.
	(0) CPU times
		Usr 0 00:13:17, Sys 0 00:00:15  -  Run Remote Usage
		Usr 0 00:00:00, Sys 0 00:00:00  -  Run Local Usage
	0  -  Run Bytes Sent By Job
	7643968512  -  Run Bytes Received By Job
	Partitionable Resources :       Usage  Request Allocated 
	   Cpus                 :        0.00        1         1 
	   Disk (KB)            : 19754063    20971520  22494605 
	   IoHeavy              :                              0 
	   Memory (MB)          :      444       10240     10240 
...
009 (10038108.017.000) 2022-08-15 10:43:01 Job was aborted.
	via condor_rm (by user zpan52)
...
