000 (10038105.001.000) 2022-08-15 10:16:32 Job submitted from host: <128.104.101.92:9618?addrs=128.104.101.92-9618+[2607-f388-107c-501-a236-9fff-fe3c-caa8]-9618&alias=submit2.chtc.wisc.edu&noUDP&sock=schedd_4918_eadb>
...
040 (10038105.001.000) 2022-08-15 10:17:31 Entered queue to transfer input files
	Transferring to host: <128.105.69.94:9618?addrs=128.105.69.94-9618+[2607-f388-2200-100-1270-fdff-fe56-3dcc]-9618&alias=e4005.chtc.wisc.edu&noUDP&sock=slot1_2_3648970_3759_4393>
...
040 (10038105.001.000) 2022-08-15 10:20:07 Started transferring input files
	Seconds spent in queue: 156
...
040 (10038105.001.000) 2022-08-15 10:22:28 Finished transferring input files
...
001 (10038105.001.000) 2022-08-15 10:22:58 Job executing on host: <128.105.69.94:9618?addrs=128.105.69.94-9618+[2607-f388-2200-100-1270-fdff-fe56-3dcc]-9618&alias=e4005.chtc.wisc.edu&noUDP&sock=startd_194940_343d>
...
006 (10038105.001.000) 2022-08-15 10:23:07 Image size of job updated: 1
	1  -  MemoryUsage of job (MB)
	1172  -  ResidentSetSize of job (KB)
...
006 (10038105.001.000) 2022-08-15 10:28:07 Image size of job updated: 1301
	1301  -  MemoryUsage of job (MB)
	1333144  -  ResidentSetSize of job (KB)
...
006 (10038105.001.000) 2022-08-15 10:33:07 Image size of job updated: 1310
	1310  -  MemoryUsage of job (MB)
	1341616  -  ResidentSetSize of job (KB)
...
006 (10038105.001.000) 2022-08-15 10:38:08 Image size of job updated: 1319
	1319  -  MemoryUsage of job (MB)
	1351672  -  ResidentSetSize of job (KB)
...
006 (10038105.001.000) 2022-08-15 10:43:08 Image size of job updated: 1330
	1330  -  MemoryUsage of job (MB)
	1362228  -  ResidentSetSize of job (KB)
...
006 (10038105.001.000) 2022-08-15 10:48:09 Image size of job updated: 1350
	1350  -  MemoryUsage of job (MB)
	1383408  -  ResidentSetSize of job (KB)
...
006 (10038105.001.000) 2022-08-15 10:53:16 Image size of job updated: 1403
	1403  -  MemoryUsage of job (MB)
	1437276  -  ResidentSetSize of job (KB)
...
006 (10038105.001.000) 2022-08-15 10:58:10 Image size of job updated: 1475
	1475  -  MemoryUsage of job (MB)
	1510684  -  ResidentSetSize of job (KB)
...
006 (10038105.001.000) 2022-08-15 11:03:10 Image size of job updated: 1485
	1485  -  MemoryUsage of job (MB)
	1521028  -  ResidentSetSize of job (KB)
...
006 (10038105.001.000) 2022-08-15 11:08:10 Image size of job updated: 1494
	1494  -  MemoryUsage of job (MB)
	1529920  -  ResidentSetSize of job (KB)
...
