000 (10038139.000.000) 2022-08-15 10:50:36 Job submitted from host: <128.104.101.92:9618?addrs=128.104.101.92-9618+[2607-f388-107c-501-a236-9fff-fe3c-caa8]-9618&alias=submit2.chtc.wisc.edu&noUDP&sock=schedd_4918_eadb>
...
040 (10038139.000.000) 2022-08-15 10:51:22 Started transferring input files
	Transferring to host: <128.105.69.91:9618?addrs=128.105.69.91-9618+[2607-f388-2200-100-1270-fdff-fe56-41c4]-9618&alias=e4002.chtc.wisc.edu&noUDP&sock=slot1_2_3091224_b401_6251>
...
040 (10038139.000.000) 2022-08-15 10:55:18 Finished transferring input files
...
001 (10038139.000.000) 2022-08-15 10:55:29 Job executing on host: <128.105.69.91:9618?addrs=128.105.69.91-9618+[2607-f388-2200-100-1270-fdff-fe56-41c4]-9618&alias=e4002.chtc.wisc.edu&noUDP&sock=startd_3091164_f871>
...
006 (10038139.000.000) 2022-08-15 10:55:37 Image size of job updated: 1
	1  -  MemoryUsage of job (MB)
	1184  -  ResidentSetSize of job (KB)
...
006 (10038139.000.000) 2022-08-15 11:00:37 Image size of job updated: 450
	450  -  MemoryUsage of job (MB)
	461208  -  ResidentSetSize of job (KB)
...
004 (10038139.000.000) 2022-08-15 11:09:13 Job was evicted.
	(0) CPU times
		Usr 0 00:13:35, Sys 0 00:00:15  -  Run Remote Usage
		Usr 0 00:00:00, Sys 0 00:00:00  -  Run Local Usage
	0  -  Run Bytes Sent By Job
	7643974144  -  Run Bytes Received By Job
	Partitionable Resources :       Usage  Request Allocated 
	   Cpus                 :        0.00        1         1 
	   Disk (KB)            : 19754070    20971520  22494605 
	   IoHeavy              :                              0 
	   Memory (MB)          :      450       10240     10240 
...
009 (10038139.000.000) 2022-08-15 11:09:13 Job was aborted.
	via condor_rm (by user zpan52)
...
