000 (10038104.010.000) 2022-08-15 10:16:22 Job submitted from host: <128.104.101.92:9618?addrs=128.104.101.92-9618+[2607-f388-107c-501-a236-9fff-fe3c-caa8]-9618&alias=submit2.chtc.wisc.edu&noUDP&sock=schedd_4918_eadb>
...
040 (10038104.010.000) 2022-08-15 10:17:31 Entered queue to transfer input files
	Transferring to host: <128.105.69.151:9618?addrs=128.105.69.151-9618+[2607-f388-2200-100-1270-fdff-fe56-7334]-9618&alias=e2534.chtc.wisc.edu&noUDP&sock=slot2_2_44999_9dbf_7132>
...
040 (10038104.010.000) 2022-08-15 10:20:07 Started transferring input files
	Seconds spent in queue: 156
...
040 (10038104.010.000) 2022-08-15 10:22:28 Finished transferring input files
...
001 (10038104.010.000) 2022-08-15 10:23:48 Job executing on host: <128.105.69.151:9618?addrs=128.105.69.151-9618+[2607-f388-2200-100-1270-fdff-fe56-7334]-9618&alias=e2534.chtc.wisc.edu&noUDP&sock=startd_12431_35e3>
...
006 (10038104.010.000) 2022-08-15 10:23:56 Image size of job updated: 1
	1  -  MemoryUsage of job (MB)
	1180  -  ResidentSetSize of job (KB)
...
006 (10038104.010.000) 2022-08-15 10:28:56 Image size of job updated: 945
	945  -  MemoryUsage of job (MB)
	968100  -  ResidentSetSize of job (KB)
...
006 (10038104.010.000) 2022-08-15 10:33:57 Image size of job updated: 949
	949  -  MemoryUsage of job (MB)
	971892  -  ResidentSetSize of job (KB)
...
006 (10038104.010.000) 2022-08-15 10:38:59 Image size of job updated: 972
	972  -  MemoryUsage of job (MB)
	995900  -  ResidentSetSize of job (KB)
...
006 (10038104.010.000) 2022-08-15 10:43:59 Image size of job updated: 1003
	1003  -  MemoryUsage of job (MB)
	1027564  -  ResidentSetSize of job (KB)
...
006 (10038104.010.000) 2022-08-15 10:49:00 Image size of job updated: 1012
	1012  -  MemoryUsage of job (MB)
	1036360  -  ResidentSetSize of job (KB)
...
006 (10038104.010.000) 2022-08-15 10:56:01 Image size of job updated: 1017
	1017  -  MemoryUsage of job (MB)
	1041760  -  ResidentSetSize of job (KB)
...
006 (10038104.010.000) 2022-08-15 11:02:04 Image size of job updated: 1032
	1032  -  MemoryUsage of job (MB)
	1057048  -  ResidentSetSize of job (KB)
...
006 (10038104.010.000) 2022-08-15 11:07:05 Image size of job updated: 1034
	1034  -  MemoryUsage of job (MB)
	1059640  -  ResidentSetSize of job (KB)
...
006 (10038104.010.000) 2022-08-15 11:12:05 Image size of job updated: 1038
	1038  -  MemoryUsage of job (MB)
	1063776  -  ResidentSetSize of job (KB)
...
006 (10038104.010.000) 2022-08-15 11:17:06 Image size of job updated: 1040
	1040  -  MemoryUsage of job (MB)
	1065448  -  ResidentSetSize of job (KB)
...
006 (10038104.010.000) 2022-08-15 11:22:07 Image size of job updated: 1042
	1042  -  MemoryUsage of job (MB)
	1067264  -  ResidentSetSize of job (KB)
...
