000 (10038110.004.000) 2022-08-15 10:17:08 Job submitted from host: <128.104.101.92:9618?addrs=128.104.101.92-9618+[2607-f388-107c-501-a236-9fff-fe3c-caa8]-9618&alias=submit2.chtc.wisc.edu&noUDP&sock=schedd_4918_eadb>
...
040 (10038110.004.000) 2022-08-15 10:21:18 Entered queue to transfer input files
	Transferring to host: <128.105.69.118:9618?addrs=128.105.69.118-9618+[2607-f388-2200-100-1270-fdff-fe56-ccac]-9618&alias=e2501.chtc.wisc.edu&noUDP&sock=slot2_9_16157_d16a_3996>
...
040 (10038110.004.000) 2022-08-15 10:25:18 Started transferring input files
	Seconds spent in queue: 240
...
040 (10038110.004.000) 2022-08-15 10:28:28 Finished transferring input files
...
001 (10038110.004.000) 2022-08-15 10:28:31 Job executing on host: <128.105.69.118:9618?addrs=128.105.69.118-9618+[2607-f388-2200-100-1270-fdff-fe56-ccac]-9618&alias=e2501.chtc.wisc.edu&noUDP&sock=startd_11850_b15d>
...
006 (10038110.004.000) 2022-08-15 10:28:40 Image size of job updated: 1
	1  -  MemoryUsage of job (MB)
	1164  -  ResidentSetSize of job (KB)
...
006 (10038110.004.000) 2022-08-15 10:33:41 Image size of job updated: 613
	613  -  MemoryUsage of job (MB)
	628488  -  ResidentSetSize of job (KB)
...
006 (10038110.004.000) 2022-08-15 10:38:41 Image size of job updated: 622
	622  -  MemoryUsage of job (MB)
	637064  -  ResidentSetSize of job (KB)
...
006 (10038110.004.000) 2022-08-15 10:42:21 Image size of job updated: 624
	624  -  MemoryUsage of job (MB)
	639172  -  ResidentSetSize of job (KB)
...
004 (10038110.004.000) 2022-08-15 10:43:02 Job was evicted.
	(0) CPU times
		Usr 0 00:13:16, Sys 0 00:00:14  -  Run Remote Usage
		Usr 0 00:00:00, Sys 0 00:00:00  -  Run Local Usage
	0  -  Run Bytes Sent By Job
	7643968512  -  Run Bytes Received By Job
	Partitionable Resources :       Usage  Request Allocated 
	   Cpus                 :        0.00        1         1 
	   Disk (KB)            : 19754064    20971520  21747553 
	   IoHeavy              :                              0 
	   Memory (MB)          :      624       10240     10240 
...
009 (10038110.004.000) 2022-08-15 10:43:08 Job was aborted.
	via condor_rm (by user zpan52)
...
