000 (10038110.009.000) 2022-08-15 10:17:08 Job submitted from host: <128.104.101.92:9618?addrs=128.104.101.92-9618+[2607-f388-107c-501-a236-9fff-fe3c-caa8]-9618&alias=submit2.chtc.wisc.edu&noUDP&sock=schedd_4918_eadb>
...
040 (10038110.009.000) 2022-08-15 10:21:18 Entered queue to transfer input files
	Transferring to host: <128.105.68.91:9618?addrs=128.105.68.91-9618+[2607-f388-2200-100-1270-fdff-fe56-c2c4]-9618&alias=e2487.chtc.wisc.edu&noUDP&sock=slot2_7_1930089_0df0_1306>
...
040 (10038110.009.000) 2022-08-15 10:25:27 Started transferring input files
	Seconds spent in queue: 249
...
040 (10038110.009.000) 2022-08-15 10:28:47 Finished transferring input files
...
001 (10038110.009.000) 2022-08-15 10:28:48 Job executing on host: <128.105.68.91:9618?addrs=128.105.68.91-9618+[2607-f388-2200-100-1270-fdff-fe56-c2c4]-9618&alias=e2487.chtc.wisc.edu&noUDP&sock=startd_12034_e6ca>
...
040 (10038110.009.000) 2022-08-15 10:28:49 Started transferring output files
	Seconds spent in queue: 451
...
040 (10038110.009.000) 2022-08-15 10:28:49 Finished transferring output files
...
005 (10038110.009.000) 2022-08-15 10:28:50 Job terminated.
	(1) Normal termination (return value 127)
		Usr 0 00:00:00, Sys 0 00:00:00  -  Run Remote Usage
		Usr 0 00:00:00, Sys 0 00:00:00  -  Run Local Usage
		Usr 0 00:00:00, Sys 0 00:00:00  -  Total Remote Usage
		Usr 0 00:00:00, Sys 0 00:00:00  -  Total Local Usage
	74  -  Run Bytes Sent By Job
	7643968512  -  Run Bytes Received By Job
	74  -  Total Bytes Sent By Job
	7643968512  -  Total Bytes Received By Job
	Partitionable Resources :    Usage  Request Allocated 
	   Cpus                 :                 1         1 
	   Disk (KB)            :  7464818 20971520  22969406 
	   IoHeavy              :                           0 
	   Memory (MB)          :             10240     10240 

	Job terminated of its own accord at 2022-08-15T15:28:49Z with exit-code 127.
...
