000 (10038107.005.000) 2022-08-15 10:16:53 Job submitted from host: <128.104.101.92:9618?addrs=128.104.101.92-9618+[2607-f388-107c-501-a236-9fff-fe3c-caa8]-9618&alias=submit2.chtc.wisc.edu&noUDP&sock=schedd_4918_eadb>
...
040 (10038107.005.000) 2022-08-15 10:21:19 Entered queue to transfer input files
	Transferring to host: <128.105.69.101:9618?addrs=128.105.69.101-9618+[2607-f388-2200-100-1270-fdff-fe56-bae4]-9618&alias=e4012.chtc.wisc.edu&noUDP&sock=slot1_5_745379_af80_19896>
...
040 (10038107.005.000) 2022-08-15 10:22:29 Started transferring input files
	Seconds spent in queue: 70
...
040 (10038107.005.000) 2022-08-15 10:23:38 Finished transferring input files
...
001 (10038107.005.000) 2022-08-15 10:23:48 Job executing on host: <128.105.69.101:9618?addrs=128.105.69.101-9618+[2607-f388-2200-100-1270-fdff-fe56-bae4]-9618&alias=e4012.chtc.wisc.edu&noUDP&sock=startd_181518_d415>
...
006 (10038107.005.000) 2022-08-15 10:23:57 Image size of job updated: 1
	1  -  MemoryUsage of job (MB)
	1180  -  ResidentSetSize of job (KB)
...
006 (10038107.005.000) 2022-08-15 10:28:58 Image size of job updated: 657
	657  -  MemoryUsage of job (MB)
	673668  -  ResidentSetSize of job (KB)
...
006 (10038107.005.000) 2022-08-15 10:33:58 Image size of job updated: 674
	674  -  MemoryUsage of job (MB)
	690800  -  ResidentSetSize of job (KB)
...
006 (10038107.005.000) 2022-08-15 10:38:58 Image size of job updated: 678
	678  -  MemoryUsage of job (MB)
	694312  -  ResidentSetSize of job (KB)
...
006 (10038107.005.000) 2022-08-15 10:41:27 Image size of job updated: 679
	679  -  MemoryUsage of job (MB)
	695524  -  ResidentSetSize of job (KB)
...
004 (10038107.005.000) 2022-08-15 10:42:30 Job was evicted.
	(0) CPU times
		Usr 0 00:17:21, Sys 0 00:00:17  -  Run Remote Usage
		Usr 0 00:00:00, Sys 0 00:00:00  -  Run Local Usage
	0  -  Run Bytes Sent By Job
	7643968512  -  Run Bytes Received By Job
	Partitionable Resources :    Usage  Request Allocated 
	   Cpus                 :        0        1         1 
	   Disk (KB)            : 19754064 20971520  22494605 
	   IoHeavy              :                           0 
	   Memory (MB)          :      679    10240     10240 
...
009 (10038107.005.000) 2022-08-15 10:42:46 Job was aborted.
	via condor_rm (by user zpan52)
...
