000 (10038087.007.000) 2022-08-15 09:04:00 Job submitted from host: <128.104.101.92:9618?addrs=128.104.101.92-9618+[2607-f388-107c-501-a236-9fff-fe3c-caa8]-9618&alias=submit2.chtc.wisc.edu&noUDP&sock=schedd_4918_eadb>
...
040 (10038087.007.000) 2022-08-15 09:05:12 Entered queue to transfer input files
	Transferring to host: <128.105.69.90:9618?addrs=128.105.69.90-9618+[2607-f388-2200-100-1270-fdff-fe56-707c]-9618&alias=e4001.chtc.wisc.edu&noUDP&sock=slot1_2_1019260_a061_12466>
...
040 (10038087.007.000) 2022-08-15 09:06:59 Started transferring input files
	Seconds spent in queue: 107
...
040 (10038087.007.000) 2022-08-15 09:07:01 Finished transferring input files
...
004 (10038087.007.000) 2022-08-15 09:07:03 Job was evicted.
	(0) CPU times
		Usr 0 00:00:00, Sys 0 00:00:00  -  Run Remote Usage
		Usr 0 00:00:00, Sys 0 00:00:00  -  Run Local Usage
	0  -  Run Bytes Sent By Job
	206525312  -  Run Bytes Received By Job
	Partitionable Resources :    Usage  Request Allocated 
	   Cpus                 :        0        1         1 
	   Disk (KB)            :   193785  4194304   5998562 
	   IoHeavy              :                           0 
	   Memory (MB)          :              4096      4096 
...
009 (10038087.007.000) 2022-08-15 09:07:05 Job was aborted.
	via condor_rm (by user zpan52)
...
