000 (10038100.011.000) 2022-08-15 09:54:00 Job submitted from host: <128.104.101.92:9618?addrs=128.104.101.92-9618+[2607-f388-107c-501-a236-9fff-fe3c-caa8]-9618&alias=submit2.chtc.wisc.edu&noUDP&sock=schedd_4918_eadb>
...
040 (10038100.011.000) 2022-08-15 09:54:43 Started transferring input files
	Transferring to host: <128.105.69.151:9618?addrs=128.105.69.151-9618+[2607-f388-2200-100-1270-fdff-fe56-7334]-9618&alias=e2534.chtc.wisc.edu&noUDP&sock=slot2_1_44999_9dbf_7081>
...
040 (10038100.011.000) 2022-08-15 09:55:29 Finished transferring input files
...
001 (10038100.011.000) 2022-08-15 09:55:30 Job executing on host: <128.105.69.151:9618?addrs=128.105.69.151-9618+[2607-f388-2200-100-1270-fdff-fe56-7334]-9618&alias=e2534.chtc.wisc.edu&noUDP&sock=startd_12431_35e3>
...
006 (10038100.011.000) 2022-08-15 09:55:38 Image size of job updated: 1
	1  -  MemoryUsage of job (MB)
	1180  -  ResidentSetSize of job (KB)
...
006 (10038100.011.000) 2022-08-15 09:57:23 Image size of job updated: 954
	954  -  MemoryUsage of job (MB)
	977524  -  ResidentSetSize of job (KB)
...
040 (10038100.011.000) 2022-08-15 09:57:23 Started transferring output files
...
040 (10038100.011.000) 2022-08-15 09:57:23 Finished transferring output files
...
005 (10038100.011.000) 2022-08-15 09:57:24 Job terminated.
	(1) Normal termination (return value 0)
		Usr 0 00:01:49, Sys 0 00:00:13  -  Run Remote Usage
		Usr 0 00:00:00, Sys 0 00:00:00  -  Run Local Usage
		Usr 0 00:01:49, Sys 0 00:00:13  -  Total Remote Usage
		Usr 0 00:00:00, Sys 0 00:00:00  -  Total Local Usage
	164827  -  Run Bytes Sent By Job
	7643967488  -  Run Bytes Received By Job
	164827  -  Total Bytes Sent By Job
	7643967488  -  Total Bytes Received By Job
	Partitionable Resources :      Usage  Request Allocated 
	   Cpus                 :       0.01        1         1 
	   Disk (KB)            : 8807385    20971520  21747553 
	   IoHeavy              :                             0 
	   Memory (MB)          :     954       10240     10240 

	Job terminated of its own accord at 2022-08-15T14:57:23Z with exit-code 0.
...
