000 (10038110.002.000) 2022-08-15 10:17:08 Job submitted from host: <128.104.101.92:9618?addrs=128.104.101.92-9618+[2607-f388-107c-501-a236-9fff-fe3c-caa8]-9618&alias=submit2.chtc.wisc.edu&noUDP&sock=schedd_4918_eadb>
...
040 (10038110.002.000) 2022-08-15 10:21:17 Entered queue to transfer input files
	Transferring to host: <128.105.69.90:9618?addrs=128.105.69.90-9618+[2607-f388-2200-100-1270-fdff-fe56-707c]-9618&alias=e4001.chtc.wisc.edu&noUDP&sock=slot1_7_1019260_a061_12591>
...
040 (10038110.002.000) 2022-08-15 10:25:15 Started transferring input files
	Seconds spent in queue: 238
...
040 (10038110.002.000) 2022-08-15 10:28:26 Finished transferring input files
...
001 (10038110.002.000) 2022-08-15 10:28:31 Job executing on host: <128.105.69.90:9618?addrs=128.105.69.90-9618+[2607-f388-2200-100-1270-fdff-fe56-707c]-9618&alias=e4001.chtc.wisc.edu&noUDP&sock=startd_1019188_c628>
...
006 (10038110.002.000) 2022-08-15 10:28:40 Image size of job updated: 1
	1  -  MemoryUsage of job (MB)
	1176  -  ResidentSetSize of job (KB)
...
006 (10038110.002.000) 2022-08-15 10:33:41 Image size of job updated: 630
	630  -  MemoryUsage of job (MB)
	645192  -  ResidentSetSize of job (KB)
...
006 (10038110.002.000) 2022-08-15 10:38:41 Image size of job updated: 664
	664  -  MemoryUsage of job (MB)
	680676  -  ResidentSetSize of job (KB)
...
006 (10038110.002.000) 2022-08-15 10:44:34 Image size of job updated: 668
	668  -  MemoryUsage of job (MB)
	684852  -  ResidentSetSize of job (KB)
...
004 (10038110.002.000) 2022-08-15 10:44:57 Job was evicted.
	(0) CPU times
		Usr 0 00:10:04, Sys 0 00:00:14  -  Run Remote Usage
		Usr 0 00:00:00, Sys 0 00:00:00  -  Run Local Usage
	0  -  Run Bytes Sent By Job
	7643968512  -  Run Bytes Received By Job
	Partitionable Resources :    Usage  Request Allocated 
	   Cpus                 :        0        1         1 
	   Disk (KB)            : 19754064 20971520  22494605 
	   IoHeavy              :                           0 
	   Memory (MB)          :      668    10240     10240 
...
009 (10038110.002.000) 2022-08-15 10:45:09 Job was aborted.
	via condor_rm (by user zpan52)
...
