000 (10038103.015.000) 2022-08-15 10:16:11 Job submitted from host: <128.104.101.92:9618?addrs=128.104.101.92-9618+[2607-f388-107c-501-a236-9fff-fe3c-caa8]-9618&alias=submit2.chtc.wisc.edu&noUDP&sock=schedd_4918_eadb>
...
040 (10038103.015.000) 2022-08-15 10:17:20 Started transferring input files
	Transferring to host: <128.105.69.99:9618?addrs=128.105.69.99-9618+[2607-f388-2200-100-1270-fdff-fe56-7674]-9618&alias=e4010.chtc.wisc.edu&noUDP&sock=slot1_2_271580_6d9d_2764>
...
040 (10038103.015.000) 2022-08-15 10:18:44 Finished transferring input files
...
001 (10038103.015.000) 2022-08-15 10:21:12 Job executing on host: <128.105.69.99:9618?addrs=128.105.69.99-9618+[2607-f388-2200-100-1270-fdff-fe56-7674]-9618&alias=e4010.chtc.wisc.edu&noUDP&sock=startd_12660_4914>
...
006 (10038103.015.000) 2022-08-15 10:21:20 Image size of job updated: 1
	1  -  MemoryUsage of job (MB)
	1180  -  ResidentSetSize of job (KB)
...
006 (10038103.015.000) 2022-08-15 10:26:20 Image size of job updated: 519
	519  -  MemoryUsage of job (MB)
	532080  -  ResidentSetSize of job (KB)
...
006 (10038103.015.000) 2022-08-15 10:31:22 Image size of job updated: 537
	537  -  MemoryUsage of job (MB)
	550856  -  ResidentSetSize of job (KB)
...
006 (10038103.015.000) 2022-08-15 10:36:22 Image size of job updated: 543
	543  -  MemoryUsage of job (MB)
	556464  -  ResidentSetSize of job (KB)
...
006 (10038103.015.000) 2022-08-15 10:41:22 Image size of job updated: 559
	559  -  MemoryUsage of job (MB)
	573320  -  ResidentSetSize of job (KB)
...
006 (10038103.015.000) 2022-08-15 10:46:23 Image size of job updated: 559
	559  -  MemoryUsage of job (MB)
	573328  -  ResidentSetSize of job (KB)
...
006 (10038103.015.000) 2022-08-15 10:56:24 Image size of job updated: 559
	559  -  MemoryUsage of job (MB)
	573368  -  ResidentSetSize of job (KB)
...
006 (10038103.015.000) 2022-08-15 11:01:24 Image size of job updated: 559
	559  -  MemoryUsage of job (MB)
	573400  -  ResidentSetSize of job (KB)
...
006 (10038103.015.000) 2022-08-15 11:06:24 Image size of job updated: 562
	562  -  MemoryUsage of job (MB)
	576072  -  ResidentSetSize of job (KB)
...
