000 (10038148.009.000) 2022-08-15 11:16:00 Job submitted from host: <128.104.101.92:9618?addrs=128.104.101.92-9618+[2607-f388-107c-501-a236-9fff-fe3c-caa8]-9618&alias=submit2.chtc.wisc.edu&noUDP&sock=schedd_4918_eadb>
...
040 (10038148.009.000) 2022-08-15 11:17:11 Started transferring input files
	Transferring to host: <128.105.69.94:9618?addrs=128.105.69.94-9618+[2607-f388-2200-100-1270-fdff-fe56-3dcc]-9618&alias=e4005.chtc.wisc.edu&noUDP&sock=slot1_15_3648970_3759_4499>
...
040 (10038148.009.000) 2022-08-15 11:18:56 Finished transferring input files
...
001 (10038148.009.000) 2022-08-15 11:18:57 Job executing on host: <128.105.69.94:9618?addrs=128.105.69.94-9618+[2607-f388-2200-100-1270-fdff-fe56-3dcc]-9618&alias=e4005.chtc.wisc.edu&noUDP&sock=startd_194940_343d>
...
006 (10038148.009.000) 2022-08-15 11:19:05 Image size of job updated: 1
	1  -  MemoryUsage of job (MB)
	1172  -  ResidentSetSize of job (KB)
...
006 (10038148.009.000) 2022-08-15 11:21:16 Image size of job updated: 1050
	1050  -  MemoryUsage of job (MB)
	1075544  -  ResidentSetSize of job (KB)
...
040 (10038148.009.000) 2022-08-15 11:21:16 Started transferring output files
...
040 (10038148.009.000) 2022-08-15 11:21:17 Finished transferring output files
...
005 (10038148.009.000) 2022-08-15 11:21:17 Job terminated.
	(1) Normal termination (return value 0)
		Usr 0 00:02:12, Sys 0 00:00:14  -  Run Remote Usage
		Usr 0 00:00:00, Sys 0 00:00:00  -  Run Local Usage
		Usr 0 00:02:12, Sys 0 00:00:14  -  Total Remote Usage
		Usr 0 00:00:00, Sys 0 00:00:00  -  Total Local Usage
	165850  -  Run Bytes Sent By Job
	7643973120  -  Run Bytes Received By Job
	165850  -  Total Bytes Sent By Job
	7643973120  -  Total Bytes Received By Job
	Partitionable Resources :      Usage  Request Allocated 
	   Cpus                 :       0.11        1         1 
	   Disk (KB)            : 8814270    20971520  22494605 
	   IoHeavy              :                             0 
	   Memory (MB)          :    1050       10240     10240 

	Job terminated of its own accord at 2022-08-15T16:21:16Z with exit-code 0.
...
