000 (10038105.013.000) 2022-08-15 10:16:32 Job submitted from host: <128.104.101.92:9618?addrs=128.104.101.92-9618+[2607-f388-107c-501-a236-9fff-fe3c-caa8]-9618&alias=submit2.chtc.wisc.edu&noUDP&sock=schedd_4918_eadb>
...
040 (10038105.013.000) 2022-08-15 10:17:33 Entered queue to transfer input files
	Transferring to host: <128.105.69.102:9618?addrs=128.105.69.102-9618+[2607-f388-2200-100-1270-fdff-fe56-cbc4]-9618&alias=e4013.chtc.wisc.edu&noUDP&sock=slot1_3_3255774_1064_7555>
...
040 (10038105.013.000) 2022-08-15 10:20:07 Started transferring input files
	Seconds spent in queue: 154
...
040 (10038105.013.000) 2022-08-15 10:22:28 Finished transferring input files
...
001 (10038105.013.000) 2022-08-15 10:23:48 Job executing on host: <128.105.69.102:9618?addrs=128.105.69.102-9618+[2607-f388-2200-100-1270-fdff-fe56-cbc4]-9618&alias=e4013.chtc.wisc.edu&noUDP&sock=startd_192977_bfd4>
...
006 (10038105.013.000) 2022-08-15 10:23:56 Image size of job updated: 1
	1  -  MemoryUsage of job (MB)
	1184  -  ResidentSetSize of job (KB)
...
006 (10038105.013.000) 2022-08-15 10:25:41 Image size of job updated: 536
	536  -  MemoryUsage of job (MB)
	549452  -  ResidentSetSize of job (KB)
...
040 (10038105.013.000) 2022-08-15 10:26:20 Started transferring output files
	Seconds spent in queue: 527
...
040 (10038105.013.000) 2022-08-15 10:26:35 Finished transferring output files
...
005 (10038105.013.000) 2022-08-15 10:26:52 Job terminated.
	(1) Normal termination (return value 0)
		Usr 0 00:01:48, Sys 0 00:00:14  -  Run Remote Usage
		Usr 0 00:00:00, Sys 0 00:00:00  -  Run Local Usage
		Usr 0 00:01:48, Sys 0 00:00:14  -  Total Remote Usage
		Usr 0 00:00:00, Sys 0 00:00:00  -  Total Local Usage
	164903  -  Run Bytes Sent By Job
	7643968512  -  Run Bytes Received By Job
	164903  -  Total Bytes Sent By Job
	7643968512  -  Total Bytes Received By Job
	Partitionable Resources :    Usage  Request Allocated 
	   Cpus                 :        0        1         1 
	   Disk (KB)            :  8775126 20971520  22494605 
	   IoHeavy              :                           0 
	   Memory (MB)          :      536    10240     10240 

	Job terminated of its own accord at 2022-08-15T15:25:41Z with exit-code 0.
...
