000 (10038104.002.000) 2022-08-15 10:16:22 Job submitted from host: <128.104.101.92:9618?addrs=128.104.101.92-9618+[2607-f388-107c-501-a236-9fff-fe3c-caa8]-9618&alias=submit2.chtc.wisc.edu&noUDP&sock=schedd_4918_eadb>
...
040 (10038104.002.000) 2022-08-15 10:17:22 Started transferring input files
	Transferring to host: <128.105.69.95:9618?addrs=128.105.69.95-9618+[2607-f388-2200-100-1270-fdff-fe56-bff4]-9618&alias=e4006.chtc.wisc.edu&noUDP&sock=slot1_1_1266464_3525_20190>
...
040 (10038104.002.000) 2022-08-15 10:18:45 Finished transferring input files
...
001 (10038104.002.000) 2022-08-15 10:21:25 Job executing on host: <128.105.69.95:9618?addrs=128.105.69.95-9618+[2607-f388-2200-100-1270-fdff-fe56-bff4]-9618&alias=e4006.chtc.wisc.edu&noUDP&sock=startd_193735_ac9e>
...
006 (10038104.002.000) 2022-08-15 10:21:33 Image size of job updated: 1
	1  -  MemoryUsage of job (MB)
	1172  -  ResidentSetSize of job (KB)
...
006 (10038104.002.000) 2022-08-15 10:26:33 Image size of job updated: 612
	612  -  MemoryUsage of job (MB)
	627004  -  ResidentSetSize of job (KB)
...
006 (10038104.002.000) 2022-08-15 10:31:33 Image size of job updated: 622
	622  -  MemoryUsage of job (MB)
	637840  -  ResidentSetSize of job (KB)
...
006 (10038104.002.000) 2022-08-15 10:36:34 Image size of job updated: 656
	656  -  MemoryUsage of job (MB)
	672120  -  ResidentSetSize of job (KB)
...
006 (10038104.002.000) 2022-08-15 10:41:35 Image size of job updated: 668
	668  -  MemoryUsage of job (MB)
	684492  -  ResidentSetSize of job (KB)
...
006 (10038104.002.000) 2022-08-15 10:46:35 Image size of job updated: 674
	674  -  MemoryUsage of job (MB)
	690672  -  ResidentSetSize of job (KB)
...
006 (10038104.002.000) 2022-08-15 10:51:37 Image size of job updated: 694
	694  -  MemoryUsage of job (MB)
	711148  -  ResidentSetSize of job (KB)
...
006 (10038104.002.000) 2022-08-15 10:56:35 Image size of job updated: 700
	700  -  MemoryUsage of job (MB)
	717240  -  ResidentSetSize of job (KB)
...
006 (10038104.002.000) 2022-08-15 11:01:36 Image size of job updated: 706
	706  -  MemoryUsage of job (MB)
	723024  -  ResidentSetSize of job (KB)
...
006 (10038104.002.000) 2022-08-15 11:06:36 Image size of job updated: 711
	711  -  MemoryUsage of job (MB)
	728944  -  ResidentSetSize of job (KB)
...
006 (10038104.002.000) 2022-08-15 11:11:36 Image size of job updated: 717
	717  -  MemoryUsage of job (MB)
	734316  -  ResidentSetSize of job (KB)
...
006 (10038104.002.000) 2022-08-15 11:16:37 Image size of job updated: 726
	726  -  MemoryUsage of job (MB)
	743596  -  ResidentSetSize of job (KB)
...
006 (10038104.002.000) 2022-08-15 11:21:38 Image size of job updated: 731
	731  -  MemoryUsage of job (MB)
	749352  -  ResidentSetSize of job (KB)
...
