000 (10038105.010.000) 2022-08-15 10:16:32 Job submitted from host: <128.104.101.92:9618?addrs=128.104.101.92-9618+[2607-f388-107c-501-a236-9fff-fe3c-caa8]-9618&alias=submit2.chtc.wisc.edu&noUDP&sock=schedd_4918_eadb>
...
040 (10038105.010.000) 2022-08-15 10:17:32 Entered queue to transfer input files
	Transferring to host: <128.105.69.104:9618?addrs=128.105.69.104-9618+[2607-f388-2200-100-1270-fdff-fe56-bccc]-9618&alias=e4015.chtc.wisc.edu&noUDP&sock=slot1_4_1360259_452c_20374>
...
040 (10038105.010.000) 2022-08-15 10:20:07 Started transferring input files
	Seconds spent in queue: 155
...
040 (10038105.010.000) 2022-08-15 10:21:42 Finished transferring input files
...
001 (10038105.010.000) 2022-08-15 10:21:43 Job executing on host: <128.105.69.104:9618?addrs=128.105.69.104-9618+[2607-f388-2200-100-1270-fdff-fe56-bccc]-9618&alias=e4015.chtc.wisc.edu&noUDP&sock=startd_193827_c754>
...
006 (10038105.010.000) 2022-08-15 10:21:52 Image size of job updated: 1
	1  -  MemoryUsage of job (MB)
	1176  -  ResidentSetSize of job (KB)
...
006 (10038105.010.000) 2022-08-15 10:26:52 Image size of job updated: 945
	945  -  MemoryUsage of job (MB)
	968588  -  ResidentSetSize of job (KB)
...
006 (10038105.010.000) 2022-08-15 10:31:53 Image size of job updated: 967
	967  -  MemoryUsage of job (MB)
	990212  -  ResidentSetSize of job (KB)
...
006 (10038105.010.000) 2022-08-15 10:36:54 Image size of job updated: 972
	972  -  MemoryUsage of job (MB)
	996336  -  ResidentSetSize of job (KB)
...
006 (10038105.010.000) 2022-08-15 10:41:55 Image size of job updated: 997
	997  -  MemoryUsage of job (MB)
	1020940  -  ResidentSetSize of job (KB)
...
006 (10038105.010.000) 2022-08-15 10:46:55 Image size of job updated: 997
	997  -  MemoryUsage of job (MB)
	1021520  -  ResidentSetSize of job (KB)
...
006 (10038105.010.000) 2022-08-15 10:52:00 Image size of job updated: 997
	997  -  MemoryUsage of job (MB)
	1021924  -  ResidentSetSize of job (KB)
...
006 (10038105.010.000) 2022-08-15 10:56:57 Image size of job updated: 998
	998  -  MemoryUsage of job (MB)
	1022260  -  ResidentSetSize of job (KB)
...
006 (10038105.010.000) 2022-08-15 11:01:57 Image size of job updated: 999
	999  -  MemoryUsage of job (MB)
	1023016  -  ResidentSetSize of job (KB)
...
006 (10038105.010.000) 2022-08-15 11:06:58 Image size of job updated: 1003
	1003  -  MemoryUsage of job (MB)
	1027624  -  ResidentSetSize of job (KB)
...
006 (10038105.010.000) 2022-08-15 11:11:59 Image size of job updated: 1006
	1006  -  MemoryUsage of job (MB)
	1030288  -  ResidentSetSize of job (KB)
...
006 (10038105.010.000) 2022-08-15 11:17:01 Image size of job updated: 1008
	1008  -  MemoryUsage of job (MB)
	1032332  -  ResidentSetSize of job (KB)
...
006 (10038105.010.000) 2022-08-15 11:22:01 Image size of job updated: 1008
	1008  -  MemoryUsage of job (MB)
	1033088  -  ResidentSetSize of job (KB)
...
