000 (10038106.013.000) 2022-08-15 10:16:42 Job submitted from host: <128.104.101.92:9618?addrs=128.104.101.92-9618+[2607-f388-107c-501-a236-9fff-fe3c-caa8]-9618&alias=submit2.chtc.wisc.edu&noUDP&sock=schedd_4918_eadb>
...
040 (10038106.013.000) 2022-08-15 10:17:38 Entered queue to transfer input files
	Transferring to host: <128.105.69.100:9618?addrs=128.105.69.100-9618+[2607-f388-2200-100-1270-fdff-fe56-4634]-9618&alias=e4011.chtc.wisc.edu&noUDP&sock=slot1_4_3928291_2118_6213>
...
040 (10038106.013.000) 2022-08-15 10:20:06 Started transferring input files
	Seconds spent in queue: 148
...
040 (10038106.013.000) 2022-08-15 10:21:37 Finished transferring input files
...
001 (10038106.013.000) 2022-08-15 10:21:39 Job executing on host: <128.105.69.100:9618?addrs=128.105.69.100-9618+[2607-f388-2200-100-1270-fdff-fe56-4634]-9618&alias=e4011.chtc.wisc.edu&noUDP&sock=startd_3928221_72f6>
...
006 (10038106.013.000) 2022-08-15 10:21:47 Image size of job updated: 1
	1  -  MemoryUsage of job (MB)
	1176  -  ResidentSetSize of job (KB)
...
006 (10038106.013.000) 2022-08-15 10:23:34 Image size of job updated: 537
	537  -  MemoryUsage of job (MB)
	550096  -  ResidentSetSize of job (KB)
...
040 (10038106.013.000) 2022-08-15 10:23:48 Started transferring output files
	Seconds spent in queue: 370
...
040 (10038106.013.000) 2022-08-15 10:23:53 Finished transferring output files
...
005 (10038106.013.000) 2022-08-15 10:24:05 Job terminated.
	(1) Normal termination (return value 0)
		Usr 0 00:00:03, Sys 0 00:00:00  -  Run Remote Usage
		Usr 0 00:00:00, Sys 0 00:00:00  -  Run Local Usage
		Usr 0 00:00:03, Sys 0 00:00:00  -  Total Remote Usage
		Usr 0 00:00:00, Sys 0 00:00:00  -  Total Local Usage
	162313  -  Run Bytes Sent By Job
	7643968512  -  Run Bytes Received By Job
	162313  -  Total Bytes Sent By Job
	7643968512  -  Total Bytes Received By Job
	Partitionable Resources :    Usage  Request Allocated 
	   Cpus                 :        0        1         1 
	   Disk (KB)            :  8760506 20971520  22494605 
	   IoHeavy              :                           0 
	   Memory (MB)          :      537    10240     10240 

	Job terminated of its own accord at 2022-08-15T15:23:34Z with exit-code 0.
...
