000 (10038138.004.000) 2022-08-15 10:50:26 Job submitted from host: <128.104.101.92:9618?addrs=128.104.101.92-9618+[2607-f388-107c-501-a236-9fff-fe3c-caa8]-9618&alias=submit2.chtc.wisc.edu&noUDP&sock=schedd_4918_eadb>
...
040 (10038138.004.000) 2022-08-15 10:51:12 Started transferring input files
	Transferring to host: <128.105.69.89:9618?addrs=128.105.69.89-9618+[2607-f388-2200-100-1270-fdff-fe56-41cc]-9618&alias=e4000.chtc.wisc.edu&noUDP&sock=slot2_31_1291867_eb4e_7324>
...
040 (10038138.004.000) 2022-08-15 10:53:06 Finished transferring input files
...
001 (10038138.004.000) 2022-08-15 10:53:39 Job executing on host: <128.105.69.89:9618?addrs=128.105.69.89-9618+[2607-f388-2200-100-1270-fdff-fe56-41cc]-9618&alias=e4000.chtc.wisc.edu&noUDP&sock=startd_12141_4b6c>
...
006 (10038138.004.000) 2022-08-15 10:53:49 Image size of job updated: 1
	1  -  MemoryUsage of job (MB)
	1180  -  ResidentSetSize of job (KB)
...
006 (10038138.004.000) 2022-08-15 10:58:49 Image size of job updated: 598
	598  -  MemoryUsage of job (MB)
	612472  -  ResidentSetSize of job (KB)
...
006 (10038138.004.000) 2022-08-15 11:03:50 Image size of job updated: 606
	606  -  MemoryUsage of job (MB)
	620624  -  ResidentSetSize of job (KB)
...
006 (10038138.004.000) 2022-08-15 11:08:50 Image size of job updated: 608
	608  -  MemoryUsage of job (MB)
	623316  -  ResidentSetSize of job (KB)
...
006 (10038138.004.000) 2022-08-15 11:13:51 Image size of job updated: 611
	611  -  MemoryUsage of job (MB)
	626068  -  ResidentSetSize of job (KB)
...
006 (10038138.004.000) 2022-08-15 11:18:52 Image size of job updated: 613
	613  -  MemoryUsage of job (MB)
	628732  -  ResidentSetSize of job (KB)
...
