000 (10038100.018.000) 2022-08-15 09:54:00 Job submitted from host: <128.104.101.92:9618?addrs=128.104.101.92-9618+[2607-f388-107c-501-a236-9fff-fe3c-caa8]-9618&alias=submit2.chtc.wisc.edu&noUDP&sock=schedd_4918_eadb>
...
040 (10038100.018.000) 2022-08-15 09:54:45 Started transferring input files
	Transferring to host: <128.105.69.98:9618?addrs=128.105.69.98-9618+[2607-f388-2200-100-1270-fdff-fe56-45f4]-9618&alias=e4009.chtc.wisc.edu&noUDP&sock=slot1_1_2598332_b335_19900>
...
040 (10038100.018.000) 2022-08-15 09:55:32 Finished transferring input files
...
001 (10038100.018.000) 2022-08-15 09:55:33 Job executing on host: <128.105.69.98:9618?addrs=128.105.69.98-9618+[2607-f388-2200-100-1270-fdff-fe56-45f4]-9618&alias=e4009.chtc.wisc.edu&noUDP&sock=startd_2598266_f0a2>
...
006 (10038100.018.000) 2022-08-15 09:55:41 Image size of job updated: 1
	1  -  MemoryUsage of job (MB)
	1176  -  ResidentSetSize of job (KB)
...
006 (10038100.018.000) 2022-08-15 10:00:42 Image size of job updated: 672
	672  -  MemoryUsage of job (MB)
	688156  -  ResidentSetSize of job (KB)
...
006 (10038100.018.000) 2022-08-15 10:05:42 Image size of job updated: 725
	725  -  MemoryUsage of job (MB)
	742928  -  ResidentSetSize of job (KB)
...
006 (10038100.018.000) 2022-08-15 10:10:42 Image size of job updated: 734
	734  -  MemoryUsage of job (MB)
	751908  -  ResidentSetSize of job (KB)
...
006 (10038100.018.000) 2022-08-15 10:15:42 Image size of job updated: 743
	743  -  MemoryUsage of job (MB)
	760832  -  ResidentSetSize of job (KB)
...
006 (10038100.018.000) 2022-08-15 10:20:42 Image size of job updated: 762
	762  -  MemoryUsage of job (MB)
	781236  -  ResidentSetSize of job (KB)
...
006 (10038100.018.000) 2022-08-15 10:25:54 Image size of job updated: 777
	777  -  MemoryUsage of job (MB)
	796644  -  ResidentSetSize of job (KB)
...
006 (10038100.018.000) 2022-08-15 10:30:42 Image size of job updated: 791
	791  -  MemoryUsage of job (MB)
	810180  -  ResidentSetSize of job (KB)
...
006 (10038100.018.000) 2022-08-15 10:35:42 Image size of job updated: 921
	921  -  MemoryUsage of job (MB)
	943964  -  ResidentSetSize of job (KB)
...
006 (10038100.018.000) 2022-08-15 10:40:42 Image size of job updated: 937
	937  -  MemoryUsage of job (MB)
	960128  -  ResidentSetSize of job (KB)
...
006 (10038100.018.000) 2022-08-15 10:45:42 Image size of job updated: 942
	942  -  MemoryUsage of job (MB)
	965088  -  ResidentSetSize of job (KB)
...
006 (10038100.018.000) 2022-08-15 10:50:42 Image size of job updated: 962
	962  -  MemoryUsage of job (MB)
	985600  -  ResidentSetSize of job (KB)
...
006 (10038100.018.000) 2022-08-15 10:55:43 Image size of job updated: 970
	970  -  MemoryUsage of job (MB)
	994256  -  ResidentSetSize of job (KB)
...
006 (10038100.018.000) 2022-08-15 11:00:44 Image size of job updated: 978
	978  -  MemoryUsage of job (MB)
	1001976  -  ResidentSetSize of job (KB)
...
006 (10038100.018.000) 2022-08-15 11:05:44 Image size of job updated: 980
	980  -  MemoryUsage of job (MB)
	1004264  -  ResidentSetSize of job (KB)
...
006 (10038100.018.000) 2022-08-15 11:10:45 Image size of job updated: 987
	987  -  MemoryUsage of job (MB)
	1011616  -  ResidentSetSize of job (KB)
...
006 (10038100.018.000) 2022-08-15 11:20:47 Image size of job updated: 987
	987  -  MemoryUsage of job (MB)
	1011624  -  ResidentSetSize of job (KB)
...
