000 (10038106.018.000) 2022-08-15 10:16:42 Job submitted from host: <128.104.101.92:9618?addrs=128.104.101.92-9618+[2607-f388-107c-501-a236-9fff-fe3c-caa8]-9618&alias=submit2.chtc.wisc.edu&noUDP&sock=schedd_4918_eadb>
...
040 (10038106.018.000) 2022-08-15 10:21:03 Entered queue to transfer input files
	Transferring to host: <128.105.69.151:9618?addrs=128.105.69.151-9618+[2607-f388-2200-100-1270-fdff-fe56-7334]-9618&alias=e2534.chtc.wisc.edu&noUDP&sock=slot2_4_44999_9dbf_7134>
...
040 (10038106.018.000) 2022-08-15 10:22:44 Started transferring input files
	Seconds spent in queue: 101
...
040 (10038106.018.000) 2022-08-15 10:25:20 Finished transferring input files
...
001 (10038106.018.000) 2022-08-15 10:25:53 Job executing on host: <128.105.69.151:9618?addrs=128.105.69.151-9618+[2607-f388-2200-100-1270-fdff-fe56-7334]-9618&alias=e2534.chtc.wisc.edu&noUDP&sock=startd_12431_35e3>
...
006 (10038106.018.000) 2022-08-15 10:26:02 Image size of job updated: 1
	1  -  MemoryUsage of job (MB)
	1168  -  ResidentSetSize of job (KB)
...
006 (10038106.018.000) 2022-08-15 10:31:03 Image size of job updated: 672
	672  -  MemoryUsage of job (MB)
	689060  -  ResidentSetSize of job (KB)
...
006 (10038106.018.000) 2022-08-15 10:36:04 Image size of job updated: 727
	727  -  MemoryUsage of job (MB)
	745264  -  ResidentSetSize of job (KB)
...
006 (10038106.018.000) 2022-08-15 10:41:05 Image size of job updated: 736
	736  -  MemoryUsage of job (MB)
	754252  -  ResidentSetSize of job (KB)
...
006 (10038106.018.000) 2022-08-15 10:43:12 Image size of job updated: 736
	736  -  MemoryUsage of job (MB)
	754400  -  ResidentSetSize of job (KB)
...
004 (10038106.018.000) 2022-08-15 10:43:26 Job was evicted.
	(0) CPU times
		Usr 0 00:16:58, Sys 0 00:00:14  -  Run Remote Usage
		Usr 0 00:00:00, Sys 0 00:00:00  -  Run Local Usage
	0  -  Run Bytes Sent By Job
	7643968512  -  Run Bytes Received By Job
	Partitionable Resources :    Usage  Request Allocated 
	   Cpus                 :        0        1         1 
	   Disk (KB)            : 19754066 20971520  21747553 
	   IoHeavy              :                           0 
	   Memory (MB)          :      736    10240     10240 
...
009 (10038106.018.000) 2022-08-15 10:43:34 Job was aborted.
	via condor_rm (by user zpan52)
...
