000 (10038142.020.000) 2022-08-15 10:53:04 Job submitted from host: <128.104.101.92:9618?addrs=128.104.101.92-9618+[2607-f388-107c-501-a236-9fff-fe3c-caa8]-9618&alias=submit2.chtc.wisc.edu&noUDP&sock=schedd_4918_eadb>
...
040 (10038142.020.000) 2022-08-15 10:54:39 Entered queue to transfer input files
	Transferring to host: <128.105.69.151:9618?addrs=128.105.69.151-9618+[2607-f388-2200-100-1270-fdff-fe56-7334]-9618&alias=e2534.chtc.wisc.edu&noUDP&sock=slot2_12_44999_9dbf_7189>
...
040 (10038142.020.000) 2022-08-15 10:55:19 Started transferring input files
	Seconds spent in queue: 40
...
040 (10038142.020.000) 2022-08-15 10:57:39 Finished transferring input files
...
001 (10038142.020.000) 2022-08-15 10:57:42 Job executing on host: <128.105.69.151:9618?addrs=128.105.69.151-9618+[2607-f388-2200-100-1270-fdff-fe56-7334]-9618&alias=e2534.chtc.wisc.edu&noUDP&sock=startd_12431_35e3>
...
040 (10038142.020.000) 2022-08-15 10:57:51 Started transferring output files
	Seconds spent in queue: 192
...
040 (10038142.020.000) 2022-08-15 10:57:54 Finished transferring output files
...
005 (10038142.020.000) 2022-08-15 10:58:14 Job terminated.
	(1) Normal termination (return value 1)
		Usr 0 00:00:00, Sys 0 00:00:00  -  Run Remote Usage
		Usr 0 00:00:00, Sys 0 00:00:00  -  Run Local Usage
		Usr 0 00:00:00, Sys 0 00:00:00  -  Total Remote Usage
		Usr 0 00:00:00, Sys 0 00:00:00  -  Total Local Usage
	22  -  Run Bytes Sent By Job
	7643974656  -  Run Bytes Received By Job
	22  -  Total Bytes Sent By Job
	7643974656  -  Total Bytes Received By Job
	Partitionable Resources :      Usage  Request Allocated 
	   Cpus                 :       0.12        1         1 
	   Disk (KB)            : 7464832    20971520  21747553 
	   IoHeavy              :                             0 
	   Memory (MB)          :               10240     10240 

	Job terminated of its own accord at 2022-08-15T15:57:43Z with exit-code 1.
...
