000 (10038139.006.000) 2022-08-15 10:50:36 Job submitted from host: <128.104.101.92:9618?addrs=128.104.101.92-9618+[2607-f388-107c-501-a236-9fff-fe3c-caa8]-9618&alias=submit2.chtc.wisc.edu&noUDP&sock=schedd_4918_eadb>
...
040 (10038139.006.000) 2022-08-15 10:51:22 Started transferring input files
	Transferring to host: <128.105.69.151:9618?addrs=128.105.69.151-9618+[2607-f388-2200-100-1270-fdff-fe56-7334]-9618&alias=e2534.chtc.wisc.edu&noUDP&sock=slot2_6_44999_9dbf_7184>
...
040 (10038139.006.000) 2022-08-15 10:53:05 Finished transferring input files
...
001 (10038139.006.000) 2022-08-15 10:53:37 Job executing on host: <128.105.69.151:9618?addrs=128.105.69.151-9618+[2607-f388-2200-100-1270-fdff-fe56-7334]-9618&alias=e2534.chtc.wisc.edu&noUDP&sock=startd_12431_35e3>
...
006 (10038139.006.000) 2022-08-15 10:53:45 Image size of job updated: 1
	1  -  MemoryUsage of job (MB)
	1172  -  ResidentSetSize of job (KB)
...
006 (10038139.006.000) 2022-08-15 10:58:45 Image size of job updated: 969
	969  -  MemoryUsage of job (MB)
	992496  -  ResidentSetSize of job (KB)
...
006 (10038139.006.000) 2022-08-15 11:03:46 Image size of job updated: 1001
	1001  -  MemoryUsage of job (MB)
	1025140  -  ResidentSetSize of job (KB)
...
006 (10038139.006.000) 2022-08-15 11:08:46 Image size of job updated: 1038
	1038  -  MemoryUsage of job (MB)
	1063308  -  ResidentSetSize of job (KB)
...
006 (10038139.006.000) 2022-08-15 11:09:12 Image size of job updated: 1041
	1041  -  MemoryUsage of job (MB)
	1066316  -  ResidentSetSize of job (KB)
...
004 (10038139.006.000) 2022-08-15 11:09:13 Job was evicted.
	(0) CPU times
		Usr 0 00:15:21, Sys 0 00:00:16  -  Run Remote Usage
		Usr 0 00:00:00, Sys 0 00:00:00  -  Run Local Usage
	0  -  Run Bytes Sent By Job
	7643974144  -  Run Bytes Received By Job
	Partitionable Resources :       Usage  Request Allocated 
	   Cpus                 :        0.00        1         1 
	   Disk (KB)            : 19754071    20971520  21747553 
	   IoHeavy              :                              0 
	   Memory (MB)          :     1041       10240     10240 
...
009 (10038139.006.000) 2022-08-15 11:09:13 Job was aborted.
	via condor_rm (by user zpan52)
...
