000 (10038106.016.000) 2022-08-15 10:16:42 Job submitted from host: <128.104.101.92:9618?addrs=128.104.101.92-9618+[2607-f388-107c-501-a236-9fff-fe3c-caa8]-9618&alias=submit2.chtc.wisc.edu&noUDP&sock=schedd_4918_eadb>
...
040 (10038106.016.000) 2022-08-15 10:17:49 Entered queue to transfer input files
	Transferring to host: <128.105.69.166:9618?addrs=128.105.69.166-9618+[2607-f388-2200-100-1270-fdff-fe56-717c]-9618&alias=e2549.chtc.wisc.edu&noUDP&sock=slot2_5_153167_c1ee_3140>
...
040 (10038106.016.000) 2022-08-15 10:20:59 Started transferring input files
	Seconds spent in queue: 190
...
040 (10038106.016.000) 2022-08-15 10:22:18 Finished transferring input files
...
001 (10038106.016.000) 2022-08-15 10:22:57 Job executing on host: <128.105.69.166:9618?addrs=128.105.69.166-9618+[2607-f388-2200-100-1270-fdff-fe56-717c]-9618&alias=e2549.chtc.wisc.edu&noUDP&sock=startd_12525_afcb>
...
006 (10038106.016.000) 2022-08-15 10:23:06 Image size of job updated: 1
	1  -  MemoryUsage of job (MB)
	1172  -  ResidentSetSize of job (KB)
...
006 (10038106.016.000) 2022-08-15 10:26:10 Image size of job updated: 577
	577  -  MemoryUsage of job (MB)
	590964  -  ResidentSetSize of job (KB)
...
040 (10038106.016.000) 2022-08-15 10:26:35 Started transferring output files
	Seconds spent in queue: 526
...
040 (10038106.016.000) 2022-08-15 10:26:40 Finished transferring output files
...
005 (10038106.016.000) 2022-08-15 10:26:57 Job terminated.
	(1) Normal termination (return value 0)
		Usr 0 00:03:06, Sys 0 00:00:14  -  Run Remote Usage
		Usr 0 00:00:00, Sys 0 00:00:00  -  Run Local Usage
		Usr 0 00:03:06, Sys 0 00:00:14  -  Total Remote Usage
		Usr 0 00:00:00, Sys 0 00:00:00  -  Total Local Usage
	170463  -  Run Bytes Sent By Job
	7643968512  -  Run Bytes Received By Job
	170463  -  Total Bytes Sent By Job
	7643968512  -  Total Bytes Received By Job
	Partitionable Resources :    Usage  Request Allocated 
	   Cpus                 :        0        1         1 
	   Disk (KB)            :  8763346 20971520  21747553 
	   IoHeavy              :                           0 
	   Memory (MB)          :      577    10240     10240 

	Job terminated of its own accord at 2022-08-15T15:26:10Z with exit-code 0.
...
