000 (10038139.004.000) 2022-08-15 10:50:36 Job submitted from host: <128.104.101.92:9618?addrs=128.104.101.92-9618+[2607-f388-107c-501-a236-9fff-fe3c-caa8]-9618&alias=submit2.chtc.wisc.edu&noUDP&sock=schedd_4918_eadb>
...
040 (10038139.004.000) 2022-08-15 10:51:22 Started transferring input files
	Transferring to host: <128.105.69.97:9618?addrs=128.105.69.97-9618+[2607-f388-2200-100-1270-fdff-fe56-6e54]-9618&alias=e4008.chtc.wisc.edu&noUDP&sock=slot1_2_3691201_c6af_4764>
...
040 (10038139.004.000) 2022-08-15 10:53:28 Finished transferring input files
...
001 (10038139.004.000) 2022-08-15 10:54:01 Job executing on host: <128.105.69.97:9618?addrs=128.105.69.97-9618+[2607-f388-2200-100-1270-fdff-fe56-6e54]-9618&alias=e4008.chtc.wisc.edu&noUDP&sock=startd_194949_6097>
...
006 (10038139.004.000) 2022-08-15 10:54:10 Image size of job updated: 1
	1  -  MemoryUsage of job (MB)
	1176  -  ResidentSetSize of job (KB)
...
006 (10038139.004.000) 2022-08-15 10:59:11 Image size of job updated: 600
	600  -  MemoryUsage of job (MB)
	615024  -  ResidentSetSize of job (KB)
...
006 (10038139.004.000) 2022-08-15 11:04:12 Image size of job updated: 609
	609  -  MemoryUsage of job (MB)
	623616  -  ResidentSetSize of job (KB)
...
006 (10038139.004.000) 2022-08-15 11:09:12 Image size of job updated: 612
	612  -  MemoryUsage of job (MB)
	626864  -  ResidentSetSize of job (KB)
...
004 (10038139.004.000) 2022-08-15 11:09:14 Job was evicted.
	(0) CPU times
		Usr 0 00:15:03, Sys 0 00:00:13  -  Run Remote Usage
		Usr 0 00:00:00, Sys 0 00:00:00  -  Run Local Usage
	0  -  Run Bytes Sent By Job
	7643974144  -  Run Bytes Received By Job
	Partitionable Resources :       Usage  Request Allocated 
	   Cpus                 :        0.00        1         1 
	   Disk (KB)            : 19754070    20971520  22494605 
	   IoHeavy              :                              0 
	   Memory (MB)          :      612       10240     10240 
...
009 (10038139.004.000) 2022-08-15 11:09:14 Job was aborted.
	via condor_rm (by user zpan52)
...
