000 (10038139.001.000) 2022-08-15 10:50:36 Job submitted from host: <128.104.101.92:9618?addrs=128.104.101.92-9618+[2607-f388-107c-501-a236-9fff-fe3c-caa8]-9618&alias=submit2.chtc.wisc.edu&noUDP&sock=schedd_4918_eadb>
...
040 (10038139.001.000) 2022-08-15 10:51:22 Started transferring input files
	Transferring to host: <128.105.69.95:9618?addrs=128.105.69.95-9618+[2607-f388-2200-100-1270-fdff-fe56-bff4]-9618&alias=e4006.chtc.wisc.edu&noUDP&sock=slot1_3_1266464_3525_20237>
...
040 (10038139.001.000) 2022-08-15 10:53:05 Finished transferring input files
...
001 (10038139.001.000) 2022-08-15 10:53:42 Job executing on host: <128.105.69.95:9618?addrs=128.105.69.95-9618+[2607-f388-2200-100-1270-fdff-fe56-bff4]-9618&alias=e4006.chtc.wisc.edu&noUDP&sock=startd_193735_ac9e>
...
006 (10038139.001.000) 2022-08-15 10:53:50 Image size of job updated: 1
	1  -  MemoryUsage of job (MB)
	1188  -  ResidentSetSize of job (KB)
...
006 (10038139.001.000) 2022-08-15 10:58:50 Image size of job updated: 1307
	1307  -  MemoryUsage of job (MB)
	1338468  -  ResidentSetSize of job (KB)
...
006 (10038139.001.000) 2022-08-15 11:03:50 Image size of job updated: 1317
	1317  -  MemoryUsage of job (MB)
	1349304  -  ResidentSetSize of job (KB)
...
006 (10038139.001.000) 2022-08-15 11:08:51 Image size of job updated: 1329
	1329  -  MemoryUsage of job (MB)
	1361500  -  ResidentSetSize of job (KB)
...
006 (10038139.001.000) 2022-08-15 11:09:12 Image size of job updated: 1330
	1330  -  MemoryUsage of job (MB)
	1362176  -  ResidentSetSize of job (KB)
...
004 (10038139.001.000) 2022-08-15 11:09:12 Job was evicted.
	(0) CPU times
		Usr 0 00:14:56, Sys 0 00:00:17  -  Run Remote Usage
		Usr 0 00:00:00, Sys 0 00:00:00  -  Run Local Usage
	0  -  Run Bytes Sent By Job
	7643974144  -  Run Bytes Received By Job
	Partitionable Resources :       Usage  Request Allocated 
	   Cpus                 :        0.00        1         1 
	   Disk (KB)            : 19754070    20971520  22494605 
	   IoHeavy              :                              0 
	   Memory (MB)          :     1330       10240     10240 
...
009 (10038139.001.000) 2022-08-15 11:09:12 Job was aborted.
	via condor_rm (by user zpan52)
...
