000 (10038103.000.000) 2022-08-15 10:16:11 Job submitted from host: <128.104.101.92:9618?addrs=128.104.101.92-9618+[2607-f388-107c-501-a236-9fff-fe3c-caa8]-9618&alias=submit2.chtc.wisc.edu&noUDP&sock=schedd_4918_eadb>
...
040 (10038103.000.000) 2022-08-15 10:17:05 Started transferring input files
	Transferring to host: <128.105.69.89:9618?addrs=128.105.69.89-9618+[2607-f388-2200-100-1270-fdff-fe56-41cc]-9618&alias=e4000.chtc.wisc.edu&noUDP&sock=slot2_1_1291867_eb4e_7235>
...
040 (10038103.000.000) 2022-08-15 10:18:40 Finished transferring input files
...
001 (10038103.000.000) 2022-08-15 10:21:19 Job executing on host: <128.105.69.89:9618?addrs=128.105.69.89-9618+[2607-f388-2200-100-1270-fdff-fe56-41cc]-9618&alias=e4000.chtc.wisc.edu&noUDP&sock=startd_12141_4b6c>
...
006 (10038103.000.000) 2022-08-15 10:21:28 Image size of job updated: 1
	1  -  MemoryUsage of job (MB)
	1180  -  ResidentSetSize of job (KB)
...
006 (10038103.000.000) 2022-08-15 10:26:28 Image size of job updated: 455
	455  -  MemoryUsage of job (MB)
	466424  -  ResidentSetSize of job (KB)
...
006 (10038103.000.000) 2022-08-15 10:46:30 Image size of job updated: 462
	462  -  MemoryUsage of job (MB)
	473852  -  ResidentSetSize of job (KB)
...
006 (10038103.000.000) 2022-08-15 10:51:31 Image size of job updated: 467
	467  -  MemoryUsage of job (MB)
	479228  -  ResidentSetSize of job (KB)
...
006 (10038103.000.000) 2022-08-15 10:56:33 Image size of job updated: 472
	472  -  MemoryUsage of job (MB)
	484092  -  ResidentSetSize of job (KB)
...
006 (10038103.000.000) 2022-08-15 10:59:30 Image size of job updated: 473
	473  -  MemoryUsage of job (MB)
	484604  -  ResidentSetSize of job (KB)
...
040 (10038103.000.000) 2022-08-15 10:59:30 Started transferring output files
...
040 (10038103.000.000) 2022-08-15 10:59:30 Finished transferring output files
...
005 (10038103.000.000) 2022-08-15 10:59:31 Job terminated.
	(1) Normal termination (return value 0)
		Usr 0 00:37:20, Sys 0 00:00:28  -  Run Remote Usage
		Usr 0 00:00:00, Sys 0 00:00:00  -  Run Local Usage
		Usr 0 00:37:20, Sys 0 00:00:28  -  Total Remote Usage
		Usr 0 00:00:00, Sys 0 00:00:00  -  Total Local Usage
	163042  -  Run Bytes Sent By Job
	7643968512  -  Run Bytes Received By Job
	163042  -  Total Bytes Sent By Job
	7643968512  -  Total Bytes Received By Job
	Partitionable Resources :       Usage  Request Allocated 
	   Cpus                 :        0.01        1         1 
	   Disk (KB)            : 19754064    20971520  22978504 
	   IoHeavy              :                              0 
	   Memory (MB)          :      473       10240     10240 

	Job terminated of its own accord at 2022-08-15T15:59:30Z with exit-code 0.
...
