000 (10038106.011.000) 2022-08-15 10:16:42 Job submitted from host: <128.104.101.92:9618?addrs=128.104.101.92-9618+[2607-f388-107c-501-a236-9fff-fe3c-caa8]-9618&alias=submit2.chtc.wisc.edu&noUDP&sock=schedd_4918_eadb>
...
040 (10038106.011.000) 2022-08-15 10:17:37 Entered queue to transfer input files
	Transferring to host: <128.105.69.90:9618?addrs=128.105.69.90-9618+[2607-f388-2200-100-1270-fdff-fe56-707c]-9618&alias=e4001.chtc.wisc.edu&noUDP&sock=slot1_4_1019260_a061_12588>
...
040 (10038106.011.000) 2022-08-15 10:22:43 Started transferring input files
	Seconds spent in queue: 306
...
040 (10038106.011.000) 2022-08-15 10:25:18 Finished transferring input files
...
001 (10038106.011.000) 2022-08-15 10:25:31 Job executing on host: <128.105.69.90:9618?addrs=128.105.69.90-9618+[2607-f388-2200-100-1270-fdff-fe56-707c]-9618&alias=e4001.chtc.wisc.edu&noUDP&sock=startd_1019188_c628>
...
006 (10038106.011.000) 2022-08-15 10:25:40 Image size of job updated: 1
	1  -  MemoryUsage of job (MB)
	1176  -  ResidentSetSize of job (KB)
...
006 (10038106.011.000) 2022-08-15 10:27:22 Image size of job updated: 956
	956  -  MemoryUsage of job (MB)
	979412  -  ResidentSetSize of job (KB)
...
040 (10038106.011.000) 2022-08-15 10:27:33 Started transferring output files
	Seconds spent in queue: 596
...
040 (10038106.011.000) 2022-08-15 10:27:36 Finished transferring output files
...
005 (10038106.011.000) 2022-08-15 10:27:41 Job terminated.
	(1) Normal termination (return value 0)
		Usr 0 00:01:43, Sys 0 00:00:14  -  Run Remote Usage
		Usr 0 00:00:00, Sys 0 00:00:00  -  Run Local Usage
		Usr 0 00:01:43, Sys 0 00:00:14  -  Total Remote Usage
		Usr 0 00:00:00, Sys 0 00:00:00  -  Total Local Usage
	166871  -  Run Bytes Sent By Job
	7643968512  -  Run Bytes Received By Job
	166871  -  Total Bytes Sent By Job
	7643968512  -  Total Bytes Received By Job
	Partitionable Resources :      Usage  Request Allocated 
	   Cpus                 :       0.00        1         1 
	   Disk (KB)            : 8929176    20971520  22494605 
	   IoHeavy              :                             0 
	   Memory (MB)          :     956       10240     10240 

	Job terminated of its own accord at 2022-08-15T15:27:22Z with exit-code 0.
...
