000 (10038100.001.000) 2022-08-15 09:54:00 Job submitted from host: <128.104.101.92:9618?addrs=128.104.101.92-9618+[2607-f388-107c-501-a236-9fff-fe3c-caa8]-9618&alias=submit2.chtc.wisc.edu&noUDP&sock=schedd_4918_eadb>
...
040 (10038100.001.000) 2022-08-15 09:54:33 Started transferring input files
	Transferring to host: <128.105.69.105:9618?addrs=128.105.69.105-9618+[2607-f388-2200-100-1270-fdff-fe56-460c]-9618&alias=e2488.chtc.wisc.edu&noUDP&sock=slot2_7_46685_8e44_12181>
...
040 (10038100.001.000) 2022-08-15 09:55:57 Finished transferring input files
...
001 (10038100.001.000) 2022-08-15 09:55:59 Job executing on host: <128.105.69.105:9618?addrs=128.105.69.105-9618+[2607-f388-2200-100-1270-fdff-fe56-460c]-9618&alias=e2488.chtc.wisc.edu&noUDP&sock=startd_12657_3a4b>
...
006 (10038100.001.000) 2022-08-15 09:56:08 Image size of job updated: 1
	1  -  MemoryUsage of job (MB)
	1180  -  ResidentSetSize of job (KB)
...
006 (10038100.001.000) 2022-08-15 10:01:09 Image size of job updated: 1299
	1299  -  MemoryUsage of job (MB)
	1331056  -  ResidentSetSize of job (KB)
...
006 (10038100.001.000) 2022-08-15 10:06:09 Image size of job updated: 1304
	1304  -  MemoryUsage of job (MB)
	1335640  -  ResidentSetSize of job (KB)
...
006 (10038100.001.000) 2022-08-15 10:11:10 Image size of job updated: 1308
	1308  -  MemoryUsage of job (MB)
	1340288  -  ResidentSetSize of job (KB)
...
006 (10038100.001.000) 2022-08-15 10:16:11 Image size of job updated: 1313
	1313  -  MemoryUsage of job (MB)
	1344912  -  ResidentSetSize of job (KB)
...
006 (10038100.001.000) 2022-08-15 10:21:11 Image size of job updated: 1319
	1319  -  MemoryUsage of job (MB)
	1350872  -  ResidentSetSize of job (KB)
...
006 (10038100.001.000) 2022-08-15 10:26:20 Image size of job updated: 1323
	1323  -  MemoryUsage of job (MB)
	1355464  -  ResidentSetSize of job (KB)
...
006 (10038100.001.000) 2022-08-15 10:31:12 Image size of job updated: 1328
	1328  -  MemoryUsage of job (MB)
	1360208  -  ResidentSetSize of job (KB)
...
006 (10038100.001.000) 2022-08-15 10:36:13 Image size of job updated: 1332
	1332  -  MemoryUsage of job (MB)
	1364868  -  ResidentSetSize of job (KB)
...
006 (10038100.001.000) 2022-08-15 10:41:13 Image size of job updated: 1337
	1337  -  MemoryUsage of job (MB)
	1369396  -  ResidentSetSize of job (KB)
...
006 (10038100.001.000) 2022-08-15 10:46:14 Image size of job updated: 1360
	1360  -  MemoryUsage of job (MB)
	1392704  -  ResidentSetSize of job (KB)
...
006 (10038100.001.000) 2022-08-15 10:51:14 Image size of job updated: 1364
	1364  -  MemoryUsage of job (MB)
	1397144  -  ResidentSetSize of job (KB)
...
006 (10038100.001.000) 2022-08-15 10:56:15 Image size of job updated: 1378
	1378  -  MemoryUsage of job (MB)
	1411732  -  ResidentSetSize of job (KB)
...
006 (10038100.001.000) 2022-08-15 11:01:17 Image size of job updated: 1383
	1383  -  MemoryUsage of job (MB)
	1416216  -  ResidentSetSize of job (KB)
...
006 (10038100.001.000) 2022-08-15 11:06:17 Image size of job updated: 1387
	1387  -  MemoryUsage of job (MB)
	1420548  -  ResidentSetSize of job (KB)
...
