000 (10038142.001.000) 2022-08-15 10:53:04 Job submitted from host: <128.104.101.92:9618?addrs=128.104.101.92-9618+[2607-f388-107c-501-a236-9fff-fe3c-caa8]-9618&alias=submit2.chtc.wisc.edu&noUDP&sock=schedd_4918_eadb>
...
040 (10038142.001.000) 2022-08-15 10:54:36 Entered queue to transfer input files
	Transferring to host: <128.105.69.118:9618?addrs=128.105.69.118-9618+[2607-f388-2200-100-1270-fdff-fe56-ccac]-9618&alias=e2501.chtc.wisc.edu&noUDP&sock=slot2_12_16157_d16a_4053>
...
040 (10038142.001.000) 2022-08-15 10:55:53 Started transferring input files
	Seconds spent in queue: 77
...
040 (10038142.001.000) 2022-08-15 10:58:06 Finished transferring input files
...
001 (10038142.001.000) 2022-08-15 10:58:15 Job executing on host: <128.105.69.118:9618?addrs=128.105.69.118-9618+[2607-f388-2200-100-1270-fdff-fe56-ccac]-9618&alias=e2501.chtc.wisc.edu&noUDP&sock=startd_11850_b15d>
...
040 (10038142.001.000) 2022-08-15 10:58:27 Started transferring output files
	Seconds spent in queue: 231
...
040 (10038142.001.000) 2022-08-15 10:58:29 Finished transferring output files
...
005 (10038142.001.000) 2022-08-15 10:58:43 Job terminated.
	(1) Normal termination (return value 1)
		Usr 0 00:00:00, Sys 0 00:00:00  -  Run Remote Usage
		Usr 0 00:00:00, Sys 0 00:00:00  -  Run Local Usage
		Usr 0 00:00:00, Sys 0 00:00:00  -  Total Remote Usage
		Usr 0 00:00:00, Sys 0 00:00:00  -  Total Local Usage
	22  -  Run Bytes Sent By Job
	7643974656  -  Run Bytes Received By Job
	22  -  Total Bytes Sent By Job
	7643974656  -  Total Bytes Received By Job
	Partitionable Resources :    Usage  Request Allocated 
	   Cpus                 :        0        1         1 
	   Disk (KB)            :  7464832 20971520  21747553 
	   IoHeavy              :                           0 
	   Memory (MB)          :             10240     10240 

	Job terminated of its own accord at 2022-08-15T15:58:18Z with exit-code 1.
...
