000 (10038105.015.000) 2022-08-15 10:16:32 Job submitted from host: <128.104.101.92:9618?addrs=128.104.101.92-9618+[2607-f388-107c-501-a236-9fff-fe3c-caa8]-9618&alias=submit2.chtc.wisc.edu&noUDP&sock=schedd_4918_eadb>
...
040 (10038105.015.000) 2022-08-15 10:17:33 Entered queue to transfer input files
	Transferring to host: <128.105.69.91:9618?addrs=128.105.69.91-9618+[2607-f388-2200-100-1270-fdff-fe56-41c4]-9618&alias=e4002.chtc.wisc.edu&noUDP&sock=slot1_3_3091224_b401_6193>
...
040 (10038105.015.000) 2022-08-15 10:20:07 Started transferring input files
	Seconds spent in queue: 154
...
040 (10038105.015.000) 2022-08-15 10:22:28 Finished transferring input files
...
001 (10038105.015.000) 2022-08-15 10:23:48 Job executing on host: <128.105.69.91:9618?addrs=128.105.69.91-9618+[2607-f388-2200-100-1270-fdff-fe56-41c4]-9618&alias=e4002.chtc.wisc.edu&noUDP&sock=startd_3091164_f871>
...
006 (10038105.015.000) 2022-08-15 10:23:56 Image size of job updated: 1
	1  -  MemoryUsage of job (MB)
	1176  -  ResidentSetSize of job (KB)
...
006 (10038105.015.000) 2022-08-15 10:28:56 Image size of job updated: 515
	515  -  MemoryUsage of job (MB)
	528184  -  ResidentSetSize of job (KB)
...
006 (10038105.015.000) 2022-08-15 10:33:57 Image size of job updated: 527
	527  -  MemoryUsage of job (MB)
	540492  -  ResidentSetSize of job (KB)
...
006 (10038105.015.000) 2022-08-15 10:38:58 Image size of job updated: 533
	533  -  MemoryUsage of job (MB)
	546712  -  ResidentSetSize of job (KB)
...
006 (10038105.015.000) 2022-08-15 10:43:58 Image size of job updated: 539
	539  -  MemoryUsage of job (MB)
	552756  -  ResidentSetSize of job (KB)
...
006 (10038105.015.000) 2022-08-15 10:48:59 Image size of job updated: 539
	539  -  MemoryUsage of job (MB)
	552764  -  ResidentSetSize of job (KB)
...
006 (10038105.015.000) 2022-08-15 10:59:01 Image size of job updated: 539
	539  -  MemoryUsage of job (MB)
	552812  -  ResidentSetSize of job (KB)
...
006 (10038105.015.000) 2022-08-15 11:04:01 Image size of job updated: 539
	539  -  MemoryUsage of job (MB)
	552828  -  ResidentSetSize of job (KB)
...
006 (10038105.015.000) 2022-08-15 11:09:02 Image size of job updated: 542
	542  -  MemoryUsage of job (MB)
	555512  -  ResidentSetSize of job (KB)
...
006 (10038105.015.000) 2022-08-15 11:14:02 Image size of job updated: 549
	549  -  MemoryUsage of job (MB)
	562184  -  ResidentSetSize of job (KB)
...
006 (10038105.015.000) 2022-08-15 11:19:02 Image size of job updated: 553
	553  -  MemoryUsage of job (MB)
	566524  -  ResidentSetSize of job (KB)
...
