000 (10038137.000.000) 2022-08-15 10:49:42 Job submitted from host: <128.104.101.92:9618?addrs=128.104.101.92-9618+[2607-f388-107c-501-a236-9fff-fe3c-caa8]-9618&alias=submit2.chtc.wisc.edu&noUDP&sock=schedd_4918_eadb>
...
040 (10038137.000.000) 2022-08-15 10:51:03 Started transferring input files
	Transferring to host: <128.105.69.89:9618?addrs=128.105.69.89-9618+[2607-f388-2200-100-1270-fdff-fe56-41cc]-9618&alias=e4000.chtc.wisc.edu&noUDP&sock=slot2_22_1291867_eb4e_7319>
...
040 (10038137.000.000) 2022-08-15 10:52:27 Finished transferring input files
...
001 (10038137.000.000) 2022-08-15 10:53:09 Job executing on host: <128.105.69.89:9618?addrs=128.105.69.89-9618+[2607-f388-2200-100-1270-fdff-fe56-41cc]-9618&alias=e4000.chtc.wisc.edu&noUDP&sock=startd_12141_4b6c>
...
006 (10038137.000.000) 2022-08-15 10:53:20 Image size of job updated: 1
	1  -  MemoryUsage of job (MB)
	1176  -  ResidentSetSize of job (KB)
...
006 (10038137.000.000) 2022-08-15 10:58:22 Image size of job updated: 551
	551  -  MemoryUsage of job (MB)
	564272  -  ResidentSetSize of job (KB)
...
006 (10038137.000.000) 2022-08-15 11:03:22 Image size of job updated: 551
	551  -  MemoryUsage of job (MB)
	564352  -  ResidentSetSize of job (KB)
...
006 (10038137.000.000) 2022-08-15 11:08:22 Image size of job updated: 551
	551  -  MemoryUsage of job (MB)
	564400  -  ResidentSetSize of job (KB)
...
006 (10038137.000.000) 2022-08-15 11:13:23 Image size of job updated: 559
	559  -  MemoryUsage of job (MB)
	572500  -  ResidentSetSize of job (KB)
...
006 (10038137.000.000) 2022-08-15 11:18:23 Image size of job updated: 559
	559  -  MemoryUsage of job (MB)
	572516  -  ResidentSetSize of job (KB)
...
006 (10038137.000.000) 2022-08-15 11:23:24 Image size of job updated: 566
	566  -  MemoryUsage of job (MB)
	580076  -  ResidentSetSize of job (KB)
...
