000 (10038104.013.000) 2022-08-15 10:16:22 Job submitted from host: <128.104.101.92:9618?addrs=128.104.101.92-9618+[2607-f388-107c-501-a236-9fff-fe3c-caa8]-9618&alias=submit2.chtc.wisc.edu&noUDP&sock=schedd_4918_eadb>
...
040 (10038104.013.000) 2022-08-15 10:17:29 Entered queue to transfer input files
	Transferring to host: <128.105.69.97:9618?addrs=128.105.69.97-9618+[2607-f388-2200-100-1270-fdff-fe56-6e54]-9618&alias=e4008.chtc.wisc.edu&noUDP&sock=slot1_3_3691201_c6af_4718>
...
040 (10038104.013.000) 2022-08-15 10:20:06 Started transferring input files
	Seconds spent in queue: 157
...
040 (10038104.013.000) 2022-08-15 10:21:42 Finished transferring input files
...
001 (10038104.013.000) 2022-08-15 10:21:44 Job executing on host: <128.105.69.97:9618?addrs=128.105.69.97-9618+[2607-f388-2200-100-1270-fdff-fe56-6e54]-9618&alias=e4008.chtc.wisc.edu&noUDP&sock=startd_194949_6097>
...
006 (10038104.013.000) 2022-08-15 10:21:53 Image size of job updated: 1
	1  -  MemoryUsage of job (MB)
	1180  -  ResidentSetSize of job (KB)
...
006 (10038104.013.000) 2022-08-15 10:23:40 Image size of job updated: 535
	535  -  MemoryUsage of job (MB)
	548412  -  ResidentSetSize of job (KB)
...
040 (10038104.013.000) 2022-08-15 10:23:48 Started transferring output files
	Seconds spent in queue: 379
...
040 (10038104.013.000) 2022-08-15 10:23:53 Finished transferring output files
...
005 (10038104.013.000) 2022-08-15 10:24:05 Job terminated.
	(1) Normal termination (return value 0)
		Usr 0 00:01:48, Sys 0 00:00:15  -  Run Remote Usage
		Usr 0 00:00:00, Sys 0 00:00:00  -  Run Local Usage
		Usr 0 00:01:48, Sys 0 00:00:15  -  Total Remote Usage
		Usr 0 00:00:00, Sys 0 00:00:00  -  Total Local Usage
	163168  -  Run Bytes Sent By Job
	7643968512  -  Run Bytes Received By Job
	163168  -  Total Bytes Sent By Job
	7643968512  -  Total Bytes Received By Job
	Partitionable Resources :      Usage  Request Allocated 
	   Cpus                 :       0.00        1         1 
	   Disk (KB)            : 8800596    20971520  22494605 
	   IoHeavy              :                             0 
	   Memory (MB)          :     535       10240     10240 

	Job terminated of its own accord at 2022-08-15T15:23:40Z with exit-code 0.
...
