000 (10038089.000.000) 2022-08-15 09:04:17 Job submitted from host: <128.104.101.92:9618?addrs=128.104.101.92-9618+[2607-f388-107c-501-a236-9fff-fe3c-caa8]-9618&alias=submit2.chtc.wisc.edu&noUDP&sock=schedd_4918_eadb>
...
040 (10038089.000.000) 2022-08-15 09:05:21 Entered queue to transfer input files
	Transferring to host: <128.105.69.91:9618?addrs=128.105.69.91-9618+[2607-f388-2200-100-1270-fdff-fe56-41c4]-9618&alias=e4002.chtc.wisc.edu&noUDP&sock=slot1_4_3091224_b401_6080>
...
040 (10038089.000.000) 2022-08-15 09:07:05 Started transferring input files
	Seconds spent in queue: 104
...
040 (10038089.000.000) 2022-08-15 09:07:06 Finished transferring input files
...
004 (10038089.000.000) 2022-08-15 09:07:07 Job was evicted.
	(0) CPU times
		Usr 0 00:00:00, Sys 0 00:00:00  -  Run Remote Usage
		Usr 0 00:00:00, Sys 0 00:00:00  -  Run Local Usage
	0  -  Run Bytes Sent By Job
	58717  -  Run Bytes Received By Job
	Partitionable Resources :    Usage  Request Allocated 
	   Cpus                 :        0        1         1 
	   Disk (KB)            :       25  4194304   5998562 
	   IoHeavy              :                           0 
	   Memory (MB)          :              4096      4096 
...
009 (10038089.000.000) 2022-08-15 09:07:08 Job was aborted.
	via condor_rm (by user zpan52)
...
