000 (10038100.019.000) 2022-08-15 09:54:00 Job submitted from host: <128.104.101.92:9618?addrs=128.104.101.92-9618+[2607-f388-107c-501-a236-9fff-fe3c-caa8]-9618&alias=submit2.chtc.wisc.edu&noUDP&sock=schedd_4918_eadb>
...
040 (10038100.019.000) 2022-08-15 09:54:45 Started transferring input files
	Transferring to host: <128.105.69.101:9618?addrs=128.105.69.101-9618+[2607-f388-2200-100-1270-fdff-fe56-bae4]-9618&alias=e4012.chtc.wisc.edu&noUDP&sock=slot1_1_745379_af80_19865>
...
040 (10038100.019.000) 2022-08-15 09:56:13 Finished transferring input files
...
001 (10038100.019.000) 2022-08-15 09:56:14 Job executing on host: <128.105.69.101:9618?addrs=128.105.69.101-9618+[2607-f388-2200-100-1270-fdff-fe56-bae4]-9618&alias=e4012.chtc.wisc.edu&noUDP&sock=startd_181518_d415>
...
006 (10038100.019.000) 2022-08-15 09:56:23 Image size of job updated: 1
	1  -  MemoryUsage of job (MB)
	1184  -  ResidentSetSize of job (KB)
...
006 (10038100.019.000) 2022-08-15 09:57:45 Image size of job updated: 964
	964  -  MemoryUsage of job (MB)
	988020  -  ResidentSetSize of job (KB)
...
040 (10038100.019.000) 2022-08-15 09:57:47 Started transferring output files
...
040 (10038100.019.000) 2022-08-15 09:57:48 Finished transferring output files
...
005 (10038100.019.000) 2022-08-15 09:57:50 Job terminated.
	(1) Normal termination (return value 0)
		Usr 0 00:01:24, Sys 0 00:00:13  -  Run Remote Usage
		Usr 0 00:00:00, Sys 0 00:00:00  -  Run Local Usage
		Usr 0 00:01:24, Sys 0 00:00:13  -  Total Remote Usage
		Usr 0 00:00:00, Sys 0 00:00:00  -  Total Local Usage
	164545  -  Run Bytes Sent By Job
	7643967488  -  Run Bytes Received By Job
	164545  -  Total Bytes Sent By Job
	7643967488  -  Total Bytes Received By Job
	Partitionable Resources :      Usage  Request Allocated 
	   Cpus                 :       0.00        1         1 
	   Disk (KB)            : 8953625    20971520  22494605 
	   IoHeavy              :                             0 
	   Memory (MB)          :     964       10240     10240 

	Job terminated of its own accord at 2022-08-15T14:57:45Z with exit-code 0.
...
