000 (10038107.014.000) 2022-08-15 10:16:53 Job submitted from host: <128.104.101.92:9618?addrs=128.104.101.92-9618+[2607-f388-107c-501-a236-9fff-fe3c-caa8]-9618&alias=submit2.chtc.wisc.edu&noUDP&sock=schedd_4918_eadb>
...
040 (10038107.014.000) 2022-08-15 10:22:19 Started transferring input files
	Transferring to host: <128.105.69.89:9618?addrs=128.105.69.89-9618+[2607-f388-2200-100-1270-fdff-fe56-41cc]-9618&alias=e4000.chtc.wisc.edu&noUDP&sock=slot2_23_1291867_eb4e_7264>
...
040 (10038107.014.000) 2022-08-15 10:23:20 Finished transferring input files
...
001 (10038107.014.000) 2022-08-15 10:23:46 Job executing on host: <128.105.69.89:9618?addrs=128.105.69.89-9618+[2607-f388-2200-100-1270-fdff-fe56-41cc]-9618&alias=e4000.chtc.wisc.edu&noUDP&sock=startd_12141_4b6c>
...
006 (10038107.014.000) 2022-08-15 10:23:54 Image size of job updated: 1
	1  -  MemoryUsage of job (MB)
	1184  -  ResidentSetSize of job (KB)
...
006 (10038107.014.000) 2022-08-15 10:28:55 Image size of job updated: 557
	557  -  MemoryUsage of job (MB)
	570488  -  ResidentSetSize of job (KB)
...
006 (10038107.014.000) 2022-08-15 10:33:55 Image size of job updated: 557
	557  -  MemoryUsage of job (MB)
	570584  -  ResidentSetSize of job (KB)
...
006 (10038107.014.000) 2022-08-15 10:38:56 Image size of job updated: 563
	563  -  MemoryUsage of job (MB)
	576648  -  ResidentSetSize of job (KB)
...
006 (10038107.014.000) 2022-08-15 10:41:28 Image size of job updated: 563
	563  -  MemoryUsage of job (MB)
	576664  -  ResidentSetSize of job (KB)
...
004 (10038107.014.000) 2022-08-15 10:42:27 Job was evicted.
	(0) CPU times
		Usr 0 00:14:49, Sys 0 00:00:21  -  Run Remote Usage
		Usr 0 00:00:00, Sys 0 00:00:00  -  Run Local Usage
	0  -  Run Bytes Sent By Job
	7643968512  -  Run Bytes Received By Job
	Partitionable Resources :       Usage  Request Allocated 
	   Cpus                 :        0.00        1         1 
	   Disk (KB)            : 19754066    20971520  22978504 
	   IoHeavy              :                              0 
	   Memory (MB)          :      563       10240     10240 
...
009 (10038107.014.000) 2022-08-15 10:42:42 Job was aborted.
	via condor_rm (by user zpan52)
...
