000 (10038108.016.000) 2022-08-15 10:17:00 Job submitted from host: <128.104.101.92:9618?addrs=128.104.101.92-9618+[2607-f388-107c-501-a236-9fff-fe3c-caa8]-9618&alias=submit2.chtc.wisc.edu&noUDP&sock=schedd_4918_eadb>
...
040 (10038108.016.000) 2022-08-15 10:21:19 Entered queue to transfer input files
	Transferring to host: <128.105.69.104:9618?addrs=128.105.69.104-9618+[2607-f388-2200-100-1270-fdff-fe56-bccc]-9618&alias=e4015.chtc.wisc.edu&noUDP&sock=slot1_8_1360259_452c_20378>
...
040 (10038108.016.000) 2022-08-15 10:26:09 Started transferring input files
	Seconds spent in queue: 290
...
040 (10038108.016.000) 2022-08-15 10:26:44 Finished transferring input files
...
001 (10038108.016.000) 2022-08-15 10:27:00 Job executing on host: <128.105.69.104:9618?addrs=128.105.69.104-9618+[2607-f388-2200-100-1270-fdff-fe56-bccc]-9618&alias=e4015.chtc.wisc.edu&noUDP&sock=startd_193827_c754>
...
006 (10038108.016.000) 2022-08-15 10:27:10 Image size of job updated: 1
	1  -  MemoryUsage of job (MB)
	1172  -  ResidentSetSize of job (KB)
...
006 (10038108.016.000) 2022-08-15 10:30:05 Image size of job updated: 584
	584  -  MemoryUsage of job (MB)
	598708  -  ResidentSetSize of job (KB)
...
040 (10038108.016.000) 2022-08-15 10:30:10 Started transferring output files
	Seconds spent in queue: 531
...
040 (10038108.016.000) 2022-08-15 10:30:12 Finished transferring output files
...
005 (10038108.016.000) 2022-08-15 10:30:14 Job terminated.
	(1) Normal termination (return value 0)
		Usr 0 00:00:08, Sys 0 00:00:01  -  Run Remote Usage
		Usr 0 00:00:00, Sys 0 00:00:00  -  Run Local Usage
		Usr 0 00:00:08, Sys 0 00:00:01  -  Total Remote Usage
		Usr 0 00:00:00, Sys 0 00:00:00  -  Total Local Usage
	4874  -  Run Bytes Sent By Job
	7643968512  -  Run Bytes Received By Job
	4874  -  Total Bytes Sent By Job
	7643968512  -  Total Bytes Received By Job
	Partitionable Resources :    Usage  Request Allocated 
	   Cpus                 :        0        1         1 
	   Disk (KB)            :  8968674 20971520  22494605 
	   IoHeavy              :                           0 
	   Memory (MB)          :      584    10240     10240 

	Job terminated of its own accord at 2022-08-15T15:30:05Z with exit-code 0.
...
