000 (10038142.014.000) 2022-08-15 10:53:04 Job submitted from host: <128.104.101.92:9618?addrs=128.104.101.92-9618+[2607-f388-107c-501-a236-9fff-fe3c-caa8]-9618&alias=submit2.chtc.wisc.edu&noUDP&sock=schedd_4918_eadb>
...
040 (10038142.014.000) 2022-08-15 10:54:38 Entered queue to transfer input files
	Transferring to host: <128.105.69.90:9618?addrs=128.105.69.90-9618+[2607-f388-2200-100-1270-fdff-fe56-707c]-9618&alias=e4001.chtc.wisc.edu&noUDP&sock=slot1_7_1019260_a061_12641>
...
040 (10038142.014.000) 2022-08-15 10:55:53 Started transferring input files
	Seconds spent in queue: 75
...
040 (10038142.014.000) 2022-08-15 10:58:06 Finished transferring input files
...
001 (10038142.014.000) 2022-08-15 10:58:15 Job executing on host: <128.105.69.90:9618?addrs=128.105.69.90-9618+[2607-f388-2200-100-1270-fdff-fe56-707c]-9618&alias=e4001.chtc.wisc.edu&noUDP&sock=startd_1019188_c628>
...
040 (10038142.014.000) 2022-08-15 10:58:19 Started transferring output files
	Seconds spent in queue: 221
...
040 (10038142.014.000) 2022-08-15 10:58:25 Finished transferring output files
...
005 (10038142.014.000) 2022-08-15 10:58:36 Job terminated.
	(1) Normal termination (return value 1)
		Usr 0 00:00:00, Sys 0 00:00:00  -  Run Remote Usage
		Usr 0 00:00:00, Sys 0 00:00:00  -  Run Local Usage
		Usr 0 00:00:00, Sys 0 00:00:00  -  Total Remote Usage
		Usr 0 00:00:00, Sys 0 00:00:00  -  Total Local Usage
	22  -  Run Bytes Sent By Job
	7643974656  -  Run Bytes Received By Job
	22  -  Total Bytes Sent By Job
	7643974656  -  Total Bytes Received By Job
	Partitionable Resources :      Usage  Request Allocated 
	   Cpus                 :       0.15        1         1 
	   Disk (KB)            : 7464832    20971520  22494605 
	   IoHeavy              :                             0 
	   Memory (MB)          :               10240     10240 

	Job terminated of its own accord at 2022-08-15T15:58:16Z with exit-code 1.
...
