000 (10038104.004.000) 2022-08-15 10:16:22 Job submitted from host: <128.104.101.92:9618?addrs=128.104.101.92-9618+[2607-f388-107c-501-a236-9fff-fe3c-caa8]-9618&alias=submit2.chtc.wisc.edu&noUDP&sock=schedd_4918_eadb>
...
040 (10038104.004.000) 2022-08-15 10:17:23 Started transferring input files
	Transferring to host: <128.105.69.94:9618?addrs=128.105.69.94-9618+[2607-f388-2200-100-1270-fdff-fe56-3dcc]-9618&alias=e4005.chtc.wisc.edu&noUDP&sock=slot1_1_3648970_3759_4392>
...
040 (10038104.004.000) 2022-08-15 10:18:45 Finished transferring input files
...
001 (10038104.004.000) 2022-08-15 10:21:13 Job executing on host: <128.105.69.94:9618?addrs=128.105.69.94-9618+[2607-f388-2200-100-1270-fdff-fe56-3dcc]-9618&alias=e4005.chtc.wisc.edu&noUDP&sock=startd_194940_343d>
...
006 (10038104.004.000) 2022-08-15 10:21:22 Image size of job updated: 1
	1  -  MemoryUsage of job (MB)
	1184  -  ResidentSetSize of job (KB)
...
006 (10038104.004.000) 2022-08-15 10:26:24 Image size of job updated: 606
	606  -  MemoryUsage of job (MB)
	621336  -  ResidentSetSize of job (KB)
...
006 (10038104.004.000) 2022-08-15 10:31:24 Image size of job updated: 619
	619  -  MemoryUsage of job (MB)
	634248  -  ResidentSetSize of job (KB)
...
006 (10038104.004.000) 2022-08-15 10:36:25 Image size of job updated: 625
	625  -  MemoryUsage of job (MB)
	640012  -  ResidentSetSize of job (KB)
...
006 (10038104.004.000) 2022-08-15 10:41:25 Image size of job updated: 650
	650  -  MemoryUsage of job (MB)
	666492  -  ResidentSetSize of job (KB)
...
006 (10038104.004.000) 2022-08-15 10:46:25 Image size of job updated: 656
	656  -  MemoryUsage of job (MB)
	672232  -  ResidentSetSize of job (KB)
...
006 (10038104.004.000) 2022-08-15 10:51:25 Image size of job updated: 659
	659  -  MemoryUsage of job (MB)
	675496  -  ResidentSetSize of job (KB)
...
006 (10038104.004.000) 2022-08-15 10:56:26 Image size of job updated: 662
	662  -  MemoryUsage of job (MB)
	678768  -  ResidentSetSize of job (KB)
...
006 (10038104.004.000) 2022-08-15 11:01:27 Image size of job updated: 666
	666  -  MemoryUsage of job (MB)
	682016  -  ResidentSetSize of job (KB)
...
006 (10038104.004.000) 2022-08-15 11:06:28 Image size of job updated: 669
	669  -  MemoryUsage of job (MB)
	685264  -  ResidentSetSize of job (KB)
...
