000 (10038093.006.000) 2022-08-15 09:09:41 Job submitted from host: <128.104.101.92:9618?addrs=128.104.101.92-9618+[2607-f388-107c-501-a236-9fff-fe3c-caa8]-9618&alias=submit2.chtc.wisc.edu&noUDP&sock=schedd_4918_eadb>
...
040 (10038093.006.000) 2022-08-15 09:11:36 Started transferring input files
	Transferring to host: <128.105.69.89:9618?addrs=128.105.69.89-9618+[2607-f388-2200-100-1270-fdff-fe56-41cc]-9618&alias=e4000.chtc.wisc.edu&noUDP&sock=slot2_1_1291867_eb4e_7138>
...
040 (10038093.006.000) 2022-08-15 09:12:17 Finished transferring input files
...
001 (10038093.006.000) 2022-08-15 09:12:19 Job executing on host: <128.105.69.89:9618?addrs=128.105.69.89-9618+[2607-f388-2200-100-1270-fdff-fe56-41cc]-9618&alias=e4000.chtc.wisc.edu&noUDP&sock=startd_12141_4b6c>
...
006 (10038093.006.000) 2022-08-15 09:12:28 Image size of job updated: 1
	1  -  MemoryUsage of job (MB)
	1180  -  ResidentSetSize of job (KB)
...
040 (10038093.006.000) 2022-08-15 09:13:59 Started transferring output files
...
040 (10038093.006.000) 2022-08-15 09:14:00 Finished transferring output files
...
005 (10038093.006.000) 2022-08-15 09:14:07 Job terminated.
	(1) Normal termination (return value 0)
		Usr 0 00:00:02, Sys 0 00:00:00  -  Run Remote Usage
		Usr 0 00:00:00, Sys 0 00:00:00  -  Run Local Usage
		Usr 0 00:00:02, Sys 0 00:00:00  -  Total Remote Usage
		Usr 0 00:00:00, Sys 0 00:00:00  -  Total Local Usage
	3024  -  Run Bytes Sent By Job
	5029328896  -  Run Bytes Received By Job
	3024  -  Total Bytes Sent By Job
	5029328896  -  Total Bytes Received By Job
	Partitionable Resources :      Usage  Request Allocated 
	   Cpus                 :       0.32        1         1 
	   Disk (KB)            : 6115107    10485760  12165091 
	   IoHeavy              :                             0 
	   Memory (MB)          :       1       10240     10240 

	Job terminated of its own accord at 2022-08-15T14:13:48Z with exit-code 0.
...
