000 (10038104.018.000) 2022-08-15 10:16:22 Job submitted from host: <128.104.101.92:9618?addrs=128.104.101.92-9618+[2607-f388-107c-501-a236-9fff-fe3c-caa8]-9618&alias=submit2.chtc.wisc.edu&noUDP&sock=schedd_4918_eadb>
...
040 (10038104.018.000) 2022-08-15 10:17:30 Entered queue to transfer input files
	Transferring to host: <128.105.69.101:9618?addrs=128.105.69.101-9618+[2607-f388-2200-100-1270-fdff-fe56-bae4]-9618&alias=e4012.chtc.wisc.edu&noUDP&sock=slot1_2_745379_af80_19893>
...
040 (10038104.018.000) 2022-08-15 10:20:06 Started transferring input files
	Seconds spent in queue: 156
...
040 (10038104.018.000) 2022-08-15 10:21:40 Finished transferring input files
...
001 (10038104.018.000) 2022-08-15 10:21:41 Job executing on host: <128.105.69.101:9618?addrs=128.105.69.101-9618+[2607-f388-2200-100-1270-fdff-fe56-bae4]-9618&alias=e4012.chtc.wisc.edu&noUDP&sock=startd_181518_d415>
...
006 (10038104.018.000) 2022-08-15 10:21:50 Image size of job updated: 1
	1  -  MemoryUsage of job (MB)
	1184  -  ResidentSetSize of job (KB)
...
006 (10038104.018.000) 2022-08-15 10:26:51 Image size of job updated: 672
	672  -  MemoryUsage of job (MB)
	688528  -  ResidentSetSize of job (KB)
...
006 (10038104.018.000) 2022-08-15 10:31:51 Image size of job updated: 725
	725  -  MemoryUsage of job (MB)
	743232  -  ResidentSetSize of job (KB)
...
006 (10038104.018.000) 2022-08-15 10:36:51 Image size of job updated: 734
	734  -  MemoryUsage of job (MB)
	752220  -  ResidentSetSize of job (KB)
...
006 (10038104.018.000) 2022-08-15 10:41:51 Image size of job updated: 757
	757  -  MemoryUsage of job (MB)
	775184  -  ResidentSetSize of job (KB)
...
006 (10038104.018.000) 2022-08-15 10:46:51 Image size of job updated: 766
	766  -  MemoryUsage of job (MB)
	784384  -  ResidentSetSize of job (KB)
...
006 (10038104.018.000) 2022-08-15 10:51:56 Image size of job updated: 789
	789  -  MemoryUsage of job (MB)
	808672  -  ResidentSetSize of job (KB)
...
006 (10038104.018.000) 2022-08-15 10:56:51 Image size of job updated: 825
	825  -  MemoryUsage of job (MB)
	844964  -  ResidentSetSize of job (KB)
...
006 (10038104.018.000) 2022-08-15 11:01:52 Image size of job updated: 843
	843  -  MemoryUsage of job (MB)
	863536  -  ResidentSetSize of job (KB)
...
006 (10038104.018.000) 2022-08-15 11:06:53 Image size of job updated: 949
	949  -  MemoryUsage of job (MB)
	972084  -  ResidentSetSize of job (KB)
...
