000 (10038103.016.000) 2022-08-15 10:16:11 Job submitted from host: <128.104.101.92:9618?addrs=128.104.101.92-9618+[2607-f388-107c-501-a236-9fff-fe3c-caa8]-9618&alias=submit2.chtc.wisc.edu&noUDP&sock=schedd_4918_eadb>
...
040 (10038103.016.000) 2022-08-15 10:17:20 Started transferring input files
	Transferring to host: <128.105.69.97:9618?addrs=128.105.69.97-9618+[2607-f388-2200-100-1270-fdff-fe56-6e54]-9618&alias=e4008.chtc.wisc.edu&noUDP&sock=slot1_2_3691201_c6af_4717>
...
040 (10038103.016.000) 2022-08-15 10:19:12 Finished transferring input files
...
001 (10038103.016.000) 2022-08-15 10:21:21 Job executing on host: <128.105.69.97:9618?addrs=128.105.69.97-9618+[2607-f388-2200-100-1270-fdff-fe56-6e54]-9618&alias=e4008.chtc.wisc.edu&noUDP&sock=startd_194949_6097>
...
006 (10038103.016.000) 2022-08-15 10:21:29 Image size of job updated: 1
	1  -  MemoryUsage of job (MB)
	1180  -  ResidentSetSize of job (KB)
...
006 (10038103.016.000) 2022-08-15 10:24:26 Image size of job updated: 574
	574  -  MemoryUsage of job (MB)
	588388  -  ResidentSetSize of job (KB)
...
040 (10038103.016.000) 2022-08-15 10:24:29 Started transferring output files
...
040 (10038103.016.000) 2022-08-15 10:24:32 Finished transferring output files
...
005 (10038103.016.000) 2022-08-15 10:24:37 Job terminated.
	(1) Normal termination (return value 0)
		Usr 0 00:00:02, Sys 0 00:00:00  -  Run Remote Usage
		Usr 0 00:00:00, Sys 0 00:00:00  -  Run Local Usage
		Usr 0 00:00:02, Sys 0 00:00:00  -  Total Remote Usage
		Usr 0 00:00:00, Sys 0 00:00:00  -  Total Local Usage
	169831  -  Run Bytes Sent By Job
	7643968512  -  Run Bytes Received By Job
	169831  -  Total Bytes Sent By Job
	7643968512  -  Total Bytes Received By Job
	Partitionable Resources :      Usage  Request Allocated 
	   Cpus                 :       0.00        1         1 
	   Disk (KB)            : 8806136    20971520  22494605 
	   IoHeavy              :                             0 
	   Memory (MB)          :     574       10240     10240 

	Job terminated of its own accord at 2022-08-15T15:24:26Z with exit-code 0.
...
