000 (10038100.005.000) 2022-08-15 09:54:00 Job submitted from host: <128.104.101.92:9618?addrs=128.104.101.92-9618+[2607-f388-107c-501-a236-9fff-fe3c-caa8]-9618&alias=submit2.chtc.wisc.edu&noUDP&sock=schedd_4918_eadb>
...
040 (10038100.005.000) 2022-08-15 09:54:37 Started transferring input files
	Transferring to host: <128.105.69.105:9618?addrs=128.105.69.105-9618+[2607-f388-2200-100-1270-fdff-fe56-460c]-9618&alias=e2488.chtc.wisc.edu&noUDP&sock=slot2_14_46685_8e44_12185>
...
040 (10038100.005.000) 2022-08-15 09:56:07 Finished transferring input files
...
001 (10038100.005.000) 2022-08-15 09:56:08 Job executing on host: <128.105.69.105:9618?addrs=128.105.69.105-9618+[2607-f388-2200-100-1270-fdff-fe56-460c]-9618&alias=e2488.chtc.wisc.edu&noUDP&sock=startd_12657_3a4b>
...
006 (10038100.005.000) 2022-08-15 09:56:17 Image size of job updated: 1
	1  -  MemoryUsage of job (MB)
	1176  -  ResidentSetSize of job (KB)
...
006 (10038100.005.000) 2022-08-15 10:01:18 Image size of job updated: 636
	636  -  MemoryUsage of job (MB)
	651304  -  ResidentSetSize of job (KB)
...
006 (10038100.005.000) 2022-08-15 10:06:19 Image size of job updated: 652
	652  -  MemoryUsage of job (MB)
	667860  -  ResidentSetSize of job (KB)
...
006 (10038100.005.000) 2022-08-15 10:11:20 Image size of job updated: 660
	660  -  MemoryUsage of job (MB)
	675988  -  ResidentSetSize of job (KB)
...
006 (10038100.005.000) 2022-08-15 10:16:20 Image size of job updated: 667
	667  -  MemoryUsage of job (MB)
	683824  -  ResidentSetSize of job (KB)
...
006 (10038100.005.000) 2022-08-15 10:21:21 Image size of job updated: 669
	669  -  MemoryUsage of job (MB)
	685764  -  ResidentSetSize of job (KB)
...
006 (10038100.005.000) 2022-08-15 10:26:30 Image size of job updated: 671
	671  -  MemoryUsage of job (MB)
	687192  -  ResidentSetSize of job (KB)
...
006 (10038100.005.000) 2022-08-15 10:31:22 Image size of job updated: 672
	672  -  MemoryUsage of job (MB)
	688404  -  ResidentSetSize of job (KB)
...
006 (10038100.005.000) 2022-08-15 10:36:23 Image size of job updated: 673
	673  -  MemoryUsage of job (MB)
	689416  -  ResidentSetSize of job (KB)
...
006 (10038100.005.000) 2022-08-15 10:41:23 Image size of job updated: 674
	674  -  MemoryUsage of job (MB)
	690180  -  ResidentSetSize of job (KB)
...
006 (10038100.005.000) 2022-08-15 10:46:23 Image size of job updated: 680
	680  -  MemoryUsage of job (MB)
	696636  -  ResidentSetSize of job (KB)
...
006 (10038100.005.000) 2022-08-15 10:51:24 Image size of job updated: 685
	685  -  MemoryUsage of job (MB)
	702260  -  ResidentSetSize of job (KB)
...
006 (10038100.005.000) 2022-08-15 10:56:24 Image size of job updated: 686
	686  -  MemoryUsage of job (MB)
	703408  -  ResidentSetSize of job (KB)
...
006 (10038100.005.000) 2022-08-15 11:01:25 Image size of job updated: 687
	687  -  MemoryUsage of job (MB)
	704068  -  ResidentSetSize of job (KB)
...
006 (10038100.005.000) 2022-08-15 11:06:26 Image size of job updated: 688
	688  -  MemoryUsage of job (MB)
	704816  -  ResidentSetSize of job (KB)
...
