000 (10038108.001.000) 2022-08-15 10:17:00 Job submitted from host: <128.104.101.92:9618?addrs=128.104.101.92-9618+[2607-f388-107c-501-a236-9fff-fe3c-caa8]-9618&alias=submit2.chtc.wisc.edu&noUDP&sock=schedd_4918_eadb>
...
040 (10038108.001.000) 2022-08-15 10:21:17 Entered queue to transfer input files
	Transferring to host: <128.105.69.102:9618?addrs=128.105.69.102-9618+[2607-f388-2200-100-1270-fdff-fe56-cbc4]-9618&alias=e4013.chtc.wisc.edu&noUDP&sock=slot1_6_3255774_1064_7571>
...
040 (10038108.001.000) 2022-08-15 10:23:55 Started transferring input files
	Seconds spent in queue: 158
...
040 (10038108.001.000) 2022-08-15 10:27:07 Finished transferring input files
...
001 (10038108.001.000) 2022-08-15 10:27:15 Job executing on host: <128.105.69.102:9618?addrs=128.105.69.102-9618+[2607-f388-2200-100-1270-fdff-fe56-cbc4]-9618&alias=e4013.chtc.wisc.edu&noUDP&sock=startd_192977_bfd4>
...
006 (10038108.001.000) 2022-08-15 10:27:23 Image size of job updated: 1
	1  -  MemoryUsage of job (MB)
	1176  -  ResidentSetSize of job (KB)
...
006 (10038108.001.000) 2022-08-15 10:32:23 Image size of job updated: 1312
	1312  -  MemoryUsage of job (MB)
	1344344  -  ResidentSetSize of job (KB)
...
006 (10038108.001.000) 2022-08-15 10:37:23 Image size of job updated: 1323
	1323  -  MemoryUsage of job (MB)
	1355196  -  ResidentSetSize of job (KB)
...
006 (10038108.001.000) 2022-08-15 10:41:54 Image size of job updated: 1333
	1333  -  MemoryUsage of job (MB)
	1365504  -  ResidentSetSize of job (KB)
...
004 (10038108.001.000) 2022-08-15 10:42:32 Job was evicted.
	(0) CPU times
		Usr 0 00:13:57, Sys 0 00:00:16  -  Run Remote Usage
		Usr 0 00:00:00, Sys 0 00:00:00  -  Run Local Usage
	0  -  Run Bytes Sent By Job
	7643968512  -  Run Bytes Received By Job
	Partitionable Resources :       Usage  Request Allocated 
	   Cpus                 :        0.00        1         1 
	   Disk (KB)            : 19754064    20971520  22494605 
	   IoHeavy              :                              0 
	   Memory (MB)          :     1333       10240     10240 
...
009 (10038108.001.000) 2022-08-15 10:42:59 Job was aborted.
	via condor_rm (by user zpan52)
...
