000 (10038106.004.000) 2022-08-15 10:16:42 Job submitted from host: <128.104.101.92:9618?addrs=128.104.101.92-9618+[2607-f388-107c-501-a236-9fff-fe3c-caa8]-9618&alias=submit2.chtc.wisc.edu&noUDP&sock=schedd_4918_eadb>
...
040 (10038106.004.000) 2022-08-15 10:17:35 Entered queue to transfer input files
	Transferring to host: <128.105.69.104:9618?addrs=128.105.69.104-9618+[2607-f388-2200-100-1270-fdff-fe56-bccc]-9618&alias=e4015.chtc.wisc.edu&noUDP&sock=slot1_5_1360259_452c_20375>
...
040 (10038106.004.000) 2022-08-15 10:20:59 Started transferring input files
	Seconds spent in queue: 204
...
040 (10038106.004.000) 2022-08-15 10:22:01 Finished transferring input files
...
001 (10038106.004.000) 2022-08-15 10:22:25 Job executing on host: <128.105.69.104:9618?addrs=128.105.69.104-9618+[2607-f388-2200-100-1270-fdff-fe56-bccc]-9618&alias=e4015.chtc.wisc.edu&noUDP&sock=startd_193827_c754>
...
006 (10038106.004.000) 2022-08-15 10:22:34 Image size of job updated: 1
	1  -  MemoryUsage of job (MB)
	1176  -  ResidentSetSize of job (KB)
...
006 (10038106.004.000) 2022-08-15 10:27:34 Image size of job updated: 598
	598  -  MemoryUsage of job (MB)
	612788  -  ResidentSetSize of job (KB)
...
006 (10038106.004.000) 2022-08-15 10:32:34 Image size of job updated: 606
	606  -  MemoryUsage of job (MB)
	621404  -  ResidentSetSize of job (KB)
...
006 (10038106.004.000) 2022-08-15 10:37:34 Image size of job updated: 610
	610  -  MemoryUsage of job (MB)
	624780  -  ResidentSetSize of job (KB)
...
006 (10038106.004.000) 2022-08-15 10:42:34 Image size of job updated: 613
	613  -  MemoryUsage of job (MB)
	628172  -  ResidentSetSize of job (KB)
...
006 (10038106.004.000) 2022-08-15 10:43:09 Image size of job updated: 613
	613  -  MemoryUsage of job (MB)
	628408  -  ResidentSetSize of job (KB)
...
004 (10038106.004.000) 2022-08-15 10:43:16 Job was evicted.
	(0) CPU times
		Usr 0 00:20:21, Sys 0 00:00:17  -  Run Remote Usage
		Usr 0 00:00:00, Sys 0 00:00:00  -  Run Local Usage
	0  -  Run Bytes Sent By Job
	7643968512  -  Run Bytes Received By Job
	Partitionable Resources :    Usage  Request Allocated 
	   Cpus                 :        0        1         1 
	   Disk (KB)            : 19754064 20971520  22494605 
	   IoHeavy              :                           0 
	   Memory (MB)          :      613    10240     10240 
...
009 (10038106.004.000) 2022-08-15 10:43:24 Job was aborted.
	via condor_rm (by user zpan52)
...
