000 (10038138.019.000) 2022-08-15 10:50:26 Job submitted from host: <128.104.101.92:9618?addrs=128.104.101.92-9618+[2607-f388-107c-501-a236-9fff-fe3c-caa8]-9618&alias=submit2.chtc.wisc.edu&noUDP&sock=schedd_4918_eadb>
...
040 (10038138.019.000) 2022-08-15 10:51:22 Started transferring input files
	Transferring to host: <128.105.69.101:9618?addrs=128.105.69.101-9618+[2607-f388-2200-100-1270-fdff-fe56-bae4]-9618&alias=e4012.chtc.wisc.edu&noUDP&sock=slot1_1_745379_af80_19945>
...
040 (10038138.019.000) 2022-08-15 10:53:26 Finished transferring input files
...
001 (10038138.019.000) 2022-08-15 10:54:01 Job executing on host: <128.105.69.101:9618?addrs=128.105.69.101-9618+[2607-f388-2200-100-1270-fdff-fe56-bae4]-9618&alias=e4012.chtc.wisc.edu&noUDP&sock=startd_181518_d415>
...
006 (10038138.019.000) 2022-08-15 10:54:10 Image size of job updated: 1
	1  -  MemoryUsage of job (MB)
	1180  -  ResidentSetSize of job (KB)
...
006 (10038138.019.000) 2022-08-15 10:55:33 Image size of job updated: 968
	968  -  MemoryUsage of job (MB)
	991560  -  ResidentSetSize of job (KB)
...
040 (10038138.019.000) 2022-08-15 10:55:58 Started transferring output files
...
040 (10038138.019.000) 2022-08-15 10:56:02 Finished transferring output files
...
005 (10038138.019.000) 2022-08-15 10:56:12 Job terminated.
	(1) Normal termination (return value 0)
		Usr 0 00:01:23, Sys 0 00:00:16  -  Run Remote Usage
		Usr 0 00:00:00, Sys 0 00:00:00  -  Run Local Usage
		Usr 0 00:01:23, Sys 0 00:00:16  -  Total Remote Usage
		Usr 0 00:00:00, Sys 0 00:00:00  -  Total Local Usage
	163617  -  Run Bytes Sent By Job
	7643974144  -  Run Bytes Received By Job
	163617  -  Total Bytes Sent By Job
	7643974144  -  Total Bytes Received By Job
	Partitionable Resources :    Usage  Request Allocated 
	   Cpus                 :        0        1         1 
	   Disk (KB)            :  8807551 20971520  22494605 
	   IoHeavy              :                           0 
	   Memory (MB)          :      968    10240     10240 

	Job terminated of its own accord at 2022-08-15T15:55:33Z with exit-code 0.
...
