000 (10038138.014.000) 2022-08-15 10:50:26 Job submitted from host: <128.104.101.92:9618?addrs=128.104.101.92-9618+[2607-f388-107c-501-a236-9fff-fe3c-caa8]-9618&alias=submit2.chtc.wisc.edu&noUDP&sock=schedd_4918_eadb>
...
040 (10038138.014.000) 2022-08-15 10:51:21 Started transferring input files
	Transferring to host: <128.105.69.104:9618?addrs=128.105.69.104-9618+[2607-f388-2200-100-1270-fdff-fe56-bccc]-9618&alias=e4015.chtc.wisc.edu&noUDP&sock=slot1_5_1360259_452c_20426>
...
040 (10038138.014.000) 2022-08-15 10:53:26 Finished transferring input files
...
001 (10038138.014.000) 2022-08-15 10:54:01 Job executing on host: <128.105.69.104:9618?addrs=128.105.69.104-9618+[2607-f388-2200-100-1270-fdff-fe56-bccc]-9618&alias=e4015.chtc.wisc.edu&noUDP&sock=startd_193827_c754>
...
006 (10038138.014.000) 2022-08-15 10:54:10 Image size of job updated: 1
	1  -  MemoryUsage of job (MB)
	1180  -  ResidentSetSize of job (KB)
...
006 (10038138.014.000) 2022-08-15 10:59:10 Image size of job updated: 555
	555  -  MemoryUsage of job (MB)
	568844  -  ResidentSetSize of job (KB)
...
006 (10038138.014.000) 2022-08-15 11:04:10 Image size of job updated: 555
	555  -  MemoryUsage of job (MB)
	568952  -  ResidentSetSize of job (KB)
...
006 (10038138.014.000) 2022-08-15 11:09:10 Image size of job updated: 561
	561  -  MemoryUsage of job (MB)
	575004  -  ResidentSetSize of job (KB)
...
006 (10038138.014.000) 2022-08-15 11:14:11 Image size of job updated: 568
	568  -  MemoryUsage of job (MB)
	582580  -  ResidentSetSize of job (KB)
...
006 (10038138.014.000) 2022-08-15 11:19:11 Image size of job updated: 570
	570  -  MemoryUsage of job (MB)
	584224  -  ResidentSetSize of job (KB)
...
