000 (10038138.003.000) 2022-08-15 10:50:26 Job submitted from host: <128.104.101.92:9618?addrs=128.104.101.92-9618+[2607-f388-107c-501-a236-9fff-fe3c-caa8]-9618&alias=submit2.chtc.wisc.edu&noUDP&sock=schedd_4918_eadb>
...
040 (10038138.003.000) 2022-08-15 10:51:12 Started transferring input files
	Transferring to host: <128.105.69.89:9618?addrs=128.105.69.89-9618+[2607-f388-2200-100-1270-fdff-fe56-41cc]-9618&alias=e4000.chtc.wisc.edu&noUDP&sock=slot2_30_1291867_eb4e_7323>
...
040 (10038138.003.000) 2022-08-15 10:53:05 Finished transferring input files
...
001 (10038138.003.000) 2022-08-15 10:53:42 Job executing on host: <128.105.69.89:9618?addrs=128.105.69.89-9618+[2607-f388-2200-100-1270-fdff-fe56-41cc]-9618&alias=e4000.chtc.wisc.edu&noUDP&sock=startd_12141_4b6c>
...
006 (10038138.003.000) 2022-08-15 10:53:52 Image size of job updated: 1
	1  -  MemoryUsage of job (MB)
	1180  -  ResidentSetSize of job (KB)
...
006 (10038138.003.000) 2022-08-15 10:58:52 Image size of job updated: 773
	773  -  MemoryUsage of job (MB)
	792276  -  ResidentSetSize of job (KB)
...
006 (10038138.003.000) 2022-08-15 11:03:53 Image size of job updated: 796
	796  -  MemoryUsage of job (MB)
	815556  -  ResidentSetSize of job (KB)
...
006 (10038138.003.000) 2022-08-15 11:08:53 Image size of job updated: 826
	826  -  MemoryUsage of job (MB)
	845940  -  ResidentSetSize of job (KB)
...
006 (10038138.003.000) 2022-08-15 11:13:54 Image size of job updated: 865
	865  -  MemoryUsage of job (MB)
	886164  -  ResidentSetSize of job (KB)
...
006 (10038138.003.000) 2022-08-15 11:18:56 Image size of job updated: 878
	878  -  MemoryUsage of job (MB)
	899872  -  ResidentSetSize of job (KB)
...
