000 (10038106.006.000) 2022-08-15 10:16:42 Job submitted from host: <128.104.101.92:9618?addrs=128.104.101.92-9618+[2607-f388-107c-501-a236-9fff-fe3c-caa8]-9618&alias=submit2.chtc.wisc.edu&noUDP&sock=schedd_4918_eadb>
...
040 (10038106.006.000) 2022-08-15 10:17:35 Entered queue to transfer input files
	Transferring to host: <128.105.69.96:9618?addrs=128.105.69.96-9618+[2607-f388-2200-100-1270-fdff-fe56-c75c]-9618&alias=e4007.chtc.wisc.edu&noUDP&sock=slot1_5_3816229_500b_11571>
...
040 (10038106.006.000) 2022-08-15 10:22:29 Started transferring input files
	Seconds spent in queue: 294
...
040 (10038106.006.000) 2022-08-15 10:23:37 Finished transferring input files
...
001 (10038106.006.000) 2022-08-15 10:23:52 Job executing on host: <128.105.69.96:9618?addrs=128.105.69.96-9618+[2607-f388-2200-100-1270-fdff-fe56-c75c]-9618&alias=e4007.chtc.wisc.edu&noUDP&sock=startd_194327_bcaf>
...
006 (10038106.006.000) 2022-08-15 10:24:00 Image size of job updated: 1
	1  -  MemoryUsage of job (MB)
	1184  -  ResidentSetSize of job (KB)
...
006 (10038106.006.000) 2022-08-15 10:29:00 Image size of job updated: 965
	965  -  MemoryUsage of job (MB)
	988416  -  ResidentSetSize of job (KB)
...
006 (10038106.006.000) 2022-08-15 10:34:01 Image size of job updated: 995
	995  -  MemoryUsage of job (MB)
	1019080  -  ResidentSetSize of job (KB)
...
006 (10038106.006.000) 2022-08-15 10:39:02 Image size of job updated: 1029
	1029  -  MemoryUsage of job (MB)
	1054652  -  ResidentSetSize of job (KB)
...
006 (10038106.006.000) 2022-08-15 10:43:07 Image size of job updated: 1054
	1054  -  MemoryUsage of job (MB)
	1079320  -  ResidentSetSize of job (KB)
...
004 (10038106.006.000) 2022-08-15 10:43:16 Job was evicted.
	(0) CPU times
		Usr 0 00:18:49, Sys 0 00:00:21  -  Run Remote Usage
		Usr 0 00:00:00, Sys 0 00:00:00  -  Run Local Usage
	0  -  Run Bytes Sent By Job
	7643968512  -  Run Bytes Received By Job
	Partitionable Resources :       Usage  Request Allocated 
	   Cpus                 :        0.00        1         1 
	   Disk (KB)            : 19754066    20971520  22494605 
	   IoHeavy              :                              0 
	   Memory (MB)          :     1054       10240     10240 
...
009 (10038106.006.000) 2022-08-15 10:43:23 Job was aborted.
	via condor_rm (by user zpan52)
...
