000 (10038104.011.000) 2022-08-15 10:16:22 Job submitted from host: <128.104.101.92:9618?addrs=128.104.101.92-9618+[2607-f388-107c-501-a236-9fff-fe3c-caa8]-9618&alias=submit2.chtc.wisc.edu&noUDP&sock=schedd_4918_eadb>
...
040 (10038104.011.000) 2022-08-15 10:17:34 Entered queue to transfer input files
	Transferring to host: <128.105.68.91:9618?addrs=128.105.68.91-9618+[2607-f388-2200-100-1270-fdff-fe56-c2c4]-9618&alias=e2487.chtc.wisc.edu&noUDP&sock=slot2_2_1930089_0df0_1281>
...
040 (10038104.011.000) 2022-08-15 10:20:07 Started transferring input files
	Seconds spent in queue: 153
...
040 (10038104.011.000) 2022-08-15 10:22:28 Finished transferring input files
...
001 (10038104.011.000) 2022-08-15 10:23:48 Job executing on host: <128.105.68.91:9618?addrs=128.105.68.91-9618+[2607-f388-2200-100-1270-fdff-fe56-c2c4]-9618&alias=e2487.chtc.wisc.edu&noUDP&sock=startd_12034_e6ca>
...
040 (10038104.011.000) 2022-08-15 10:23:57 Started transferring output files
	Seconds spent in queue: 383
...
040 (10038104.011.000) 2022-08-15 10:24:00 Finished transferring output files
...
005 (10038104.011.000) 2022-08-15 10:24:12 Job terminated.
	(1) Normal termination (return value 127)
		Usr 0 00:00:00, Sys 0 00:00:00  -  Run Remote Usage
		Usr 0 00:00:00, Sys 0 00:00:00  -  Run Local Usage
		Usr 0 00:00:00, Sys 0 00:00:00  -  Total Remote Usage
		Usr 0 00:00:00, Sys 0 00:00:00  -  Total Local Usage
	74  -  Run Bytes Sent By Job
	7643968512  -  Run Bytes Received By Job
	74  -  Total Bytes Sent By Job
	7643968512  -  Total Bytes Received By Job
	Partitionable Resources :    Usage  Request Allocated 
	   Cpus                 :                 1         1 
	   Disk (KB)            :  7464818 20971520  22969406 
	   IoHeavy              :                           0 
	   Memory (MB)          :             10240     10240 

	Job terminated of its own accord at 2022-08-15T15:23:50Z with exit-code 127.
...
