000 (10038099.013.000) 2022-08-15 09:43:08 Job submitted from host: <128.104.101.92:9618?addrs=128.104.101.92-9618+[2607-f388-107c-501-a236-9fff-fe3c-caa8]-9618&alias=submit2.chtc.wisc.edu&noUDP&sock=schedd_4918_eadb>
...
040 (10038099.013.000) 2022-08-15 09:44:36 Started transferring input files
	Transferring to host: <128.105.68.91:9618?addrs=128.105.68.91-9618+[2607-f388-2200-100-1270-fdff-fe56-c2c4]-9618&alias=e2487.chtc.wisc.edu&noUDP&sock=slot2_1_1930089_0df0_1236>
...
040 (10038099.013.000) 2022-08-15 09:45:15 Finished transferring input files
...
001 (10038099.013.000) 2022-08-15 09:45:16 Job executing on host: <128.105.68.91:9618?addrs=128.105.68.91-9618+[2607-f388-2200-100-1270-fdff-fe56-c2c4]-9618&alias=e2487.chtc.wisc.edu&noUDP&sock=startd_12034_e6ca>
...
040 (10038099.013.000) 2022-08-15 09:45:18 Started transferring output files
...
040 (10038099.013.000) 2022-08-15 09:45:18 Finished transferring output files
...
005 (10038099.013.000) 2022-08-15 09:45:20 Job terminated.
	(1) Normal termination (return value 127)
		Usr 0 00:00:00, Sys 0 00:00:00  -  Run Remote Usage
		Usr 0 00:00:00, Sys 0 00:00:00  -  Run Local Usage
		Usr 0 00:00:00, Sys 0 00:00:00  -  Total Remote Usage
		Usr 0 00:00:00, Sys 0 00:00:00  -  Total Local Usage
	74  -  Run Bytes Sent By Job
	7643967488  -  Run Bytes Received By Job
	74  -  Total Bytes Sent By Job
	7643967488  -  Total Bytes Received By Job
	Partitionable Resources :    Usage  Request Allocated 
	   Cpus                 :                 1         1 
	   Disk (KB)            :  7464817 10485760  12250350 
	   IoHeavy              :                           0 
	   Memory (MB)          :             10240     10240 

	Job terminated of its own accord at 2022-08-15T14:45:18Z with exit-code 127.
...
