000 (10038093.003.000) 2022-08-15 09:09:41 Job submitted from host: <128.104.101.92:9618?addrs=128.104.101.92-9618+[2607-f388-107c-501-a236-9fff-fe3c-caa8]-9618&alias=submit2.chtc.wisc.edu&noUDP&sock=schedd_4918_eadb>
...
040 (10038093.003.000) 2022-08-15 09:11:37 Started transferring input files
	Transferring to host: <128.105.69.105:9618?addrs=128.105.69.105-9618+[2607-f388-2200-100-1270-fdff-fe56-460c]-9618&alias=e2488.chtc.wisc.edu&noUDP&sock=slot2_9_46685_8e44_12079>
...
040 (10038093.003.000) 2022-08-15 09:12:21 Finished transferring input files
...
001 (10038093.003.000) 2022-08-15 09:12:28 Job executing on host: <128.105.69.105:9618?addrs=128.105.69.105-9618+[2607-f388-2200-100-1270-fdff-fe56-460c]-9618&alias=e2488.chtc.wisc.edu&noUDP&sock=startd_12657_3a4b>
...
006 (10038093.003.000) 2022-08-15 09:12:39 Image size of job updated: 1
	1  -  MemoryUsage of job (MB)
	1180  -  ResidentSetSize of job (KB)
...
040 (10038093.003.000) 2022-08-15 09:14:03 Started transferring output files
...
040 (10038093.003.000) 2022-08-15 09:14:08 Finished transferring output files
...
005 (10038093.003.000) 2022-08-15 09:14:33 Job terminated.
	(1) Normal termination (return value 0)
		Usr 0 00:01:20, Sys 0 00:00:23  -  Run Remote Usage
		Usr 0 00:00:00, Sys 0 00:00:00  -  Run Local Usage
		Usr 0 00:01:20, Sys 0 00:00:23  -  Total Remote Usage
		Usr 0 00:00:00, Sys 0 00:00:00  -  Total Local Usage
	3024  -  Run Bytes Sent By Job
	5029328896  -  Run Bytes Received By Job
	3024  -  Total Bytes Sent By Job
	5029328896  -  Total Bytes Received By Job
	Partitionable Resources :      Usage  Request Allocated 
	   Cpus                 :       0.00        1         1 
	   Disk (KB)            : 6113257    10485760  11671984 
	   IoHeavy              :                             0 
	   Memory (MB)          :       1       10240     10240 

	Job terminated of its own accord at 2022-08-15T14:14:00Z with exit-code 0.
...
