000 (10038100.016.000) 2022-08-15 09:54:00 Job submitted from host: <128.104.101.92:9618?addrs=128.104.101.92-9618+[2607-f388-107c-501-a236-9fff-fe3c-caa8]-9618&alias=submit2.chtc.wisc.edu&noUDP&sock=schedd_4918_eadb>
...
040 (10038100.016.000) 2022-08-15 09:54:45 Started transferring input files
	Transferring to host: <128.105.69.102:9618?addrs=128.105.69.102-9618+[2607-f388-2200-100-1270-fdff-fe56-cbc4]-9618&alias=e4013.chtc.wisc.edu&noUDP&sock=slot1_1_3255774_1064_7526>
...
040 (10038100.016.000) 2022-08-15 09:55:31 Finished transferring input files
...
001 (10038100.016.000) 2022-08-15 09:55:32 Job executing on host: <128.105.69.102:9618?addrs=128.105.69.102-9618+[2607-f388-2200-100-1270-fdff-fe56-cbc4]-9618&alias=e4013.chtc.wisc.edu&noUDP&sock=startd_192977_bfd4>
...
006 (10038100.016.000) 2022-08-15 09:55:40 Image size of job updated: 1
	1  -  MemoryUsage of job (MB)
	1184  -  ResidentSetSize of job (KB)
...
006 (10038100.016.000) 2022-08-15 09:58:43 Image size of job updated: 580
	580  -  MemoryUsage of job (MB)
	593940  -  ResidentSetSize of job (KB)
...
040 (10038100.016.000) 2022-08-15 09:58:43 Started transferring output files
...
040 (10038100.016.000) 2022-08-15 09:58:43 Finished transferring output files
...
005 (10038100.016.000) 2022-08-15 09:58:43 Job terminated.
	(1) Normal termination (return value 0)
		Usr 0 00:03:06, Sys 0 00:00:12  -  Run Remote Usage
		Usr 0 00:00:00, Sys 0 00:00:00  -  Run Local Usage
		Usr 0 00:03:06, Sys 0 00:00:12  -  Total Remote Usage
		Usr 0 00:00:00, Sys 0 00:00:00  -  Total Local Usage
	171337  -  Run Bytes Sent By Job
	7643967488  -  Run Bytes Received By Job
	171337  -  Total Bytes Sent By Job
	7643967488  -  Total Bytes Received By Job
	Partitionable Resources :      Usage  Request Allocated 
	   Cpus                 :       0.31        1         1 
	   Disk (KB)            : 8789175    20971520  22494605 
	   IoHeavy              :                             0 
	   Memory (MB)          :     580       10240     10240 

	Job terminated of its own accord at 2022-08-15T14:58:43Z with exit-code 0.
...
