000 (10038105.018.000) 2022-08-15 10:16:32 Job submitted from host: <128.104.101.92:9618?addrs=128.104.101.92-9618+[2607-f388-107c-501-a236-9fff-fe3c-caa8]-9618&alias=submit2.chtc.wisc.edu&noUDP&sock=schedd_4918_eadb>
...
040 (10038105.018.000) 2022-08-15 10:17:33 Entered queue to transfer input files
	Transferring to host: <128.105.69.94:9618?addrs=128.105.69.94-9618+[2607-f388-2200-100-1270-fdff-fe56-3dcc]-9618&alias=e4005.chtc.wisc.edu&noUDP&sock=slot1_3_3648970_3759_4394>
...
040 (10038105.018.000) 2022-08-15 10:20:07 Started transferring input files
	Seconds spent in queue: 154
...
040 (10038105.018.000) 2022-08-15 10:22:28 Finished transferring input files
...
001 (10038105.018.000) 2022-08-15 10:23:48 Job executing on host: <128.105.69.94:9618?addrs=128.105.69.94-9618+[2607-f388-2200-100-1270-fdff-fe56-3dcc]-9618&alias=e4005.chtc.wisc.edu&noUDP&sock=startd_194940_343d>
...
006 (10038105.018.000) 2022-08-15 10:23:56 Image size of job updated: 1
	1  -  MemoryUsage of job (MB)
	1172  -  ResidentSetSize of job (KB)
...
006 (10038105.018.000) 2022-08-15 10:28:56 Image size of job updated: 673
	673  -  MemoryUsage of job (MB)
	689564  -  ResidentSetSize of job (KB)
...
006 (10038105.018.000) 2022-08-15 10:33:57 Image size of job updated: 726
	726  -  MemoryUsage of job (MB)
	744260  -  ResidentSetSize of job (KB)
...
006 (10038105.018.000) 2022-08-15 10:38:58 Image size of job updated: 735
	735  -  MemoryUsage of job (MB)
	753240  -  ResidentSetSize of job (KB)
...
006 (10038105.018.000) 2022-08-15 10:43:58 Image size of job updated: 757
	757  -  MemoryUsage of job (MB)
	776188  -  ResidentSetSize of job (KB)
...
006 (10038105.018.000) 2022-08-15 10:48:59 Image size of job updated: 767
	767  -  MemoryUsage of job (MB)
	785408  -  ResidentSetSize of job (KB)
...
006 (10038105.018.000) 2022-08-15 10:54:16 Image size of job updated: 779
	779  -  MemoryUsage of job (MB)
	798156  -  ResidentSetSize of job (KB)
...
006 (10038105.018.000) 2022-08-15 10:58:59 Image size of job updated: 811
	811  -  MemoryUsage of job (MB)
	831172  -  ResidentSetSize of job (KB)
...
006 (10038105.018.000) 2022-08-15 11:03:59 Image size of job updated: 831
	831  -  MemoryUsage of job (MB)
	850956  -  ResidentSetSize of job (KB)
...
006 (10038105.018.000) 2022-08-15 11:09:00 Image size of job updated: 844
	844  -  MemoryUsage of job (MB)
	864868  -  ResidentSetSize of job (KB)
...
006 (10038105.018.000) 2022-08-15 11:14:01 Image size of job updated: 941
	941  -  MemoryUsage of job (MB)
	964060  -  ResidentSetSize of job (KB)
...
006 (10038105.018.000) 2022-08-15 11:19:01 Image size of job updated: 976
	976  -  MemoryUsage of job (MB)
	999524  -  ResidentSetSize of job (KB)
...
