000 (10038139.011.000) 2022-08-15 10:50:36 Job submitted from host: <128.104.101.92:9618?addrs=128.104.101.92-9618+[2607-f388-107c-501-a236-9fff-fe3c-caa8]-9618&alias=submit2.chtc.wisc.edu&noUDP&sock=schedd_4918_eadb>
...
040 (10038139.011.000) 2022-08-15 10:51:22 Started transferring input files
	Transferring to host: <128.105.68.91:9618?addrs=128.105.68.91-9618+[2607-f388-2200-100-1270-fdff-fe56-c2c4]-9618&alias=e2487.chtc.wisc.edu&noUDP&sock=slot2_2_1930089_0df0_1351>
...
040 (10038139.011.000) 2022-08-15 10:55:06 Finished transferring input files
...
001 (10038139.011.000) 2022-08-15 10:55:23 Job executing on host: <128.105.68.91:9618?addrs=128.105.68.91-9618+[2607-f388-2200-100-1270-fdff-fe56-c2c4]-9618&alias=e2487.chtc.wisc.edu&noUDP&sock=startd_12034_e6ca>
...
007 (10038139.011.000) 2022-08-15 10:55:29 Shadow exception!
	Assertion ERROR on (result)
	0  -  Run Bytes Sent By Job
	7643974144  -  Run Bytes Received By Job
...
040 (10038139.011.000) 2022-08-15 10:56:04 Started transferring input files
	Transferring to host: <128.105.69.97:9618?addrs=128.105.69.97-9618+[2607-f388-2200-100-1270-fdff-fe56-6e54]-9618&alias=e4008.chtc.wisc.edu&noUDP&sock=slot1_4_3691201_c6af_4769>
...
040 (10038139.011.000) 2022-08-15 10:56:56 Finished transferring input files
...
001 (10038139.011.000) 2022-08-15 10:56:57 Job executing on host: <128.105.69.97:9618?addrs=128.105.69.97-9618+[2607-f388-2200-100-1270-fdff-fe56-6e54]-9618&alias=e4008.chtc.wisc.edu&noUDP&sock=startd_194949_6097>
...
006 (10038139.011.000) 2022-08-15 10:57:05 Image size of job updated: 1
	1  -  MemoryUsage of job (MB)
	1180  -  ResidentSetSize of job (KB)
...
006 (10038139.011.000) 2022-08-15 10:58:46 Image size of job updated: 957
	957  -  MemoryUsage of job (MB)
	980196  -  ResidentSetSize of job (KB)
...
040 (10038139.011.000) 2022-08-15 10:58:48 Started transferring output files
...
040 (10038139.011.000) 2022-08-15 10:58:49 Finished transferring output files
...
005 (10038139.011.000) 2022-08-15 10:58:55 Job terminated.
	(1) Normal termination (return value 0)
		Usr 0 00:01:41, Sys 0 00:00:15  -  Run Remote Usage
		Usr 0 00:00:00, Sys 0 00:00:00  -  Run Local Usage
		Usr 0 00:01:41, Sys 0 00:00:15  -  Total Remote Usage
		Usr 0 00:00:00, Sys 0 00:00:00  -  Total Local Usage
	165142  -  Run Bytes Sent By Job
	7643974656  -  Run Bytes Received By Job
	165142  -  Total Bytes Sent By Job
	15287949312  -  Total Bytes Received By Job
	Partitionable Resources :    Usage  Request Allocated 
	   Cpus                 :        0        1         1 
	   Disk (KB)            :  8761113 20971520  22494605 
	   IoHeavy              :                           0 
	   Memory (MB)          :      957    10240     10240 

	Job terminated of its own accord at 2022-08-15T15:58:46Z with exit-code 0.
...
