000 (10038108.005.000) 2022-08-15 10:17:00 Job submitted from host: <128.104.101.92:9618?addrs=128.104.101.92-9618+[2607-f388-107c-501-a236-9fff-fe3c-caa8]-9618&alias=submit2.chtc.wisc.edu&noUDP&sock=schedd_4918_eadb>
...
040 (10038108.005.000) 2022-08-15 10:21:17 Entered queue to transfer input files
	Transferring to host: <128.105.69.90:9618?addrs=128.105.69.90-9618+[2607-f388-2200-100-1270-fdff-fe56-707c]-9618&alias=e4001.chtc.wisc.edu&noUDP&sock=slot1_6_1019260_a061_12590>
...
040 (10038108.005.000) 2022-08-15 10:24:28 Started transferring input files
	Seconds spent in queue: 191
...
040 (10038108.005.000) 2022-08-15 10:27:46 Finished transferring input files
...
001 (10038108.005.000) 2022-08-15 10:27:50 Job executing on host: <128.105.69.90:9618?addrs=128.105.69.90-9618+[2607-f388-2200-100-1270-fdff-fe56-707c]-9618&alias=e4001.chtc.wisc.edu&noUDP&sock=startd_1019188_c628>
...
006 (10038108.005.000) 2022-08-15 10:27:58 Image size of job updated: 1
	1  -  MemoryUsage of job (MB)
	1176  -  ResidentSetSize of job (KB)
...
006 (10038108.005.000) 2022-08-15 10:32:58 Image size of job updated: 661
	661  -  MemoryUsage of job (MB)
	677136  -  ResidentSetSize of job (KB)
...
006 (10038108.005.000) 2022-08-15 10:37:59 Image size of job updated: 677
	677  -  MemoryUsage of job (MB)
	694152  -  ResidentSetSize of job (KB)
...
006 (10038108.005.000) 2022-08-15 10:41:57 Image size of job updated: 680
	680  -  MemoryUsage of job (MB)
	696820  -  ResidentSetSize of job (KB)
...
004 (10038108.005.000) 2022-08-15 10:42:37 Job was evicted.
	(0) CPU times
		Usr 0 00:13:28, Sys 0 00:00:16  -  Run Remote Usage
		Usr 0 00:00:00, Sys 0 00:00:00  -  Run Local Usage
	0  -  Run Bytes Sent By Job
	7643968512  -  Run Bytes Received By Job
	Partitionable Resources :       Usage  Request Allocated 
	   Cpus                 :        0.00        1         1 
	   Disk (KB)            : 19754064    20971520  22494605 
	   IoHeavy              :                              0 
	   Memory (MB)          :      680       10240     10240 
...
009 (10038108.005.000) 2022-08-15 10:43:12 Job was aborted.
	via condor_rm (by user zpan52)
...
