000 (10038139.008.000) 2022-08-15 10:50:36 Job submitted from host: <128.104.101.92:9618?addrs=128.104.101.92-9618+[2607-f388-107c-501-a236-9fff-fe3c-caa8]-9618&alias=submit2.chtc.wisc.edu&noUDP&sock=schedd_4918_eadb>
...
040 (10038139.008.000) 2022-08-15 10:51:22 Started transferring input files
	Transferring to host: <128.105.69.99:9618?addrs=128.105.69.99-9618+[2607-f388-2200-100-1270-fdff-fe56-7674]-9618&alias=e4010.chtc.wisc.edu&noUDP&sock=slot1_6_271580_6d9d_2813>
...
040 (10038139.008.000) 2022-08-15 10:53:06 Finished transferring input files
...
001 (10038139.008.000) 2022-08-15 10:53:40 Job executing on host: <128.105.69.99:9618?addrs=128.105.69.99-9618+[2607-f388-2200-100-1270-fdff-fe56-7674]-9618&alias=e4010.chtc.wisc.edu&noUDP&sock=startd_12660_4914>
...
006 (10038139.008.000) 2022-08-15 10:53:48 Image size of job updated: 1
	1  -  MemoryUsage of job (MB)
	1176  -  ResidentSetSize of job (KB)
...
006 (10038139.008.000) 2022-08-15 10:58:48 Image size of job updated: 998
	998  -  MemoryUsage of job (MB)
	1022740  -  ResidentSetSize of job (KB)
...
006 (10038139.008.000) 2022-08-15 11:03:48 Image size of job updated: 1081
	1081  -  MemoryUsage of job (MB)
	1107292  -  ResidentSetSize of job (KB)
...
006 (10038139.008.000) 2022-08-15 11:08:49 Image size of job updated: 1170
	1170  -  MemoryUsage of job (MB)
	1198828  -  ResidentSetSize of job (KB)
...
006 (10038139.008.000) 2022-08-15 11:09:12 Image size of job updated: 1177
	1177  -  MemoryUsage of job (MB)
	1205436  -  ResidentSetSize of job (KB)
...
004 (10038139.008.000) 2022-08-15 11:09:15 Job was evicted.
	(0) CPU times
		Usr 0 00:15:23, Sys 0 00:00:15  -  Run Remote Usage
		Usr 0 00:00:00, Sys 0 00:00:00  -  Run Local Usage
	0  -  Run Bytes Sent By Job
	7643974144  -  Run Bytes Received By Job
	Partitionable Resources :       Usage  Request Allocated 
	   Cpus                 :        0.00        1         1 
	   Disk (KB)            : 19754071    20971520  22494605 
	   IoHeavy              :                              0 
	   Memory (MB)          :     1177       10240     10240 
...
009 (10038139.008.000) 2022-08-15 11:09:15 Job was aborted.
	via condor_rm (by user zpan52)
...
