000 (10038106.002.000) 2022-08-15 10:16:42 Job submitted from host: <128.104.101.92:9618?addrs=128.104.101.92-9618+[2607-f388-107c-501-a236-9fff-fe3c-caa8]-9618&alias=submit2.chtc.wisc.edu&noUDP&sock=schedd_4918_eadb>
...
040 (10038106.002.000) 2022-08-15 10:17:35 Entered queue to transfer input files
	Transferring to host: <128.105.69.99:9618?addrs=128.105.69.99-9618+[2607-f388-2200-100-1270-fdff-fe56-7674]-9618&alias=e4010.chtc.wisc.edu&noUDP&sock=slot1_5_271580_6d9d_2767>
...
040 (10038106.002.000) 2022-08-15 10:20:58 Started transferring input files
	Seconds spent in queue: 203
...
040 (10038106.002.000) 2022-08-15 10:24:14 Finished transferring input files
...
001 (10038106.002.000) 2022-08-15 10:24:28 Job executing on host: <128.105.69.99:9618?addrs=128.105.69.99-9618+[2607-f388-2200-100-1270-fdff-fe56-7674]-9618&alias=e4010.chtc.wisc.edu&noUDP&sock=startd_12660_4914>
...
006 (10038106.002.000) 2022-08-15 10:24:37 Image size of job updated: 1
	1  -  MemoryUsage of job (MB)
	1172  -  ResidentSetSize of job (KB)
...
006 (10038106.002.000) 2022-08-15 10:29:37 Image size of job updated: 614
	614  -  MemoryUsage of job (MB)
	628776  -  ResidentSetSize of job (KB)
...
006 (10038106.002.000) 2022-08-15 10:34:37 Image size of job updated: 648
	648  -  MemoryUsage of job (MB)
	664152  -  ResidentSetSize of job (KB)
...
006 (10038106.002.000) 2022-08-15 10:40:01 Image size of job updated: 654
	654  -  MemoryUsage of job (MB)
	670680  -  ResidentSetSize of job (KB)
...
006 (10038106.002.000) 2022-08-15 10:43:09 Image size of job updated: 659
	659  -  MemoryUsage of job (MB)
	674948  -  ResidentSetSize of job (KB)
...
004 (10038106.002.000) 2022-08-15 10:43:19 Job was evicted.
	(0) CPU times
		Usr 0 00:14:58, Sys 0 00:00:14  -  Run Remote Usage
		Usr 0 00:00:00, Sys 0 00:00:00  -  Run Local Usage
	0  -  Run Bytes Sent By Job
	7643968512  -  Run Bytes Received By Job
	Partitionable Resources :       Usage  Request Allocated 
	   Cpus                 :        0.00        1         1 
	   Disk (KB)            : 19754064    20971520  22494605 
	   IoHeavy              :                              0 
	   Memory (MB)          :      659       10240     10240 
...
009 (10038106.002.000) 2022-08-15 10:43:26 Job was aborted.
	via condor_rm (by user zpan52)
...
