000 (10038105.009.000) 2022-08-15 10:16:32 Job submitted from host: <128.104.101.92:9618?addrs=128.104.101.92-9618+[2607-f388-107c-501-a236-9fff-fe3c-caa8]-9618&alias=submit2.chtc.wisc.edu&noUDP&sock=schedd_4918_eadb>
...
040 (10038105.009.000) 2022-08-15 10:17:32 Entered queue to transfer input files
	Transferring to host: <128.105.69.97:9618?addrs=128.105.69.97-9618+[2607-f388-2200-100-1270-fdff-fe56-6e54]-9618&alias=e4008.chtc.wisc.edu&noUDP&sock=slot1_4_3691201_c6af_4719>
...
040 (10038105.009.000) 2022-08-15 10:20:07 Started transferring input files
	Seconds spent in queue: 155
...
040 (10038105.009.000) 2022-08-15 10:21:43 Finished transferring input files
...
001 (10038105.009.000) 2022-08-15 10:21:45 Job executing on host: <128.105.69.97:9618?addrs=128.105.69.97-9618+[2607-f388-2200-100-1270-fdff-fe56-6e54]-9618&alias=e4008.chtc.wisc.edu&noUDP&sock=startd_194949_6097>
...
006 (10038105.009.000) 2022-08-15 10:21:54 Image size of job updated: 1
	1  -  MemoryUsage of job (MB)
	1176  -  ResidentSetSize of job (KB)
...
006 (10038105.009.000) 2022-08-15 10:24:08 Image size of job updated: 1041
	1041  -  MemoryUsage of job (MB)
	1066704  -  ResidentSetSize of job (KB)
...
040 (10038105.009.000) 2022-08-15 10:24:13 Started transferring output files
	Seconds spent in queue: 401
...
040 (10038105.009.000) 2022-08-15 10:24:17 Finished transferring output files
...
005 (10038105.009.000) 2022-08-15 10:24:32 Job terminated.
	(1) Normal termination (return value 0)
		Usr 0 00:00:03, Sys 0 00:00:00  -  Run Remote Usage
		Usr 0 00:00:00, Sys 0 00:00:00  -  Run Local Usage
		Usr 0 00:00:03, Sys 0 00:00:00  -  Total Remote Usage
		Usr 0 00:00:00, Sys 0 00:00:00  -  Total Local Usage
	165994  -  Run Bytes Sent By Job
	7643968512  -  Run Bytes Received By Job
	165994  -  Total Bytes Sent By Job
	7643968512  -  Total Bytes Received By Job
	Partitionable Resources :      Usage  Request Allocated 
	   Cpus                 :       0.00        1         1 
	   Disk (KB)            : 8757306    20971520  22494605 
	   IoHeavy              :                             0 
	   Memory (MB)          :    1041       10240     10240 

	Job terminated of its own accord at 2022-08-15T15:24:08Z with exit-code 0.
...
