000 (10038100.014.000) 2022-08-15 09:54:00 Job submitted from host: <128.104.101.92:9618?addrs=128.104.101.92-9618+[2607-f388-107c-501-a236-9fff-fe3c-caa8]-9618&alias=submit2.chtc.wisc.edu&noUDP&sock=schedd_4918_eadb>
...
040 (10038100.014.000) 2022-08-15 09:54:44 Started transferring input files
	Transferring to host: <128.105.69.99:9618?addrs=128.105.69.99-9618+[2607-f388-2200-100-1270-fdff-fe56-7674]-9618&alias=e4010.chtc.wisc.edu&noUDP&sock=slot1_1_271580_6d9d_2718>
...
040 (10038100.014.000) 2022-08-15 09:55:39 Finished transferring input files
...
001 (10038100.014.000) 2022-08-15 09:55:40 Job executing on host: <128.105.69.99:9618?addrs=128.105.69.99-9618+[2607-f388-2200-100-1270-fdff-fe56-7674]-9618&alias=e4010.chtc.wisc.edu&noUDP&sock=startd_12660_4914>
...
006 (10038100.014.000) 2022-08-15 09:55:49 Image size of job updated: 1
	1  -  MemoryUsage of job (MB)
	1176  -  ResidentSetSize of job (KB)
...
006 (10038100.014.000) 2022-08-15 10:00:50 Image size of job updated: 552
	552  -  MemoryUsage of job (MB)
	565968  -  ResidentSetSize of job (KB)
...
006 (10038100.014.000) 2022-08-15 10:05:51 Image size of job updated: 552
	552  -  MemoryUsage of job (MB)
	566048  -  ResidentSetSize of job (KB)
...
006 (10038100.014.000) 2022-08-15 10:10:52 Image size of job updated: 567
	567  -  MemoryUsage of job (MB)
	580784  -  ResidentSetSize of job (KB)
...
006 (10038100.014.000) 2022-08-15 10:15:53 Image size of job updated: 571
	571  -  MemoryUsage of job (MB)
	585116  -  ResidentSetSize of job (KB)
...
006 (10038100.014.000) 2022-08-15 10:20:54 Image size of job updated: 578
	578  -  MemoryUsage of job (MB)
	592684  -  ResidentSetSize of job (KB)
...
006 (10038100.014.000) 2022-08-15 10:26:03 Image size of job updated: 592
	592  -  MemoryUsage of job (MB)
	606920  -  ResidentSetSize of job (KB)
...
006 (10038100.014.000) 2022-08-15 10:30:56 Image size of job updated: 592
	592  -  MemoryUsage of job (MB)
	606936  -  ResidentSetSize of job (KB)
...
006 (10038100.014.000) 2022-08-15 10:35:57 Image size of job updated: 592
	592  -  MemoryUsage of job (MB)
	606968  -  ResidentSetSize of job (KB)
...
006 (10038100.014.000) 2022-08-15 10:40:57 Image size of job updated: 592
	592  -  MemoryUsage of job (MB)
	607024  -  ResidentSetSize of job (KB)
...
006 (10038100.014.000) 2022-08-15 10:45:58 Image size of job updated: 592
	592  -  MemoryUsage of job (MB)
	607064  -  ResidentSetSize of job (KB)
...
006 (10038100.014.000) 2022-08-15 10:50:59 Image size of job updated: 592
	592  -  MemoryUsage of job (MB)
	607080  -  ResidentSetSize of job (KB)
...
006 (10038100.014.000) 2022-08-15 10:55:59 Image size of job updated: 595
	595  -  MemoryUsage of job (MB)
	609672  -  ResidentSetSize of job (KB)
...
006 (10038100.014.000) 2022-08-15 11:00:59 Image size of job updated: 595
	595  -  MemoryUsage of job (MB)
	609696  -  ResidentSetSize of job (KB)
...
006 (10038100.014.000) 2022-08-15 11:06:00 Image size of job updated: 604
	604  -  MemoryUsage of job (MB)
	618628  -  ResidentSetSize of job (KB)
...
006 (10038100.014.000) 2022-08-15 11:11:01 Image size of job updated: 604
	604  -  MemoryUsage of job (MB)
	618660  -  ResidentSetSize of job (KB)
...
006 (10038100.014.000) 2022-08-15 11:16:02 Image size of job updated: 604
	604  -  MemoryUsage of job (MB)
	618668  -  ResidentSetSize of job (KB)
...
006 (10038100.014.000) 2022-08-15 11:21:03 Image size of job updated: 604
	604  -  MemoryUsage of job (MB)
	618740  -  ResidentSetSize of job (KB)
...
