000 (10038139.009.000) 2022-08-15 10:50:36 Job submitted from host: <128.104.101.92:9618?addrs=128.104.101.92-9618+[2607-f388-107c-501-a236-9fff-fe3c-caa8]-9618&alias=submit2.chtc.wisc.edu&noUDP&sock=schedd_4918_eadb>
...
040 (10038139.009.000) 2022-08-15 10:51:22 Started transferring input files
	Transferring to host: <128.105.69.89:9618?addrs=128.105.69.89-9618+[2607-f388-2200-100-1270-fdff-fe56-41cc]-9618&alias=e4000.chtc.wisc.edu&noUDP&sock=slot2_37_1291867_eb4e_7329>
...
040 (10038139.009.000) 2022-08-15 10:53:27 Finished transferring input files
...
001 (10038139.009.000) 2022-08-15 10:54:00 Job executing on host: <128.105.69.89:9618?addrs=128.105.69.89-9618+[2607-f388-2200-100-1270-fdff-fe56-41cc]-9618&alias=e4000.chtc.wisc.edu&noUDP&sock=startd_12141_4b6c>
...
006 (10038139.009.000) 2022-08-15 10:54:08 Image size of job updated: 1
	1  -  MemoryUsage of job (MB)
	1168  -  ResidentSetSize of job (KB)
...
006 (10038139.009.000) 2022-08-15 10:56:44 Image size of job updated: 1046
	1046  -  MemoryUsage of job (MB)
	1071152  -  ResidentSetSize of job (KB)
...
040 (10038139.009.000) 2022-08-15 10:56:44 Started transferring output files
...
040 (10038139.009.000) 2022-08-15 10:56:44 Finished transferring output files
...
005 (10038139.009.000) 2022-08-15 10:56:44 Job terminated.
	(1) Normal termination (return value 0)
		Usr 0 00:02:32, Sys 0 00:00:24  -  Run Remote Usage
		Usr 0 00:00:00, Sys 0 00:00:00  -  Run Local Usage
		Usr 0 00:02:32, Sys 0 00:00:24  -  Total Remote Usage
		Usr 0 00:00:00, Sys 0 00:00:00  -  Total Local Usage
	167292  -  Run Bytes Sent By Job
	7643974144  -  Run Bytes Received By Job
	167292  -  Total Bytes Sent By Job
	7643974144  -  Total Bytes Received By Job
	Partitionable Resources :      Usage  Request Allocated 
	   Cpus                 :       0.00        1         1 
	   Disk (KB)            : 8596921    20971520  22978504 
	   IoHeavy              :                             0 
	   Memory (MB)          :    1046       10240     10240 

	Job terminated of its own accord at 2022-08-15T15:56:44Z with exit-code 0.
...
