000 (10038100.012.000) 2022-08-15 09:54:00 Job submitted from host: <128.104.101.92:9618?addrs=128.104.101.92-9618+[2607-f388-107c-501-a236-9fff-fe3c-caa8]-9618&alias=submit2.chtc.wisc.edu&noUDP&sock=schedd_4918_eadb>
...
040 (10038100.012.000) 2022-08-15 09:54:43 Started transferring input files
	Transferring to host: <128.105.69.166:9618?addrs=128.105.69.166-9618+[2607-f388-2200-100-1270-fdff-fe56-717c]-9618&alias=e2549.chtc.wisc.edu&noUDP&sock=slot2_1_153167_c1ee_3102>
...
040 (10038100.012.000) 2022-08-15 09:55:28 Finished transferring input files
...
001 (10038100.012.000) 2022-08-15 09:55:29 Job executing on host: <128.105.69.166:9618?addrs=128.105.69.166-9618+[2607-f388-2200-100-1270-fdff-fe56-717c]-9618&alias=e2549.chtc.wisc.edu&noUDP&sock=startd_12525_afcb>
...
006 (10038100.012.000) 2022-08-15 09:55:37 Image size of job updated: 1
	1  -  MemoryUsage of job (MB)
	1176  -  ResidentSetSize of job (KB)
...
006 (10038100.012.000) 2022-08-15 10:00:38 Image size of job updated: 1145
	1145  -  MemoryUsage of job (MB)
	1173376  -  ResidentSetSize of job (KB)
...
006 (10038100.012.000) 2022-08-15 10:05:39 Image size of job updated: 1180
	1180  -  MemoryUsage of job (MB)
	1208432  -  ResidentSetSize of job (KB)
...
006 (10038100.012.000) 2022-08-15 10:10:40 Image size of job updated: 1200
	1200  -  MemoryUsage of job (MB)
	1229560  -  ResidentSetSize of job (KB)
...
006 (10038100.012.000) 2022-08-15 10:15:41 Image size of job updated: 1227
	1227  -  MemoryUsage of job (MB)
	1256792  -  ResidentSetSize of job (KB)
...
006 (10038100.012.000) 2022-08-15 10:20:42 Image size of job updated: 1249
	1249  -  MemoryUsage of job (MB)
	1279868  -  ResidentSetSize of job (KB)
...
006 (10038100.012.000) 2022-08-15 10:25:51 Image size of job updated: 1274
	1274  -  MemoryUsage of job (MB)
	1305336  -  ResidentSetSize of job (KB)
...
006 (10038100.012.000) 2022-08-15 10:30:44 Image size of job updated: 1405
	1405  -  MemoryUsage of job (MB)
	1438796  -  ResidentSetSize of job (KB)
...
006 (10038100.012.000) 2022-08-15 10:35:45 Image size of job updated: 1474
	1474  -  MemoryUsage of job (MB)
	1510264  -  ResidentSetSize of job (KB)
...
006 (10038100.012.000) 2022-08-15 10:40:46 Image size of job updated: 1506
	1506  -  MemoryUsage of job (MB)
	1542716  -  ResidentSetSize of job (KB)
...
006 (10038100.012.000) 2022-08-15 10:45:47 Image size of job updated: 1522
	1522  -  MemoryUsage of job (MB)
	1559048  -  ResidentSetSize of job (KB)
...
006 (10038100.012.000) 2022-08-15 10:50:47 Image size of job updated: 1547
	1547  -  MemoryUsage of job (MB)
	1584976  -  ResidentSetSize of job (KB)
...
006 (10038100.012.000) 2022-08-15 10:55:48 Image size of job updated: 1565
	1565  -  MemoryUsage of job (MB)
	1603380  -  ResidentSetSize of job (KB)
...
006 (10038100.012.000) 2022-08-15 11:00:49 Image size of job updated: 1577
	1577  -  MemoryUsage of job (MB)
	1615252  -  ResidentSetSize of job (KB)
...
006 (10038100.012.000) 2022-08-15 11:05:50 Image size of job updated: 1607
	1607  -  MemoryUsage of job (MB)
	1645836  -  ResidentSetSize of job (KB)
...
