000 (10038103.006.000) 2022-08-15 10:16:11 Job submitted from host: <128.104.101.92:9618?addrs=128.104.101.92-9618+[2607-f388-107c-501-a236-9fff-fe3c-caa8]-9618&alias=submit2.chtc.wisc.edu&noUDP&sock=schedd_4918_eadb>
...
040 (10038103.006.000) 2022-08-15 10:17:14 Started transferring input files
	Transferring to host: <128.105.69.89:9618?addrs=128.105.69.89-9618+[2607-f388-2200-100-1270-fdff-fe56-41cc]-9618&alias=e4000.chtc.wisc.edu&noUDP&sock=slot2_9_1291867_eb4e_7241>
...
040 (10038103.006.000) 2022-08-15 10:19:07 Finished transferring input files
...
001 (10038103.006.000) 2022-08-15 10:21:18 Job executing on host: <128.105.69.89:9618?addrs=128.105.69.89-9618+[2607-f388-2200-100-1270-fdff-fe56-41cc]-9618&alias=e4000.chtc.wisc.edu&noUDP&sock=startd_12141_4b6c>
...
006 (10038103.006.000) 2022-08-15 10:21:26 Image size of job updated: 1
	1  -  MemoryUsage of job (MB)
	1172  -  ResidentSetSize of job (KB)
...
006 (10038103.006.000) 2022-08-15 10:26:26 Image size of job updated: 958
	958  -  MemoryUsage of job (MB)
	981140  -  ResidentSetSize of job (KB)
...
006 (10038103.006.000) 2022-08-15 10:31:27 Image size of job updated: 979
	979  -  MemoryUsage of job (MB)
	1003368  -  ResidentSetSize of job (KB)
...
006 (10038103.006.000) 2022-08-15 10:36:31 Image size of job updated: 1001
	1001  -  MemoryUsage of job (MB)
	1025488  -  ResidentSetSize of job (KB)
...
006 (10038103.006.000) 2022-08-15 10:41:27 Image size of job updated: 1028
	1028  -  MemoryUsage of job (MB)
	1053072  -  ResidentSetSize of job (KB)
...
006 (10038103.006.000) 2022-08-15 10:46:28 Image size of job updated: 1050
	1050  -  MemoryUsage of job (MB)
	1076076  -  ResidentSetSize of job (KB)
...
006 (10038103.006.000) 2022-08-15 10:51:29 Image size of job updated: 1073
	1073  -  MemoryUsage of job (MB)
	1099080  -  ResidentSetSize of job (KB)
...
006 (10038103.006.000) 2022-08-15 10:56:31 Image size of job updated: 1095
	1095  -  MemoryUsage of job (MB)
	1121528  -  ResidentSetSize of job (KB)
...
006 (10038103.006.000) 2022-08-15 11:01:31 Image size of job updated: 1116
	1116  -  MemoryUsage of job (MB)
	1143220  -  ResidentSetSize of job (KB)
...
006 (10038103.006.000) 2022-08-15 11:06:32 Image size of job updated: 1136
	1136  -  MemoryUsage of job (MB)
	1164208  -  ResidentSetSize of job (KB)
...
006 (10038103.006.000) 2022-08-15 11:11:32 Image size of job updated: 1157
	1157  -  MemoryUsage of job (MB)
	1184972  -  ResidentSetSize of job (KB)
...
006 (10038103.006.000) 2022-08-15 11:16:32 Image size of job updated: 1178
	1178  -  MemoryUsage of job (MB)
	1206280  -  ResidentSetSize of job (KB)
...
006 (10038103.006.000) 2022-08-15 11:21:32 Image size of job updated: 1199
	1199  -  MemoryUsage of job (MB)
	1228448  -  ResidentSetSize of job (KB)
...
