000 (10038106.012.000) 2022-08-15 10:16:42 Job submitted from host: <128.104.101.92:9618?addrs=128.104.101.92-9618+[2607-f388-107c-501-a236-9fff-fe3c-caa8]-9618&alias=submit2.chtc.wisc.edu&noUDP&sock=schedd_4918_eadb>
...
040 (10038106.012.000) 2022-08-15 10:17:37 Entered queue to transfer input files
	Transferring to host: <128.105.69.94:9618?addrs=128.105.69.94-9618+[2607-f388-2200-100-1270-fdff-fe56-3dcc]-9618&alias=e4005.chtc.wisc.edu&noUDP&sock=slot1_4_3648970_3759_4395>
...
040 (10038106.012.000) 2022-08-15 10:20:04 Started transferring input files
	Seconds spent in queue: 147
...
040 (10038106.012.000) 2022-08-15 10:22:18 Finished transferring input files
...
001 (10038106.012.000) 2022-08-15 10:22:57 Job executing on host: <128.105.69.94:9618?addrs=128.105.69.94-9618+[2607-f388-2200-100-1270-fdff-fe56-3dcc]-9618&alias=e4005.chtc.wisc.edu&noUDP&sock=startd_194940_343d>
...
006 (10038106.012.000) 2022-08-15 10:23:06 Image size of job updated: 1
	1  -  MemoryUsage of job (MB)
	1180  -  ResidentSetSize of job (KB)
...
006 (10038106.012.000) 2022-08-15 10:28:06 Image size of job updated: 1148
	1148  -  MemoryUsage of job (MB)
	1176108  -  ResidentSetSize of job (KB)
...
006 (10038106.012.000) 2022-08-15 10:33:06 Image size of job updated: 1182
	1182  -  MemoryUsage of job (MB)
	1211200  -  ResidentSetSize of job (KB)
...
006 (10038106.012.000) 2022-08-15 10:38:07 Image size of job updated: 1202
	1202  -  MemoryUsage of job (MB)
	1231368  -  ResidentSetSize of job (KB)
...
006 (10038106.012.000) 2022-08-15 10:43:12 Image size of job updated: 1235
	1235  -  MemoryUsage of job (MB)
	1265296  -  ResidentSetSize of job (KB)
...
004 (10038106.012.000) 2022-08-15 10:43:22 Job was evicted.
	(0) CPU times
		Usr 0 00:14:55, Sys 0 00:00:16  -  Run Remote Usage
		Usr 0 00:00:00, Sys 0 00:00:00  -  Run Local Usage
	0  -  Run Bytes Sent By Job
	7643968512  -  Run Bytes Received By Job
	Partitionable Resources :       Usage  Request Allocated 
	   Cpus                 :        0.00        1         1 
	   Disk (KB)            : 19754065    20971520  22494605 
	   IoHeavy              :                              0 
	   Memory (MB)          :     1235       10240     10240 
...
009 (10038106.012.000) 2022-08-15 10:43:28 Job was aborted.
	via condor_rm (by user zpan52)
...
