000 (10038100.000.000) 2022-08-15 09:54:00 Job submitted from host: <128.104.101.92:9618?addrs=128.104.101.92-9618+[2607-f388-107c-501-a236-9fff-fe3c-caa8]-9618&alias=submit2.chtc.wisc.edu&noUDP&sock=schedd_4918_eadb>
...
040 (10038100.000.000) 2022-08-15 09:54:32 Started transferring input files
	Transferring to host: <128.105.69.105:9618?addrs=128.105.69.105-9618+[2607-f388-2200-100-1270-fdff-fe56-460c]-9618&alias=e2488.chtc.wisc.edu&noUDP&sock=slot2_4_46685_8e44_12180>
...
040 (10038100.000.000) 2022-08-15 09:55:54 Finished transferring input files
...
001 (10038100.000.000) 2022-08-15 09:55:56 Job executing on host: <128.105.69.105:9618?addrs=128.105.69.105-9618+[2607-f388-2200-100-1270-fdff-fe56-460c]-9618&alias=e2488.chtc.wisc.edu&noUDP&sock=startd_12657_3a4b>
...
006 (10038100.000.000) 2022-08-15 09:56:06 Image size of job updated: 1
	1  -  MemoryUsage of job (MB)
	1192  -  ResidentSetSize of job (KB)
...
006 (10038100.000.000) 2022-08-15 10:01:07 Image size of job updated: 449
	449  -  MemoryUsage of job (MB)
	460204  -  ResidentSetSize of job (KB)
...
006 (10038100.000.000) 2022-08-15 10:11:08 Image size of job updated: 449
	449  -  MemoryUsage of job (MB)
	460768  -  ResidentSetSize of job (KB)
...
006 (10038100.000.000) 2022-08-15 10:41:11 Image size of job updated: 456
	456  -  MemoryUsage of job (MB)
	467632  -  ResidentSetSize of job (KB)
...
006 (10038100.000.000) 2022-08-15 10:56:13 Image size of job updated: 461
	461  -  MemoryUsage of job (MB)
	472752  -  ResidentSetSize of job (KB)
...
006 (10038100.000.000) 2022-08-15 11:06:15 Image size of job updated: 466
	466  -  MemoryUsage of job (MB)
	477872  -  ResidentSetSize of job (KB)
...
006 (10038100.000.000) 2022-08-15 11:22:42 Image size of job updated: 467
	467  -  MemoryUsage of job (MB)
	478384  -  ResidentSetSize of job (KB)
...
040 (10038100.000.000) 2022-08-15 11:22:42 Started transferring output files
...
040 (10038100.000.000) 2022-08-15 11:22:42 Finished transferring output files
...
005 (10038100.000.000) 2022-08-15 11:22:42 Job terminated.
	(1) Normal termination (return value 0)
		Usr 0 01:25:12, Sys 0 00:00:25  -  Run Remote Usage
		Usr 0 00:00:00, Sys 0 00:00:00  -  Run Local Usage
		Usr 0 01:25:12, Sys 0 00:00:25  -  Total Remote Usage
		Usr 0 00:00:00, Sys 0 00:00:00  -  Total Local Usage
	163864  -  Run Bytes Sent By Job
	7643967488  -  Run Bytes Received By Job
	163864  -  Total Bytes Sent By Job
	7643967488  -  Total Bytes Received By Job
	Partitionable Resources :       Usage  Request Allocated 
	   Cpus                 :        0.00        1         1 
	   Disk (KB)            : 19754064    20971520  21884969 
	   IoHeavy              :                              0 
	   Memory (MB)          :      467       10240     10240 

	Job terminated of its own accord at 2022-08-15T16:22:42Z with exit-code 0.
...
