000 (10038107.018.000) 2022-08-15 10:16:53 Job submitted from host: <128.104.101.92:9618?addrs=128.104.101.92-9618+[2607-f388-107c-501-a236-9fff-fe3c-caa8]-9618&alias=submit2.chtc.wisc.edu&noUDP&sock=schedd_4918_eadb>
...
040 (10038107.018.000) 2022-08-15 10:21:18 Entered queue to transfer input files
	Transferring to host: <128.105.69.97:9618?addrs=128.105.69.97-9618+[2607-f388-2200-100-1270-fdff-fe56-6e54]-9618&alias=e4008.chtc.wisc.edu&noUDP&sock=slot1_7_3691201_c6af_4722>
...
040 (10038107.018.000) 2022-08-15 10:25:27 Started transferring input files
	Seconds spent in queue: 249
...
040 (10038107.018.000) 2022-08-15 10:26:06 Finished transferring input files
...
001 (10038107.018.000) 2022-08-15 10:26:35 Job executing on host: <128.105.69.97:9618?addrs=128.105.69.97-9618+[2607-f388-2200-100-1270-fdff-fe56-6e54]-9618&alias=e4008.chtc.wisc.edu&noUDP&sock=startd_194949_6097>
...
006 (10038107.018.000) 2022-08-15 10:26:44 Image size of job updated: 1
	1  -  MemoryUsage of job (MB)
	1184  -  ResidentSetSize of job (KB)
...
006 (10038107.018.000) 2022-08-15 10:31:44 Image size of job updated: 680
	680  -  MemoryUsage of job (MB)
	697072  -  ResidentSetSize of job (KB)
...
006 (10038107.018.000) 2022-08-15 10:36:46 Image size of job updated: 734
	734  -  MemoryUsage of job (MB)
	751700  -  ResidentSetSize of job (KB)
...
006 (10038107.018.000) 2022-08-15 10:41:28 Image size of job updated: 742
	742  -  MemoryUsage of job (MB)
	760640  -  ResidentSetSize of job (KB)
...
004 (10038107.018.000) 2022-08-15 10:42:27 Job was evicted.
	(0) CPU times
		Usr 0 00:14:36, Sys 0 00:00:18  -  Run Remote Usage
		Usr 0 00:00:00, Sys 0 00:00:00  -  Run Local Usage
	0  -  Run Bytes Sent By Job
	7643968512  -  Run Bytes Received By Job
	Partitionable Resources :       Usage  Request Allocated 
	   Cpus                 :        0.00        1         1 
	   Disk (KB)            : 19754066    20971520  22494605 
	   IoHeavy              :                              0 
	   Memory (MB)          :      742       10240     10240 
...
009 (10038107.018.000) 2022-08-15 10:42:42 Job was aborted.
	via condor_rm (by user zpan52)
...
