000 (10038104.016.000) 2022-08-15 10:16:22 Job submitted from host: <128.104.101.92:9618?addrs=128.104.101.92-9618+[2607-f388-107c-501-a236-9fff-fe3c-caa8]-9618&alias=submit2.chtc.wisc.edu&noUDP&sock=schedd_4918_eadb>
...
040 (10038104.016.000) 2022-08-15 10:17:30 Entered queue to transfer input files
	Transferring to host: <128.105.69.96:9618?addrs=128.105.69.96-9618+[2607-f388-2200-100-1270-fdff-fe56-c75c]-9618&alias=e4007.chtc.wisc.edu&noUDP&sock=slot1_3_3816229_500b_11569>
...
040 (10038104.016.000) 2022-08-15 10:20:06 Started transferring input files
	Seconds spent in queue: 156
...
040 (10038104.016.000) 2022-08-15 10:21:39 Finished transferring input files
...
001 (10038104.016.000) 2022-08-15 10:21:41 Job executing on host: <128.105.69.96:9618?addrs=128.105.69.96-9618+[2607-f388-2200-100-1270-fdff-fe56-c75c]-9618&alias=e4007.chtc.wisc.edu&noUDP&sock=startd_194327_bcaf>
...
006 (10038104.016.000) 2022-08-15 10:21:49 Image size of job updated: 1
	1  -  MemoryUsage of job (MB)
	1176  -  ResidentSetSize of job (KB)
...
006 (10038104.016.000) 2022-08-15 10:24:45 Image size of job updated: 575
	575  -  MemoryUsage of job (MB)
	588960  -  ResidentSetSize of job (KB)
...
040 (10038104.016.000) 2022-08-15 10:24:45 Started transferring output files
	Seconds spent in queue: 435
...
040 (10038104.016.000) 2022-08-15 10:24:45 Finished transferring output files
...
005 (10038104.016.000) 2022-08-15 10:24:47 Job terminated.
	(1) Normal termination (return value 0)
		Usr 0 00:00:02, Sys 0 00:00:00  -  Run Remote Usage
		Usr 0 00:00:00, Sys 0 00:00:00  -  Run Local Usage
		Usr 0 00:00:02, Sys 0 00:00:00  -  Total Remote Usage
		Usr 0 00:00:00, Sys 0 00:00:00  -  Total Local Usage
	171796  -  Run Bytes Sent By Job
	7643968512  -  Run Bytes Received By Job
	171796  -  Total Bytes Sent By Job
	7643968512  -  Total Bytes Received By Job
	Partitionable Resources :      Usage  Request Allocated 
	   Cpus                 :       0.00        1         1 
	   Disk (KB)            : 8843226    20971520  22494605 
	   IoHeavy              :                             0 
	   Memory (MB)          :     575       10240     10240 

	Job terminated of its own accord at 2022-08-15T15:24:45Z with exit-code 0.
...
