000 (10038104.014.000) 2022-08-15 10:16:22 Job submitted from host: <128.104.101.92:9618?addrs=128.104.101.92-9618+[2607-f388-107c-501-a236-9fff-fe3c-caa8]-9618&alias=submit2.chtc.wisc.edu&noUDP&sock=schedd_4918_eadb>
...
040 (10038104.014.000) 2022-08-15 10:17:30 Entered queue to transfer input files
	Transferring to host: <128.105.69.104:9618?addrs=128.105.69.104-9618+[2607-f388-2200-100-1270-fdff-fe56-bccc]-9618&alias=e4015.chtc.wisc.edu&noUDP&sock=slot1_3_1360259_452c_20373>
...
040 (10038104.014.000) 2022-08-15 10:20:06 Started transferring input files
	Seconds spent in queue: 156
...
040 (10038104.014.000) 2022-08-15 10:21:40 Finished transferring input files
...
001 (10038104.014.000) 2022-08-15 10:21:41 Job executing on host: <128.105.69.104:9618?addrs=128.105.69.104-9618+[2607-f388-2200-100-1270-fdff-fe56-bccc]-9618&alias=e4015.chtc.wisc.edu&noUDP&sock=startd_193827_c754>
...
006 (10038104.014.000) 2022-08-15 10:21:50 Image size of job updated: 1
	1  -  MemoryUsage of job (MB)
	1172  -  ResidentSetSize of job (KB)
...
006 (10038104.014.000) 2022-08-15 10:26:50 Image size of job updated: 553
	553  -  MemoryUsage of job (MB)
	566752  -  ResidentSetSize of job (KB)
...
006 (10038104.014.000) 2022-08-15 10:31:51 Image size of job updated: 553
	553  -  MemoryUsage of job (MB)
	566860  -  ResidentSetSize of job (KB)
...
006 (10038104.014.000) 2022-08-15 10:36:52 Image size of job updated: 559
	559  -  MemoryUsage of job (MB)
	572912  -  ResidentSetSize of job (KB)
...
006 (10038104.014.000) 2022-08-15 10:41:53 Image size of job updated: 566
	566  -  MemoryUsage of job (MB)
	580096  -  ResidentSetSize of job (KB)
...
006 (10038104.014.000) 2022-08-15 10:46:53 Image size of job updated: 568
	568  -  MemoryUsage of job (MB)
	582132  -  ResidentSetSize of job (KB)
...
006 (10038104.014.000) 2022-08-15 10:51:54 Image size of job updated: 568
	568  -  MemoryUsage of job (MB)
	582172  -  ResidentSetSize of job (KB)
...
006 (10038104.014.000) 2022-08-15 10:56:54 Image size of job updated: 568
	568  -  MemoryUsage of job (MB)
	582244  -  ResidentSetSize of job (KB)
...
006 (10038104.014.000) 2022-08-15 11:01:54 Image size of job updated: 568
	568  -  MemoryUsage of job (MB)
	582292  -  ResidentSetSize of job (KB)
...
006 (10038104.014.000) 2022-08-15 11:06:55 Image size of job updated: 568
	568  -  MemoryUsage of job (MB)
	582324  -  ResidentSetSize of job (KB)
...
006 (10038104.014.000) 2022-08-15 11:11:56 Image size of job updated: 571
	571  -  MemoryUsage of job (MB)
	584920  -  ResidentSetSize of job (KB)
...
006 (10038104.014.000) 2022-08-15 11:16:58 Image size of job updated: 580
	580  -  MemoryUsage of job (MB)
	593928  -  ResidentSetSize of job (KB)
...
006 (10038104.014.000) 2022-08-15 11:21:59 Image size of job updated: 580
	580  -  MemoryUsage of job (MB)
	593980  -  ResidentSetSize of job (KB)
...
