000 (10038138.005.000) 2022-08-15 10:50:26 Job submitted from host: <128.104.101.92:9618?addrs=128.104.101.92-9618+[2607-f388-107c-501-a236-9fff-fe3c-caa8]-9618&alias=submit2.chtc.wisc.edu&noUDP&sock=schedd_4918_eadb>
...
040 (10038138.005.000) 2022-08-15 10:51:14 Started transferring input files
	Transferring to host: <128.105.69.89:9618?addrs=128.105.69.89-9618+[2607-f388-2200-100-1270-fdff-fe56-41cc]-9618&alias=e4000.chtc.wisc.edu&noUDP&sock=slot2_32_1291867_eb4e_7325>
...
040 (10038138.005.000) 2022-08-15 10:53:10 Finished transferring input files
...
001 (10038138.005.000) 2022-08-15 10:55:29 Job executing on host: <128.105.69.89:9618?addrs=128.105.69.89-9618+[2607-f388-2200-100-1270-fdff-fe56-41cc]-9618&alias=e4000.chtc.wisc.edu&noUDP&sock=startd_12141_4b6c>
...
006 (10038138.005.000) 2022-08-15 10:55:39 Image size of job updated: 1
	1  -  MemoryUsage of job (MB)
	1180  -  ResidentSetSize of job (KB)
...
006 (10038138.005.000) 2022-08-15 11:00:39 Image size of job updated: 650
	650  -  MemoryUsage of job (MB)
	665984  -  ResidentSetSize of job (KB)
...
006 (10038138.005.000) 2022-08-15 11:05:40 Image size of job updated: 663
	663  -  MemoryUsage of job (MB)
	679312  -  ResidentSetSize of job (KB)
...
006 (10038138.005.000) 2022-08-15 11:10:40 Image size of job updated: 672
	672  -  MemoryUsage of job (MB)
	689052  -  ResidentSetSize of job (KB)
...
006 (10038138.005.000) 2022-08-15 11:15:40 Image size of job updated: 675
	675  -  MemoryUsage of job (MB)
	691560  -  ResidentSetSize of job (KB)
...
006 (10038138.005.000) 2022-08-15 11:20:42 Image size of job updated: 677
	677  -  MemoryUsage of job (MB)
	693308  -  ResidentSetSize of job (KB)
...
