000 (10038138.018.000) 2022-08-15 10:50:26 Job submitted from host: <128.104.101.92:9618?addrs=128.104.101.92-9618+[2607-f388-107c-501-a236-9fff-fe3c-caa8]-9618&alias=submit2.chtc.wisc.edu&noUDP&sock=schedd_4918_eadb>
...
040 (10038138.018.000) 2022-08-15 10:51:22 Started transferring input files
	Transferring to host: <128.105.69.102:9618?addrs=128.105.69.102-9618+[2607-f388-2200-100-1270-fdff-fe56-cbc4]-9618&alias=e4013.chtc.wisc.edu&noUDP&sock=slot1_3_3255774_1064_7619>
...
040 (10038138.018.000) 2022-08-15 10:53:04 Finished transferring input files
...
001 (10038138.018.000) 2022-08-15 10:53:36 Job executing on host: <128.105.69.102:9618?addrs=128.105.69.102-9618+[2607-f388-2200-100-1270-fdff-fe56-cbc4]-9618&alias=e4013.chtc.wisc.edu&noUDP&sock=startd_192977_bfd4>
...
006 (10038138.018.000) 2022-08-15 10:53:45 Image size of job updated: 1
	1  -  MemoryUsage of job (MB)
	1188  -  ResidentSetSize of job (KB)
...
006 (10038138.018.000) 2022-08-15 10:58:46 Image size of job updated: 672
	672  -  MemoryUsage of job (MB)
	688752  -  ResidentSetSize of job (KB)
...
006 (10038138.018.000) 2022-08-15 11:03:46 Image size of job updated: 728
	728  -  MemoryUsage of job (MB)
	745528  -  ResidentSetSize of job (KB)
...
006 (10038138.018.000) 2022-08-15 11:08:46 Image size of job updated: 736
	736  -  MemoryUsage of job (MB)
	754516  -  ResidentSetSize of job (KB)
...
006 (10038138.018.000) 2022-08-15 11:13:46 Image size of job updated: 758
	758  -  MemoryUsage of job (MB)
	777016  -  ResidentSetSize of job (KB)
...
006 (10038138.018.000) 2022-08-15 11:18:47 Image size of job updated: 768
	768  -  MemoryUsage of job (MB)
	786692  -  ResidentSetSize of job (KB)
...
