000 (10038138.002.000) 2022-08-15 10:50:26 Job submitted from host: <128.104.101.92:9618?addrs=128.104.101.92-9618+[2607-f388-107c-501-a236-9fff-fe3c-caa8]-9618&alias=submit2.chtc.wisc.edu&noUDP&sock=schedd_4918_eadb>
...
040 (10038138.002.000) 2022-08-15 10:51:12 Started transferring input files
	Transferring to host: <128.105.69.89:9618?addrs=128.105.69.89-9618+[2607-f388-2200-100-1270-fdff-fe56-41cc]-9618&alias=e4000.chtc.wisc.edu&noUDP&sock=slot2_29_1291867_eb4e_7322>
...
040 (10038138.002.000) 2022-08-15 10:53:04 Finished transferring input files
...
001 (10038138.002.000) 2022-08-15 10:55:26 Job executing on host: <128.105.69.89:9618?addrs=128.105.69.89-9618+[2607-f388-2200-100-1270-fdff-fe56-41cc]-9618&alias=e4000.chtc.wisc.edu&noUDP&sock=startd_12141_4b6c>
...
006 (10038138.002.000) 2022-08-15 10:55:37 Image size of job updated: 1
	1  -  MemoryUsage of job (MB)
	1184  -  ResidentSetSize of job (KB)
...
006 (10038138.002.000) 2022-08-15 11:00:37 Image size of job updated: 613
	613  -  MemoryUsage of job (MB)
	627896  -  ResidentSetSize of job (KB)
...
006 (10038138.002.000) 2022-08-15 11:05:38 Image size of job updated: 623
	623  -  MemoryUsage of job (MB)
	638644  -  ResidentSetSize of job (KB)
...
006 (10038138.002.000) 2022-08-15 11:10:38 Image size of job updated: 651
	651  -  MemoryUsage of job (MB)
	667040  -  ResidentSetSize of job (KB)
...
006 (10038138.002.000) 2022-08-15 11:15:38 Image size of job updated: 656
	656  -  MemoryUsage of job (MB)
	671916  -  ResidentSetSize of job (KB)
...
006 (10038138.002.000) 2022-08-15 11:20:38 Image size of job updated: 660
	660  -  MemoryUsage of job (MB)
	676828  -  ResidentSetSize of job (KB)
...
