000 (10038138.009.000) 2022-08-15 10:50:26 Job submitted from host: <128.104.101.92:9618?addrs=128.104.101.92-9618+[2607-f388-107c-501-a236-9fff-fe3c-caa8]-9618&alias=submit2.chtc.wisc.edu&noUDP&sock=schedd_4918_eadb>
...
040 (10038138.009.000) 2022-08-15 10:51:20 Started transferring input files
	Transferring to host: <128.105.69.151:9618?addrs=128.105.69.151-9618+[2607-f388-2200-100-1270-fdff-fe56-7334]-9618&alias=e2534.chtc.wisc.edu&noUDP&sock=slot2_5_44999_9dbf_7183>
...
040 (10038138.009.000) 2022-08-15 10:53:00 Finished transferring input files
...
001 (10038138.009.000) 2022-08-15 10:53:33 Job executing on host: <128.105.69.151:9618?addrs=128.105.69.151-9618+[2607-f388-2200-100-1270-fdff-fe56-7334]-9618&alias=e2534.chtc.wisc.edu&noUDP&sock=startd_12431_35e3>
...
006 (10038138.009.000) 2022-08-15 10:53:44 Image size of job updated: 1
	1  -  MemoryUsage of job (MB)
	1192  -  ResidentSetSize of job (KB)
...
006 (10038138.009.000) 2022-08-15 10:56:01 Image size of job updated: 1043
	1043  -  MemoryUsage of job (MB)
	1068104  -  ResidentSetSize of job (KB)
...
040 (10038138.009.000) 2022-08-15 10:56:08 Started transferring output files
...
040 (10038138.009.000) 2022-08-15 10:56:10 Finished transferring output files
...
005 (10038138.009.000) 2022-08-15 10:56:19 Job terminated.
	(1) Normal termination (return value 0)
		Usr 0 00:02:15, Sys 0 00:00:15  -  Run Remote Usage
		Usr 0 00:00:00, Sys 0 00:00:00  -  Run Local Usage
		Usr 0 00:02:15, Sys 0 00:00:15  -  Total Remote Usage
		Usr 0 00:00:00, Sys 0 00:00:00  -  Total Local Usage
	165668  -  Run Bytes Sent By Job
	7643974144  -  Run Bytes Received By Job
	165668  -  Total Bytes Sent By Job
	7643974144  -  Total Bytes Received By Job
	Partitionable Resources :      Usage  Request Allocated 
	   Cpus                 :       0.00        1         1 
	   Disk (KB)            : 8632221    20971520  21747553 
	   IoHeavy              :                             0 
	   Memory (MB)          :    1043       10240     10240 

	Job terminated of its own accord at 2022-08-15T15:56:01Z with exit-code 0.
...
