000 (10038106.001.000) 2022-08-15 10:16:42 Job submitted from host: <128.104.101.92:9618?addrs=128.104.101.92-9618+[2607-f388-107c-501-a236-9fff-fe3c-caa8]-9618&alias=submit2.chtc.wisc.edu&noUDP&sock=schedd_4918_eadb>
...
040 (10038106.001.000) 2022-08-15 10:17:34 Entered queue to transfer input files
	Transferring to host: <128.105.69.89:9618?addrs=128.105.69.89-9618+[2607-f388-2200-100-1270-fdff-fe56-41cc]-9618&alias=e4000.chtc.wisc.edu&noUDP&sock=slot2_21_1291867_eb4e_7248>
...
040 (10038106.001.000) 2022-08-15 10:20:52 Started transferring input files
	Seconds spent in queue: 198
...
040 (10038106.001.000) 2022-08-15 10:22:00 Finished transferring input files
...
001 (10038106.001.000) 2022-08-15 10:23:27 Job executing on host: <128.105.69.89:9618?addrs=128.105.69.89-9618+[2607-f388-2200-100-1270-fdff-fe56-41cc]-9618&alias=e4000.chtc.wisc.edu&noUDP&sock=startd_12141_4b6c>
...
006 (10038106.001.000) 2022-08-15 10:23:35 Image size of job updated: 1
	1  -  MemoryUsage of job (MB)
	1176  -  ResidentSetSize of job (KB)
...
006 (10038106.001.000) 2022-08-15 10:28:35 Image size of job updated: 1302
	1302  -  MemoryUsage of job (MB)
	1334056  -  ResidentSetSize of job (KB)
...
006 (10038106.001.000) 2022-08-15 10:33:35 Image size of job updated: 1310
	1310  -  MemoryUsage of job (MB)
	1341964  -  ResidentSetSize of job (KB)
...
006 (10038106.001.000) 2022-08-15 10:38:36 Image size of job updated: 1319
	1319  -  MemoryUsage of job (MB)
	1351448  -  ResidentSetSize of job (KB)
...
006 (10038106.001.000) 2022-08-15 10:43:07 Image size of job updated: 1326
	1326  -  MemoryUsage of job (MB)
	1358488  -  ResidentSetSize of job (KB)
...
004 (10038106.001.000) 2022-08-15 10:43:14 Job was evicted.
	(0) CPU times
		Usr 0 00:18:59, Sys 0 00:00:25  -  Run Remote Usage
		Usr 0 00:00:00, Sys 0 00:00:00  -  Run Local Usage
	0  -  Run Bytes Sent By Job
	7643968512  -  Run Bytes Received By Job
	Partitionable Resources :       Usage  Request Allocated 
	   Cpus                 :        0.00        1         1 
	   Disk (KB)            : 19754064    20971520  22978504 
	   IoHeavy              :                              0 
	   Memory (MB)          :     1326       10240     10240 
...
009 (10038106.001.000) 2022-08-15 10:43:20 Job was aborted.
	via condor_rm (by user zpan52)
...
