000 (10038103.003.000) 2022-08-15 10:16:11 Job submitted from host: <128.104.101.92:9618?addrs=128.104.101.92-9618+[2607-f388-107c-501-a236-9fff-fe3c-caa8]-9618&alias=submit2.chtc.wisc.edu&noUDP&sock=schedd_4918_eadb>
...
040 (10038103.003.000) 2022-08-15 10:17:12 Started transferring input files
	Transferring to host: <128.105.69.89:9618?addrs=128.105.69.89-9618+[2607-f388-2200-100-1270-fdff-fe56-41cc]-9618&alias=e4000.chtc.wisc.edu&noUDP&sock=slot2_4_1291867_eb4e_7238>
...
040 (10038103.003.000) 2022-08-15 10:19:04 Finished transferring input files
...
001 (10038103.003.000) 2022-08-15 10:21:16 Job executing on host: <128.105.69.89:9618?addrs=128.105.69.89-9618+[2607-f388-2200-100-1270-fdff-fe56-41cc]-9618&alias=e4000.chtc.wisc.edu&noUDP&sock=startd_12141_4b6c>
...
006 (10038103.003.000) 2022-08-15 10:21:24 Image size of job updated: 1
	1  -  MemoryUsage of job (MB)
	1176  -  ResidentSetSize of job (KB)
...
006 (10038103.003.000) 2022-08-15 10:26:24 Image size of job updated: 772
	772  -  MemoryUsage of job (MB)
	790740  -  ResidentSetSize of job (KB)
...
006 (10038103.003.000) 2022-08-15 10:31:25 Image size of job updated: 794
	794  -  MemoryUsage of job (MB)
	813504  -  ResidentSetSize of job (KB)
...
006 (10038103.003.000) 2022-08-15 10:36:25 Image size of job updated: 823
	823  -  MemoryUsage of job (MB)
	843468  -  ResidentSetSize of job (KB)
...
006 (10038103.003.000) 2022-08-15 10:41:25 Image size of job updated: 864
	864  -  MemoryUsage of job (MB)
	885012  -  ResidentSetSize of job (KB)
...
006 (10038103.003.000) 2022-08-15 10:46:26 Image size of job updated: 876
	876  -  MemoryUsage of job (MB)
	897916  -  ResidentSetSize of job (KB)
...
006 (10038103.003.000) 2022-08-15 10:51:26 Image size of job updated: 876
	876  -  MemoryUsage of job (MB)
	897940  -  ResidentSetSize of job (KB)
...
006 (10038103.003.000) 2022-08-15 10:56:27 Image size of job updated: 876
	876  -  MemoryUsage of job (MB)
	897948  -  ResidentSetSize of job (KB)
...
006 (10038103.003.000) 2022-08-15 11:01:28 Image size of job updated: 876
	876  -  MemoryUsage of job (MB)
	897956  -  ResidentSetSize of job (KB)
...
006 (10038103.003.000) 2022-08-15 11:06:30 Image size of job updated: 876
	876  -  MemoryUsage of job (MB)
	897980  -  ResidentSetSize of job (KB)
...
