000 (10038106.010.000) 2022-08-15 10:16:42 Job submitted from host: <128.104.101.92:9618?addrs=128.104.101.92-9618+[2607-f388-107c-501-a236-9fff-fe3c-caa8]-9618&alias=submit2.chtc.wisc.edu&noUDP&sock=schedd_4918_eadb>
...
040 (10038106.010.000) 2022-08-15 10:17:37 Entered queue to transfer input files
	Transferring to host: <128.105.69.95:9618?addrs=128.105.69.95-9618+[2607-f388-2200-100-1270-fdff-fe56-bff4]-9618&alias=e4006.chtc.wisc.edu&noUDP&sock=slot1_4_1266464_3525_20193>
...
040 (10038106.010.000) 2022-08-15 10:22:42 Started transferring input files
	Seconds spent in queue: 305
...
040 (10038106.010.000) 2022-08-15 10:26:55 Finished transferring input files
...
001 (10038106.010.000) 2022-08-15 10:27:11 Job executing on host: <128.105.69.95:9618?addrs=128.105.69.95-9618+[2607-f388-2200-100-1270-fdff-fe56-bff4]-9618&alias=e4006.chtc.wisc.edu&noUDP&sock=startd_193735_ac9e>
...
006 (10038106.010.000) 2022-08-15 10:27:20 Image size of job updated: 1
	1  -  MemoryUsage of job (MB)
	1172  -  ResidentSetSize of job (KB)
...
006 (10038106.010.000) 2022-08-15 10:32:20 Image size of job updated: 947
	947  -  MemoryUsage of job (MB)
	970000  -  ResidentSetSize of job (KB)
...
006 (10038106.010.000) 2022-08-15 10:37:20 Image size of job updated: 968
	968  -  MemoryUsage of job (MB)
	991500  -  ResidentSetSize of job (KB)
...
006 (10038106.010.000) 2022-08-15 10:42:26 Image size of job updated: 974
	974  -  MemoryUsage of job (MB)
	997632  -  ResidentSetSize of job (KB)
...
006 (10038106.010.000) 2022-08-15 10:43:08 Image size of job updated: 974
	974  -  MemoryUsage of job (MB)
	997800  -  ResidentSetSize of job (KB)
...
004 (10038106.010.000) 2022-08-15 10:43:15 Job was evicted.
	(0) CPU times
		Usr 0 00:15:39, Sys 0 00:00:13  -  Run Remote Usage
		Usr 0 00:00:00, Sys 0 00:00:00  -  Run Local Usage
	0  -  Run Bytes Sent By Job
	7643968512  -  Run Bytes Received By Job
	Partitionable Resources :       Usage  Request Allocated 
	   Cpus                 :        0.00        1         1 
	   Disk (KB)            : 19754065    20971520  22494605 
	   IoHeavy              :                              0 
	   Memory (MB)          :      974       10240     10240 
...
009 (10038106.010.000) 2022-08-15 10:43:22 Job was aborted.
	via condor_rm (by user zpan52)
...
