000 (10038103.013.000) 2022-08-15 10:16:11 Job submitted from host: <128.104.101.92:9618?addrs=128.104.101.92-9618+[2607-f388-107c-501-a236-9fff-fe3c-caa8]-9618&alias=submit2.chtc.wisc.edu&noUDP&sock=schedd_4918_eadb>
...
040 (10038103.013.000) 2022-08-15 10:17:21 Started transferring input files
	Transferring to host: <128.105.69.151:9618?addrs=128.105.69.151-9618+[2607-f388-2200-100-1270-fdff-fe56-7334]-9618&alias=e2534.chtc.wisc.edu&noUDP&sock=slot2_1_44999_9dbf_7131>
...
040 (10038103.013.000) 2022-08-15 10:18:44 Finished transferring input files
...
001 (10038103.013.000) 2022-08-15 10:21:13 Job executing on host: <128.105.69.151:9618?addrs=128.105.69.151-9618+[2607-f388-2200-100-1270-fdff-fe56-7334]-9618&alias=e2534.chtc.wisc.edu&noUDP&sock=startd_12431_35e3>
...
006 (10038103.013.000) 2022-08-15 10:21:22 Image size of job updated: 1
	1  -  MemoryUsage of job (MB)
	1176  -  ResidentSetSize of job (KB)
...
006 (10038103.013.000) 2022-08-15 10:23:13 Image size of job updated: 535
	535  -  MemoryUsage of job (MB)
	547840  -  ResidentSetSize of job (KB)
...
040 (10038103.013.000) 2022-08-15 10:23:44 Started transferring output files
...
040 (10038103.013.000) 2022-08-15 10:23:47 Finished transferring output files
...
005 (10038103.013.000) 2022-08-15 10:23:59 Job terminated.
	(1) Normal termination (return value 0)
		Usr 0 00:00:02, Sys 0 00:00:00  -  Run Remote Usage
		Usr 0 00:00:00, Sys 0 00:00:00  -  Run Local Usage
		Usr 0 00:00:02, Sys 0 00:00:00  -  Total Remote Usage
		Usr 0 00:00:00, Sys 0 00:00:00  -  Total Local Usage
	162853  -  Run Bytes Sent By Job
	7643968512  -  Run Bytes Received By Job
	162853  -  Total Bytes Sent By Job
	7643968512  -  Total Bytes Received By Job
	Partitionable Resources :    Usage  Request Allocated 
	   Cpus                 :        0        1         1 
	   Disk (KB)            :  8624916 20971520  21747553 
	   IoHeavy              :                           0 
	   Memory (MB)          :      535    10240     10240 

	Job terminated of its own accord at 2022-08-15T15:23:13Z with exit-code 0.
...
