000 (10038091.018.000) 2022-08-15 09:04:31 Job submitted from host: <128.104.101.92:9618?addrs=128.104.101.92-9618+[2607-f388-107c-501-a236-9fff-fe3c-caa8]-9618&alias=submit2.chtc.wisc.edu&noUDP&sock=schedd_4918_eadb>
...
040 (10038091.018.000) 2022-08-15 09:05:38 Entered queue to transfer input files
	Transferring to host: <128.105.69.105:9618?addrs=128.105.69.105-9618+[2607-f388-2200-100-1270-fdff-fe56-460c]-9618&alias=e2488.chtc.wisc.edu&noUDP&sock=slot2_33_46685_8e44_12074>
...
040 (10038091.018.000) 2022-08-15 09:07:14 Started transferring input files
	Seconds spent in queue: 96
...
040 (10038091.018.000) 2022-08-15 09:07:15 Finished transferring input files
...
004 (10038091.018.000) 2022-08-15 09:07:16 Job was evicted.
	(0) CPU times
		Usr 0 00:00:00, Sys 0 00:00:00  -  Run Remote Usage
		Usr 0 00:00:00, Sys 0 00:00:00  -  Run Local Usage
	0  -  Run Bytes Sent By Job
	75957312  -  Run Bytes Received By Job
	Partitionable Resources :    Usage  Request Allocated 
	   Cpus                 :        0        1         1 
	   Disk (KB)            :    66895  4194304   5835992 
	   IoHeavy              :                           0 
	   Memory (MB)          :              4096      4096 
...
009 (10038091.018.000) 2022-08-15 09:07:17 Job was aborted.
	via condor_rm (by user zpan52)
...
