000 (10038106.007.000) 2022-08-15 10:16:42 Job submitted from host: <128.104.101.92:9618?addrs=128.104.101.92-9618+[2607-f388-107c-501-a236-9fff-fe3c-caa8]-9618&alias=submit2.chtc.wisc.edu&noUDP&sock=schedd_4918_eadb>
...
040 (10038106.007.000) 2022-08-15 10:17:36 Entered queue to transfer input files
	Transferring to host: <128.105.69.102:9618?addrs=128.105.69.102-9618+[2607-f388-2200-100-1270-fdff-fe56-cbc4]-9618&alias=e4013.chtc.wisc.edu&noUDP&sock=slot1_4_3255774_1064_7556>
...
040 (10038106.007.000) 2022-08-15 10:22:42 Started transferring input files
	Seconds spent in queue: 306
...
040 (10038106.007.000) 2022-08-15 10:25:17 Finished transferring input files
...
001 (10038106.007.000) 2022-08-15 10:25:26 Job executing on host: <128.105.69.102:9618?addrs=128.105.69.102-9618+[2607-f388-2200-100-1270-fdff-fe56-cbc4]-9618&alias=e4013.chtc.wisc.edu&noUDP&sock=startd_192977_bfd4>
...
006 (10038106.007.000) 2022-08-15 10:25:36 Image size of job updated: 1
	1  -  MemoryUsage of job (MB)
	1176  -  ResidentSetSize of job (KB)
...
006 (10038106.007.000) 2022-08-15 10:30:36 Image size of job updated: 523
	523  -  MemoryUsage of job (MB)
	535704  -  ResidentSetSize of job (KB)
...
004 (10038106.007.000) 2022-08-15 10:43:15 Job was evicted.
	(0) CPU times
		Usr 0 00:17:25, Sys 0 00:00:15  -  Run Remote Usage
		Usr 0 00:00:00, Sys 0 00:00:00  -  Run Local Usage
	0  -  Run Bytes Sent By Job
	7643968512  -  Run Bytes Received By Job
	Partitionable Resources :       Usage  Request Allocated 
	   Cpus                 :        0.01        1         1 
	   Disk (KB)            : 19754063    20971520  22494605 
	   IoHeavy              :                              0 
	   Memory (MB)          :      523       10240     10240 
...
009 (10038106.007.000) 2022-08-15 10:43:21 Job was aborted.
	via condor_rm (by user zpan52)
...
