000 (10038095.008.000) 2022-08-15 09:21:30 Job submitted from host: <128.104.101.92:9618?addrs=128.104.101.92-9618+[2607-f388-107c-501-a236-9fff-fe3c-caa8]-9618&alias=submit2.chtc.wisc.edu&noUDP&sock=schedd_4918_eadb>
...
040 (10038095.008.000) 2022-08-15 09:22:50 Started transferring input files
	Transferring to host: <128.105.69.151:9618?addrs=128.105.69.151-9618+[2607-f388-2200-100-1270-fdff-fe56-7334]-9618&alias=e2534.chtc.wisc.edu&noUDP&sock=slot2_1_44999_9dbf_7036>
...
040 (10038095.008.000) 2022-08-15 09:23:40 Finished transferring input files
...
001 (10038095.008.000) 2022-08-15 09:23:49 Job executing on host: <128.105.69.151:9618?addrs=128.105.69.151-9618+[2607-f388-2200-100-1270-fdff-fe56-7334]-9618&alias=e2534.chtc.wisc.edu&noUDP&sock=startd_12431_35e3>
...
006 (10038095.008.000) 2022-08-15 09:23:58 Image size of job updated: 1
	1  -  MemoryUsage of job (MB)
	1180  -  ResidentSetSize of job (KB)
...
040 (10038095.008.000) 2022-08-15 09:25:10 Started transferring output files
...
040 (10038095.008.000) 2022-08-15 09:25:10 Finished transferring output files
...
005 (10038095.008.000) 2022-08-15 09:25:25 Job terminated.
	(1) Normal termination (return value 0)
		Usr 0 00:01:13, Sys 0 00:00:12  -  Run Remote Usage
		Usr 0 00:00:00, Sys 0 00:00:00  -  Run Local Usage
		Usr 0 00:01:13, Sys 0 00:00:12  -  Total Remote Usage
		Usr 0 00:00:00, Sys 0 00:00:00  -  Total Local Usage
	2820  -  Run Bytes Sent By Job
	5029331968  -  Run Bytes Received By Job
	2820  -  Total Bytes Sent By Job
	5029331968  -  Total Bytes Received By Job
	Partitionable Resources :      Usage  Request Allocated 
	   Cpus                 :       0.21        1         1 
	   Disk (KB)            : 6071660    10485760  12081974 
	   IoHeavy              :                             0 
	   Memory (MB)          :       1       10240     10240 

	Job terminated of its own accord at 2022-08-15T14:25:09Z with exit-code 0.
...
