000 (10038106.003.000) 2022-08-15 10:16:42 Job submitted from host: <128.104.101.92:9618?addrs=128.104.101.92-9618+[2607-f388-107c-501-a236-9fff-fe3c-caa8]-9618&alias=submit2.chtc.wisc.edu&noUDP&sock=schedd_4918_eadb>
...
040 (10038106.003.000) 2022-08-15 10:17:35 Entered queue to transfer input files
	Transferring to host: <128.105.69.97:9618?addrs=128.105.69.97-9618+[2607-f388-2200-100-1270-fdff-fe56-6e54]-9618&alias=e4008.chtc.wisc.edu&noUDP&sock=slot1_5_3691201_c6af_4720>
...
040 (10038106.003.000) 2022-08-15 10:20:59 Started transferring input files
	Seconds spent in queue: 204
...
040 (10038106.003.000) 2022-08-15 10:22:01 Finished transferring input files
...
001 (10038106.003.000) 2022-08-15 10:22:25 Job executing on host: <128.105.69.97:9618?addrs=128.105.69.97-9618+[2607-f388-2200-100-1270-fdff-fe56-6e54]-9618&alias=e4008.chtc.wisc.edu&noUDP&sock=startd_194949_6097>
...
006 (10038106.003.000) 2022-08-15 10:22:34 Image size of job updated: 1
	1  -  MemoryUsage of job (MB)
	1164  -  ResidentSetSize of job (KB)
...
006 (10038106.003.000) 2022-08-15 10:27:34 Image size of job updated: 780
	780  -  MemoryUsage of job (MB)
	798868  -  ResidentSetSize of job (KB)
...
006 (10038106.003.000) 2022-08-15 10:32:34 Image size of job updated: 808
	808  -  MemoryUsage of job (MB)
	827732  -  ResidentSetSize of job (KB)
...
006 (10038106.003.000) 2022-08-15 10:37:35 Image size of job updated: 846
	846  -  MemoryUsage of job (MB)
	866836  -  ResidentSetSize of job (KB)
...
006 (10038106.003.000) 2022-08-15 10:42:35 Image size of job updated: 878
	878  -  MemoryUsage of job (MB)
	899676  -  ResidentSetSize of job (KB)
...
006 (10038106.003.000) 2022-08-15 10:43:08 Image size of job updated: 878
	878  -  MemoryUsage of job (MB)
	899684  -  ResidentSetSize of job (KB)
...
004 (10038106.003.000) 2022-08-15 10:43:15 Job was evicted.
	(0) CPU times
		Usr 0 00:20:24, Sys 0 00:00:16  -  Run Remote Usage
		Usr 0 00:00:00, Sys 0 00:00:00  -  Run Local Usage
	0  -  Run Bytes Sent By Job
	7643968512  -  Run Bytes Received By Job
	Partitionable Resources :    Usage  Request Allocated 
	   Cpus                 :        0        1         1 
	   Disk (KB)            : 19754064 20971520  22494605 
	   IoHeavy              :                           0 
	   Memory (MB)          :      878    10240     10240 
...
009 (10038106.003.000) 2022-08-15 10:43:22 Job was aborted.
	via condor_rm (by user zpan52)
...
