000 (10038100.006.000) 2022-08-15 09:54:00 Job submitted from host: <128.104.101.92:9618?addrs=128.104.101.92-9618+[2607-f388-107c-501-a236-9fff-fe3c-caa8]-9618&alias=submit2.chtc.wisc.edu&noUDP&sock=schedd_4918_eadb>
...
040 (10038100.006.000) 2022-08-15 09:54:37 Started transferring input files
	Transferring to host: <128.105.69.105:9618?addrs=128.105.69.105-9618+[2607-f388-2200-100-1270-fdff-fe56-460c]-9618&alias=e2488.chtc.wisc.edu&noUDP&sock=slot2_16_46685_8e44_12186>
...
040 (10038100.006.000) 2022-08-15 09:56:08 Finished transferring input files
...
001 (10038100.006.000) 2022-08-15 09:56:09 Job executing on host: <128.105.69.105:9618?addrs=128.105.69.105-9618+[2607-f388-2200-100-1270-fdff-fe56-460c]-9618&alias=e2488.chtc.wisc.edu&noUDP&sock=startd_12657_3a4b>
...
006 (10038100.006.000) 2022-08-15 09:56:22 Image size of job updated: 1
	1  -  MemoryUsage of job (MB)
	1180  -  ResidentSetSize of job (KB)
...
006 (10038100.006.000) 2022-08-15 10:01:22 Image size of job updated: 956
	956  -  MemoryUsage of job (MB)
	979128  -  ResidentSetSize of job (KB)
...
006 (10038100.006.000) 2022-08-15 10:06:23 Image size of job updated: 977
	977  -  MemoryUsage of job (MB)
	1000940  -  ResidentSetSize of job (KB)
...
006 (10038100.006.000) 2022-08-15 10:11:23 Image size of job updated: 999
	999  -  MemoryUsage of job (MB)
	1022980  -  ResidentSetSize of job (KB)
...
006 (10038100.006.000) 2022-08-15 10:16:23 Image size of job updated: 1024
	1024  -  MemoryUsage of job (MB)
	1049540  -  ResidentSetSize of job (KB)
...
006 (10038100.006.000) 2022-08-15 10:21:24 Image size of job updated: 1046
	1046  -  MemoryUsage of job (MB)
	1071940  -  ResidentSetSize of job (KB)
...
006 (10038100.006.000) 2022-08-15 10:26:25 Image size of job updated: 1068
	1068  -  MemoryUsage of job (MB)
	1093960  -  ResidentSetSize of job (KB)
...
006 (10038100.006.000) 2022-08-15 10:31:26 Image size of job updated: 1090
	1090  -  MemoryUsage of job (MB)
	1116820  -  ResidentSetSize of job (KB)
...
006 (10038100.006.000) 2022-08-15 10:36:26 Image size of job updated: 1112
	1112  -  MemoryUsage of job (MB)
	1138972  -  ResidentSetSize of job (KB)
...
006 (10038100.006.000) 2022-08-15 10:41:27 Image size of job updated: 1132
	1132  -  MemoryUsage of job (MB)
	1159336  -  ResidentSetSize of job (KB)
...
006 (10038100.006.000) 2022-08-15 10:46:27 Image size of job updated: 1151
	1151  -  MemoryUsage of job (MB)
	1179216  -  ResidentSetSize of job (KB)
...
006 (10038100.006.000) 2022-08-15 10:51:28 Image size of job updated: 1171
	1171  -  MemoryUsage of job (MB)
	1199492  -  ResidentSetSize of job (KB)
...
006 (10038100.006.000) 2022-08-15 10:56:28 Image size of job updated: 1192
	1192  -  MemoryUsage of job (MB)
	1220788  -  ResidentSetSize of job (KB)
...
006 (10038100.006.000) 2022-08-15 11:01:29 Image size of job updated: 1211
	1211  -  MemoryUsage of job (MB)
	1240996  -  ResidentSetSize of job (KB)
...
006 (10038100.006.000) 2022-08-15 11:06:30 Image size of job updated: 1231
	1231  -  MemoryUsage of job (MB)
	1261056  -  ResidentSetSize of job (KB)
...
