000 (10038100.008.000) 2022-08-15 09:54:00 Job submitted from host: <128.104.101.92:9618?addrs=128.104.101.92-9618+[2607-f388-107c-501-a236-9fff-fe3c-caa8]-9618&alias=submit2.chtc.wisc.edu&noUDP&sock=schedd_4918_eadb>
...
040 (10038100.008.000) 2022-08-15 09:54:42 Started transferring input files
	Transferring to host: <128.105.69.105:9618?addrs=128.105.69.105-9618+[2607-f388-2200-100-1270-fdff-fe56-460c]-9618&alias=e2488.chtc.wisc.edu&noUDP&sock=slot2_20_46685_8e44_12188>
...
040 (10038100.008.000) 2022-08-15 09:56:12 Finished transferring input files
...
001 (10038100.008.000) 2022-08-15 09:56:13 Job executing on host: <128.105.69.105:9618?addrs=128.105.69.105-9618+[2607-f388-2200-100-1270-fdff-fe56-460c]-9618&alias=e2488.chtc.wisc.edu&noUDP&sock=startd_12657_3a4b>
...
006 (10038100.008.000) 2022-08-15 09:56:22 Image size of job updated: 1
	1  -  MemoryUsage of job (MB)
	1176  -  ResidentSetSize of job (KB)
...
006 (10038100.008.000) 2022-08-15 10:01:23 Image size of job updated: 977
	977  -  MemoryUsage of job (MB)
	1000524  -  ResidentSetSize of job (KB)
...
006 (10038100.008.000) 2022-08-15 10:06:24 Image size of job updated: 1042
	1042  -  MemoryUsage of job (MB)
	1067936  -  ResidentSetSize of job (KB)
...
006 (10038100.008.000) 2022-08-15 10:11:24 Image size of job updated: 1107
	1107  -  MemoryUsage of job (MB)
	1134160  -  ResidentSetSize of job (KB)
...
006 (10038100.008.000) 2022-08-15 10:16:24 Image size of job updated: 1174
	1174  -  MemoryUsage of job (MB)
	1202416  -  ResidentSetSize of job (KB)
...
006 (10038100.008.000) 2022-08-15 10:21:25 Image size of job updated: 1239
	1239  -  MemoryUsage of job (MB)
	1269352  -  ResidentSetSize of job (KB)
...
006 (10038100.008.000) 2022-08-15 10:26:28 Image size of job updated: 1311
	1311  -  MemoryUsage of job (MB)
	1342760  -  ResidentSetSize of job (KB)
...
006 (10038100.008.000) 2022-08-15 10:31:25 Image size of job updated: 1378
	1378  -  MemoryUsage of job (MB)
	1411424  -  ResidentSetSize of job (KB)
...
006 (10038100.008.000) 2022-08-15 10:36:26 Image size of job updated: 1446
	1446  -  MemoryUsage of job (MB)
	1481716  -  ResidentSetSize of job (KB)
...
006 (10038100.008.000) 2022-08-15 10:41:27 Image size of job updated: 1512
	1512  -  MemoryUsage of job (MB)
	1548728  -  ResidentSetSize of job (KB)
...
006 (10038100.008.000) 2022-08-15 10:46:27 Image size of job updated: 1575
	1575  -  MemoryUsage of job (MB)
	1613724  -  ResidentSetSize of job (KB)
...
006 (10038100.008.000) 2022-08-15 10:51:28 Image size of job updated: 1639
	1639  -  MemoryUsage of job (MB)
	1678460  -  ResidentSetSize of job (KB)
...
006 (10038100.008.000) 2022-08-15 10:56:28 Image size of job updated: 1739
	1739  -  MemoryUsage of job (MB)
	1781232  -  ResidentSetSize of job (KB)
...
006 (10038100.008.000) 2022-08-15 11:01:29 Image size of job updated: 1851
	1851  -  MemoryUsage of job (MB)
	1896244  -  ResidentSetSize of job (KB)
...
006 (10038100.008.000) 2022-08-15 11:06:31 Image size of job updated: 1928
	1928  -  MemoryUsage of job (MB)
	1974512  -  ResidentSetSize of job (KB)
...
