000 (10038095.000.000) 2022-08-15 09:21:30 Job submitted from host: <128.104.101.92:9618?addrs=128.104.101.92-9618+[2607-f388-107c-501-a236-9fff-fe3c-caa8]-9618&alias=submit2.chtc.wisc.edu&noUDP&sock=schedd_4918_eadb>
...
040 (10038095.000.000) 2022-08-15 09:22:49 Started transferring input files
	Transferring to host: <128.105.69.105:9618?addrs=128.105.69.105-9618+[2607-f388-2200-100-1270-fdff-fe56-460c]-9618&alias=e2488.chtc.wisc.edu&noUDP&sock=slot2_4_46685_8e44_12096>
...
040 (10038095.000.000) 2022-08-15 09:23:42 Finished transferring input files
...
001 (10038095.000.000) 2022-08-15 09:23:51 Job executing on host: <128.105.69.105:9618?addrs=128.105.69.105-9618+[2607-f388-2200-100-1270-fdff-fe56-460c]-9618&alias=e2488.chtc.wisc.edu&noUDP&sock=startd_12657_3a4b>
...
006 (10038095.000.000) 2022-08-15 09:24:01 Image size of job updated: 1
	1  -  MemoryUsage of job (MB)
	1176  -  ResidentSetSize of job (KB)
...
040 (10038095.000.000) 2022-08-15 09:25:28 Started transferring output files
...
040 (10038095.000.000) 2022-08-15 09:25:30 Finished transferring output files
...
005 (10038095.000.000) 2022-08-15 09:25:43 Job terminated.
	(1) Normal termination (return value 0)
		Usr 0 00:01:19, Sys 0 00:00:24  -  Run Remote Usage
		Usr 0 00:00:00, Sys 0 00:00:00  -  Run Local Usage
		Usr 0 00:01:19, Sys 0 00:00:24  -  Total Remote Usage
		Usr 0 00:00:00, Sys 0 00:00:00  -  Total Local Usage
	2812  -  Run Bytes Sent By Job
	5029331968  -  Run Bytes Received By Job
	2812  -  Total Bytes Sent By Job
	5029331968  -  Total Bytes Received By Job
	Partitionable Resources :      Usage  Request Allocated 
	   Cpus                 :       0.05        1         1 
	   Disk (KB)            : 6222830    10485760  11671984 
	   IoHeavy              :                             0 
	   Memory (MB)          :       1       10240     10240 

	Job terminated of its own accord at 2022-08-15T14:25:21Z with exit-code 0.
...
