000 (10038103.010.000) 2022-08-15 10:16:11 Job submitted from host: <128.104.101.92:9618?addrs=128.104.101.92-9618+[2607-f388-107c-501-a236-9fff-fe3c-caa8]-9618&alias=submit2.chtc.wisc.edu&noUDP&sock=schedd_4918_eadb>
...
040 (10038103.010.000) 2022-08-15 10:17:18 Started transferring input files
	Transferring to host: <128.105.69.89:9618?addrs=128.105.69.89-9618+[2607-f388-2200-100-1270-fdff-fe56-41cc]-9618&alias=e4000.chtc.wisc.edu&noUDP&sock=slot2_14_1291867_eb4e_7245>
...
040 (10038103.010.000) 2022-08-15 10:19:11 Finished transferring input files
...
001 (10038103.010.000) 2022-08-15 10:21:27 Job executing on host: <128.105.69.89:9618?addrs=128.105.69.89-9618+[2607-f388-2200-100-1270-fdff-fe56-41cc]-9618&alias=e4000.chtc.wisc.edu&noUDP&sock=startd_12141_4b6c>
...
006 (10038103.010.000) 2022-08-15 10:21:35 Image size of job updated: 1
	1  -  MemoryUsage of job (MB)
	1180  -  ResidentSetSize of job (KB)
...
006 (10038103.010.000) 2022-08-15 10:26:35 Image size of job updated: 944
	944  -  MemoryUsage of job (MB)
	967152  -  ResidentSetSize of job (KB)
...
006 (10038103.010.000) 2022-08-15 10:31:36 Image size of job updated: 948
	948  -  MemoryUsage of job (MB)
	971332  -  ResidentSetSize of job (KB)
...
006 (10038103.010.000) 2022-08-15 10:36:37 Image size of job updated: 966
	966  -  MemoryUsage of job (MB)
	989616  -  ResidentSetSize of job (KB)
...
006 (10038103.010.000) 2022-08-15 10:41:38 Image size of job updated: 972
	972  -  MemoryUsage of job (MB)
	995596  -  ResidentSetSize of job (KB)
...
006 (10038103.010.000) 2022-08-15 10:46:39 Image size of job updated: 995
	995  -  MemoryUsage of job (MB)
	1019668  -  ResidentSetSize of job (KB)
...
006 (10038103.010.000) 2022-08-15 10:51:41 Image size of job updated: 996
	996  -  MemoryUsage of job (MB)
	1020408  -  ResidentSetSize of job (KB)
...
006 (10038103.010.000) 2022-08-15 10:56:41 Image size of job updated: 996
	996  -  MemoryUsage of job (MB)
	1020764  -  ResidentSetSize of job (KB)
...
006 (10038103.010.000) 2022-08-15 11:01:42 Image size of job updated: 997
	997  -  MemoryUsage of job (MB)
	1021100  -  ResidentSetSize of job (KB)
...
006 (10038103.010.000) 2022-08-15 11:06:42 Image size of job updated: 997
	997  -  MemoryUsage of job (MB)
	1021320  -  ResidentSetSize of job (KB)
...
