000 (10038107.010.000) 2022-08-15 10:16:53 Job submitted from host: <128.104.101.92:9618?addrs=128.104.101.92-9618+[2607-f388-107c-501-a236-9fff-fe3c-caa8]-9618&alias=submit2.chtc.wisc.edu&noUDP&sock=schedd_4918_eadb>
...
040 (10038107.010.000) 2022-08-15 10:21:39 Entered queue to transfer input files
	Transferring to host: <128.105.69.100:9618?addrs=128.105.69.100-9618+[2607-f388-2200-100-1270-fdff-fe56-4634]-9618&alias=e4011.chtc.wisc.edu&noUDP&sock=slot1_5_3928291_2118_6214>
...
040 (10038107.010.000) 2022-08-15 10:22:29 Started transferring input files
	Seconds spent in queue: 50
...
040 (10038107.010.000) 2022-08-15 10:23:36 Finished transferring input files
...
001 (10038107.010.000) 2022-08-15 10:23:56 Job executing on host: <128.105.69.100:9618?addrs=128.105.69.100-9618+[2607-f388-2200-100-1270-fdff-fe56-4634]-9618&alias=e4011.chtc.wisc.edu&noUDP&sock=startd_3928221_72f6>
...
006 (10038107.010.000) 2022-08-15 10:24:05 Image size of job updated: 1
	1  -  MemoryUsage of job (MB)
	1172  -  ResidentSetSize of job (KB)
...
006 (10038107.010.000) 2022-08-15 10:29:05 Image size of job updated: 953
	953  -  MemoryUsage of job (MB)
	976692  -  ResidentSetSize of job (KB)
...
006 (10038107.010.000) 2022-08-15 10:34:06 Image size of job updated: 972
	972  -  MemoryUsage of job (MB)
	995836  -  ResidentSetSize of job (KB)
...
006 (10038107.010.000) 2022-08-15 10:39:19 Image size of job updated: 999
	999  -  MemoryUsage of job (MB)
	1023876  -  ResidentSetSize of job (KB)
...
006 (10038107.010.000) 2022-08-15 10:41:28 Image size of job updated: 1002
	1002  -  MemoryUsage of job (MB)
	1026468  -  ResidentSetSize of job (KB)
...
004 (10038107.010.000) 2022-08-15 10:42:25 Job was evicted.
	(0) CPU times
		Usr 0 00:17:15, Sys 0 00:00:17  -  Run Remote Usage
		Usr 0 00:00:00, Sys 0 00:00:00  -  Run Local Usage
	0  -  Run Bytes Sent By Job
	7643968512  -  Run Bytes Received By Job
	Partitionable Resources :       Usage  Request Allocated 
	   Cpus                 :        0.01        1         1 
	   Disk (KB)            : 19754065    20971520  22494605 
	   IoHeavy              :                              0 
	   Memory (MB)          :     1002       10240     10240 
...
009 (10038107.010.000) 2022-08-15 10:42:40 Job was aborted.
	via condor_rm (by user zpan52)
...
