000 (10038110.017.000) 2022-08-15 10:17:09 Job submitted from host: <128.104.101.92:9618?addrs=128.104.101.92-9618+[2607-f388-107c-501-a236-9fff-fe3c-caa8]-9618&alias=submit2.chtc.wisc.edu&noUDP&sock=schedd_4918_eadb>
...
040 (10038110.017.000) 2022-08-15 10:21:18 Entered queue to transfer input files
	Transferring to host: <128.105.69.91:9618?addrs=128.105.69.91-9618+[2607-f388-2200-100-1270-fdff-fe56-41c4]-9618&alias=e4002.chtc.wisc.edu&noUDP&sock=slot1_8_3091224_b401_6211>
...
040 (10038110.017.000) 2022-08-15 10:26:08 Started transferring input files
	Seconds spent in queue: 290
...
040 (10038110.017.000) 2022-08-15 10:28:39 Finished transferring input files
...
001 (10038110.017.000) 2022-08-15 10:28:40 Job executing on host: <128.105.69.91:9618?addrs=128.105.69.91-9618+[2607-f388-2200-100-1270-fdff-fe56-41c4]-9618&alias=e4002.chtc.wisc.edu&noUDP&sock=startd_3091164_f871>
...
006 (10038110.017.000) 2022-08-15 10:28:48 Image size of job updated: 1
	1  -  MemoryUsage of job (MB)
	1180  -  ResidentSetSize of job (KB)
...
006 (10038110.017.000) 2022-08-15 10:33:49 Image size of job updated: 453
	453  -  MemoryUsage of job (MB)
	464740  -  ResidentSetSize of job (KB)
...
004 (10038110.017.000) 2022-08-15 10:43:06 Job was evicted.
	(0) CPU times
		Usr 0 00:13:11, Sys 0 00:00:15  -  Run Remote Usage
		Usr 0 00:00:00, Sys 0 00:00:00  -  Run Local Usage
	0  -  Run Bytes Sent By Job
	7643968512  -  Run Bytes Received By Job
	Partitionable Resources :       Usage  Request Allocated 
	   Cpus                 :        0.00        1         1 
	   Disk (KB)            : 19754063    20971520  22494605 
	   IoHeavy              :                              0 
	   Memory (MB)          :      453       10240     10240 
...
009 (10038110.017.000) 2022-08-15 10:43:09 Job was aborted.
	via condor_rm (by user zpan52)
...
