000 (10038108.012.000) 2022-08-15 10:17:00 Job submitted from host: <128.104.101.92:9618?addrs=128.104.101.92-9618+[2607-f388-107c-501-a236-9fff-fe3c-caa8]-9618&alias=submit2.chtc.wisc.edu&noUDP&sock=schedd_4918_eadb>
...
040 (10038108.012.000) 2022-08-15 10:21:17 Entered queue to transfer input files
	Transferring to host: <128.105.69.151:9618?addrs=128.105.69.151-9618+[2607-f388-2200-100-1270-fdff-fe56-7334]-9618&alias=e2534.chtc.wisc.edu&noUDP&sock=slot2_6_44999_9dbf_7136>
...
040 (10038108.012.000) 2022-08-15 10:24:28 Started transferring input files
	Seconds spent in queue: 191
...
040 (10038108.012.000) 2022-08-15 10:27:46 Finished transferring input files
...
001 (10038108.012.000) 2022-08-15 10:27:50 Job executing on host: <128.105.69.151:9618?addrs=128.105.69.151-9618+[2607-f388-2200-100-1270-fdff-fe56-7334]-9618&alias=e2534.chtc.wisc.edu&noUDP&sock=startd_12431_35e3>
...
006 (10038108.012.000) 2022-08-15 10:27:58 Image size of job updated: 1
	1  -  MemoryUsage of job (MB)
	1180  -  ResidentSetSize of job (KB)
...
006 (10038108.012.000) 2022-08-15 10:32:59 Image size of job updated: 1158
	1158  -  MemoryUsage of job (MB)
	1186004  -  ResidentSetSize of job (KB)
...
006 (10038108.012.000) 2022-08-15 10:37:59 Image size of job updated: 1191
	1191  -  MemoryUsage of job (MB)
	1220568  -  ResidentSetSize of job (KB)
...
006 (10038108.012.000) 2022-08-15 10:41:56 Image size of job updated: 1208
	1208  -  MemoryUsage of job (MB)
	1237412  -  ResidentSetSize of job (KB)
...
004 (10038108.012.000) 2022-08-15 10:43:06 Job was evicted.
	(0) CPU times
		Usr 0 00:13:25, Sys 0 00:00:14  -  Run Remote Usage
		Usr 0 00:00:00, Sys 0 00:00:00  -  Run Local Usage
	0  -  Run Bytes Sent By Job
	7643968512  -  Run Bytes Received By Job
	Partitionable Resources :    Usage  Request Allocated 
	   Cpus                 :        0        1         1 
	   Disk (KB)            : 19754065 20971520  21747553 
	   IoHeavy              :                           0 
	   Memory (MB)          :     1208    10240     10240 
...
009 (10038108.012.000) 2022-08-15 10:43:08 Job was aborted.
	via condor_rm (by user zpan52)
...
