000 (10038104.019.000) 2022-08-15 10:16:22 Job submitted from host: <128.104.101.92:9618?addrs=128.104.101.92-9618+[2607-f388-107c-501-a236-9fff-fe3c-caa8]-9618&alias=submit2.chtc.wisc.edu&noUDP&sock=schedd_4918_eadb>
...
040 (10038104.019.000) 2022-08-15 10:17:30 Entered queue to transfer input files
	Transferring to host: <128.105.69.91:9618?addrs=128.105.69.91-9618+[2607-f388-2200-100-1270-fdff-fe56-41c4]-9618&alias=e4002.chtc.wisc.edu&noUDP&sock=slot1_2_3091224_b401_6192>
...
040 (10038104.019.000) 2022-08-15 10:20:06 Started transferring input files
	Seconds spent in queue: 156
...
040 (10038104.019.000) 2022-08-15 10:22:25 Finished transferring input files
...
001 (10038104.019.000) 2022-08-15 10:22:57 Job executing on host: <128.105.69.91:9618?addrs=128.105.69.91-9618+[2607-f388-2200-100-1270-fdff-fe56-41c4]-9618&alias=e4002.chtc.wisc.edu&noUDP&sock=startd_3091164_f871>
...
006 (10038104.019.000) 2022-08-15 10:23:07 Image size of job updated: 1
	1  -  MemoryUsage of job (MB)
	1180  -  ResidentSetSize of job (KB)
...
006 (10038104.019.000) 2022-08-15 10:24:26 Image size of job updated: 796
	796  -  MemoryUsage of job (MB)
	815740  -  ResidentSetSize of job (KB)
...
040 (10038104.019.000) 2022-08-15 10:24:29 Started transferring output files
	Seconds spent in queue: 419
...
040 (10038104.019.000) 2022-08-15 10:24:30 Finished transferring output files
...
005 (10038104.019.000) 2022-08-15 10:24:36 Job terminated.
	(1) Normal termination (return value 0)
		Usr 0 00:01:24, Sys 0 00:00:14  -  Run Remote Usage
		Usr 0 00:00:00, Sys 0 00:00:00  -  Run Local Usage
		Usr 0 00:01:24, Sys 0 00:00:14  -  Total Remote Usage
		Usr 0 00:00:00, Sys 0 00:00:00  -  Total Local Usage
	163513  -  Run Bytes Sent By Job
	7643968512  -  Run Bytes Received By Job
	163513  -  Total Bytes Sent By Job
	7643968512  -  Total Bytes Received By Job
	Partitionable Resources :      Usage  Request Allocated 
	   Cpus                 :       0.00        1         1 
	   Disk (KB)            : 8934516    20971520  22494605 
	   IoHeavy              :                             0 
	   Memory (MB)          :     796       10240     10240 

	Job terminated of its own accord at 2022-08-15T15:24:26Z with exit-code 0.
...
