000 (10038108.003.000) 2022-08-15 10:17:00 Job submitted from host: <128.104.101.92:9618?addrs=128.104.101.92-9618+[2607-f388-107c-501-a236-9fff-fe3c-caa8]-9618&alias=submit2.chtc.wisc.edu&noUDP&sock=schedd_4918_eadb>
...
040 (10038108.003.000) 2022-08-15 10:21:19 Entered queue to transfer input files
	Transferring to host: <128.105.69.91:9618?addrs=128.105.69.91-9618+[2607-f388-2200-100-1270-fdff-fe56-41c4]-9618&alias=e4002.chtc.wisc.edu&noUDP&sock=slot1_6_3091224_b401_6209>
...
040 (10038108.003.000) 2022-08-15 10:22:40 Started transferring input files
	Seconds spent in queue: 81
...
040 (10038108.003.000) 2022-08-15 10:25:12 Finished transferring input files
...
001 (10038108.003.000) 2022-08-15 10:25:21 Job executing on host: <128.105.69.91:9618?addrs=128.105.69.91-9618+[2607-f388-2200-100-1270-fdff-fe56-41c4]-9618&alias=e4002.chtc.wisc.edu&noUDP&sock=startd_3091164_f871>
...
006 (10038108.003.000) 2022-08-15 10:25:30 Image size of job updated: 1
	1  -  MemoryUsage of job (MB)
	1172  -  ResidentSetSize of job (KB)
...
006 (10038108.003.000) 2022-08-15 10:30:31 Image size of job updated: 790
	790  -  MemoryUsage of job (MB)
	809440  -  ResidentSetSize of job (KB)
...
006 (10038108.003.000) 2022-08-15 10:35:31 Image size of job updated: 829
	829  -  MemoryUsage of job (MB)
	849400  -  ResidentSetSize of job (KB)
...
006 (10038108.003.000) 2022-08-15 10:40:32 Image size of job updated: 879
	879  -  MemoryUsage of job (MB)
	900492  -  ResidentSetSize of job (KB)
...
006 (10038108.003.000) 2022-08-15 10:41:54 Image size of job updated: 886
	886  -  MemoryUsage of job (MB)
	907276  -  ResidentSetSize of job (KB)
...
004 (10038108.003.000) 2022-08-15 10:42:32 Job was evicted.
	(0) CPU times
		Usr 0 00:15:53, Sys 0 00:00:15  -  Run Remote Usage
		Usr 0 00:00:00, Sys 0 00:00:00  -  Run Local Usage
	0  -  Run Bytes Sent By Job
	7643968512  -  Run Bytes Received By Job
	Partitionable Resources :       Usage  Request Allocated 
	   Cpus                 :        0.00        1         1 
	   Disk (KB)            : 19754064    20971520  22494605 
	   IoHeavy              :                              0 
	   Memory (MB)          :      886       10240     10240 
...
009 (10038108.003.000) 2022-08-15 10:43:00 Job was aborted.
	via condor_rm (by user zpan52)
...
