000 (10038139.002.000) 2022-08-15 10:50:36 Job submitted from host: <128.104.101.92:9618?addrs=128.104.101.92-9618+[2607-f388-107c-501-a236-9fff-fe3c-caa8]-9618&alias=submit2.chtc.wisc.edu&noUDP&sock=schedd_4918_eadb>
...
040 (10038139.002.000) 2022-08-15 10:51:22 Started transferring input files
	Transferring to host: <128.105.69.90:9618?addrs=128.105.69.90-9618+[2607-f388-2200-100-1270-fdff-fe56-707c]-9618&alias=e4001.chtc.wisc.edu&noUDP&sock=slot1_2_1019260_a061_12637>
...
040 (10038139.002.000) 2022-08-15 10:53:05 Finished transferring input files
...
001 (10038139.002.000) 2022-08-15 10:54:28 Job executing on host: <128.105.69.90:9618?addrs=128.105.69.90-9618+[2607-f388-2200-100-1270-fdff-fe56-707c]-9618&alias=e4001.chtc.wisc.edu&noUDP&sock=startd_1019188_c628>
...
006 (10038139.002.000) 2022-08-15 10:54:36 Image size of job updated: 1
	1  -  MemoryUsage of job (MB)
	1180  -  ResidentSetSize of job (KB)
...
006 (10038139.002.000) 2022-08-15 10:59:36 Image size of job updated: 617
	617  -  MemoryUsage of job (MB)
	631948  -  ResidentSetSize of job (KB)
...
006 (10038139.002.000) 2022-08-15 11:04:37 Image size of job updated: 651
	651  -  MemoryUsage of job (MB)
	667384  -  ResidentSetSize of job (KB)
...
006 (10038139.002.000) 2022-08-15 11:09:12 Image size of job updated: 657
	657  -  MemoryUsage of job (MB)
	673548  -  ResidentSetSize of job (KB)
...
004 (10038139.002.000) 2022-08-15 11:09:12 Job was evicted.
	(0) CPU times
		Usr 0 00:14:34, Sys 0 00:00:16  -  Run Remote Usage
		Usr 0 00:00:00, Sys 0 00:00:00  -  Run Local Usage
	0  -  Run Bytes Sent By Job
	7643974144  -  Run Bytes Received By Job
	Partitionable Resources :       Usage  Request Allocated 
	   Cpus                 :        0.00        1         1 
	   Disk (KB)            : 19754070    20971520  22494605 
	   IoHeavy              :                              0 
	   Memory (MB)          :      657       10240     10240 
...
009 (10038139.002.000) 2022-08-15 11:09:12 Job was aborted.
	via condor_rm (by user zpan52)
...
