000 (10038107.001.000) 2022-08-15 10:16:53 Job submitted from host: <128.104.101.92:9618?addrs=128.104.101.92-9618+[2607-f388-107c-501-a236-9fff-fe3c-caa8]-9618&alias=submit2.chtc.wisc.edu&noUDP&sock=schedd_4918_eadb>
...
040 (10038107.001.000) 2022-08-15 10:21:13 Entered queue to transfer input files
	Transferring to host: <128.105.69.104:9618?addrs=128.105.69.104-9618+[2607-f388-2200-100-1270-fdff-fe56-bccc]-9618&alias=e4015.chtc.wisc.edu&noUDP&sock=slot1_6_1360259_452c_20376>
...
040 (10038107.001.000) 2022-08-15 10:23:46 Started transferring input files
	Seconds spent in queue: 153
...
040 (10038107.001.000) 2022-08-15 10:24:17 Finished transferring input files
...
001 (10038107.001.000) 2022-08-15 10:24:28 Job executing on host: <128.105.69.104:9618?addrs=128.105.69.104-9618+[2607-f388-2200-100-1270-fdff-fe56-bccc]-9618&alias=e4015.chtc.wisc.edu&noUDP&sock=startd_193827_c754>
...
006 (10038107.001.000) 2022-08-15 10:24:38 Image size of job updated: 1
	1  -  MemoryUsage of job (MB)
	1180  -  ResidentSetSize of job (KB)
...
006 (10038107.001.000) 2022-08-15 10:29:39 Image size of job updated: 1308
	1308  -  MemoryUsage of job (MB)
	1340168  -  ResidentSetSize of job (KB)
...
006 (10038107.001.000) 2022-08-15 10:34:40 Image size of job updated: 1319
	1319  -  MemoryUsage of job (MB)
	1350976  -  ResidentSetSize of job (KB)
...
006 (10038107.001.000) 2022-08-15 10:39:50 Image size of job updated: 1331
	1331  -  MemoryUsage of job (MB)
	1363088  -  ResidentSetSize of job (KB)
...
006 (10038107.001.000) 2022-08-15 10:41:27 Image size of job updated: 1334
	1334  -  MemoryUsage of job (MB)
	1366756  -  ResidentSetSize of job (KB)
...
004 (10038107.001.000) 2022-08-15 10:42:26 Job was evicted.
	(0) CPU times
		Usr 0 00:16:45, Sys 0 00:00:17  -  Run Remote Usage
		Usr 0 00:00:00, Sys 0 00:00:00  -  Run Local Usage
	0  -  Run Bytes Sent By Job
	7643968512  -  Run Bytes Received By Job
	Partitionable Resources :       Usage  Request Allocated 
	   Cpus                 :        0.00        1         1 
	   Disk (KB)            : 19754064    20971520  22494605 
	   IoHeavy              :                              0 
	   Memory (MB)          :     1334       10240     10240 
...
009 (10038107.001.000) 2022-08-15 10:42:41 Job was aborted.
	via condor_rm (by user zpan52)
...
