000 (10038100.002.000) 2022-08-15 09:54:00 Job submitted from host: <128.104.101.92:9618?addrs=128.104.101.92-9618+[2607-f388-107c-501-a236-9fff-fe3c-caa8]-9618&alias=submit2.chtc.wisc.edu&noUDP&sock=schedd_4918_eadb>
...
040 (10038100.002.000) 2022-08-15 09:54:34 Started transferring input files
	Transferring to host: <128.105.69.105:9618?addrs=128.105.69.105-9618+[2607-f388-2200-100-1270-fdff-fe56-460c]-9618&alias=e2488.chtc.wisc.edu&noUDP&sock=slot2_8_46685_8e44_12182>
...
040 (10038100.002.000) 2022-08-15 09:56:00 Finished transferring input files
...
001 (10038100.002.000) 2022-08-15 09:56:01 Job executing on host: <128.105.69.105:9618?addrs=128.105.69.105-9618+[2607-f388-2200-100-1270-fdff-fe56-460c]-9618&alias=e2488.chtc.wisc.edu&noUDP&sock=startd_12657_3a4b>
...
006 (10038100.002.000) 2022-08-15 09:56:10 Image size of job updated: 1
	1  -  MemoryUsage of job (MB)
	1180  -  ResidentSetSize of job (KB)
...
006 (10038100.002.000) 2022-08-15 10:01:11 Image size of job updated: 612
	612  -  MemoryUsage of job (MB)
	627452  -  ResidentSetSize of job (KB)
...
006 (10038100.002.000) 2022-08-15 10:06:11 Image size of job updated: 621
	621  -  MemoryUsage of job (MB)
	636648  -  ResidentSetSize of job (KB)
...
006 (10038100.002.000) 2022-08-15 10:11:11 Image size of job updated: 647
	647  -  MemoryUsage of job (MB)
	663488  -  ResidentSetSize of job (KB)
...
006 (10038100.002.000) 2022-08-15 10:16:12 Image size of job updated: 651
	651  -  MemoryUsage of job (MB)
	667060  -  ResidentSetSize of job (KB)
...
006 (10038100.002.000) 2022-08-15 10:21:12 Image size of job updated: 654
	654  -  MemoryUsage of job (MB)
	670624  -  ResidentSetSize of job (KB)
...
006 (10038100.002.000) 2022-08-15 10:26:20 Image size of job updated: 658
	658  -  MemoryUsage of job (MB)
	674084  -  ResidentSetSize of job (KB)
...
006 (10038100.002.000) 2022-08-15 10:31:13 Image size of job updated: 661
	661  -  MemoryUsage of job (MB)
	677620  -  ResidentSetSize of job (KB)
...
006 (10038100.002.000) 2022-08-15 10:36:14 Image size of job updated: 665
	665  -  MemoryUsage of job (MB)
	681152  -  ResidentSetSize of job (KB)
...
006 (10038100.002.000) 2022-08-15 10:41:14 Image size of job updated: 668
	668  -  MemoryUsage of job (MB)
	684388  -  ResidentSetSize of job (KB)
...
006 (10038100.002.000) 2022-08-15 10:46:15 Image size of job updated: 671
	671  -  MemoryUsage of job (MB)
	687552  -  ResidentSetSize of job (KB)
...
006 (10038100.002.000) 2022-08-15 10:51:16 Image size of job updated: 674
	674  -  MemoryUsage of job (MB)
	690784  -  ResidentSetSize of job (KB)
...
006 (10038100.002.000) 2022-08-15 10:56:16 Image size of job updated: 677
	677  -  MemoryUsage of job (MB)
	694016  -  ResidentSetSize of job (KB)
...
006 (10038100.002.000) 2022-08-15 11:01:18 Image size of job updated: 680
	680  -  MemoryUsage of job (MB)
	697284  -  ResidentSetSize of job (KB)
...
006 (10038100.002.000) 2022-08-15 11:06:18 Image size of job updated: 684
	684  -  MemoryUsage of job (MB)
	700476  -  ResidentSetSize of job (KB)
...
006 (10038100.002.000) 2022-08-15 11:11:19 Image size of job updated: 687
	687  -  MemoryUsage of job (MB)
	703592  -  ResidentSetSize of job (KB)
...
006 (10038100.002.000) 2022-08-15 11:16:19 Image size of job updated: 690
	690  -  MemoryUsage of job (MB)
	706908  -  ResidentSetSize of job (KB)
...
006 (10038100.002.000) 2022-08-15 11:21:19 Image size of job updated: 693
	693  -  MemoryUsage of job (MB)
	710148  -  ResidentSetSize of job (KB)
...
