000 (10038093.009.000) 2022-08-15 09:09:41 Job submitted from host: <128.104.101.92:9618?addrs=128.104.101.92-9618+[2607-f388-107c-501-a236-9fff-fe3c-caa8]-9618&alias=submit2.chtc.wisc.edu&noUDP&sock=schedd_4918_eadb>
...
040 (10038093.009.000) 2022-08-15 09:11:40 Started transferring input files
	Transferring to host: <128.105.69.166:9618?addrs=128.105.69.166-9618+[2607-f388-2200-100-1270-fdff-fe56-717c]-9618&alias=e2549.chtc.wisc.edu&noUDP&sock=slot2_1_153167_c1ee_3042>
...
040 (10038093.009.000) 2022-08-15 09:12:19 Finished transferring input files
...
001 (10038093.009.000) 2022-08-15 09:12:28 Job executing on host: <128.105.69.166:9618?addrs=128.105.69.166-9618+[2607-f388-2200-100-1270-fdff-fe56-717c]-9618&alias=e2549.chtc.wisc.edu&noUDP&sock=startd_12525_afcb>
...
006 (10038093.009.000) 2022-08-15 09:14:00 Image size of job updated: 1
	1  -  MemoryUsage of job (MB)
	1180  -  ResidentSetSize of job (KB)
...
040 (10038093.009.000) 2022-08-15 09:14:03 Started transferring output files
...
040 (10038093.009.000) 2022-08-15 09:14:08 Finished transferring output files
...
005 (10038093.009.000) 2022-08-15 09:14:34 Job terminated.
	(1) Normal termination (return value 0)
		Usr 0 00:01:13, Sys 0 00:00:11  -  Run Remote Usage
		Usr 0 00:00:00, Sys 0 00:00:00  -  Run Local Usage
		Usr 0 00:01:13, Sys 0 00:00:11  -  Total Remote Usage
		Usr 0 00:00:00, Sys 0 00:00:00  -  Total Local Usage
	3661  -  Run Bytes Sent By Job
	5029328896  -  Run Bytes Received By Job
	3661  -  Total Bytes Sent By Job
	5029328896  -  Total Bytes Received By Job
	Partitionable Resources :      Usage  Request Allocated 
	   Cpus                 :       0.22        1         1 
	   Disk (KB)            : 4911577    10485760  12081974 
	   IoHeavy              :                             0 
	   Memory (MB)          :       1       10240     10240 

	Job terminated of its own accord at 2022-08-15T14:14:00Z with exit-code 0.
...
