000 (10038106.015.000) 2022-08-15 10:16:42 Job submitted from host: <128.104.101.92:9618?addrs=128.104.101.92-9618+[2607-f388-107c-501-a236-9fff-fe3c-caa8]-9618&alias=submit2.chtc.wisc.edu&noUDP&sock=schedd_4918_eadb>
...
040 (10038106.015.000) 2022-08-15 10:17:38 Entered queue to transfer input files
	Transferring to host: <128.105.69.93:9618?addrs=128.105.69.93-9618+[2607-f388-2200-100-1270-fdff-fe56-ba3c]-9618&alias=e4004.chtc.wisc.edu&noUDP&sock=slot1_4_1393925_0345_12028>
...
040 (10038106.015.000) 2022-08-15 10:22:43 Started transferring input files
	Seconds spent in queue: 305
...
040 (10038106.015.000) 2022-08-15 10:23:47 Finished transferring input files
...
001 (10038106.015.000) 2022-08-15 10:23:55 Job executing on host: <128.105.69.93:9618?addrs=128.105.69.93-9618+[2607-f388-2200-100-1270-fdff-fe56-ba3c]-9618&alias=e4004.chtc.wisc.edu&noUDP&sock=startd_193956_430c>
...
006 (10038106.015.000) 2022-08-15 10:24:04 Image size of job updated: 1
	1  -  MemoryUsage of job (MB)
	1184  -  ResidentSetSize of job (KB)
...
006 (10038106.015.000) 2022-08-15 10:29:05 Image size of job updated: 516
	516  -  MemoryUsage of job (MB)
	528664  -  ResidentSetSize of job (KB)
...
006 (10038106.015.000) 2022-08-15 10:34:05 Image size of job updated: 528
	528  -  MemoryUsage of job (MB)
	541172  -  ResidentSetSize of job (KB)
...
006 (10038106.015.000) 2022-08-15 10:39:09 Image size of job updated: 534
	534  -  MemoryUsage of job (MB)
	547448  -  ResidentSetSize of job (KB)
...
006 (10038106.015.000) 2022-08-15 10:43:08 Image size of job updated: 535
	535  -  MemoryUsage of job (MB)
	548472  -  ResidentSetSize of job (KB)
...
004 (10038106.015.000) 2022-08-15 10:43:16 Job was evicted.
	(0) CPU times
		Usr 0 00:18:52, Sys 0 00:00:17  -  Run Remote Usage
		Usr 0 00:00:00, Sys 0 00:00:00  -  Run Local Usage
	0  -  Run Bytes Sent By Job
	7643968512  -  Run Bytes Received By Job
	Partitionable Resources :    Usage  Request Allocated 
	   Cpus                 :        0        1         1 
	   Disk (KB)            : 19754065 20971520  22494605 
	   IoHeavy              :                           0 
	   Memory (MB)          :      535    10240     10240 
...
009 (10038106.015.000) 2022-08-15 10:43:24 Job was aborted.
	via condor_rm (by user zpan52)
...
