000 (10038107.004.000) 2022-08-15 10:16:53 Job submitted from host: <128.104.101.92:9618?addrs=128.104.101.92-9618+[2607-f388-107c-501-a236-9fff-fe3c-caa8]-9618&alias=submit2.chtc.wisc.edu&noUDP&sock=schedd_4918_eadb>
...
040 (10038107.004.000) 2022-08-15 10:21:19 Entered queue to transfer input files
	Transferring to host: <128.105.69.102:9618?addrs=128.105.69.102-9618+[2607-f388-2200-100-1270-fdff-fe56-cbc4]-9618&alias=e4013.chtc.wisc.edu&noUDP&sock=slot1_5_3255774_1064_7557>
...
040 (10038107.004.000) 2022-08-15 10:22:29 Started transferring input files
	Seconds spent in queue: 70
...
040 (10038107.004.000) 2022-08-15 10:24:42 Finished transferring input files
...
001 (10038107.004.000) 2022-08-15 10:24:44 Job executing on host: <128.105.69.102:9618?addrs=128.105.69.102-9618+[2607-f388-2200-100-1270-fdff-fe56-cbc4]-9618&alias=e4013.chtc.wisc.edu&noUDP&sock=startd_192977_bfd4>
...
006 (10038107.004.000) 2022-08-15 10:24:52 Image size of job updated: 1
	1  -  MemoryUsage of job (MB)
	1180  -  ResidentSetSize of job (KB)
...
006 (10038107.004.000) 2022-08-15 10:29:53 Image size of job updated: 602
	602  -  MemoryUsage of job (MB)
	617004  -  ResidentSetSize of job (KB)
...
006 (10038107.004.000) 2022-08-15 10:34:53 Image size of job updated: 610
	610  -  MemoryUsage of job (MB)
	625612  -  ResidentSetSize of job (KB)
...
006 (10038107.004.000) 2022-08-15 10:39:58 Image size of job updated: 614
	614  -  MemoryUsage of job (MB)
	629016  -  ResidentSetSize of job (KB)
...
006 (10038107.004.000) 2022-08-15 10:41:28 Image size of job updated: 615
	615  -  MemoryUsage of job (MB)
	629996  -  ResidentSetSize of job (KB)
...
004 (10038107.004.000) 2022-08-15 10:42:26 Job was evicted.
	(0) CPU times
		Usr 0 00:14:59, Sys 0 00:00:16  -  Run Remote Usage
		Usr 0 00:00:00, Sys 0 00:00:00  -  Run Local Usage
	0  -  Run Bytes Sent By Job
	7643968512  -  Run Bytes Received By Job
	Partitionable Resources :       Usage  Request Allocated 
	   Cpus                 :        0.01        1         1 
	   Disk (KB)            : 19754064    20971520  22494605 
	   IoHeavy              :                              0 
	   Memory (MB)          :      615       10240     10240 
...
009 (10038107.004.000) 2022-08-15 10:42:42 Job was aborted.
	via condor_rm (by user zpan52)
...
