000 (10038103.018.000) 2022-08-15 10:16:11 Job submitted from host: <128.104.101.92:9618?addrs=128.104.101.92-9618+[2607-f388-107c-501-a236-9fff-fe3c-caa8]-9618&alias=submit2.chtc.wisc.edu&noUDP&sock=schedd_4918_eadb>
...
040 (10038103.018.000) 2022-08-15 10:17:21 Started transferring input files
	Transferring to host: <128.105.69.98:9618?addrs=128.105.69.98-9618+[2607-f388-2200-100-1270-fdff-fe56-45f4]-9618&alias=e4009.chtc.wisc.edu&noUDP&sock=slot1_2_2598332_b335_19927>
...
040 (10038103.018.000) 2022-08-15 10:18:43 Finished transferring input files
...
001 (10038103.018.000) 2022-08-15 10:21:24 Job executing on host: <128.105.69.98:9618?addrs=128.105.69.98-9618+[2607-f388-2200-100-1270-fdff-fe56-45f4]-9618&alias=e4009.chtc.wisc.edu&noUDP&sock=startd_2598266_f0a2>
...
006 (10038103.018.000) 2022-08-15 10:21:33 Image size of job updated: 1
	1  -  MemoryUsage of job (MB)
	1172  -  ResidentSetSize of job (KB)
...
006 (10038103.018.000) 2022-08-15 10:26:33 Image size of job updated: 672
	672  -  MemoryUsage of job (MB)
	688628  -  ResidentSetSize of job (KB)
...
006 (10038103.018.000) 2022-08-15 10:31:33 Image size of job updated: 725
	725  -  MemoryUsage of job (MB)
	743304  -  ResidentSetSize of job (KB)
...
006 (10038103.018.000) 2022-08-15 10:36:34 Image size of job updated: 734
	734  -  MemoryUsage of job (MB)
	752304  -  ResidentSetSize of job (KB)
...
006 (10038103.018.000) 2022-08-15 10:41:33 Image size of job updated: 762
	762  -  MemoryUsage of job (MB)
	781140  -  ResidentSetSize of job (KB)
...
006 (10038103.018.000) 2022-08-15 10:46:33 Image size of job updated: 769
	769  -  MemoryUsage of job (MB)
	788368  -  ResidentSetSize of job (KB)
...
006 (10038103.018.000) 2022-08-15 10:51:37 Image size of job updated: 878
	878  -  MemoryUsage of job (MB)
	899912  -  ResidentSetSize of job (KB)
...
006 (10038103.018.000) 2022-08-15 10:56:34 Image size of job updated: 919
	919  -  MemoryUsage of job (MB)
	941660  -  ResidentSetSize of job (KB)
...
006 (10038103.018.000) 2022-08-15 11:01:35 Image size of job updated: 935
	935  -  MemoryUsage of job (MB)
	957440  -  ResidentSetSize of job (KB)
...
006 (10038103.018.000) 2022-08-15 11:06:35 Image size of job updated: 942
	942  -  MemoryUsage of job (MB)
	965516  -  ResidentSetSize of job (KB)
...
