000 (10038106.020.000) 2022-08-15 10:16:42 Job submitted from host: <128.104.101.92:9618?addrs=128.104.101.92-9618+[2607-f388-107c-501-a236-9fff-fe3c-caa8]-9618&alias=submit2.chtc.wisc.edu&noUDP&sock=schedd_4918_eadb>
...
040 (10038106.020.000) 2022-08-15 10:21:18 Entered queue to transfer input files
	Transferring to host: <128.105.69.99:9618?addrs=128.105.69.99-9618+[2607-f388-2200-100-1270-fdff-fe56-7674]-9618&alias=e4010.chtc.wisc.edu&noUDP&sock=slot1_6_271580_6d9d_2768>
...
040 (10038106.020.000) 2022-08-15 10:25:31 Started transferring input files
	Seconds spent in queue: 253
...
040 (10038106.020.000) 2022-08-15 10:28:36 Finished transferring input files
...
001 (10038106.020.000) 2022-08-15 10:28:38 Job executing on host: <128.105.69.99:9618?addrs=128.105.69.99-9618+[2607-f388-2200-100-1270-fdff-fe56-7674]-9618&alias=e4010.chtc.wisc.edu&noUDP&sock=startd_12660_4914>
...
006 (10038106.020.000) 2022-08-15 10:28:46 Image size of job updated: 1
	1  -  MemoryUsage of job (MB)
	1180  -  ResidentSetSize of job (KB)
...
006 (10038106.020.000) 2022-08-15 10:33:47 Image size of job updated: 553
	553  -  MemoryUsage of job (MB)
	566552  -  ResidentSetSize of job (KB)
...
006 (10038106.020.000) 2022-08-15 10:38:47 Image size of job updated: 556
	556  -  MemoryUsage of job (MB)
	569792  -  ResidentSetSize of job (KB)
...
006 (10038106.020.000) 2022-08-15 10:43:12 Image size of job updated: 562
	562  -  MemoryUsage of job (MB)
	576244  -  ResidentSetSize of job (KB)
...
004 (10038106.020.000) 2022-08-15 10:43:25 Job was evicted.
	(0) CPU times
		Usr 0 00:14:13, Sys 0 00:00:16  -  Run Remote Usage
		Usr 0 00:00:00, Sys 0 00:00:00  -  Run Local Usage
	0  -  Run Bytes Sent By Job
	7643968512  -  Run Bytes Received By Job
	Partitionable Resources :    Usage  Request Allocated 
	   Cpus                 :        0        1         1 
	   Disk (KB)            : 19754065 20971520  22494605 
	   IoHeavy              :                           0 
	   Memory (MB)          :      562    10240     10240 
...
009 (10038106.020.000) 2022-08-15 10:43:32 Job was aborted.
	via condor_rm (by user zpan52)
...
