000 (10038103.012.000) 2022-08-15 10:16:11 Job submitted from host: <128.104.101.92:9618?addrs=128.104.101.92-9618+[2607-f388-107c-501-a236-9fff-fe3c-caa8]-9618&alias=submit2.chtc.wisc.edu&noUDP&sock=schedd_4918_eadb>
...
040 (10038103.012.000) 2022-08-15 10:17:21 Started transferring input files
	Transferring to host: <128.105.69.166:9618?addrs=128.105.69.166-9618+[2607-f388-2200-100-1270-fdff-fe56-717c]-9618&alias=e2549.chtc.wisc.edu&noUDP&sock=slot2_2_153167_c1ee_3137>
...
040 (10038103.012.000) 2022-08-15 10:18:43 Finished transferring input files
...
001 (10038103.012.000) 2022-08-15 10:21:16 Job executing on host: <128.105.69.166:9618?addrs=128.105.69.166-9618+[2607-f388-2200-100-1270-fdff-fe56-717c]-9618&alias=e2549.chtc.wisc.edu&noUDP&sock=startd_12525_afcb>
...
006 (10038103.012.000) 2022-08-15 10:21:24 Image size of job updated: 1
	1  -  MemoryUsage of job (MB)
	1180  -  ResidentSetSize of job (KB)
...
006 (10038103.012.000) 2022-08-15 10:26:25 Image size of job updated: 1146
	1146  -  MemoryUsage of job (MB)
	1174440  -  ResidentSetSize of job (KB)
...
006 (10038103.012.000) 2022-08-15 10:31:26 Image size of job updated: 1180
	1180  -  MemoryUsage of job (MB)
	1209260  -  ResidentSetSize of job (KB)
...
006 (10038103.012.000) 2022-08-15 10:36:27 Image size of job updated: 1202
	1202  -  MemoryUsage of job (MB)
	1230888  -  ResidentSetSize of job (KB)
...
006 (10038103.012.000) 2022-08-15 10:41:28 Image size of job updated: 1237
	1237  -  MemoryUsage of job (MB)
	1267044  -  ResidentSetSize of job (KB)
...
006 (10038103.012.000) 2022-08-15 10:46:28 Image size of job updated: 1301
	1301  -  MemoryUsage of job (MB)
	1332348  -  ResidentSetSize of job (KB)
...
006 (10038103.012.000) 2022-08-15 10:51:28 Image size of job updated: 1424
	1424  -  MemoryUsage of job (MB)
	1458584  -  ResidentSetSize of job (KB)
...
006 (10038103.012.000) 2022-08-15 10:56:30 Image size of job updated: 1463
	1463  -  MemoryUsage of job (MB)
	1498468  -  ResidentSetSize of job (KB)
...
006 (10038103.012.000) 2022-08-15 11:01:30 Image size of job updated: 1477
	1477  -  MemoryUsage of job (MB)
	1512504  -  ResidentSetSize of job (KB)
...
006 (10038103.012.000) 2022-08-15 11:06:31 Image size of job updated: 1504
	1504  -  MemoryUsage of job (MB)
	1540672  -  ResidentSetSize of job (KB)
...
