000 (10038091.006.000) 2022-08-15 09:04:31 Job submitted from host: <128.104.101.92:9618?addrs=128.104.101.92-9618+[2607-f388-107c-501-a236-9fff-fe3c-caa8]-9618&alias=submit2.chtc.wisc.edu&noUDP&sock=schedd_4918_eadb>
...
040 (10038091.006.000) 2022-08-15 09:05:37 Entered queue to transfer input files
	Transferring to host: <128.105.69.97:9618?addrs=128.105.69.97-9618+[2607-f388-2200-100-1270-fdff-fe56-6e54]-9618&alias=e4008.chtc.wisc.edu&noUDP&sock=slot1_7_3691201_c6af_4600>
...
040 (10038091.006.000) 2022-08-15 09:07:07 Started transferring input files
	Seconds spent in queue: 90
...
040 (10038091.006.000) 2022-08-15 09:07:13 Finished transferring input files
...
004 (10038091.006.000) 2022-08-15 09:07:15 Job was evicted.
	(0) CPU times
		Usr 0 00:00:00, Sys 0 00:00:00  -  Run Remote Usage
		Usr 0 00:00:00, Sys 0 00:00:00  -  Run Local Usage
	0  -  Run Bytes Sent By Job
	432156032  -  Run Bytes Received By Job
	Partitionable Resources :    Usage  Request Allocated 
	   Cpus                 :        0        1         1 
	   Disk (KB)            :   409603  4194304   5998562 
	   IoHeavy              :                           0 
	   Memory (MB)          :              4096      4096 
...
009 (10038091.006.000) 2022-08-15 09:07:16 Job was aborted.
	via condor_rm (by user zpan52)
...
