000 (10036015.000.000) 2022-08-13 23:37:22 Job submitted from host: <128.104.101.92:9618?addrs=128.104.101.92-9618+[2607-f388-107c-501-a236-9fff-fe3c-caa8]-9618&alias=submit2.chtc.wisc.edu&noUDP&sock=schedd_4918_eadb>
...
040 (10036015.000.000) 2022-08-13 23:38:03 Started transferring input files
	Transferring to host: <128.105.69.105:9618?addrs=128.105.69.105-9618+[2607-f388-2200-100-1270-fdff-fe56-460c]-9618&alias=e2488.chtc.wisc.edu&noUDP&sock=slot2_6_46685_8e44_8984>
...
040 (10036015.000.000) 2022-08-13 23:38:16 Finished transferring input files
...
001 (10036015.000.000) 2022-08-13 23:38:17 Job executing on host: <128.105.69.105:9618?addrs=128.105.69.105-9618+[2607-f388-2200-100-1270-fdff-fe56-460c]-9618&alias=e2488.chtc.wisc.edu&noUDP&sock=startd_12657_3a4b>
...
040 (10036015.000.000) 2022-08-13 23:38:18 Started transferring output files
...
040 (10036015.000.000) 2022-08-13 23:38:18 Finished transferring output files
...
005 (10036015.000.000) 2022-08-13 23:38:19 Job terminated.
	(1) Normal termination (return value 0)
		Usr 0 00:00:00, Sys 0 00:00:00  -  Run Remote Usage
		Usr 0 00:00:00, Sys 0 00:00:00  -  Run Local Usage
		Usr 0 00:00:00, Sys 0 00:00:00  -  Total Remote Usage
		Usr 0 00:00:00, Sys 0 00:00:00  -  Total Local Usage
	46  -  Run Bytes Sent By Job
	4686333440  -  Run Bytes Received By Job
	46  -  Total Bytes Sent By Job
	4686333440  -  Total Bytes Received By Job
	Partitionable Resources :      Usage  Request Allocated 
	   Cpus                 :       0.29        1         1 
	   Disk (KB)            : 4576512    83886080  84621879 
	   IoHeavy              :                             0 
	   Memory (MB)          :               81920     81920 

	Job terminated of its own accord at 2022-08-14T04:38:18Z with exit-code 0.
...
