000 (10036018.000.000) 2022-08-14 00:03:30 Job submitted from host: <128.104.101.92:9618?addrs=128.104.101.92-9618+[2607-f388-107c-501-a236-9fff-fe3c-caa8]-9618&alias=submit2.chtc.wisc.edu&noUDP&sock=schedd_4918_eadb>
...
040 (10036018.000.000) 2022-08-14 00:04:12 Entered queue to transfer input files
	Transferring to host: <128.105.69.105:9618?addrs=128.105.69.105-9618+[2607-f388-2200-100-1270-fdff-fe56-460c]-9618&alias=e2488.chtc.wisc.edu&noUDP&sock=slot2_6_46685_8e44_9028>
...
040 (10036018.000.000) 2022-08-14 00:06:23 Started transferring input files
	Seconds spent in queue: 131
...
040 (10036018.000.000) 2022-08-14 00:06:36 Finished transferring input files
...
001 (10036018.000.000) 2022-08-14 00:06:37 Job executing on host: <128.105.69.105:9618?addrs=128.105.69.105-9618+[2607-f388-2200-100-1270-fdff-fe56-460c]-9618&alias=e2488.chtc.wisc.edu&noUDP&sock=startd_12657_3a4b>
...
040 (10036018.000.000) 2022-08-14 00:06:40 Started transferring output files
	Seconds spent in queue: 148
...
040 (10036018.000.000) 2022-08-14 00:06:40 Finished transferring output files
...
005 (10036018.000.000) 2022-08-14 00:06:40 Job terminated.
	(1) Normal termination (return value 126)
		Usr 0 00:00:00, Sys 0 00:00:00  -  Run Remote Usage
		Usr 0 00:00:00, Sys 0 00:00:00  -  Run Local Usage
		Usr 0 00:00:00, Sys 0 00:00:00  -  Total Remote Usage
		Usr 0 00:00:00, Sys 0 00:00:00  -  Total Local Usage
	67  -  Run Bytes Sent By Job
	4686333440  -  Run Bytes Received By Job
	67  -  Total Bytes Sent By Job
	4686333440  -  Total Bytes Received By Job
	Partitionable Resources :      Usage  Request Allocated 
	   Cpus                 :       0.00        1         1 
	   Disk (KB)            : 4576512    83886080  84621879 
	   IoHeavy              :                             0 
	   Memory (MB)          :               81920     81920 

	Job terminated of its own accord at 2022-08-14T05:06:39Z with exit-code 126.
...
