013 (10035986.000.000) 2022-08-13 16:21:11 Job was released.
	via condor_release (by user zpan52)
...
040 (10035986.000.000) 2022-08-13 16:22:24 Started transferring input files
	Transferring to host: <128.105.69.167:9618?addrs=128.105.69.167-9618+[2607-f388-2200-100-1270-fdff-fe56-686c]-9618&alias=e2550.chtc.wisc.edu&noUDP&sock=slot2_5_20758_a385_7682>
...
040 (10035986.000.000) 2022-08-13 16:22:42 Finished transferring input files
...
001 (10035986.000.000) 2022-08-13 16:22:44 Job executing on host: <128.105.69.167:9618?addrs=128.105.69.167-9618+[2607-f388-2200-100-1270-fdff-fe56-686c]-9618&alias=e2550.chtc.wisc.edu&noUDP&sock=startd_11577_7002>
...
004 (10035986.000.000) 2022-08-13 23:10:12 Job was evicted.
	(0) CPU times
		Usr 0 00:00:00, Sys 0 00:00:00  -  Run Remote Usage
		Usr 0 00:00:00, Sys 0 00:00:00  -  Run Local Usage
	0  -  Run Bytes Sent By Job
	4686329344  -  Run Bytes Received By Job
	Partitionable Resources :    Usage  Request Allocated 
	   Cpus                 :        0        1         1 
	   Disk (KB)            :  4576510 83886080  84573815 
	   IoHeavy              :                           0 
	   Memory (MB)          :             81920     81920 
...
009 (10035986.000.000) 2022-08-13 23:10:12 Job was aborted.
	via condor_rm (by user zpan52)

	Job terminated by itself at 2022-08-13T20:26:58Z (using method 0: OF_ITS_OWN_ACCORD).
...
