000 (10036017.000.000) 2022-08-13 23:44:51 Job submitted from host: <128.104.101.92:9618?addrs=128.104.101.92-9618+[2607-f388-107c-501-a236-9fff-fe3c-caa8]-9618&alias=submit2.chtc.wisc.edu&noUDP&sock=schedd_4918_eadb>
...
040 (10036017.000.000) 2022-08-13 23:50:58 Entered queue to transfer input files
	Transferring to host: <128.105.69.105:9618?addrs=128.105.69.105-9618+[2607-f388-2200-100-1270-fdff-fe56-460c]-9618&alias=e2488.chtc.wisc.edu&noUDP&sock=slot2_6_46685_8e44_8999>
...
040 (10036017.000.000) 2022-08-13 23:54:14 Started transferring input files
	Seconds spent in queue: 196
...
040 (10036017.000.000) 2022-08-13 23:54:39 Finished transferring input files
...
001 (10036017.000.000) 2022-08-13 23:54:41 Job executing on host: <128.105.69.105:9618?addrs=128.105.69.105-9618+[2607-f388-2200-100-1270-fdff-fe56-460c]-9618&alias=e2488.chtc.wisc.edu&noUDP&sock=startd_12657_3a4b>
...
006 (10036017.000.000) 2022-08-13 23:54:52 Image size of job updated: 1
	1  -  MemoryUsage of job (MB)
	1180  -  ResidentSetSize of job (KB)
...
040 (10036017.000.000) 2022-08-13 23:56:08 Started transferring output files
	Seconds spent in queue: 310
...
040 (10036017.000.000) 2022-08-13 23:56:13 Finished transferring output files
...
005 (10036017.000.000) 2022-08-13 23:56:20 Job terminated.
	(1) Normal termination (return value 0)
		Usr 0 00:01:18, Sys 0 00:00:15  -  Run Remote Usage
		Usr 0 00:00:00, Sys 0 00:00:00  -  Run Local Usage
		Usr 0 00:01:18, Sys 0 00:00:15  -  Total Remote Usage
		Usr 0 00:00:00, Sys 0 00:00:00  -  Total Local Usage
	4168  -  Run Bytes Sent By Job
	4686333440  -  Run Bytes Received By Job
	4168  -  Total Bytes Sent By Job
	4686333440  -  Total Bytes Received By Job
	Partitionable Resources :      Usage  Request Allocated 
	   Cpus                 :       0.32        1         1 
	   Disk (KB)            : 6068282    83886080  84621879 
	   IoHeavy              :                             0 
	   Memory (MB)          :       1       81920     81920 

	Job terminated of its own accord at 2022-08-14T04:56:06Z with exit-code 0.
...
