000 (10036019.000.000) 2022-08-14 00:08:46 Job submitted from host: <128.104.101.92:9618?addrs=128.104.101.92-9618+[2607-f388-107c-501-a236-9fff-fe3c-caa8]-9618&alias=submit2.chtc.wisc.edu&noUDP&sock=schedd_4918_eadb>
...
040 (10036019.000.000) 2022-08-14 00:09:12 Entered queue to transfer input files
	Transferring to host: <128.105.69.105:9618?addrs=128.105.69.105-9618+[2607-f388-2200-100-1270-fdff-fe56-460c]-9618&alias=e2488.chtc.wisc.edu&noUDP&sock=slot2_6_46685_8e44_9029>
...
040 (10036019.000.000) 2022-08-14 00:09:31 Started transferring input files
	Seconds spent in queue: 19
...
040 (10036019.000.000) 2022-08-14 00:09:46 Finished transferring input files
...
001 (10036019.000.000) 2022-08-14 00:09:47 Job executing on host: <128.105.69.105:9618?addrs=128.105.69.105-9618+[2607-f388-2200-100-1270-fdff-fe56-460c]-9618&alias=e2488.chtc.wisc.edu&noUDP&sock=startd_12657_3a4b>
...
006 (10036019.000.000) 2022-08-14 00:09:55 Image size of job updated: 1
	0  -  MemoryUsage of job (MB)
	960  -  ResidentSetSize of job (KB)
...
006 (10036019.000.000) 2022-08-14 00:14:55 Image size of job updated: 114
	114  -  MemoryUsage of job (MB)
	117512  -  ResidentSetSize of job (KB)
...
006 (10036019.000.000) 2022-08-14 00:19:56 Image size of job updated: 47824
	47824  -  MemoryUsage of job (MB)
	48972420  -  ResidentSetSize of job (KB)
...
006 (10036019.000.000) 2022-08-14 00:24:57 Image size of job updated: 48218
	48218  -  MemoryUsage of job (MB)
	49375580  -  ResidentSetSize of job (KB)
...
006 (10036019.000.000) 2022-08-14 00:29:58 Image size of job updated: 48506
	48506  -  MemoryUsage of job (MB)
	49670576  -  ResidentSetSize of job (KB)
...
006 (10036019.000.000) 2022-08-14 00:34:59 Image size of job updated: 48709
	48709  -  MemoryUsage of job (MB)
	49878336  -  ResidentSetSize of job (KB)
...
006 (10036019.000.000) 2022-08-14 00:40:00 Image size of job updated: 48794
	48794  -  MemoryUsage of job (MB)
	49965852  -  ResidentSetSize of job (KB)
...
006 (10036019.000.000) 2022-08-14 00:45:01 Image size of job updated: 48855
	48855  -  MemoryUsage of job (MB)
	50027988  -  ResidentSetSize of job (KB)
...
006 (10036019.000.000) 2022-08-14 00:50:01 Image size of job updated: 48889
	48889  -  MemoryUsage of job (MB)
	50063028  -  ResidentSetSize of job (KB)
...
006 (10036019.000.000) 2022-08-14 00:55:01 Image size of job updated: 48925
	48925  -  MemoryUsage of job (MB)
	50099772  -  ResidentSetSize of job (KB)
...
006 (10036019.000.000) 2022-08-14 01:00:02 Image size of job updated: 48969
	48969  -  MemoryUsage of job (MB)
	50144624  -  ResidentSetSize of job (KB)
...
006 (10036019.000.000) 2022-08-14 01:05:03 Image size of job updated: 49009
	49009  -  MemoryUsage of job (MB)
	50185884  -  ResidentSetSize of job (KB)
...
006 (10036019.000.000) 2022-08-14 01:10:03 Image size of job updated: 49046
	49046  -  MemoryUsage of job (MB)
	50223624  -  ResidentSetSize of job (KB)
...
006 (10036019.000.000) 2022-08-14 01:15:03 Image size of job updated: 49100
	49100  -  MemoryUsage of job (MB)
	50278604  -  ResidentSetSize of job (KB)
...
006 (10036019.000.000) 2022-08-14 01:20:03 Image size of job updated: 49133
	49133  -  MemoryUsage of job (MB)
	50312300  -  ResidentSetSize of job (KB)
...
006 (10036019.000.000) 2022-08-14 01:25:04 Image size of job updated: 49179
	49179  -  MemoryUsage of job (MB)
	50359628  -  ResidentSetSize of job (KB)
...
006 (10036019.000.000) 2022-08-14 01:30:05 Image size of job updated: 49218
	49218  -  MemoryUsage of job (MB)
	50399444  -  ResidentSetSize of job (KB)
...
006 (10036019.000.000) 2022-08-14 01:35:07 Image size of job updated: 49260
	49260  -  MemoryUsage of job (MB)
	50442932  -  ResidentSetSize of job (KB)
...
006 (10036019.000.000) 2022-08-14 01:40:07 Image size of job updated: 49297
	49297  -  MemoryUsage of job (MB)
	50481092  -  ResidentSetSize of job (KB)
...
006 (10036019.000.000) 2022-08-14 01:45:08 Image size of job updated: 49343
	49343  -  MemoryUsage of job (MB)
	50527456  -  ResidentSetSize of job (KB)
...
006 (10036019.000.000) 2022-08-14 01:50:09 Image size of job updated: 49387
	49387  -  MemoryUsage of job (MB)
	50572624  -  ResidentSetSize of job (KB)
...
006 (10036019.000.000) 2022-08-14 01:55:10 Image size of job updated: 49427
	49427  -  MemoryUsage of job (MB)
	50614244  -  ResidentSetSize of job (KB)
...
006 (10036019.000.000) 2022-08-14 02:00:10 Image size of job updated: 49466
	49466  -  MemoryUsage of job (MB)
	50653336  -  ResidentSetSize of job (KB)
...
006 (10036019.000.000) 2022-08-14 02:05:12 Image size of job updated: 49515
	49515  -  MemoryUsage of job (MB)
	50704220  -  ResidentSetSize of job (KB)
...
006 (10036019.000.000) 2022-08-14 02:10:12 Image size of job updated: 49607
	49607  -  MemoryUsage of job (MB)
	50797928  -  ResidentSetSize of job (KB)
...
006 (10036019.000.000) 2022-08-14 02:15:12 Image size of job updated: 49637
	49637  -  MemoryUsage of job (MB)
	50828816  -  ResidentSetSize of job (KB)
...
006 (10036019.000.000) 2022-08-14 02:20:12 Image size of job updated: 49672
	49672  -  MemoryUsage of job (MB)
	50864520  -  ResidentSetSize of job (KB)
...
006 (10036019.000.000) 2022-08-14 02:25:14 Image size of job updated: 49708
	49708  -  MemoryUsage of job (MB)
	50901296  -  ResidentSetSize of job (KB)
...
006 (10036019.000.000) 2022-08-14 02:30:14 Image size of job updated: 49737
	49737  -  MemoryUsage of job (MB)
	50931040  -  ResidentSetSize of job (KB)
...
006 (10036019.000.000) 2022-08-14 02:35:15 Image size of job updated: 49770
	49770  -  MemoryUsage of job (MB)
	50964720  -  ResidentSetSize of job (KB)
...
006 (10036019.000.000) 2022-08-14 02:40:15 Image size of job updated: 49798
	49798  -  MemoryUsage of job (MB)
	50994144  -  ResidentSetSize of job (KB)
...
006 (10036019.000.000) 2022-08-14 02:45:16 Image size of job updated: 49827
	49827  -  MemoryUsage of job (MB)
	51023768  -  ResidentSetSize of job (KB)
...
006 (10036019.000.000) 2022-08-14 02:50:17 Image size of job updated: 49856
	49856  -  MemoryUsage of job (MB)
	51052944  -  ResidentSetSize of job (KB)
...
006 (10036019.000.000) 2022-08-14 02:55:17 Image size of job updated: 49885
	49885  -  MemoryUsage of job (MB)
	51082256  -  ResidentSetSize of job (KB)
...
006 (10036019.000.000) 2022-08-14 03:00:17 Image size of job updated: 49915
	49915  -  MemoryUsage of job (MB)
	51113712  -  ResidentSetSize of job (KB)
...
006 (10036019.000.000) 2022-08-14 03:05:18 Image size of job updated: 49957
	49957  -  MemoryUsage of job (MB)
	51156160  -  ResidentSetSize of job (KB)
...
006 (10036019.000.000) 2022-08-14 03:10:19 Image size of job updated: 50012
	50012  -  MemoryUsage of job (MB)
	51213088  -  ResidentSetSize of job (KB)
...
006 (10036019.000.000) 2022-08-14 03:15:20 Image size of job updated: 50043
	50043  -  MemoryUsage of job (MB)
	51244448  -  ResidentSetSize of job (KB)
...
006 (10036019.000.000) 2022-08-14 03:20:20 Image size of job updated: 50073
	50073  -  MemoryUsage of job (MB)
	51275484  -  ResidentSetSize of job (KB)
...
006 (10036019.000.000) 2022-08-14 03:25:20 Image size of job updated: 50102
	50102  -  MemoryUsage of job (MB)
	51304476  -  ResidentSetSize of job (KB)
...
006 (10036019.000.000) 2022-08-14 03:30:20 Image size of job updated: 50132
	50132  -  MemoryUsage of job (MB)
	51335888  -  ResidentSetSize of job (KB)
...
006 (10036019.000.000) 2022-08-14 03:35:22 Image size of job updated: 50161
	50161  -  MemoryUsage of job (MB)
	51365584  -  ResidentSetSize of job (KB)
...
006 (10036019.000.000) 2022-08-14 03:40:23 Image size of job updated: 50187
	50187  -  MemoryUsage of job (MB)
	51391720  -  ResidentSetSize of job (KB)
...
006 (10036019.000.000) 2022-08-14 03:45:23 Image size of job updated: 50211
	50211  -  MemoryUsage of job (MB)
	51416104  -  ResidentSetSize of job (KB)
...
006 (10036019.000.000) 2022-08-14 03:50:25 Image size of job updated: 50235
	50235  -  MemoryUsage of job (MB)
	51441584  -  ResidentSetSize of job (KB)
...
006 (10036019.000.000) 2022-08-14 03:55:25 Image size of job updated: 50259
	50259  -  MemoryUsage of job (MB)
	51465328  -  ResidentSetSize of job (KB)
...
006 (10036019.000.000) 2022-08-14 04:00:25 Image size of job updated: 50282
	50282  -  MemoryUsage of job (MB)
	51489120  -  ResidentSetSize of job (KB)
...
006 (10036019.000.000) 2022-08-14 04:05:26 Image size of job updated: 50306
	50306  -  MemoryUsage of job (MB)
	51514016  -  ResidentSetSize of job (KB)
...
006 (10036019.000.000) 2022-08-14 04:10:26 Image size of job updated: 50329
	50329  -  MemoryUsage of job (MB)
	51537216  -  ResidentSetSize of job (KB)
...
006 (10036019.000.000) 2022-08-14 04:15:26 Image size of job updated: 50353
	50353  -  MemoryUsage of job (MB)
	51562440  -  ResidentSetSize of job (KB)
...
006 (10036019.000.000) 2022-08-14 04:20:27 Image size of job updated: 50376
	50376  -  MemoryUsage of job (MB)
	51585800  -  ResidentSetSize of job (KB)
...
006 (10036019.000.000) 2022-08-14 04:25:28 Image size of job updated: 50400
	50400  -  MemoryUsage of job (MB)
	51610104  -  ResidentSetSize of job (KB)
...
006 (10036019.000.000) 2022-08-14 04:30:29 Image size of job updated: 50537
	50537  -  MemoryUsage of job (MB)
	51749992  -  ResidentSetSize of job (KB)
...
006 (10036019.000.000) 2022-08-14 04:40:30 Image size of job updated: 50558
	50558  -  MemoryUsage of job (MB)
	51771896  -  ResidentSetSize of job (KB)
...
006 (10036019.000.000) 2022-08-14 04:45:30 Image size of job updated: 50579
	50579  -  MemoryUsage of job (MB)
	51793360  -  ResidentSetSize of job (KB)
...
006 (10036019.000.000) 2022-08-14 04:50:31 Image size of job updated: 50602
	50602  -  MemoryUsage of job (MB)
	51816664  -  ResidentSetSize of job (KB)
...
006 (10036019.000.000) 2022-08-14 04:55:32 Image size of job updated: 50623
	50623  -  MemoryUsage of job (MB)
	51838744  -  ResidentSetSize of job (KB)
...
006 (10036019.000.000) 2022-08-14 05:00:32 Image size of job updated: 50646
	50646  -  MemoryUsage of job (MB)
	51861632  -  ResidentSetSize of job (KB)
...
006 (10036019.000.000) 2022-08-14 05:05:33 Image size of job updated: 50670
	50670  -  MemoryUsage of job (MB)
	51887000  -  ResidentSetSize of job (KB)
...
006 (10036019.000.000) 2022-08-14 05:10:34 Image size of job updated: 50691
	50691  -  MemoryUsage of job (MB)
	51908560  -  ResidentSetSize of job (KB)
...
006 (10036019.000.000) 2022-08-14 05:15:34 Image size of job updated: 50715
	50715  -  MemoryUsage of job (MB)
	51932840  -  ResidentSetSize of job (KB)
...
006 (10036019.000.000) 2022-08-14 05:20:34 Image size of job updated: 50740
	50740  -  MemoryUsage of job (MB)
	51958048  -  ResidentSetSize of job (KB)
...
006 (10036019.000.000) 2022-08-14 05:25:35 Image size of job updated: 50777
	50777  -  MemoryUsage of job (MB)
	51996568  -  ResidentSetSize of job (KB)
...
006 (10036019.000.000) 2022-08-14 05:30:35 Image size of job updated: 50809
	50809  -  MemoryUsage of job (MB)
	52029408  -  ResidentSetSize of job (KB)
...
006 (10036019.000.000) 2022-08-14 05:35:36 Image size of job updated: 50832
	50832  -  MemoryUsage of job (MB)
	52052104  -  ResidentSetSize of job (KB)
...
006 (10036019.000.000) 2022-08-14 05:40:37 Image size of job updated: 50855
	50855  -  MemoryUsage of job (MB)
	52075528  -  ResidentSetSize of job (KB)
...
006 (10036019.000.000) 2022-08-14 05:45:38 Image size of job updated: 50878
	50878  -  MemoryUsage of job (MB)
	52099536  -  ResidentSetSize of job (KB)
...
006 (10036019.000.000) 2022-08-14 05:50:38 Image size of job updated: 50902
	50902  -  MemoryUsage of job (MB)
	52124016  -  ResidentSetSize of job (KB)
...
006 (10036019.000.000) 2022-08-14 05:55:38 Image size of job updated: 50923
	50923  -  MemoryUsage of job (MB)
	52146104  -  ResidentSetSize of job (KB)
...
006 (10036019.000.000) 2022-08-14 06:00:38 Image size of job updated: 50945
	50945  -  MemoryUsage of job (MB)
	52168696  -  ResidentSetSize of job (KB)
...
006 (10036019.000.000) 2022-08-14 06:05:38 Image size of job updated: 50966
	50966  -  MemoryUsage of job (MB)
	52189832  -  ResidentSetSize of job (KB)
...
006 (10036019.000.000) 2022-08-14 06:10:39 Image size of job updated: 50988
	50988  -  MemoryUsage of job (MB)
	52212560  -  ResidentSetSize of job (KB)
...
006 (10036019.000.000) 2022-08-14 06:15:39 Image size of job updated: 51010
	51010  -  MemoryUsage of job (MB)
	52234904  -  ResidentSetSize of job (KB)
...
006 (10036019.000.000) 2022-08-14 06:20:39 Image size of job updated: 51036
	51036  -  MemoryUsage of job (MB)
	52261696  -  ResidentSetSize of job (KB)
...
006 (10036019.000.000) 2022-08-14 06:25:39 Image size of job updated: 51098
	51098  -  MemoryUsage of job (MB)
	52324544  -  ResidentSetSize of job (KB)
...
006 (10036019.000.000) 2022-08-14 06:30:40 Image size of job updated: 51136
	51136  -  MemoryUsage of job (MB)
	52363520  -  ResidentSetSize of job (KB)
...
006 (10036019.000.000) 2022-08-14 06:35:40 Image size of job updated: 51155
	51155  -  MemoryUsage of job (MB)
	52383480  -  ResidentSetSize of job (KB)
...
006 (10036019.000.000) 2022-08-14 06:40:40 Image size of job updated: 51177
	51177  -  MemoryUsage of job (MB)
	52406160  -  ResidentSetSize of job (KB)
...
006 (10036019.000.000) 2022-08-14 06:45:40 Image size of job updated: 51199
	51199  -  MemoryUsage of job (MB)
	52428056  -  ResidentSetSize of job (KB)
...
006 (10036019.000.000) 2022-08-14 06:50:40 Image size of job updated: 51221
	51221  -  MemoryUsage of job (MB)
	52450488  -  ResidentSetSize of job (KB)
...
006 (10036019.000.000) 2022-08-14 06:55:41 Image size of job updated: 51243
	51243  -  MemoryUsage of job (MB)
	52473128  -  ResidentSetSize of job (KB)
...
006 (10036019.000.000) 2022-08-14 07:00:42 Image size of job updated: 51267
	51267  -  MemoryUsage of job (MB)
	52497416  -  ResidentSetSize of job (KB)
...
006 (10036019.000.000) 2022-08-14 07:05:43 Image size of job updated: 51296
	51296  -  MemoryUsage of job (MB)
	52528008  -  ResidentSetSize of job (KB)
...
006 (10036019.000.000) 2022-08-14 07:10:43 Image size of job updated: 51323
	51323  -  MemoryUsage of job (MB)
	52555624  -  ResidentSetSize of job (KB)
...
006 (10036019.000.000) 2022-08-14 07:15:43 Image size of job updated: 51348
	51348  -  MemoryUsage of job (MB)
	52580536  -  ResidentSetSize of job (KB)
...
006 (10036019.000.000) 2022-08-14 07:20:43 Image size of job updated: 51372
	51372  -  MemoryUsage of job (MB)
	52605664  -  ResidentSetSize of job (KB)
...
006 (10036019.000.000) 2022-08-14 07:25:43 Image size of job updated: 51399
	51399  -  MemoryUsage of job (MB)
	52632616  -  ResidentSetSize of job (KB)
...
006 (10036019.000.000) 2022-08-14 07:30:44 Image size of job updated: 51424
	51424  -  MemoryUsage of job (MB)
	52658968  -  ResidentSetSize of job (KB)
...
006 (10036019.000.000) 2022-08-14 07:35:44 Image size of job updated: 51450
	51450  -  MemoryUsage of job (MB)
	52684896  -  ResidentSetSize of job (KB)
...
006 (10036019.000.000) 2022-08-14 07:40:45 Image size of job updated: 51473
	51473  -  MemoryUsage of job (MB)
	52708440  -  ResidentSetSize of job (KB)
...
006 (10036019.000.000) 2022-08-14 07:45:46 Image size of job updated: 51495
	51495  -  MemoryUsage of job (MB)
	52731352  -  ResidentSetSize of job (KB)
...
006 (10036019.000.000) 2022-08-14 07:50:46 Image size of job updated: 51516
	51516  -  MemoryUsage of job (MB)
	52752800  -  ResidentSetSize of job (KB)
...
006 (10036019.000.000) 2022-08-14 07:55:46 Image size of job updated: 51536
	51536  -  MemoryUsage of job (MB)
	52773592  -  ResidentSetSize of job (KB)
...
006 (10036019.000.000) 2022-08-14 08:00:46 Image size of job updated: 51558
	51558  -  MemoryUsage of job (MB)
	52795744  -  ResidentSetSize of job (KB)
...
006 (10036019.000.000) 2022-08-14 08:05:47 Image size of job updated: 51579
	51579  -  MemoryUsage of job (MB)
	52817328  -  ResidentSetSize of job (KB)
...
006 (10036019.000.000) 2022-08-14 08:10:47 Image size of job updated: 51600
	51600  -  MemoryUsage of job (MB)
	52838728  -  ResidentSetSize of job (KB)
...
006 (10036019.000.000) 2022-08-14 08:15:48 Image size of job updated: 51621
	51621  -  MemoryUsage of job (MB)
	52860640  -  ResidentSetSize of job (KB)
...
006 (10036019.000.000) 2022-08-14 08:20:48 Image size of job updated: 51642
	51642  -  MemoryUsage of job (MB)
	52882296  -  ResidentSetSize of job (KB)
...
006 (10036019.000.000) 2022-08-14 08:25:48 Image size of job updated: 51663
	51663  -  MemoryUsage of job (MB)
	52903888  -  ResidentSetSize of job (KB)
...
006 (10036019.000.000) 2022-08-14 08:30:48 Image size of job updated: 51686
	51686  -  MemoryUsage of job (MB)
	52926520  -  ResidentSetSize of job (KB)
...
006 (10036019.000.000) 2022-08-14 08:35:49 Image size of job updated: 51708
	51708  -  MemoryUsage of job (MB)
	52949072  -  ResidentSetSize of job (KB)
...
006 (10036019.000.000) 2022-08-14 08:40:50 Image size of job updated: 51730
	51730  -  MemoryUsage of job (MB)
	52971872  -  ResidentSetSize of job (KB)
...
006 (10036019.000.000) 2022-08-14 08:45:51 Image size of job updated: 51751
	51751  -  MemoryUsage of job (MB)
	52993540  -  ResidentSetSize of job (KB)
...
006 (10036019.000.000) 2022-08-14 08:50:52 Image size of job updated: 51772
	51772  -  MemoryUsage of job (MB)
	53015080  -  ResidentSetSize of job (KB)
...
006 (10036019.000.000) 2022-08-14 08:55:52 Image size of job updated: 51794
	51794  -  MemoryUsage of job (MB)
	53037072  -  ResidentSetSize of job (KB)
...
006 (10036019.000.000) 2022-08-14 09:00:53 Image size of job updated: 51815
	51815  -  MemoryUsage of job (MB)
	53058884  -  ResidentSetSize of job (KB)
...
006 (10036019.000.000) 2022-08-14 09:05:53 Image size of job updated: 51836
	51836  -  MemoryUsage of job (MB)
	53080824  -  ResidentSetSize of job (KB)
...
006 (10036019.000.000) 2022-08-14 09:10:54 Image size of job updated: 51858
	51858  -  MemoryUsage of job (MB)
	53102860  -  ResidentSetSize of job (KB)
...
006 (10036019.000.000) 2022-08-14 09:15:55 Image size of job updated: 51879
	51879  -  MemoryUsage of job (MB)
	53124960  -  ResidentSetSize of job (KB)
...
006 (10036019.000.000) 2022-08-14 09:20:55 Image size of job updated: 51900
	51900  -  MemoryUsage of job (MB)
	53146088  -  ResidentSetSize of job (KB)
...
006 (10036019.000.000) 2022-08-14 09:25:56 Image size of job updated: 51922
	51922  -  MemoryUsage of job (MB)
	53168524  -  ResidentSetSize of job (KB)
...
006 (10036019.000.000) 2022-08-14 09:30:56 Image size of job updated: 51943
	51943  -  MemoryUsage of job (MB)
	53190580  -  ResidentSetSize of job (KB)
...
006 (10036019.000.000) 2022-08-14 09:35:57 Image size of job updated: 51964
	51964  -  MemoryUsage of job (MB)
	53211812  -  ResidentSetSize of job (KB)
...
006 (10036019.000.000) 2022-08-14 09:40:57 Image size of job updated: 51986
	51986  -  MemoryUsage of job (MB)
	53234600  -  ResidentSetSize of job (KB)
...
006 (10036019.000.000) 2022-08-14 09:45:58 Image size of job updated: 52008
	52008  -  MemoryUsage of job (MB)
	53256708  -  ResidentSetSize of job (KB)
...
006 (10036019.000.000) 2022-08-14 09:50:58 Image size of job updated: 52029
	52029  -  MemoryUsage of job (MB)
	53278132  -  ResidentSetSize of job (KB)
...
006 (10036019.000.000) 2022-08-14 09:55:59 Image size of job updated: 52051
	52051  -  MemoryUsage of job (MB)
	53300780  -  ResidentSetSize of job (KB)
...
006 (10036019.000.000) 2022-08-14 10:01:00 Image size of job updated: 52072
	52072  -  MemoryUsage of job (MB)
	53322284  -  ResidentSetSize of job (KB)
...
006 (10036019.000.000) 2022-08-14 10:06:00 Image size of job updated: 52096
	52096  -  MemoryUsage of job (MB)
	53346828  -  ResidentSetSize of job (KB)
...
006 (10036019.000.000) 2022-08-14 10:11:02 Image size of job updated: 52118
	52118  -  MemoryUsage of job (MB)
	53369388  -  ResidentSetSize of job (KB)
...
006 (10036019.000.000) 2022-08-14 10:16:02 Image size of job updated: 52141
	52141  -  MemoryUsage of job (MB)
	53392788  -  ResidentSetSize of job (KB)
...
006 (10036019.000.000) 2022-08-14 10:21:03 Image size of job updated: 52162
	52162  -  MemoryUsage of job (MB)
	53414888  -  ResidentSetSize of job (KB)
...
006 (10036019.000.000) 2022-08-14 10:26:04 Image size of job updated: 52186
	52186  -  MemoryUsage of job (MB)
	53438940  -  ResidentSetSize of job (KB)
...
006 (10036019.000.000) 2022-08-14 10:31:05 Image size of job updated: 52446
	52446  -  MemoryUsage of job (MB)
	53705188  -  ResidentSetSize of job (KB)
...
006 (10036019.000.000) 2022-08-14 10:36:06 Image size of job updated: 52463
	52463  -  MemoryUsage of job (MB)
	53722232  -  ResidentSetSize of job (KB)
...
006 (10036019.000.000) 2022-08-14 10:41:06 Image size of job updated: 52463
	52463  -  MemoryUsage of job (MB)
	53722500  -  ResidentSetSize of job (KB)
...
006 (10036019.000.000) 2022-08-14 10:46:07 Image size of job updated: 52463
	52463  -  MemoryUsage of job (MB)
	53722788  -  ResidentSetSize of job (KB)
...
006 (10036019.000.000) 2022-08-14 10:51:08 Image size of job updated: 52476
	52476  -  MemoryUsage of job (MB)
	53736436  -  ResidentSetSize of job (KB)
...
006 (10036019.000.000) 2022-08-14 10:56:09 Image size of job updated: 52500
	52500  -  MemoryUsage of job (MB)
	53760020  -  ResidentSetSize of job (KB)
...
006 (10036019.000.000) 2022-08-14 11:01:09 Image size of job updated: 52522
	52522  -  MemoryUsage of job (MB)
	53783064  -  ResidentSetSize of job (KB)
...
006 (10036019.000.000) 2022-08-14 11:06:09 Image size of job updated: 52544
	52544  -  MemoryUsage of job (MB)
	53805328  -  ResidentSetSize of job (KB)
...
006 (10036019.000.000) 2022-08-14 11:11:09 Image size of job updated: 52564
	52564  -  MemoryUsage of job (MB)
	53825892  -  ResidentSetSize of job (KB)
...
006 (10036019.000.000) 2022-08-14 11:16:09 Image size of job updated: 52584
	52584  -  MemoryUsage of job (MB)
	53846448  -  ResidentSetSize of job (KB)
...
006 (10036019.000.000) 2022-08-14 11:21:10 Image size of job updated: 52605
	52605  -  MemoryUsage of job (MB)
	53867756  -  ResidentSetSize of job (KB)
...
006 (10036019.000.000) 2022-08-14 11:26:11 Image size of job updated: 52625
	52625  -  MemoryUsage of job (MB)
	53888896  -  ResidentSetSize of job (KB)
...
006 (10036019.000.000) 2022-08-14 11:31:11 Image size of job updated: 52647
	52647  -  MemoryUsage of job (MB)
	53910632  -  ResidentSetSize of job (KB)
...
006 (10036019.000.000) 2022-08-14 11:36:12 Image size of job updated: 52666
	52666  -  MemoryUsage of job (MB)
	53930984  -  ResidentSetSize of job (KB)
...
006 (10036019.000.000) 2022-08-14 11:41:13 Image size of job updated: 52688
	52688  -  MemoryUsage of job (MB)
	53952880  -  ResidentSetSize of job (KB)
...
006 (10036019.000.000) 2022-08-14 11:46:13 Image size of job updated: 52708
	52708  -  MemoryUsage of job (MB)
	53973852  -  ResidentSetSize of job (KB)
...
006 (10036019.000.000) 2022-08-14 11:51:14 Image size of job updated: 52728
	52728  -  MemoryUsage of job (MB)
	53994392  -  ResidentSetSize of job (KB)
...
006 (10036019.000.000) 2022-08-14 11:56:15 Image size of job updated: 52747
	52747  -  MemoryUsage of job (MB)
	54013792  -  ResidentSetSize of job (KB)
...
006 (10036019.000.000) 2022-08-14 12:01:16 Image size of job updated: 52766
	52766  -  MemoryUsage of job (MB)
	54032892  -  ResidentSetSize of job (KB)
...
006 (10036019.000.000) 2022-08-14 12:06:16 Image size of job updated: 52784
	52784  -  MemoryUsage of job (MB)
	54051144  -  ResidentSetSize of job (KB)
...
006 (10036019.000.000) 2022-08-14 12:11:16 Image size of job updated: 52803
	52803  -  MemoryUsage of job (MB)
	54070792  -  ResidentSetSize of job (KB)
...
006 (10036019.000.000) 2022-08-14 12:16:16 Image size of job updated: 52822
	52822  -  MemoryUsage of job (MB)
	54089820  -  ResidentSetSize of job (KB)
...
006 (10036019.000.000) 2022-08-14 12:21:16 Image size of job updated: 52840
	52840  -  MemoryUsage of job (MB)
	54108316  -  ResidentSetSize of job (KB)
...
006 (10036019.000.000) 2022-08-14 12:26:16 Image size of job updated: 52858
	52858  -  MemoryUsage of job (MB)
	54126736  -  ResidentSetSize of job (KB)
...
006 (10036019.000.000) 2022-08-14 12:31:16 Image size of job updated: 52876
	52876  -  MemoryUsage of job (MB)
	54145168  -  ResidentSetSize of job (KB)
...
006 (10036019.000.000) 2022-08-14 12:36:17 Image size of job updated: 52895
	52895  -  MemoryUsage of job (MB)
	54164960  -  ResidentSetSize of job (KB)
...
006 (10036019.000.000) 2022-08-14 12:41:18 Image size of job updated: 52913
	52913  -  MemoryUsage of job (MB)
	54183804  -  ResidentSetSize of job (KB)
...
006 (10036019.000.000) 2022-08-14 12:46:19 Image size of job updated: 52931
	52931  -  MemoryUsage of job (MB)
	54202136  -  ResidentSetSize of job (KB)
...
006 (10036019.000.000) 2022-08-14 12:51:19 Image size of job updated: 52958
	52958  -  MemoryUsage of job (MB)
	54229400  -  ResidentSetSize of job (KB)
...
006 (10036019.000.000) 2022-08-14 12:56:19 Image size of job updated: 52978
	52978  -  MemoryUsage of job (MB)
	54249524  -  ResidentSetSize of job (KB)
...
006 (10036019.000.000) 2022-08-14 13:01:19 Image size of job updated: 53139
	53139  -  MemoryUsage of job (MB)
	54414792  -  ResidentSetSize of job (KB)
...
006 (10036019.000.000) 2022-08-14 13:06:20 Image size of job updated: 53206
	53206  -  MemoryUsage of job (MB)
	54483512  -  ResidentSetSize of job (KB)
...
006 (10036019.000.000) 2022-08-14 13:11:20 Image size of job updated: 53307
	53307  -  MemoryUsage of job (MB)
	54587196  -  ResidentSetSize of job (KB)
...
006 (10036019.000.000) 2022-08-14 13:16:20 Image size of job updated: 53347
	53347  -  MemoryUsage of job (MB)
	54628044  -  ResidentSetSize of job (KB)
...
006 (10036019.000.000) 2022-08-14 13:21:21 Image size of job updated: 53365
	53365  -  MemoryUsage of job (MB)
	54646640  -  ResidentSetSize of job (KB)
...
006 (10036019.000.000) 2022-08-14 13:26:22 Image size of job updated: 53384
	53384  -  MemoryUsage of job (MB)
	54665476  -  ResidentSetSize of job (KB)
...
006 (10036019.000.000) 2022-08-14 13:31:22 Image size of job updated: 53406
	53406  -  MemoryUsage of job (MB)
	54688196  -  ResidentSetSize of job (KB)
...
006 (10036019.000.000) 2022-08-14 13:36:22 Image size of job updated: 53425
	53425  -  MemoryUsage of job (MB)
	54707284  -  ResidentSetSize of job (KB)
...
006 (10036019.000.000) 2022-08-14 13:41:23 Image size of job updated: 53442
	53442  -  MemoryUsage of job (MB)
	54725584  -  ResidentSetSize of job (KB)
...
006 (10036019.000.000) 2022-08-14 13:46:24 Image size of job updated: 53481
	53481  -  MemoryUsage of job (MB)
	54765036  -  ResidentSetSize of job (KB)
...
006 (10036019.000.000) 2022-08-14 13:51:25 Image size of job updated: 53524
	53524  -  MemoryUsage of job (MB)
	54809212  -  ResidentSetSize of job (KB)
...
006 (10036019.000.000) 2022-08-14 13:56:25 Image size of job updated: 53579
	53579  -  MemoryUsage of job (MB)
	54865904  -  ResidentSetSize of job (KB)
...
006 (10036019.000.000) 2022-08-14 14:01:25 Image size of job updated: 53620
	53620  -  MemoryUsage of job (MB)
	54907016  -  ResidentSetSize of job (KB)
...
006 (10036019.000.000) 2022-08-14 14:06:25 Image size of job updated: 53657
	53657  -  MemoryUsage of job (MB)
	54945232  -  ResidentSetSize of job (KB)
...
006 (10036019.000.000) 2022-08-14 14:11:25 Image size of job updated: 53668
	53668  -  MemoryUsage of job (MB)
	54956580  -  ResidentSetSize of job (KB)
...
006 (10036019.000.000) 2022-08-14 14:16:26 Image size of job updated: 53684
	53684  -  MemoryUsage of job (MB)
	54972944  -  ResidentSetSize of job (KB)
...
006 (10036019.000.000) 2022-08-14 14:21:26 Image size of job updated: 53715
	53715  -  MemoryUsage of job (MB)
	55004932  -  ResidentSetSize of job (KB)
...
006 (10036019.000.000) 2022-08-14 14:26:26 Image size of job updated: 53737
	53737  -  MemoryUsage of job (MB)
	55026932  -  ResidentSetSize of job (KB)
...
006 (10036019.000.000) 2022-08-14 14:31:27 Image size of job updated: 53765
	53765  -  MemoryUsage of job (MB)
	55056168  -  ResidentSetSize of job (KB)
...
006 (10036019.000.000) 2022-08-14 14:36:28 Image size of job updated: 53791
	53791  -  MemoryUsage of job (MB)
	55082700  -  ResidentSetSize of job (KB)
...
006 (10036019.000.000) 2022-08-14 14:41:30 Image size of job updated: 53822
	53822  -  MemoryUsage of job (MB)
	55113768  -  ResidentSetSize of job (KB)
...
006 (10036019.000.000) 2022-08-14 14:46:31 Image size of job updated: 53856
	53856  -  MemoryUsage of job (MB)
	55148916  -  ResidentSetSize of job (KB)
...
006 (10036019.000.000) 2022-08-14 14:51:32 Image size of job updated: 53871
	53871  -  MemoryUsage of job (MB)
	55164272  -  ResidentSetSize of job (KB)
...
006 (10036019.000.000) 2022-08-14 14:56:32 Image size of job updated: 53888
	53888  -  MemoryUsage of job (MB)
	55181588  -  ResidentSetSize of job (KB)
...
006 (10036019.000.000) 2022-08-14 15:01:32 Image size of job updated: 53905
	53905  -  MemoryUsage of job (MB)
	55198840  -  ResidentSetSize of job (KB)
...
006 (10036019.000.000) 2022-08-14 15:06:33 Image size of job updated: 53924
	53924  -  MemoryUsage of job (MB)
	55218620  -  ResidentSetSize of job (KB)
...
006 (10036019.000.000) 2022-08-14 15:11:34 Image size of job updated: 53942
	53942  -  MemoryUsage of job (MB)
	55237012  -  ResidentSetSize of job (KB)
...
006 (10036019.000.000) 2022-08-14 15:16:35 Image size of job updated: 53958
	53958  -  MemoryUsage of job (MB)
	55253704  -  ResidentSetSize of job (KB)
...
006 (10036019.000.000) 2022-08-14 15:21:35 Image size of job updated: 53975
	53975  -  MemoryUsage of job (MB)
	55270400  -  ResidentSetSize of job (KB)
...
006 (10036019.000.000) 2022-08-14 15:26:37 Image size of job updated: 53991
	53991  -  MemoryUsage of job (MB)
	55287368  -  ResidentSetSize of job (KB)
...
006 (10036019.000.000) 2022-08-14 15:31:37 Image size of job updated: 54007
	54007  -  MemoryUsage of job (MB)
	55303228  -  ResidentSetSize of job (KB)
...
006 (10036019.000.000) 2022-08-14 15:36:38 Image size of job updated: 54023
	54023  -  MemoryUsage of job (MB)
	55319852  -  ResidentSetSize of job (KB)
...
006 (10036019.000.000) 2022-08-14 15:41:39 Image size of job updated: 54040
	54040  -  MemoryUsage of job (MB)
	55337460  -  ResidentSetSize of job (KB)
...
006 (10036019.000.000) 2022-08-14 15:46:39 Image size of job updated: 54057
	54057  -  MemoryUsage of job (MB)
	55354604  -  ResidentSetSize of job (KB)
...
006 (10036019.000.000) 2022-08-14 15:51:40 Image size of job updated: 54073
	54073  -  MemoryUsage of job (MB)
	55371520  -  ResidentSetSize of job (KB)
...
006 (10036019.000.000) 2022-08-14 15:56:40 Image size of job updated: 54090
	54090  -  MemoryUsage of job (MB)
	55388712  -  ResidentSetSize of job (KB)
...
006 (10036019.000.000) 2022-08-14 16:01:41 Image size of job updated: 54107
	54107  -  MemoryUsage of job (MB)
	55405764  -  ResidentSetSize of job (KB)
...
006 (10036019.000.000) 2022-08-14 16:06:41 Image size of job updated: 54124
	54124  -  MemoryUsage of job (MB)
	55422984  -  ResidentSetSize of job (KB)
...
006 (10036019.000.000) 2022-08-14 16:11:41 Image size of job updated: 54141
	54141  -  MemoryUsage of job (MB)
	55440832  -  ResidentSetSize of job (KB)
...
006 (10036019.000.000) 2022-08-14 16:16:43 Image size of job updated: 54158
	54158  -  MemoryUsage of job (MB)
	55458476  -  ResidentSetSize of job (KB)
...
006 (10036019.000.000) 2022-08-14 16:21:43 Image size of job updated: 54175
	54175  -  MemoryUsage of job (MB)
	55475748  -  ResidentSetSize of job (KB)
...
006 (10036019.000.000) 2022-08-14 16:26:44 Image size of job updated: 54192
	54192  -  MemoryUsage of job (MB)
	55492724  -  ResidentSetSize of job (KB)
...
006 (10036019.000.000) 2022-08-14 16:31:44 Image size of job updated: 54208
	54208  -  MemoryUsage of job (MB)
	55509972  -  ResidentSetSize of job (KB)
...
006 (10036019.000.000) 2022-08-14 16:36:45 Image size of job updated: 54225
	54225  -  MemoryUsage of job (MB)
	55527324  -  ResidentSetSize of job (KB)
...
006 (10036019.000.000) 2022-08-14 16:41:45 Image size of job updated: 54243
	54243  -  MemoryUsage of job (MB)
	55545204  -  ResidentSetSize of job (KB)
...
006 (10036019.000.000) 2022-08-14 16:46:46 Image size of job updated: 54260
	54260  -  MemoryUsage of job (MB)
	55563032  -  ResidentSetSize of job (KB)
...
006 (10036019.000.000) 2022-08-14 16:51:46 Image size of job updated: 54277
	54277  -  MemoryUsage of job (MB)
	55580004  -  ResidentSetSize of job (KB)
...
006 (10036019.000.000) 2022-08-14 16:56:46 Image size of job updated: 54294
	54294  -  MemoryUsage of job (MB)
	55597060  -  ResidentSetSize of job (KB)
...
006 (10036019.000.000) 2022-08-14 17:01:47 Image size of job updated: 54311
	54311  -  MemoryUsage of job (MB)
	55614540  -  ResidentSetSize of job (KB)
...
006 (10036019.000.000) 2022-08-14 17:06:47 Image size of job updated: 54328
	54328  -  MemoryUsage of job (MB)
	55632300  -  ResidentSetSize of job (KB)
...
006 (10036019.000.000) 2022-08-14 17:11:47 Image size of job updated: 54345
	54345  -  MemoryUsage of job (MB)
	55649724  -  ResidentSetSize of job (KB)
...
006 (10036019.000.000) 2022-08-14 17:16:49 Image size of job updated: 54362
	54362  -  MemoryUsage of job (MB)
	55667692  -  ResidentSetSize of job (KB)
...
006 (10036019.000.000) 2022-08-14 17:21:49 Image size of job updated: 54379
	54379  -  MemoryUsage of job (MB)
	55684724  -  ResidentSetSize of job (KB)
...
006 (10036019.000.000) 2022-08-14 17:26:49 Image size of job updated: 54396
	54396  -  MemoryUsage of job (MB)
	55702280  -  ResidentSetSize of job (KB)
...
006 (10036019.000.000) 2022-08-14 17:31:49 Image size of job updated: 54414
	54414  -  MemoryUsage of job (MB)
	55719960  -  ResidentSetSize of job (KB)
...
006 (10036019.000.000) 2022-08-14 17:36:50 Image size of job updated: 54431
	54431  -  MemoryUsage of job (MB)
	55737740  -  ResidentSetSize of job (KB)
...
006 (10036019.000.000) 2022-08-14 17:41:51 Image size of job updated: 54448
	54448  -  MemoryUsage of job (MB)
	55755704  -  ResidentSetSize of job (KB)
...
006 (10036019.000.000) 2022-08-14 17:46:51 Image size of job updated: 54465
	54465  -  MemoryUsage of job (MB)
	55772640  -  ResidentSetSize of job (KB)
...
006 (10036019.000.000) 2022-08-14 17:51:52 Image size of job updated: 54482
	54482  -  MemoryUsage of job (MB)
	55789704  -  ResidentSetSize of job (KB)
...
006 (10036019.000.000) 2022-08-14 17:56:52 Image size of job updated: 54499
	54499  -  MemoryUsage of job (MB)
	55807024  -  ResidentSetSize of job (KB)
...
006 (10036019.000.000) 2022-08-14 18:01:53 Image size of job updated: 54515
	54515  -  MemoryUsage of job (MB)
	55823916  -  ResidentSetSize of job (KB)
...
006 (10036019.000.000) 2022-08-14 18:06:54 Image size of job updated: 54532
	54532  -  MemoryUsage of job (MB)
	55840972  -  ResidentSetSize of job (KB)
...
006 (10036019.000.000) 2022-08-14 18:11:54 Image size of job updated: 54548
	54548  -  MemoryUsage of job (MB)
	55857920  -  ResidentSetSize of job (KB)
...
006 (10036019.000.000) 2022-08-14 18:16:55 Image size of job updated: 54564
	54564  -  MemoryUsage of job (MB)
	55874328  -  ResidentSetSize of job (KB)
...
006 (10036019.000.000) 2022-08-14 18:21:55 Image size of job updated: 54581
	54581  -  MemoryUsage of job (MB)
	55891492  -  ResidentSetSize of job (KB)
...
006 (10036019.000.000) 2022-08-14 18:26:56 Image size of job updated: 54598
	54598  -  MemoryUsage of job (MB)
	55908768  -  ResidentSetSize of job (KB)
...
006 (10036019.000.000) 2022-08-14 18:31:57 Image size of job updated: 54615
	54615  -  MemoryUsage of job (MB)
	55925900  -  ResidentSetSize of job (KB)
...
006 (10036019.000.000) 2022-08-14 18:36:58 Image size of job updated: 54632
	54632  -  MemoryUsage of job (MB)
	55943640  -  ResidentSetSize of job (KB)
...
006 (10036019.000.000) 2022-08-14 18:41:59 Image size of job updated: 54649
	54649  -  MemoryUsage of job (MB)
	55960704  -  ResidentSetSize of job (KB)
...
006 (10036019.000.000) 2022-08-14 18:47:00 Image size of job updated: 54665
	54665  -  MemoryUsage of job (MB)
	55977180  -  ResidentSetSize of job (KB)
...
006 (10036019.000.000) 2022-08-14 18:52:01 Image size of job updated: 54682
	54682  -  MemoryUsage of job (MB)
	55994388  -  ResidentSetSize of job (KB)
...
006 (10036019.000.000) 2022-08-14 18:57:02 Image size of job updated: 54699
	54699  -  MemoryUsage of job (MB)
	56011928  -  ResidentSetSize of job (KB)
...
006 (10036019.000.000) 2022-08-14 19:02:04 Image size of job updated: 54716
	54716  -  MemoryUsage of job (MB)
	56029756  -  ResidentSetSize of job (KB)
...
006 (10036019.000.000) 2022-08-14 19:07:04 Image size of job updated: 54733
	54733  -  MemoryUsage of job (MB)
	56046940  -  ResidentSetSize of job (KB)
...
006 (10036019.000.000) 2022-08-14 19:12:04 Image size of job updated: 54749
	54749  -  MemoryUsage of job (MB)
	56063560  -  ResidentSetSize of job (KB)
...
006 (10036019.000.000) 2022-08-14 19:17:04 Image size of job updated: 54765
	54765  -  MemoryUsage of job (MB)
	56080332  -  ResidentSetSize of job (KB)
...
006 (10036019.000.000) 2022-08-14 19:22:05 Image size of job updated: 54782
	54782  -  MemoryUsage of job (MB)
	56097060  -  ResidentSetSize of job (KB)
...
006 (10036019.000.000) 2022-08-14 19:27:05 Image size of job updated: 54799
	54799  -  MemoryUsage of job (MB)
	56114440  -  ResidentSetSize of job (KB)
...
006 (10036019.000.000) 2022-08-14 19:32:06 Image size of job updated: 54816
	54816  -  MemoryUsage of job (MB)
	56132300  -  ResidentSetSize of job (KB)
...
006 (10036019.000.000) 2022-08-14 19:37:07 Image size of job updated: 54833
	54833  -  MemoryUsage of job (MB)
	56149032  -  ResidentSetSize of job (KB)
...
006 (10036019.000.000) 2022-08-14 19:42:08 Image size of job updated: 54848
	54848  -  MemoryUsage of job (MB)
	56165324  -  ResidentSetSize of job (KB)
...
006 (10036019.000.000) 2022-08-14 19:47:09 Image size of job updated: 54865
	54865  -  MemoryUsage of job (MB)
	56182228  -  ResidentSetSize of job (KB)
...
006 (10036019.000.000) 2022-08-14 19:52:09 Image size of job updated: 54882
	54882  -  MemoryUsage of job (MB)
	56199724  -  ResidentSetSize of job (KB)
...
006 (10036019.000.000) 2022-08-14 19:57:09 Image size of job updated: 54903
	54903  -  MemoryUsage of job (MB)
	56221048  -  ResidentSetSize of job (KB)
...
006 (10036019.000.000) 2022-08-14 20:02:10 Image size of job updated: 54919
	54919  -  MemoryUsage of job (MB)
	56237288  -  ResidentSetSize of job (KB)
...
006 (10036019.000.000) 2022-08-14 20:07:10 Image size of job updated: 54940
	54940  -  MemoryUsage of job (MB)
	56258564  -  ResidentSetSize of job (KB)
...
006 (10036019.000.000) 2022-08-14 20:12:11 Image size of job updated: 54958
	54958  -  MemoryUsage of job (MB)
	56277544  -  ResidentSetSize of job (KB)
...
006 (10036019.000.000) 2022-08-14 20:17:12 Image size of job updated: 54973
	54973  -  MemoryUsage of job (MB)
	56292812  -  ResidentSetSize of job (KB)
...
006 (10036019.000.000) 2022-08-14 20:22:12 Image size of job updated: 54992
	54992  -  MemoryUsage of job (MB)
	56312604  -  ResidentSetSize of job (KB)
...
006 (10036019.000.000) 2022-08-14 20:27:12 Image size of job updated: 55012
	55012  -  MemoryUsage of job (MB)
	56332484  -  ResidentSetSize of job (KB)
...
006 (10036019.000.000) 2022-08-14 20:32:12 Image size of job updated: 55031
	55031  -  MemoryUsage of job (MB)
	56351824  -  ResidentSetSize of job (KB)
...
006 (10036019.000.000) 2022-08-14 20:37:12 Image size of job updated: 55052
	55052  -  MemoryUsage of job (MB)
	56374052  -  ResidentSetSize of job (KB)
...
006 (10036019.000.000) 2022-08-14 20:42:13 Image size of job updated: 55071
	55071  -  MemoryUsage of job (MB)
	56393428  -  ResidentSetSize of job (KB)
...
006 (10036019.000.000) 2022-08-14 20:47:14 Image size of job updated: 55088
	55088  -  MemoryUsage of job (MB)
	56410400  -  ResidentSetSize of job (KB)
...
006 (10036019.000.000) 2022-08-14 20:52:15 Image size of job updated: 55113
	55113  -  MemoryUsage of job (MB)
	56435968  -  ResidentSetSize of job (KB)
...
006 (10036019.000.000) 2022-08-14 20:57:16 Image size of job updated: 55129
	55129  -  MemoryUsage of job (MB)
	56452712  -  ResidentSetSize of job (KB)
...
006 (10036019.000.000) 2022-08-14 21:02:17 Image size of job updated: 55148
	55148  -  MemoryUsage of job (MB)
	56472368  -  ResidentSetSize of job (KB)
...
006 (10036019.000.000) 2022-08-14 21:07:19 Image size of job updated: 55165
	55165  -  MemoryUsage of job (MB)
	56489488  -  ResidentSetSize of job (KB)
...
006 (10036019.000.000) 2022-08-14 21:12:20 Image size of job updated: 55184
	55184  -  MemoryUsage of job (MB)
	56508964  -  ResidentSetSize of job (KB)
...
006 (10036019.000.000) 2022-08-14 21:17:21 Image size of job updated: 55200
	55200  -  MemoryUsage of job (MB)
	56525640  -  ResidentSetSize of job (KB)
...
006 (10036019.000.000) 2022-08-14 21:22:21 Image size of job updated: 55223
	55223  -  MemoryUsage of job (MB)
	56548544  -  ResidentSetSize of job (KB)
...
006 (10036019.000.000) 2022-08-14 21:27:22 Image size of job updated: 55240
	55240  -  MemoryUsage of job (MB)
	56565868  -  ResidentSetSize of job (KB)
...
006 (10036019.000.000) 2022-08-14 21:32:22 Image size of job updated: 55256
	55256  -  MemoryUsage of job (MB)
	56582576  -  ResidentSetSize of job (KB)
...
006 (10036019.000.000) 2022-08-14 21:37:22 Image size of job updated: 55275
	55275  -  MemoryUsage of job (MB)
	56602424  -  ResidentSetSize of job (KB)
...
006 (10036019.000.000) 2022-08-14 21:42:23 Image size of job updated: 55292
	55292  -  MemoryUsage of job (MB)
	56619600  -  ResidentSetSize of job (KB)
...
006 (10036019.000.000) 2022-08-14 21:47:23 Image size of job updated: 55313
	55313  -  MemoryUsage of job (MB)
	56641472  -  ResidentSetSize of job (KB)
...
006 (10036019.000.000) 2022-08-14 21:52:24 Image size of job updated: 55330
	55330  -  MemoryUsage of job (MB)
	56658168  -  ResidentSetSize of job (KB)
...
006 (10036019.000.000) 2022-08-14 21:57:25 Image size of job updated: 55346
	55346  -  MemoryUsage of job (MB)
	56674868  -  ResidentSetSize of job (KB)
...
006 (10036019.000.000) 2022-08-14 22:02:26 Image size of job updated: 55363
	55363  -  MemoryUsage of job (MB)
	56691828  -  ResidentSetSize of job (KB)
...
006 (10036019.000.000) 2022-08-14 22:07:27 Image size of job updated: 55379
	55379  -  MemoryUsage of job (MB)
	56708916  -  ResidentSetSize of job (KB)
...
006 (10036019.000.000) 2022-08-14 22:12:28 Image size of job updated: 55397
	55397  -  MemoryUsage of job (MB)
	56726768  -  ResidentSetSize of job (KB)
...
006 (10036019.000.000) 2022-08-14 22:17:29 Image size of job updated: 55414
	55414  -  MemoryUsage of job (MB)
	56743940  -  ResidentSetSize of job (KB)
...
006 (10036019.000.000) 2022-08-14 22:22:30 Image size of job updated: 55430
	55430  -  MemoryUsage of job (MB)
	56761028  -  ResidentSetSize of job (KB)
...
006 (10036019.000.000) 2022-08-14 22:27:31 Image size of job updated: 55450
	55450  -  MemoryUsage of job (MB)
	56781332  -  ResidentSetSize of job (KB)
...
006 (10036019.000.000) 2022-08-14 22:32:32 Image size of job updated: 55466
	55466  -  MemoryUsage of job (MB)
	56797904  -  ResidentSetSize of job (KB)
...
006 (10036019.000.000) 2022-08-14 22:37:32 Image size of job updated: 55483
	55483  -  MemoryUsage of job (MB)
	56815088  -  ResidentSetSize of job (KB)
...
006 (10036019.000.000) 2022-08-14 22:42:33 Image size of job updated: 55500
	55500  -  MemoryUsage of job (MB)
	56832472  -  ResidentSetSize of job (KB)
...
006 (10036019.000.000) 2022-08-14 22:47:34 Image size of job updated: 55517
	55517  -  MemoryUsage of job (MB)
	56849884  -  ResidentSetSize of job (KB)
...
006 (10036019.000.000) 2022-08-14 22:52:35 Image size of job updated: 55533
	55533  -  MemoryUsage of job (MB)
	56866648  -  ResidentSetSize of job (KB)
...
006 (10036019.000.000) 2022-08-14 22:57:36 Image size of job updated: 55557
	55557  -  MemoryUsage of job (MB)
	56891112  -  ResidentSetSize of job (KB)
...
006 (10036019.000.000) 2022-08-14 23:02:36 Image size of job updated: 55575
	55575  -  MemoryUsage of job (MB)
	56909012  -  ResidentSetSize of job (KB)
...
006 (10036019.000.000) 2022-08-14 23:07:36 Image size of job updated: 55592
	55592  -  MemoryUsage of job (MB)
	56926324  -  ResidentSetSize of job (KB)
...
006 (10036019.000.000) 2022-08-14 23:12:36 Image size of job updated: 55609
	55609  -  MemoryUsage of job (MB)
	56943844  -  ResidentSetSize of job (KB)
...
006 (10036019.000.000) 2022-08-14 23:17:38 Image size of job updated: 55626
	55626  -  MemoryUsage of job (MB)
	56961256  -  ResidentSetSize of job (KB)
...
006 (10036019.000.000) 2022-08-14 23:22:38 Image size of job updated: 55642
	55642  -  MemoryUsage of job (MB)
	56978328  -  ResidentSetSize of job (KB)
...
006 (10036019.000.000) 2022-08-14 23:27:39 Image size of job updated: 55660
	55660  -  MemoryUsage of job (MB)
	56996196  -  ResidentSetSize of job (KB)
...
006 (10036019.000.000) 2022-08-14 23:32:39 Image size of job updated: 55677
	55677  -  MemoryUsage of job (MB)
	57013780  -  ResidentSetSize of job (KB)
...
006 (10036019.000.000) 2022-08-14 23:37:39 Image size of job updated: 55694
	55694  -  MemoryUsage of job (MB)
	57031212  -  ResidentSetSize of job (KB)
...
006 (10036019.000.000) 2022-08-14 23:42:39 Image size of job updated: 55711
	55711  -  MemoryUsage of job (MB)
	57048884  -  ResidentSetSize of job (KB)
...
006 (10036019.000.000) 2022-08-14 23:47:40 Image size of job updated: 55728
	55728  -  MemoryUsage of job (MB)
	57066416  -  ResidentSetSize of job (KB)
...
006 (10036019.000.000) 2022-08-14 23:52:40 Image size of job updated: 55746
	55746  -  MemoryUsage of job (MB)
	57084752  -  ResidentSetSize of job (KB)
...
006 (10036019.000.000) 2022-08-14 23:57:42 Image size of job updated: 55764
	55764  -  MemoryUsage of job (MB)
	57102472  -  ResidentSetSize of job (KB)
...
006 (10036019.000.000) 2022-08-15 00:02:42 Image size of job updated: 55781
	55781  -  MemoryUsage of job (MB)
	57120292  -  ResidentSetSize of job (KB)
...
006 (10036019.000.000) 2022-08-15 00:07:42 Image size of job updated: 55799
	55799  -  MemoryUsage of job (MB)
	57138596  -  ResidentSetSize of job (KB)
...
006 (10036019.000.000) 2022-08-15 00:12:42 Image size of job updated: 55817
	55817  -  MemoryUsage of job (MB)
	57156672  -  ResidentSetSize of job (KB)
...
006 (10036019.000.000) 2022-08-15 00:17:42 Image size of job updated: 55834
	55834  -  MemoryUsage of job (MB)
	57174056  -  ResidentSetSize of job (KB)
...
006 (10036019.000.000) 2022-08-15 00:22:43 Image size of job updated: 55851
	55851  -  MemoryUsage of job (MB)
	57192412  -  ResidentSetSize of job (KB)
...
006 (10036019.000.000) 2022-08-15 00:27:43 Image size of job updated: 55869
	55869  -  MemoryUsage of job (MB)
	57210588  -  ResidentSetSize of job (KB)
...
006 (10036019.000.000) 2022-08-15 00:32:43 Image size of job updated: 55887
	55887  -  MemoryUsage of job (MB)
	57229124  -  ResidentSetSize of job (KB)
...
006 (10036019.000.000) 2022-08-15 00:37:44 Image size of job updated: 55905
	55905  -  MemoryUsage of job (MB)
	57247404  -  ResidentSetSize of job (KB)
...
006 (10036019.000.000) 2022-08-15 00:42:45 Image size of job updated: 55923
	55923  -  MemoryUsage of job (MB)
	57265392  -  ResidentSetSize of job (KB)
...
006 (10036019.000.000) 2022-08-15 00:47:45 Image size of job updated: 55941
	55941  -  MemoryUsage of job (MB)
	57284184  -  ResidentSetSize of job (KB)
...
006 (10036019.000.000) 2022-08-15 00:52:46 Image size of job updated: 55959
	55959  -  MemoryUsage of job (MB)
	57302184  -  ResidentSetSize of job (KB)
...
006 (10036019.000.000) 2022-08-15 00:57:47 Image size of job updated: 55977
	55977  -  MemoryUsage of job (MB)
	57321308  -  ResidentSetSize of job (KB)
...
006 (10036019.000.000) 2022-08-15 01:02:48 Image size of job updated: 55996
	55996  -  MemoryUsage of job (MB)
	57340044  -  ResidentSetSize of job (KB)
...
006 (10036019.000.000) 2022-08-15 01:07:48 Image size of job updated: 56013
	56013  -  MemoryUsage of job (MB)
	57358300  -  ResidentSetSize of job (KB)
...
006 (10036019.000.000) 2022-08-15 01:12:49 Image size of job updated: 56032
	56032  -  MemoryUsage of job (MB)
	57376924  -  ResidentSetSize of job (KB)
...
006 (10036019.000.000) 2022-08-15 01:17:50 Image size of job updated: 56049
	56049  -  MemoryUsage of job (MB)
	57394680  -  ResidentSetSize of job (KB)
...
006 (10036019.000.000) 2022-08-15 01:22:51 Image size of job updated: 56068
	56068  -  MemoryUsage of job (MB)
	57413836  -  ResidentSetSize of job (KB)
...
006 (10036019.000.000) 2022-08-15 01:27:51 Image size of job updated: 56086
	56086  -  MemoryUsage of job (MB)
	57432352  -  ResidentSetSize of job (KB)
...
006 (10036019.000.000) 2022-08-15 01:32:52 Image size of job updated: 56103
	56103  -  MemoryUsage of job (MB)
	57449964  -  ResidentSetSize of job (KB)
...
006 (10036019.000.000) 2022-08-15 01:37:52 Image size of job updated: 56121
	56121  -  MemoryUsage of job (MB)
	57468224  -  ResidentSetSize of job (KB)
...
006 (10036019.000.000) 2022-08-15 01:42:52 Image size of job updated: 56139
	56139  -  MemoryUsage of job (MB)
	57486424  -  ResidentSetSize of job (KB)
...
006 (10036019.000.000) 2022-08-15 01:47:52 Image size of job updated: 56287
	56287  -  MemoryUsage of job (MB)
	57638216  -  ResidentSetSize of job (KB)
...
006 (10036019.000.000) 2022-08-15 01:52:53 Image size of job updated: 56651
	56651  -  MemoryUsage of job (MB)
	58011488  -  ResidentSetSize of job (KB)
...
006 (10036019.000.000) 2022-08-15 01:57:54 Image size of job updated: 56651
	56651  -  MemoryUsage of job (MB)
	58011592  -  ResidentSetSize of job (KB)
...
006 (10036019.000.000) 2022-08-15 02:02:55 Image size of job updated: 56652
	56652  -  MemoryUsage of job (MB)
	58011696  -  ResidentSetSize of job (KB)
...
006 (10036019.000.000) 2022-08-15 02:07:55 Image size of job updated: 56652
	56652  -  MemoryUsage of job (MB)
	58011800  -  ResidentSetSize of job (KB)
...
006 (10036019.000.000) 2022-08-15 02:12:56 Image size of job updated: 56652
	56652  -  MemoryUsage of job (MB)
	58011900  -  ResidentSetSize of job (KB)
...
006 (10036019.000.000) 2022-08-15 02:17:57 Image size of job updated: 56652
	56652  -  MemoryUsage of job (MB)
	58012008  -  ResidentSetSize of job (KB)
...
006 (10036019.000.000) 2022-08-15 02:22:58 Image size of job updated: 56652
	56652  -  MemoryUsage of job (MB)
	58012116  -  ResidentSetSize of job (KB)
...
006 (10036019.000.000) 2022-08-15 02:27:58 Image size of job updated: 56655
	56655  -  MemoryUsage of job (MB)
	58015560  -  ResidentSetSize of job (KB)
...
006 (10036019.000.000) 2022-08-15 02:32:58 Image size of job updated: 56673
	56673  -  MemoryUsage of job (MB)
	58034000  -  ResidentSetSize of job (KB)
...
006 (10036019.000.000) 2022-08-15 02:37:58 Image size of job updated: 56691
	56691  -  MemoryUsage of job (MB)
	58052328  -  ResidentSetSize of job (KB)
...
006 (10036019.000.000) 2022-08-15 02:42:58 Image size of job updated: 56710
	56710  -  MemoryUsage of job (MB)
	58071640  -  ResidentSetSize of job (KB)
...
006 (10036019.000.000) 2022-08-15 02:47:58 Image size of job updated: 56728
	56728  -  MemoryUsage of job (MB)
	58090456  -  ResidentSetSize of job (KB)
...
006 (10036019.000.000) 2022-08-15 02:52:58 Image size of job updated: 56747
	56747  -  MemoryUsage of job (MB)
	58108984  -  ResidentSetSize of job (KB)
...
006 (10036019.000.000) 2022-08-15 02:57:59 Image size of job updated: 56765
	56765  -  MemoryUsage of job (MB)
	58127624  -  ResidentSetSize of job (KB)
...
006 (10036019.000.000) 2022-08-15 03:03:00 Image size of job updated: 56783
	56783  -  MemoryUsage of job (MB)
	58146660  -  ResidentSetSize of job (KB)
...
006 (10036019.000.000) 2022-08-15 03:08:00 Image size of job updated: 56802
	56802  -  MemoryUsage of job (MB)
	58165488  -  ResidentSetSize of job (KB)
...
006 (10036019.000.000) 2022-08-15 03:13:09 Image size of job updated: 56820
	56820  -  MemoryUsage of job (MB)
	58184500  -  ResidentSetSize of job (KB)
...
006 (10036019.000.000) 2022-08-15 03:18:01 Image size of job updated: 56839
	56839  -  MemoryUsage of job (MB)
	58203832  -  ResidentSetSize of job (KB)
...
006 (10036019.000.000) 2022-08-15 03:23:02 Image size of job updated: 56858
	56858  -  MemoryUsage of job (MB)
	58222724  -  ResidentSetSize of job (KB)
...
006 (10036019.000.000) 2022-08-15 03:28:02 Image size of job updated: 56875
	56875  -  MemoryUsage of job (MB)
	58240936  -  ResidentSetSize of job (KB)
...
006 (10036019.000.000) 2022-08-15 03:33:03 Image size of job updated: 56894
	56894  -  MemoryUsage of job (MB)
	58259964  -  ResidentSetSize of job (KB)
...
006 (10036019.000.000) 2022-08-15 03:38:04 Image size of job updated: 56913
	56913  -  MemoryUsage of job (MB)
	58279364  -  ResidentSetSize of job (KB)
...
006 (10036019.000.000) 2022-08-15 03:43:05 Image size of job updated: 56931
	56931  -  MemoryUsage of job (MB)
	58297756  -  ResidentSetSize of job (KB)
...
006 (10036019.000.000) 2022-08-15 03:48:05 Image size of job updated: 56950
	56950  -  MemoryUsage of job (MB)
	58317016  -  ResidentSetSize of job (KB)
...
006 (10036019.000.000) 2022-08-15 03:53:05 Image size of job updated: 56968
	56968  -  MemoryUsage of job (MB)
	58335520  -  ResidentSetSize of job (KB)
...
006 (10036019.000.000) 2022-08-15 03:58:05 Image size of job updated: 56987
	56987  -  MemoryUsage of job (MB)
	58354700  -  ResidentSetSize of job (KB)
...
006 (10036019.000.000) 2022-08-15 04:03:07 Image size of job updated: 57005
	57005  -  MemoryUsage of job (MB)
	58373772  -  ResidentSetSize of job (KB)
...
006 (10036019.000.000) 2022-08-15 04:08:07 Image size of job updated: 57023
	57023  -  MemoryUsage of job (MB)
	58392108  -  ResidentSetSize of job (KB)
...
006 (10036019.000.000) 2022-08-15 04:13:08 Image size of job updated: 57042
	57042  -  MemoryUsage of job (MB)
	58411220  -  ResidentSetSize of job (KB)
...
006 (10036019.000.000) 2022-08-15 04:18:09 Image size of job updated: 57059
	57059  -  MemoryUsage of job (MB)
	58429332  -  ResidentSetSize of job (KB)
...
006 (10036019.000.000) 2022-08-15 04:23:10 Image size of job updated: 57078
	57078  -  MemoryUsage of job (MB)
	58448456  -  ResidentSetSize of job (KB)
...
006 (10036019.000.000) 2022-08-15 04:28:10 Image size of job updated: 57097
	57097  -  MemoryUsage of job (MB)
	58467936  -  ResidentSetSize of job (KB)
...
006 (10036019.000.000) 2022-08-15 04:33:10 Image size of job updated: 57115
	57115  -  MemoryUsage of job (MB)
	58486648  -  ResidentSetSize of job (KB)
...
006 (10036019.000.000) 2022-08-15 04:38:11 Image size of job updated: 57134
	57134  -  MemoryUsage of job (MB)
	58505264  -  ResidentSetSize of job (KB)
...
006 (10036019.000.000) 2022-08-15 04:43:11 Image size of job updated: 57152
	57152  -  MemoryUsage of job (MB)
	58523848  -  ResidentSetSize of job (KB)
...
006 (10036019.000.000) 2022-08-15 04:48:11 Image size of job updated: 57170
	57170  -  MemoryUsage of job (MB)
	58542932  -  ResidentSetSize of job (KB)
...
006 (10036019.000.000) 2022-08-15 04:53:12 Image size of job updated: 57190
	57190  -  MemoryUsage of job (MB)
	58562860  -  ResidentSetSize of job (KB)
...
006 (10036019.000.000) 2022-08-15 04:58:13 Image size of job updated: 57209
	57209  -  MemoryUsage of job (MB)
	58582036  -  ResidentSetSize of job (KB)
...
006 (10036019.000.000) 2022-08-15 05:03:13 Image size of job updated: 57227
	57227  -  MemoryUsage of job (MB)
	58601152  -  ResidentSetSize of job (KB)
...
006 (10036019.000.000) 2022-08-15 05:08:13 Image size of job updated: 57246
	57246  -  MemoryUsage of job (MB)
	58620016  -  ResidentSetSize of job (KB)
...
006 (10036019.000.000) 2022-08-15 05:13:14 Image size of job updated: 57265
	57265  -  MemoryUsage of job (MB)
	58640148  -  ResidentSetSize of job (KB)
...
006 (10036019.000.000) 2022-08-15 05:18:14 Image size of job updated: 57284
	57284  -  MemoryUsage of job (MB)
	58659204  -  ResidentSetSize of job (KB)
...
006 (10036019.000.000) 2022-08-15 05:23:14 Image size of job updated: 57302
	57302  -  MemoryUsage of job (MB)
	58678140  -  ResidentSetSize of job (KB)
...
006 (10036019.000.000) 2022-08-15 05:28:15 Image size of job updated: 57322
	57322  -  MemoryUsage of job (MB)
	58697796  -  ResidentSetSize of job (KB)
...
006 (10036019.000.000) 2022-08-15 05:33:16 Image size of job updated: 57340
	57340  -  MemoryUsage of job (MB)
	58716788  -  ResidentSetSize of job (KB)
...
006 (10036019.000.000) 2022-08-15 05:38:18 Image size of job updated: 57360
	57360  -  MemoryUsage of job (MB)
	58737200  -  ResidentSetSize of job (KB)
...
006 (10036019.000.000) 2022-08-15 05:43:18 Image size of job updated: 57379
	57379  -  MemoryUsage of job (MB)
	58756656  -  ResidentSetSize of job (KB)
...
006 (10036019.000.000) 2022-08-15 05:48:18 Image size of job updated: 57397
	57397  -  MemoryUsage of job (MB)
	58775548  -  ResidentSetSize of job (KB)
...
006 (10036019.000.000) 2022-08-15 05:53:18 Image size of job updated: 57417
	57417  -  MemoryUsage of job (MB)
	58795072  -  ResidentSetSize of job (KB)
...
006 (10036019.000.000) 2022-08-15 05:58:18 Image size of job updated: 57435
	57435  -  MemoryUsage of job (MB)
	58814052  -  ResidentSetSize of job (KB)
...
006 (10036019.000.000) 2022-08-15 06:03:19 Image size of job updated: 57455
	57455  -  MemoryUsage of job (MB)
	58834220  -  ResidentSetSize of job (KB)
...
006 (10036019.000.000) 2022-08-15 06:08:19 Image size of job updated: 57474
	57474  -  MemoryUsage of job (MB)
	58854200  -  ResidentSetSize of job (KB)
...
006 (10036019.000.000) 2022-08-15 06:13:19 Image size of job updated: 57493
	57493  -  MemoryUsage of job (MB)
	58873776  -  ResidentSetSize of job (KB)
...
006 (10036019.000.000) 2022-08-15 06:18:19 Image size of job updated: 57513
	57513  -  MemoryUsage of job (MB)
	58893696  -  ResidentSetSize of job (KB)
...
006 (10036019.000.000) 2022-08-15 06:23:21 Image size of job updated: 57532
	57532  -  MemoryUsage of job (MB)
	58913408  -  ResidentSetSize of job (KB)
...
006 (10036019.000.000) 2022-08-15 06:28:21 Image size of job updated: 57550
	57550  -  MemoryUsage of job (MB)
	58932172  -  ResidentSetSize of job (KB)
...
006 (10036019.000.000) 2022-08-15 06:33:21 Image size of job updated: 57581
	57581  -  MemoryUsage of job (MB)
	58963724  -  ResidentSetSize of job (KB)
...
006 (10036019.000.000) 2022-08-15 06:38:22 Image size of job updated: 57615
	57615  -  MemoryUsage of job (MB)
	58997760  -  ResidentSetSize of job (KB)
...
006 (10036019.000.000) 2022-08-15 06:43:22 Image size of job updated: 57679
	57679  -  MemoryUsage of job (MB)
	59063368  -  ResidentSetSize of job (KB)
...
006 (10036019.000.000) 2022-08-15 06:48:23 Image size of job updated: 57733
	57733  -  MemoryUsage of job (MB)
	59118624  -  ResidentSetSize of job (KB)
...
006 (10036019.000.000) 2022-08-15 06:53:23 Image size of job updated: 57822
	57822  -  MemoryUsage of job (MB)
	59210476  -  ResidentSetSize of job (KB)
...
006 (10036019.000.000) 2022-08-15 06:58:24 Image size of job updated: 57822
	57822  -  MemoryUsage of job (MB)
	59210488  -  ResidentSetSize of job (KB)
...
006 (10036019.000.000) 2022-08-15 07:03:25 Image size of job updated: 57867
	57867  -  MemoryUsage of job (MB)
	59256412  -  ResidentSetSize of job (KB)
...
006 (10036019.000.000) 2022-08-15 07:08:26 Image size of job updated: 57912
	57912  -  MemoryUsage of job (MB)
	59302344  -  ResidentSetSize of job (KB)
...
006 (10036019.000.000) 2022-08-15 07:13:26 Image size of job updated: 57934
	57934  -  MemoryUsage of job (MB)
	59325312  -  ResidentSetSize of job (KB)
...
006 (10036019.000.000) 2022-08-15 07:18:27 Image size of job updated: 57979
	57979  -  MemoryUsage of job (MB)
	59371268  -  ResidentSetSize of job (KB)
...
006 (10036019.000.000) 2022-08-15 07:23:29 Image size of job updated: 57986
	57986  -  MemoryUsage of job (MB)
	59377756  -  ResidentSetSize of job (KB)
...
006 (10036019.000.000) 2022-08-15 07:28:29 Image size of job updated: 58005
	58005  -  MemoryUsage of job (MB)
	59397376  -  ResidentSetSize of job (KB)
...
006 (10036019.000.000) 2022-08-15 07:33:30 Image size of job updated: 58044
	58044  -  MemoryUsage of job (MB)
	59437596  -  ResidentSetSize of job (KB)
...
006 (10036019.000.000) 2022-08-15 07:38:31 Image size of job updated: 58054
	58054  -  MemoryUsage of job (MB)
	59447824  -  ResidentSetSize of job (KB)
...
006 (10036019.000.000) 2022-08-15 07:43:31 Image size of job updated: 58075
	58075  -  MemoryUsage of job (MB)
	59468852  -  ResidentSetSize of job (KB)
...
006 (10036019.000.000) 2022-08-15 07:48:31 Image size of job updated: 58094
	58094  -  MemoryUsage of job (MB)
	59488804  -  ResidentSetSize of job (KB)
...
006 (10036019.000.000) 2022-08-15 07:53:31 Image size of job updated: 58113
	58113  -  MemoryUsage of job (MB)
	59508500  -  ResidentSetSize of job (KB)
...
006 (10036019.000.000) 2022-08-15 07:58:31 Image size of job updated: 58132
	58132  -  MemoryUsage of job (MB)
	59527884  -  ResidentSetSize of job (KB)
...
006 (10036019.000.000) 2022-08-15 08:03:32 Image size of job updated: 58153
	58153  -  MemoryUsage of job (MB)
	59549400  -  ResidentSetSize of job (KB)
...
006 (10036019.000.000) 2022-08-15 08:08:32 Image size of job updated: 58173
	58173  -  MemoryUsage of job (MB)
	59569308  -  ResidentSetSize of job (KB)
...
006 (10036019.000.000) 2022-08-15 08:13:32 Image size of job updated: 58193
	58193  -  MemoryUsage of job (MB)
	59589792  -  ResidentSetSize of job (KB)
...
006 (10036019.000.000) 2022-08-15 08:18:32 Image size of job updated: 58213
	58213  -  MemoryUsage of job (MB)
	59610596  -  ResidentSetSize of job (KB)
...
006 (10036019.000.000) 2022-08-15 08:23:32 Image size of job updated: 58233
	58233  -  MemoryUsage of job (MB)
	59631196  -  ResidentSetSize of job (KB)
...
006 (10036019.000.000) 2022-08-15 08:28:36 Image size of job updated: 58252
	58252  -  MemoryUsage of job (MB)
	59651036  -  ResidentSetSize of job (KB)
...
006 (10036019.000.000) 2022-08-15 08:33:34 Image size of job updated: 58272
	58272  -  MemoryUsage of job (MB)
	59671260  -  ResidentSetSize of job (KB)
...
006 (10036019.000.000) 2022-08-15 08:38:35 Image size of job updated: 58292
	58292  -  MemoryUsage of job (MB)
	59691940  -  ResidentSetSize of job (KB)
...
006 (10036019.000.000) 2022-08-15 08:43:35 Image size of job updated: 58313
	58313  -  MemoryUsage of job (MB)
	59713396  -  ResidentSetSize of job (KB)
...
006 (10036019.000.000) 2022-08-15 08:48:37 Image size of job updated: 58333
	58333  -  MemoryUsage of job (MB)
	59733668  -  ResidentSetSize of job (KB)
...
006 (10036019.000.000) 2022-08-15 08:53:37 Image size of job updated: 58354
	58354  -  MemoryUsage of job (MB)
	59755052  -  ResidentSetSize of job (KB)
...
006 (10036019.000.000) 2022-08-15 08:58:37 Image size of job updated: 58375
	58375  -  MemoryUsage of job (MB)
	59776628  -  ResidentSetSize of job (KB)
...
006 (10036019.000.000) 2022-08-15 09:03:37 Image size of job updated: 58396
	58396  -  MemoryUsage of job (MB)
	59798412  -  ResidentSetSize of job (KB)
...
006 (10036019.000.000) 2022-08-15 09:08:37 Image size of job updated: 58417
	58417  -  MemoryUsage of job (MB)
	59819172  -  ResidentSetSize of job (KB)
...
006 (10036019.000.000) 2022-08-15 09:13:38 Image size of job updated: 58437
	58437  -  MemoryUsage of job (MB)
	59840036  -  ResidentSetSize of job (KB)
...
006 (10036019.000.000) 2022-08-15 09:18:38 Image size of job updated: 58458
	58458  -  MemoryUsage of job (MB)
	59861052  -  ResidentSetSize of job (KB)
...
006 (10036019.000.000) 2022-08-15 09:23:38 Image size of job updated: 58481
	58481  -  MemoryUsage of job (MB)
	59885540  -  ResidentSetSize of job (KB)
...
006 (10036019.000.000) 2022-08-15 09:28:38 Image size of job updated: 58503
	58503  -  MemoryUsage of job (MB)
	59907172  -  ResidentSetSize of job (KB)
...
006 (10036019.000.000) 2022-08-15 09:33:39 Image size of job updated: 58523
	58523  -  MemoryUsage of job (MB)
	59928380  -  ResidentSetSize of job (KB)
...
006 (10036019.000.000) 2022-08-15 09:38:40 Image size of job updated: 58544
	58544  -  MemoryUsage of job (MB)
	59950068  -  ResidentSetSize of job (KB)
...
006 (10036019.000.000) 2022-08-15 09:43:41 Image size of job updated: 58566
	58566  -  MemoryUsage of job (MB)
	59971764  -  ResidentSetSize of job (KB)
...
006 (10036019.000.000) 2022-08-15 09:48:41 Image size of job updated: 58587
	58587  -  MemoryUsage of job (MB)
	59994036  -  ResidentSetSize of job (KB)
...
006 (10036019.000.000) 2022-08-15 09:53:43 Image size of job updated: 58609
	58609  -  MemoryUsage of job (MB)
	60015876  -  ResidentSetSize of job (KB)
...
006 (10036019.000.000) 2022-08-15 09:58:43 Image size of job updated: 58630
	58630  -  MemoryUsage of job (MB)
	60037244  -  ResidentSetSize of job (KB)
...
006 (10036019.000.000) 2022-08-15 10:03:44 Image size of job updated: 58668
	58668  -  MemoryUsage of job (MB)
	60076296  -  ResidentSetSize of job (KB)
...
006 (10036019.000.000) 2022-08-15 10:08:44 Image size of job updated: 58700
	58700  -  MemoryUsage of job (MB)
	60109152  -  ResidentSetSize of job (KB)
...
006 (10036019.000.000) 2022-08-15 10:13:45 Image size of job updated: 58723
	58723  -  MemoryUsage of job (MB)
	60132924  -  ResidentSetSize of job (KB)
...
006 (10036019.000.000) 2022-08-15 10:18:46 Image size of job updated: 58767
	58767  -  MemoryUsage of job (MB)
	60177936  -  ResidentSetSize of job (KB)
...
006 (10036019.000.000) 2022-08-15 10:23:46 Image size of job updated: 58800
	58800  -  MemoryUsage of job (MB)
	60211860  -  ResidentSetSize of job (KB)
...
006 (10036019.000.000) 2022-08-15 10:28:46 Image size of job updated: 58837
	58837  -  MemoryUsage of job (MB)
	60249836  -  ResidentSetSize of job (KB)
...
006 (10036019.000.000) 2022-08-15 10:33:47 Image size of job updated: 58873
	58873  -  MemoryUsage of job (MB)
	60286836  -  ResidentSetSize of job (KB)
...
006 (10036019.000.000) 2022-08-15 10:38:48 Image size of job updated: 58906
	58906  -  MemoryUsage of job (MB)
	60320484  -  ResidentSetSize of job (KB)
...
006 (10036019.000.000) 2022-08-15 10:46:08 Image size of job updated: 58927
	58927  -  MemoryUsage of job (MB)
	60341628  -  ResidentSetSize of job (KB)
...
006 (10036019.000.000) 2022-08-15 10:53:09 Image size of job updated: 58978
	58978  -  MemoryUsage of job (MB)
	60394168  -  ResidentSetSize of job (KB)
...
006 (10036019.000.000) 2022-08-15 10:58:46 Image size of job updated: 59001
	59001  -  MemoryUsage of job (MB)
	60417720  -  ResidentSetSize of job (KB)
...
006 (10036019.000.000) 2022-08-15 11:03:46 Image size of job updated: 59022
	59022  -  MemoryUsage of job (MB)
	60438800  -  ResidentSetSize of job (KB)
...
006 (10036019.000.000) 2022-08-15 11:08:47 Image size of job updated: 59044
	59044  -  MemoryUsage of job (MB)
	60461104  -  ResidentSetSize of job (KB)
...
006 (10036019.000.000) 2022-08-15 11:13:48 Image size of job updated: 59071
	59071  -  MemoryUsage of job (MB)
	60488772  -  ResidentSetSize of job (KB)
...
006 (10036019.000.000) 2022-08-15 11:18:49 Image size of job updated: 59091
	59091  -  MemoryUsage of job (MB)
	60509876  -  ResidentSetSize of job (KB)
...
